tos1a
openloop
20
50
2016-03-30 06:30:04
"c_fan","c_led","c_lamp","t_sim","s_rate"
30,50,0,20,50
"temp_chip","f_temp_int","d_temp_int","f_temp_ext","d_temp_ext","f_light_int_lin","d_light_int_lin","f_light_int_log","d_light_int_log","I_bulb","V_bulb","I_fan","V_fan","f_rpm","d_rmp"
===
25.12,24.98,0.0000,24.82,0.0000,0.00,0.0000,0.07,0.0000,0.11,0.00,0.00,0.0000,0.05,114.5856
25.12,24.95,0.8049,24.80,0.6850,0.00,0.0000,0.04,0.5397,0.12,0.00,0.08,8.0234,612.43,6881.4539
25.12,24.96,-1.0703,24.78,-0.8741,0.00,0.0000,0.06,0.5530,0.12,0.00,0.07,6.7487,1139.43,7179.8865
25.12,24.97,0.0165,24.78,-0.2717,0.00,0.0000,0.06,-0.1788,0.11,0.00,0.06,6.0593,1567.30,6511.4622
25.12,24.97,-0.0973,24.78,-0.3064,0.00,0.0000,0.06,0.4131,0.11,0.00,0.05,5.6982,1871.41,5915.5387
25.12,24.97,-0.2421,24.78,-0.6241,0.00,0.0000,0.06,0.4147,0.11,0.00,0.05,5.4791,2148.13,3134.3488
25.12,24.97,0.4905,24.78,1.6272,0.00,0.0000,0.06,-0.3201,0.11,0.00,0.05,5.3553,2366.31,2829.7857
25.12,24.97,0.3897,24.78,-0.1881,0.00,0.0000,0.06,0.0439,0.11,0.00,0.06,5.2601,2553.72,2429.8559
25.12,24.97,0.4088,24.78,-0.3095,0.00,0.0000,0.06,-0.1659,0.11,0.00,0.05,5.2366,2684.87,2335.2591
25.12,24.97,-0.0794,24.78,0.2886,0.00,0.0000,0.06,-0.4677,0.11,0.00,0.05,5.2073,2792.47,1253.8572
25.12,24.97,-0.1624,24.77,1.0144,0.00,0.0000,0.07,-0.3387,0.11,0.00,0.04,5.2000,2897.20,1309.5356
25.12,24.96,-0.5803,24.77,-0.5891,0.00,0.0000,0.06,-0.0157,0.10,0.00,0.04,5.1963,2987.27,1398.5779
25.12,24.96,-0.0337,24.77,-0.6592,0.00,0.0000,0.06,0.1227,0.11,0.00,0.04,5.1919,3065.79,1517.1201
25.12,24.96,-0.2982,24.77,-0.2085,0.00,0.0000,0.06,-0.1314,0.11,0.00,0.05,5.1751,3134.95,822.0344
25.12,24.95,-0.0268,24.77,0.3398,0.00,0.0000,0.06,-0.2533,0.11,0.00,0.06,5.1612,3215.46,807.6415
25.12,24.95,-0.2373,24.77,0.7560,0.00,0.0000,0.06,-0.3198,0.12,0.00,0.04,5.1861,3283.50,880.1903
25.12,24.95,-0.1656,24.76,-1.3706,0.00,0.0000,0.06,0.6988,0.12,0.00,0.04,5.1802,3341.59,883.7484
25.12,24.95,-0.1468,24.77,-0.7289,0.00,0.0000,0.06,0.0548,0.12,0.00,0.04,5.1832,3393.00,1106.4002
25.12,24.94,0.6420,24.76,1.6841,0.00,0.0000,0.06,-0.0674,0.12,0.00,0.05,5.1788,3444.27,590.8606
25.12,24.94,0.0584,24.77,0.5822,0.00,0.0000,0.06,-0.4111,0.11,0.00,0.04,5.1810,3494.63,591.9271
25.12,24.94,-0.0338,24.77,0.3058,0.00,0.0000,0.06,-0.2070,0.11,0.00,0.04,5.1780,3540.60,631.4551
25.12,24.93,-0.1459,24.76,-0.9413,0.00,0.0000,0.06,0.4466,0.11,0.00,0.05,5.1883,3580.52,701.4987
25.12,24.93,-0.3546,24.76,-1.1832,0.00,0.0000,0.06,0.0396,0.11,0.00,0.04,5.1832,3615.84,759.3514
25.12,24.93,-0.8137,24.76,-0.3191,0.00,0.0000,0.06,-0.0301,0.11,0.00,0.04,5.1766,3650.47,411.2543
25.12,24.92,1.1293,24.76,-0.7585,0.00,0.0000,0.06,0.1729,0.11,0.00,0.04,5.1861,3685.02,465.9999
25.12,24.92,-0.5072,24.76,-0.3853,0.00,0.0000,0.06,-0.2397,0.12,0.00,0.04,5.2315,3715.05,518.5976
25.12,24.92,0.1109,24.76,-0.4710,0.00,0.0000,0.06,0.2413,0.11,0.00,0.05,5.1919,3741.27,538.7336
25.12,24.91,-0.5679,24.76,-0.4735,0.00,0.0000,0.06,0.3327,0.11,0.00,0.06,5.1582,3766.24,287.7049
25.12,24.91,0.0306,24.75,0.3236,0.00,0.0000,0.06,0.1595,0.11,0.00,0.05,5.1714,3795.79,395.1017
25.12,24.91,0.3337,24.75,-0.3756,0.00,0.0000,0.06,0.3893,0.11,0.00,0.05,5.1788,3819.61,363.7650
25.12,24.90,0.4254,24.75,0.8069,0.00,0.0000,0.06,-0.0163,0.11,0.00,0.04,5.1824,3839.40,402.1264
25.12,24.90,0.4635,24.75,0.5762,0.00,0.0000,0.06,-0.3159,0.11,0.00,0.05,5.1758,3857.63,218.7732
25.12,24.89,0.5630,24.75,0.6390,0.00,0.0000,0.06,-0.2348,0.12,0.00,0.05,5.1736,3874.31,212.2488
25.12,24.89,0.8799,24.75,1.3285,0.00,0.0000,0.06,-0.1345,0.12,0.00,0.04,5.1788,3894.22,351.6130
25.12,24.89,-0.5105,24.75,-0.5435,0.00,0.0000,0.06,-0.1472,0.11,0.00,0.04,5.1766,3911.79,271.8314
25.12,24.89,0.7106,24.74,0.7725,0.00,0.0000,0.06,0.2515,0.12,0.00,0.04,5.1744,3924.40,145.1662
25.12,24.88,0.1414,24.74,-0.4358,0.00,0.0000,0.06,0.4179,0.11,0.00,0.04,5.1810,3939.10,186.3197
25.12,24.88,0.1921,24.74,-0.3558,0.00,0.0000,0.06,-0.2389,0.11,0.00,0.06,5.1634,3951.54,199.1573
25.12,24.87,-0.1433,24.74,-0.8807,0.00,0.0000,0.06,0.5404,0.11,0.00,0.05,5.1692,3963.04,244.0985
25.12,24.87,0.1981,24.74,0.7210,0.00,0.0000,0.06,-0.0989,0.12,0.00,0.05,5.1663,3975.79,214.0804
25.12,24.87,-0.9902,24.74,-1.7692,0.00,0.0000,0.06,0.0026,0.11,0.00,0.05,5.1692,3985.82,113.2709
25.12,24.87,-0.3306,24.74,-0.9169,0.00,0.0000,0.06,0.3241,0.11,0.00,0.04,5.1817,3996.31,149.9400
25.12,24.86,0.4413,24.74,1.2280,0.00,0.0000,0.06,-0.3333,0.11,0.00,0.04,5.1817,4005.26,135.6456
25.12,24.86,0.3900,24.73,0.3346,0.00,0.0000,0.06,0.0376,0.11,0.00,0.04,5.1773,4012.37,173.6933
25.12,24.86,-0.0213,24.73,0.2446,0.00,0.0000,0.06,-0.2344,0.11,0.00,0.05,5.1963,4021.05,86.4404
25.06,24.85,0.3985,24.73,0.5031,0.00,0.0000,0.06,-0.2307,0.12,0.00,0.04,5.1817,4028.41,91.2037
25.06,24.85,0.6935,24.73,0.9627,0.00,0.0000,0.06,0.0882,0.12,0.00,0.04,5.1773,4035.45,108.5771
25.06,24.84,-0.6263,24.72,-1.0419,0.00,0.0000,0.06,0.4814,0.12,0.00,0.04,5.1795,4042.35,87.0737
25.12,24.84,0.1117,24.73,-0.7459,0.00,0.0000,0.06,0.5767,0.11,0.00,0.04,5.1810,4047.67,133.8838
25.12,24.84,0.7067,24.73,0.9028,0.00,0.0000,0.06,-0.0919,0.11,0.00,0.04,5.1802,4054.77,95.1815
25.12,24.84,0.0236,24.72,-1.0447,0.00,0.0000,0.06,0.2999,0.12,0.00,0.04,5.1832,4059.37,48.9568
25.12,24.83,0.5701,24.73,0.3853,0.00,0.0000,0.06,-0.0154,0.11,0.00,0.04,5.1780,4064.41,65.8260
25.12,24.83,0.2308,24.72,-0.0611,0.00,0.0000,0.06,-0.4437,0.11,0.00,0.05,5.1678,4068.24,50.5816
25.12,24.83,0.2268,24.72,-0.2595,0.00,0.0000,0.06,0.2877,0.12,0.00,0.05,5.1773,4071.96,90.6131
25.12,24.82,0.1641,24.72,-0.1294,0.00,0.0000,0.06,0.2015,0.11,0.00,0.04,5.1802,4076.23,57.3884
25.12,24.82,-0.2361,24.71,0.9039,0.00,0.0000,0.06,-0.0995,0.11,0.00,0.04,5.1817,4078.87,30.7879
25.12,24.82,-0.1319,24.72,-0.1649,0.00,0.0000,0.06,0.2223,0.10,0.00,0.04,5.1780,4082.37,53.0656
25.12,24.81,-0.9087,24.71,-1.2387,0.00,0.0000,0.06,0.6071,0.11,0.00,0.05,5.1729,4085.06,37.2051
25.12,24.81,0.5381,24.71,1.2493,0.00,0.0000,0.06,-0.3630,0.11,0.00,0.04,5.1810,4087.29,72.3592
25.12,24.80,-0.7006,24.71,0.4304,0.00,0.0000,0.06,-0.3739,0.11,0.00,0.04,5.1817,4090.67,38.4718
25.12,24.80,0.1029,24.70,1.0646,0.00,0.0000,0.05,-0.3119,0.10,0.00,0.04,5.1788,4092.41,19.9565
25.12,24.80,0.0067,24.71,-0.5477,0.00,0.0000,0.06,-0.1646,0.11,0.00,0.05,5.1685,4095.09,51.2336
25.12,24.80,-0.7482,24.71,0.0489,0.00,0.0000,0.06,-0.2660,0.11,0.00,0.05,5.1678,4097.29,18.9228
25.12,24.80,0.5946,24.70,0.9505,0.00,0.0000,0.06,0.2625,0.11,0.00,0.04,5.1766,4098.26,66.0323
25.12,24.79,-0.1844,24.70,-0.5102,0.00,0.0000,0.06,-0.1584,0.11,0.00,0.04,5.1802,4101.33,35.2685
25.12,24.79,-0.1935,24.70,0.2791,0.00,0.0000,0.06,-0.5629,0.11,0.00,0.04,5.1810,4102.53,11.3876
25.12,24.79,0.3623,24.71,-0.1792,0.00,0.0000,0.06,0.1630,0.11,0.00,0.04,5.1788,4104.19,40.9223
25.12,24.79,-0.2027,24.70,-0.6119,0.00,0.0000,0.06,0.2369,0.11,0.00,0.04,5.1810,4105.85,0.5389
25.12,24.78,-0.4398,24.69,-0.2058,0.00,0.0000,0.06,-0.2759,0.11,0.00,0.04,5.1780,4105.88,0.2811
25.12,24.78,-0.0499,24.69,-0.4146,0.00,0.0000,0.06,-0.1095,0.11,0.00,0.04,5.1802,4108.02,24.5047
25.12,24.77,-0.3481,24.69,-0.3105,0.00,0.0000,0.06,-0.4344,0.11,0.00,0.04,5.1773,4108.37,-0.5825
25.12,24.77,-0.3337,24.69,-0.1843,0.00,0.0000,0.06,-0.0992,0.10,0.00,0.04,5.1824,4109.65,32.3412
25.12,24.77,-0.1236,24.69,-0.7485,0.00,0.0000,0.06,0.2833,0.11,0.00,0.04,5.1817,4110.98,7.6253
25.12,24.77,-0.5469,24.69,-0.1821,0.00,0.0000,0.06,-0.5993,0.11,0.00,0.04,5.1824,4111.33,4.0916
25.12,24.77,0.5876,24.69,1.7746,0.00,0.0000,0.06,-0.3774,0.11,0.00,0.04,5.1839,4113.55,4.4509
25.12,24.76,-0.4034,24.68,-0.5906,0.00,0.0000,0.06,-0.0389,0.11,0.00,0.04,5.1788,4113.76,2.4009
25.12,24.76,1.2177,24.68,0.3688,0.00,0.0000,0.05,0.1734,0.11,0.00,0.04,5.1795,4115.20,21.9631
25.12,24.75,0.7968,24.68,1.1194,0.00,0.0000,0.05,-0.5014,0.11,0.00,0.06,5.1568,4115.57,-5.0298
25.12,24.75,0.0872,24.68,0.8633,0.00,0.0000,0.05,-0.5019,0.12,0.00,0.05,5.1641,4115.78,26.4209
25.12,24.75,0.2354,24.68,0.3949,0.00,0.0000,0.06,-0.1251,0.10,0.00,0.05,5.1751,4117.01,14.0391
25.12,24.75,-0.0404,24.68,0.0273,0.00,0.0000,0.06,-0.2526,0.11,0.00,0.04,5.1780,4117.11,0.6756
25.12,24.75,-0.2916,24.68,-0.6467,0.00,0.0000,0.06,0.2461,0.11,0.00,0.04,5.1853,4118.29,21.9161
25.12,24.75,0.8161,24.68,1.0508,0.00,0.0000,0.06,-0.0782,0.11,0.00,0.04,5.1846,4119.02,1.5960
25.12,24.75,-0.1226,24.68,-0.9579,0.00,0.0000,0.06,0.4061,0.11,0.00,0.04,5.1780,4119.25,16.3814
25.12,24.75,-0.3818,24.68,-0.5985,0.00,0.0000,0.06,-0.2516,0.11,0.00,0.04,5.1766,4120.01,8.7484
25.12,24.74,0.0360,24.68,-1.2570,0.00,0.0000,0.06,0.4034,0.11,0.00,0.04,5.1788,4120.05,-0.4317
25.12,24.74,-0.5365,24.68,-0.5463,0.00,0.0000,0.06,-0.1101,0.11,0.00,0.04,5.1824,4120.77,17.6641
25.12,24.74,-0.4748,24.67,-0.6670,0.00,0.0000,0.06,0.3564,0.11,0.00,0.06,5.1575,4121.22,-9.6503
25.12,24.74,-0.6954,24.67,-0.5949,0.00,0.0000,0.06,-0.1648,0.11,0.00,0.04,5.1817,4120.81,15.1501
25.12,24.74,-0.4418,24.67,-0.5485,0.00,0.0000,0.06,-0.0991,0.11,0.00,0.04,5.1795,4121.51,8.1627
25.12,24.74,-0.4140,24.68,-1.4706,0.00,0.0000,0.06,0.0962,0.12,0.00,0.04,5.1714,4121.52,-1.8119
25.12,24.73,0.3846,24.68,-0.1305,0.00,0.0000,0.06,0.1914,0.11,0.00,0.04,5.1758,4121.97,16.5005
25.12,24.73,-0.3490,24.68,-0.0016,0.00,0.0000,0.06,-0.5123,0.11,0.00,0.04,5.1802,4122.53,-13.9712
25.12,24.73,1.1413,24.67,1.7646,0.00,0.0000,0.06,-0.5062,0.11,0.00,0.05,5.1685,4121.89,-7.5633
25.12,24.72,-0.1813,24.67,-0.0858,0.00,0.0000,0.06,0.4150,0.11,0.00,0.05,5.1619,4122.41,8.9861
25.12,24.73,0.0318,24.67,-0.7807,0.00,0.0000,0.06,0.3814,0.11,0.00,0.04,5.1810,4122.51,-2.9574
25.12,24.72,0.1052,24.67,0.1164,0.00,0.0000,0.06,0.1570,0.11,0.00,0.04,5.1795,4122.57,9.8818
25.12,24.72,0.0131,24.67,0.3589,0.00,0.0000,0.06,-0.1823,0.11,0.00,0.04,5.1795,4123.03,5.3038
25.12,24.72,-0.7418,24.67,-0.6522,0.00,0.0000,0.06,0.0227,0.11,0.00,0.04,5.1824,4122.67,-4.5398
25.12,24.71,0.3791,24.67,0.6752,0.00,0.0000,0.06,-0.1884,0.10,0.00,0.05,5.1758,4123.37,11.7170
25.12,24.71,-0.8074,24.67,-1.7449,0.00,0.0000,0.06,0.3692,0.11,0.00,0.04,5.1875,4123.26,-9.9338
25.12,24.71,0.2458,24.67,1.3371,0.00,0.0000,0.06,-0.4868,0.12,0.00,0.04,5.1802,4122.96,6.7825
25.12,24.71,0.3415,24.67,1.5296,0.00,0.0000,0.06,-0.2103,0.11,0.00,0.04,5.1839,4123.28,3.6388
25.12,24.71,-1.0549,24.67,-1.9166,0.00,0.0000,0.06,0.1487,0.11,0.00,0.06,5.1641,4120.81,-31.8628
25.12,24.70,0.2241,24.66,1.0792,0.00,0.0000,0.06,-0.6131,0.11,0.00,0.04,5.1817,4122.78,65.1525
25.12,24.70,0.3246,24.67,-0.7410,0.00,0.0000,0.06,0.2907,0.11,0.00,0.06,5.1619,4125.07,-3.8148
25.12,24.70,-0.0349,24.67,-0.1590,0.00,0.0000,0.06,-0.3025,0.11,0.00,0.04,5.1780,4124.87,-13.7611
25.12,24.71,-0.4272,24.67,-0.7284,0.00,0.0000,0.06,-0.3004,0.12,0.00,0.06,5.1568,4124.25,-7.5236
25.12,24.70,-1.3295,24.67,-1.5355,0.00,0.0000,0.06,0.1957,0.12,0.00,0.04,5.1744,4124.32,4.0828
25.12,24.70,-0.0979,24.67,-1.4942,0.00,0.0000,0.06,0.3945,0.11,0.00,0.04,5.1802,4123.00,-40.4944
25.12,24.70,0.2974,24.67,1.0997,0.00,0.0000,0.06,-0.4618,0.12,0.00,0.04,5.1773,4122.15,81.9658
25.12,24.70,-0.2965,24.67,-0.6184,0.00,0.0000,0.06,0.4701,0.11,0.00,0.04,5.1795,4126.05,42.7430
25.12,24.70,0.6086,24.67,0.9542,0.00,0.0000,0.06,-0.0046,0.11,0.00,0.05,5.1692,4126.14,-3.8763
25.12,24.69,0.1738,24.67,1.3284,0.00,0.0000,0.06,-0.0047,0.11,0.00,0.05,5.1729,4123.99,-52.4221
25.12,24.69,1.0309,24.67,0.5830,0.00,0.0000,0.06,0.1694,0.11,0.00,0.05,5.1736,4122.95,86.3362
25.12,24.69,-0.4010,24.66,-0.8258,0.00,0.0000,0.06,0.0135,0.11,0.00,0.04,5.1744,4126.95,46.0865
25.12,24.69,0.6535,24.66,1.0343,0.00,0.0000,0.06,0.1049,0.10,0.00,0.05,5.2095,4126.62,-8.7136
25.12,24.69,-0.0711,24.67,-1.3494,0.00,0.0000,0.06,0.2678,0.11,0.00,0.04,5.1802,4123.71,-48.6584
25.12,24.69,0.5728,24.67,0.5724,0.00,0.0000,0.06,0.7678,0.11,0.00,0.05,5.1231,4124.33,73.4349
25.12,24.68,-0.4981,24.67,0.2173,0.00,0.0000,0.06,-0.3081,0.11,0.00,0.04,5.1766,4127.47,-12.2595
25.12,24.68,0.8575,24.67,1.3134,0.00,0.0000,0.06,-0.0975,0.11,0.00,0.05,5.1963,4126.90,-6.5159
25.12,24.68,-0.5044,24.66,-0.5473,0.00,0.0000,0.06,0.2607,0.11,0.00,0.04,5.1795,4123.70,-44.3820
25.12,24.68,-0.4282,24.67,-1.3791,0.00,0.0000,0.06,0.2624,0.11,0.00,0.04,5.1810,4124.96,59.1655
25.12,24.68,-0.2167,24.67,-0.4929,0.00,0.0000,0.06,-0.3465,0.11,0.00,0.04,5.1853,4127.08,-11.7610
25.12,24.68,0.0530,24.66,-0.7696,0.00,0.0000,0.06,0.0654,0.11,0.00,0.05,5.2154,4126.54,-6.3368
25.12,24.68,0.0402,24.67,0.3831,0.00,0.0000,0.06,-0.2264,0.11,0.00,0.06,5.1568,4123.65,-36.6665
25.12,24.67,-0.5295,24.67,0.3655,0.00,0.0000,0.06,-0.0640,0.11,0.00,0.04,5.1810,4125.25,51.7478
25.12,24.67,-0.3787,24.66,0.5794,0.00,0.0000,0.06,0.2919,0.11,0.00,0.04,5.1458,4126.89,-11.8801
25.12,24.67,0.1933,24.67,-0.5444,0.00,0.0000,0.06,-0.1767,0.11,0.00,0.04,5.1795,4126.28,-64.1397
25.12,24.67,0.1809,24.67,0.2465,0.00,0.0000,0.06,0.1087,0.11,0.00,0.04,5.1817,4122.74,-28.5179
25.12,24.67,-0.7701,24.67,0.0129,0.00,0.0000,0.06,-0.2220,0.11,0.00,0.05,5.1685,4127.08,-1.8853
25.12,24.67,0.1805,24.67,-0.2284,0.00,0.0000,0.06,0.2781,0.11,0.00,0.04,5.1722,4126.99,-1.0166
25.12,24.67,0.7324,24.66,1.2627,0.00,0.0000,0.06,-0.0292,0.11,0.00,0.04,5.1817,4123.62,-48.7368
25.12,24.66,-0.6863,24.66,-0.0215,0.00,0.0000,0.06,0.1455,0.11,0.00,0.05,5.1099,4124.95,67.7459
25.12,24.66,0.3241,24.66,0.6480,0.00,0.0000,0.06,-0.1220,0.10,0.00,0.04,5.1758,4127.55,-5.0740
25.12,24.66,-0.7357,24.66,0.2174,0.00,0.0000,0.06,-0.4254,0.10,0.00,0.04,5.1648,4127.31,-2.6974
25.12,24.66,-0.3475,24.66,-0.7970,0.00,0.0000,0.06,0.3803,0.11,0.00,0.04,5.1832,4123.65,-44.3862
25.12,24.66,-0.2460,24.67,-0.3805,0.00,0.0000,0.06,-0.2346,0.11,0.00,0.04,5.1795,4125.86,61.5674
25.12,24.66,-0.2999,24.67,-1.0025,0.00,0.0000,0.06,0.2598,0.11,0.00,0.04,5.1795,4127.43,-24.7195
25.12,24.66,-0.4302,24.66,-0.7488,0.00,0.0000,0.06,0.4499,0.11,0.00,0.04,5.1788,4126.04,-57.5790
25.12,24.66,0.8323,24.66,0.4360,0.00,0.0000,0.06,-0.1632,0.11,0.00,0.05,5.1714,4123.30,-30.0341
25.12,24.66,-0.3261,24.67,-0.2998,0.00,0.0000,0.05,-0.0222,0.11,0.00,0.04,5.1817,4125.96,47.6085
25.12,24.65,-0.1190,24.66,0.1596,0.00,0.0000,0.06,0.1146,0.12,0.00,0.06,5.1560,4127.30,-0.1563
25.12,24.65,0.2035,24.66,-0.3146,0.00,0.0000,0.06,0.4156,0.10,0.00,0.05,5.1714,4126.00,-68.5271
25.12,24.65,0.1230,24.66,0.5760,0.00,0.0000,0.06,0.2092,0.12,0.00,0.04,5.1788,4122.74,-35.7560
25.12,24.65,-0.3005,24.66,0.3152,0.00,0.0000,0.06,-0.3728,0.11,0.00,0.04,5.1795,4126.83,49.3120
25.12,24.65,-0.3281,24.66,-0.1786,0.00,0.0000,0.06,0.2614,0.11,0.00,0.04,5.1795,4127.55,-3.6082
25.12,24.65,0.1409,24.66,0.6218,0.00,0.0000,0.06,-0.2249,0.11,0.00,0.04,5.1751,4125.48,-54.0299
25.12,24.65,0.5463,24.66,1.1944,0.00,0.0000,0.06,-0.1565,0.11,0.00,0.05,5.1729,4124.15,73.7207
25.12,24.65,-0.2163,24.66,-0.7075,0.00,0.0000,0.06,-0.1514,0.11,0.00,0.05,5.1810,4127.68,38.2652
25.12,24.65,0.1743,24.66,0.4969,0.00,0.0000,0.06,-0.1292,0.11,0.00,0.04,5.1773,4127.62,-3.8540
25.12,24.64,-0.0250,24.66,-0.5922,0.00,0.0000,0.06,0.2085,0.11,0.00,0.06,5.1546,4125.00,-46.6092
25.12,24.64,-1.1205,24.66,-1.7167,0.00,0.0000,0.06,0.3583,0.11,0.00,0.04,5.1773,4125.29,65.8301
25.12,24.64,0.5819,24.66,1.0469,0.00,0.0000,0.06,0.2090,0.12,0.00,0.04,5.1773,4128.17,-9.8401
25.12,24.64,-0.7167,24.66,0.2792,0.00,0.0000,0.06,-0.2703,0.11,0.00,0.04,5.1546,4127.70,-5.1846
25.12,24.64,-0.6710,24.66,-0.8752,0.00,0.0000,0.06,-0.0002,0.11,0.00,0.04,5.1846,4124.58,-44.4774
25.12,24.64,-0.0511,24.66,-0.4819,0.00,0.0000,0.06,-0.2649,0.11,0.00,0.04,5.1788,4125.59,61.7318
25.12,24.64,0.2259,24.66,-0.9866,0.00,0.0000,0.06,0.4958,0.12,0.00,0.04,5.1810,4127.93,-18.8601
25.12,24.64,0.0037,24.66,0.8792,0.00,0.0000,0.06,-0.1041,0.11,0.00,0.04,5.1736,4127.06,-10.0726
25.12,24.63,0.0786,24.66,0.2052,0.00,0.0000,0.06,0.2373,0.11,0.00,0.04,5.1685,4124.09,-40.5110
25.12,24.63,0.6156,24.65,1.3654,0.00,0.0000,0.06,-0.1874,0.11,0.00,0.04,5.2476,4125.62,66.4121
25.12,24.63,0.6787,24.66,1.4527,0.00,0.0000,0.06,-0.4310,0.11,0.00,0.04,5.1795,4128.03,-12.9490
25.12,24.63,0.0585,24.66,-0.4090,0.00,0.0000,0.06,0.3808,0.11,0.00,0.04,5.1802,4127.13,-60.7925
25.12,24.63,0.1320,24.65,1.0870,0.00,0.0000,0.06,-0.3434,0.11,0.00,0.04,5.1802,4124.30,-32.3007
25.12,24.63,0.5251,24.66,0.5619,0.00,0.0000,0.06,-0.4147,0.12,0.00,0.04,5.1802,4127.62,51.3079
25.12,24.63,0.6810,24.66,1.6566,0.00,0.0000,0.06,-0.4871,0.11,0.00,0.06,5.1648,4128.31,-13.2369
25.12,24.63,1.0244,24.66,0.6183,0.00,0.0000,0.06,-0.1920,0.11,0.00,0.04,5.1744,4126.34,-64.1498
25.12,24.63,-0.2801,24.66,-0.5557,0.00,0.0000,0.06,0.3746,0.11,0.00,0.04,5.1824,4123.49,90.8157
25.12,24.62,0.0085,24.66,-0.1737,0.00,0.0000,0.06,-0.0917,0.11,0.00,0.05,5.1700,4127.79,47.5815
25.12,24.62,0.7562,24.65,0.2257,0.00,0.0000,0.06,-0.2919,0.11,0.00,0.04,5.1817,4127.96,-10.2359
25.12,24.62,0.0670,24.65,-1.1144,0.00,0.0000,0.06,0.4042,0.12,0.00,0.04,5.1758,4125.75,-55.6687
25.12,24.62,-0.1328,24.66,0.6450,0.00,0.0000,0.06,-0.0773,0.11,0.00,0.04,5.1780,4124.31,83.6035
25.12,24.62,-0.0026,24.66,0.2985,0.00,0.0000,0.06,-0.4894,0.11,0.00,0.05,5.1663,4128.49,41.5886
25.12,24.62,0.3763,24.66,-0.3341,0.00,0.0000,0.06,0.0623,0.11,0.00,0.05,5.1216,4127.93,-9.4060
25.12,24.62,0.0093,24.66,0.5620,0.00,0.0000,0.06,0.0437,0.11,0.00,0.04,5.1751,4125.35,-44.9653
25.12,24.62,-0.3092,24.66,-1.3884,0.00,0.0000,0.06,0.2340,0.11,0.00,0.04,5.1817,4125.66,68.5777
25.12,24.62,-0.7969,24.66,-0.5283,0.00,0.0000,0.06,-0.0574,0.12,0.00,0.05,5.1707,4128.70,-6.7562
25.12,24.62,0.5878,24.65,0.1251,0.00,0.0000,0.06,-0.0813,0.11,0.00,0.04,5.1802,4128.39,-3.6065
25.12,24.62,0.2836,24.65,0.0907,0.00,0.0000,0.06,-0.1684,0.11,0.00,0.04,5.1802,4125.53,-43.6705
25.12,24.61,0.5767,24.65,0.5868,0.00,0.0000,0.06,-0.3642,0.12,0.00,0.04,5.1795,4126.51,61.5137
25.12,24.62,-0.2016,24.65,-0.9363,0.00,0.0000,0.06,-0.0583,0.11,0.00,0.05,5.1209,4128.88,-10.0792
25.12,24.62,0.2072,24.66,0.0722,0.00,0.0000,0.06,-0.0623,0.11,0.00,0.04,5.1736,4128.11,-70.6183
25.12,24.61,0.0796,24.65,-0.7587,0.00,0.0000,0.06,0.4506,0.11,0.00,0.05,5.1663,4124.89,-38.2336
25.12,24.61,-0.8726,24.65,0.1072,0.00,0.0000,0.06,-0.2932,0.12,0.00,0.04,5.1795,4127.30,54.0404
25.12,24.61,-0.5252,24.65,-0.7897,0.00,0.0000,0.06,0.7205,0.11,0.00,0.05,5.1553,4128.83,-6.0869
25.12,24.61,0.3949,24.64,0.9331,0.00,0.0000,0.06,-0.3288,0.11,0.00,0.05,5.1604,4128.11,-69.5180
25.12,24.61,-0.1951,24.64,-1.3320,0.00,0.0000,0.06,0.3466,0.12,0.00,0.04,5.1810,4124.83,-36.6016
25.12,24.61,-0.1302,24.65,0.3338,0.00,0.0000,0.06,-0.2005,0.11,0.00,0.05,5.1648,4127.70,50.9537
25.12,24.61,0.3991,24.65,1.3442,0.00,0.0000,0.06,0.1141,0.11,0.00,0.05,5.1685,4128.89,-7.1460
25.12,24.61,0.2295,24.64,1.5604,0.00,0.0000,0.06,-0.8083,0.11,0.00,0.04,5.1780,4127.85,-53.9907
25.12,24.61,-0.2784,24.64,-0.8190,0.00,0.0000,0.06,0.2714,0.11,0.00,0.05,5.1722,4125.32,-28.5496
25.12,24.61,0.5636,24.64,0.3390,0.00,0.0000,0.06,0.3482,0.11,0.00,0.05,5.1722,4128.48,42.1346
25.12,24.61,0.1185,24.64,0.6186,0.00,0.0000,0.06,-0.3585,0.11,0.00,0.04,5.1766,4129.00,-8.7602
25.12,24.61,0.3275,24.64,1.4272,0.00,0.0000,0.06,-0.2027,0.11,0.00,0.04,5.1780,4127.29,-61.8279
25.12,24.61,0.2026,24.64,-0.3022,0.00,0.0000,0.06,0.0015,0.11,0.00,0.05,5.1766,4124.47,83.0409
25.12,24.60,0.2574,24.64,-0.1824,0.00,0.0000,0.06,-0.0920,0.11,0.00,0.06,5.1597,4128.42,43.3000
25.12,24.60,-1.3436,24.64,-1.3414,0.00,0.0000,0.06,-0.0810,0.11,0.00,0.05,5.1751,4128.77,-6.9055
25.12,24.60,0.0989,24.63,0.3930,0.00,0.0000,0.06,0.1978,0.12,0.00,0.04,5.1766,4126.32,-49.9995
25.12,24.60,0.1976,24.64,-0.1620,0.00,0.0000,0.06,0.1936,0.11,0.00,0.05,5.1641,4126.10,78.5605
25.12,24.60,-0.2912,24.64,-0.7633,0.00,0.0000,0.06,0.3864,0.11,0.00,0.04,5.1817,4129.78,41.5496
25.12,24.60,0.5994,24.64,0.8317,0.00,0.0000,0.06,-0.0523,0.10,0.00,0.04,5.1780,4129.60,-3.3386
25.12,24.60,-0.5594,24.64,0.2070,0.00,0.0000,0.06,-0.1891,0.11,0.00,0.05,5.1648,4126.89,-43.8547
25.12,24.60,-0.0090,24.64,0.5269,0.00,0.0000,0.06,-0.4757,0.11,0.00,0.05,5.1795,4128.04,71.9612
25.12,24.60,-0.2120,24.64,0.5881,0.00,0.0000,0.06,-0.2301,0.11,0.00,0.04,5.1802,4130.88,-16.2697
25.12,24.60,-0.2895,24.63,0.7735,0.00,0.0000,0.06,-0.0459,0.11,0.00,0.04,5.1780,4130.13,-8.7279
25.12,24.60,0.0187,24.64,0.1746,0.00,0.0000,0.06,0.0641,0.12,0.00,0.05,5.1736,4126.89,-43.3706
25.12,24.60,-0.4901,24.64,0.4587,0.00,0.0000,0.06,0.1611,0.12,0.00,0.04,5.1502,4128.34,57.0238
25.12,24.60,0.0768,24.64,1.9675,0.00,0.0000,0.06,-0.4933,0.10,0.00,0.05,5.1722,4130.48,0.1906
25.12,24.59,-0.3542,24.63,0.4014,0.00,0.0000,0.06,-0.0830,0.11,0.00,0.04,5.1795,4130.31,-76.1327
25.12,24.59,0.8419,24.64,0.8690,0.00,0.0000,0.07,0.1545,0.11,0.00,0.05,5.1385,4126.76,-40.4576
25.12,24.60,-0.6708,24.64,-0.6843,0.00,0.0000,0.06,-0.6813,0.11,0.00,0.05,5.1678,4129.10,50.3472
25.12,24.60,0.9245,24.64,1.6689,0.00,0.0000,0.06,-0.2153,0.11,0.00,0.04,5.1780,4130.39,-7.8703
25.12,24.60,-0.0667,24.64,-0.9674,0.00,0.0000,0.06,0.1933,0.11,0.00,0.05,5.1604,4129.25,-54.6430
25.12,24.59,0.1154,24.64,-0.1453,0.00,0.0000,0.06,0.2593,0.11,0.00,0.04,5.1846,4126.66,-28.6410
25.12,24.59,-0.1120,24.64,0.1167,0.00,0.0000,0.06,-0.0621,0.11,0.00,0.04,5.1839,4130.38,46.9376
25.12,24.60,-0.3406,24.65,0.9157,0.00,0.0000,0.06,-0.2766,0.11,0.00,0.04,5.1729,4131.05,-6.0283
25.12,24.59,-0.2273,24.64,-1.2279,0.00,0.0000,0.06,0.2750,0.11,0.00,0.04,5.1714,4128.84,-62.4101
25.12,24.59,-0.4791,24.64,-0.4819,0.00,0.0000,0.06,0.4991,0.11,0.00,0.05,5.1685,4126.76,84.3545
25.12,24.59,-0.2007,24.64,-0.2701,0.00,0.0000,0.06,-0.1194,0.11,0.00,0.04,5.1766,4130.78,43.9891
25.12,24.59,0.7490,24.64,-0.2016,0.00,0.0000,0.06,-0.2205,0.12,0.00,0.04,5.1758,4130.50,-10.9175
25.12,24.59,0.3945,24.64,-1.1622,0.00,0.0000,0.06,0.2417,0.11,0.00,0.04,5.1795,4127.87,-52.1829
25.12,24.59,0.2919,24.64,0.5519,0.00,0.0000,0.06,-0.0305,0.12,0.00,0.04,5.1729,4127.54,77.0493
25.12,24.59,-0.1154,24.64,-0.0110,0.00,0.0000,0.06,0.1510,0.11,0.00,0.04,5.1868,4131.08,-18.2454
25.12,24.59,0.2100,24.63,-0.5756,0.00,0.0000,0.06,0.4390,0.12,0.00,0.05,5.1685,4130.22,-9.6038
25.12,24.59,-0.7326,24.63,-1.0379,0.00,0.0000,0.06,0.0177,0.11,0.00,0.04,5.1839,4127.42,-38.7877
25.12,24.58,-0.0658,24.63,0.8274,0.00,0.0000,0.06,0.0050,0.11,0.00,0.04,5.1817,4128.97,71.1158
25.12,24.58,-0.3926,24.63,-1.6960,0.00,0.0000,0.06,0.2404,0.12,0.00,0.05,5.1692,4131.60,-12.5237
25.12,24.59,0.8455,24.63,2.0197,0.00,0.0000,0.06,-0.1068,0.11,0.00,0.04,5.1795,4130.92,-73.9992
25.12,24.58,0.1708,24.63,0.8819,0.00,0.0000,0.06,-0.5476,0.11,0.00,0.04,5.1788,4127.47,-39.3253
25.12,24.58,-0.0076,24.63,0.3122,0.00,0.0000,0.06,-0.0685,0.11,0.00,0.05,5.2037,4130.05,59.7387
25.12,24.58,-0.0033,24.63,-1.0802,0.00,0.0000,0.06,0.4510,0.11,0.00,0.04,5.1832,4131.88,-5.4181
25.12,24.58,0.0279,24.63,-0.0498,0.00,0.0000,0.06,0.0672,0.11,0.00,0.04,5.1788,4131.28,-67.8313
25.12,24.58,0.3211,24.63,0.8963,0.00,0.0000,0.06,-0.3986,0.11,0.00,0.04,5.1766,4128.19,-36.7274
25.12,24.58,-0.6368,24.63,-1.2180,0.00,0.0000,0.06,0.0903,0.11,0.00,0.04,5.1758,4131.04,58.7768
25.12,24.58,-0.4953,24.63,-0.6489,0.00,0.0000,0.06,-0.2232,0.11,0.00,0.04,5.1802,4132.31,-21.1853
25.12,24.58,-0.5194,24.63,-1.4192,0.00,0.0000,0.06,0.1754,0.11,0.00,0.05,5.1700,4130.91,-63.5277
25.12,24.59,0.5168,24.64,0.6148,0.00,0.0000,0.06,-0.1550,0.10,0.00,0.04,5.1824,4127.95,-33.7478
25.12,24.58,0.4395,24.63,-0.1285,0.00,0.0000,0.06,0.0348,0.11,0.00,0.04,5.1824,4131.24,58.8219
25.12,24.58,-0.1127,24.63,0.5538,0.00,0.0000,0.06,0.1280,0.11,0.00,0.04,5.1824,4132.86,-1.8410
25.12,24.58,0.6029,24.63,-0.5305,0.00,0.0000,0.06,0.5700,0.10,0.00,0.04,5.1751,4131.30,-65.3972
25.12,24.58,-0.7702,24.63,-1.4184,0.00,0.0000,0.06,-0.1054,0.11,0.00,0.04,5.1810,4128.40,88.3165
25.12,24.58,0.3229,24.63,0.4138,0.00,0.0000,0.06,0.3166,0.11,0.00,0.04,5.1766,4132.45,47.6008
25.12,24.58,-0.4475,24.62,-1.3615,0.00,0.0000,0.06,0.2163,0.11,0.00,0.06,5.1619,4132.62,-13.3760
25.12,24.58,0.5779,24.62,-0.6024,0.00,0.0000,0.07,0.1592,0.11,0.00,0.05,5.1751,4130.45,-59.9414
25.12,24.58,-0.6334,24.62,-0.8742,0.00,0.0000,0.06,-0.0915,0.11,0.00,0.06,5.1597,4128.48,87.9995
25.12,24.58,-1.1403,24.62,-1.7122,0.00,0.0000,0.06,0.1139,0.11,0.00,0.04,5.1802,4132.63,46.3169
25.12,24.58,-0.2653,24.62,0.2266,0.00,0.0000,0.06,-0.4400,0.12,0.00,0.04,5.1780,4132.47,-10.3477
25.12,24.58,0.2778,24.63,0.5520,0.00,0.0000,0.06,-0.0578,0.11,0.00,0.04,5.1810,4129.71,-60.3257
25.12,24.58,0.2261,24.62,-0.2750,0.00,0.0000,0.06,0.3664,0.11,0.00,0.04,5.1788,4128.81,85.2004
25.12,24.57,-0.1705,24.61,-0.2197,0.00,0.0000,0.06,0.2636,0.11,0.00,0.04,5.1766,4132.76,45.4932
25.12,24.57,-0.4200,24.61,0.4989,0.00,0.0000,0.06,-0.1665,0.11,0.00,0.05,5.1575,4132.44,-7.1010
25.12,24.57,-0.2214,24.61,-0.2858,0.00,0.0000,0.06,0.0313,0.11,0.00,0.04,5.1758,4132.19,-2.0379
25.12,24.57,0.7400,24.61,-0.3074,0.00,0.0000,0.06,0.1236,0.11,0.00,0.04,5.1736,4130.81,-56.7722
25.12,24.57,-0.8419,24.61,-1.7868,0.00,0.0000,0.06,0.2076,0.11,0.00,0.04,5.1758,4128.34,90.8878
25.12,24.57,1.0296,24.61,0.6020,0.00,0.0000,0.06,-0.1303,0.11,0.00,0.05,5.1084,4132.60,48.0755
25.12,24.57,-0.3313,24.61,0.6697,0.00,0.0000,0.06,-0.3891,0.11,0.00,0.04,5.1824,4132.77,-10.8719
25.12,24.57,-0.0620,24.61,-0.6401,0.00,0.0000,0.06,0.4015,0.11,0.00,0.04,5.1795,4130.44,-54.6529
25.12,24.57,-0.8187,24.62,-1.4385,0.00,0.0000,0.06,0.1920,0.11,0.00,0.04,5.1802,4129.18,70.0020
25.12,24.57,1.0193,24.61,1.5793,0.00,0.0000,0.06,-0.0213,0.10,0.00,0.04,5.1773,4132.43,37.3798
25.12,24.57,0.2248,24.61,-0.3196,0.00,0.0000,0.06,0.4605,0.11,0.00,0.05,5.1758,4132.72,0.0473
25.12,24.57,0.1814,24.61,0.8397,0.00,0.0000,0.06,-0.4221,0.11,0.00,0.05,5.1678,4129.39,-46.1583
25.12,24.57,-0.1568,24.61,-0.6251,0.00,0.0000,0.06,-0.0300,0.11,0.00,0.04,5.1780,4130.59,56.8444
25.12,24.57,0.4739,24.61,0.6660,0.00,0.0000,0.06,-0.0868,0.11,0.00,0.04,5.1766,4132.53,-12.4222
25.12,24.57,0.2814,24.61,-0.5155,0.00,0.0000,0.06,0.2072,0.12,0.00,0.05,5.1656,4131.76,-70.5187
25.12,24.57,0.0267,24.61,0.3396,0.00,0.0000,0.06,0.2009,0.11,0.00,0.04,5.1758,4128.47,-37.4778
25.12,24.57,0.3694,24.61,-0.1080,0.00,0.0000,0.06,0.2047,0.12,0.00,0.04,5.1744,4131.33,59.3829
25.12,24.57,-0.4937,24.61,0.5977,0.00,0.0000,0.06,-0.3224,0.11,0.00,0.05,5.1678,4132.68,-12.4451
25.12,24.57,0.3019,24.61,0.6122,0.00,0.0000,0.06,0.0817,0.12,0.00,0.04,5.1824,4131.08,-65.2951
25.12,24.57,0.8710,24.61,1.4561,0.00,0.0000,0.06,-0.2973,0.11,0.00,0.05,5.1663,4128.04,-34.7012
25.12,24.57,0.1475,24.61,-0.0292,0.00,0.0000,0.06,0.1060,0.11,0.00,0.05,5.1758,4131.65,47.1903
25.12,24.57,-0.3921,24.61,-0.0994,0.00,0.0000,0.06,-0.2109,0.11,0.00,0.05,5.1700,4132.34,-7.0133
25.12,24.57,0.6220,24.61,1.9123,0.00,0.0000,0.06,-0.5683,0.11,0.00,0.04,5.1810,4130.58,-57.6160
25.12,24.57,-0.2043,24.60,-0.2618,0.00,0.0000,0.06,0.1700,0.12,0.00,0.06,5.1568,4128.32,101.5865
25.12,24.57,-0.6984,24.60,-0.6828,0.00,0.0000,0.06,-0.0993,0.10,0.00,0.04,5.1773,4133.11,53.4660
25.12,24.56,0.0766,24.60,0.0242,0.00,0.0000,0.06,-0.2163,0.11,0.00,0.05,5.1758,4132.96,-15.3246
25.12,24.57,0.6799,24.60,1.8394,0.00,0.0000,0.06,-0.3155,0.11,0.00,0.06,5.1590,4132.56,1.6325
25.12,24.56,0.0993,24.59,-0.1584,0.00,0.0000,0.06,0.1579,0.11,0.00,0.05,5.1722,4131.88,-69.8912
25.12,24.56,-0.6594,24.59,-1.2586,0.00,0.0000,0.06,-0.0114,0.11,0.00,0.05,5.1963,4128.51,-36.1197
25.12,24.57,1.1070,24.60,0.7926,0.00,0.0000,0.06,-0.1934,0.11,0.00,0.04,5.1868,4132.69,56.2030
25.12,24.57,0.5100,24.60,1.1003,0.00,0.0000,0.06,-0.0923,0.11,0.00,0.05,5.1634,4133.15,-16.6568
25.12,24.57,0.9231,24.60,1.2568,0.00,0.0000,0.06,-0.0883,0.11,0.00,0.04,5.1766,4132.61,2.2137
25.12,24.56,-0.5195,24.60,-0.7834,0.00,0.0000,0.06,-0.0725,0.11,0.00,0.05,5.1670,4132.71,1.1719
25.12,24.56,0.1502,24.59,0.3502,0.00,0.0000,0.06,-0.4816,0.11,0.00,0.04,5.1714,4129.62,-35.8016
25.12,24.56,-0.8809,24.60,-1.5599,0.00,0.0000,0.06,0.2417,0.11,0.00,0.04,5.1788,4132.42,59.4091
25.12,24.57,0.6749,24.59,0.5292,0.00,0.0000,0.06,0.0671,0.11,0.00,0.04,5.1817,4133.90,-13.2824
25.12,24.56,-0.2868,24.59,-0.0169,0.00,0.0000,0.06,-0.0088,0.11,0.00,0.04,5.1780,4133.38,5.8791
25.12,24.56,0.7227,24.59,-0.2299,0.00,0.0000,0.06,-0.2793,0.11,0.00,0.04,5.1810,4133.66,3.0377
25.12,24.56,0.3542,24.59,0.9601,0.00,0.0000,0.06,-0.1773,0.12,0.00,0.04,5.1736,4130.33,-44.0048
25.12,24.57,0.4210,24.59,0.3326,0.00,0.0000,0.06,0.0785,0.12,0.00,0.05,5.1678,4132.22,60.3755
25.12,24.56,-0.0338,24.59,-0.9174,0.00,0.0000,0.06,0.3511,0.11,0.00,0.05,5.1641,4134.23,-6.1557
25.12,24.56,-0.3428,24.59,-0.5922,0.00,0.0000,0.06,0.0575,0.11,0.00,0.04,5.1846,4133.92,-11.4869
25.12,24.56,-0.3353,24.59,0.0161,0.00,0.0000,0.06,0.2629,0.11,0.00,0.04,5.1780,4133.38,-6.0463
25.12,24.56,-0.0086,24.59,0.6903,0.00,0.0000,0.06,0.1713,0.12,0.00,0.05,5.1678,4130.92,-38.9846
25.12,24.56,0.1364,24.59,-0.7508,0.00,0.0000,0.06,0.1987,0.11,0.00,0.04,5.1788,4131.73,65.8614
25.12,24.56,1.0014,24.59,0.9479,0.00,0.0000,0.06,-0.2056,0.12,0.00,0.06,5.2007,4134.53,-9.1451
25.12,24.56,-1.2727,24.58,-1.6502,0.00,0.0000,0.06,0.1031,0.11,0.00,0.04,5.1788,4134.09,-4.7956
25.12,24.56,-0.4515,24.58,-1.0429,0.00,0.0000,0.06,0.3544,0.11,0.00,0.04,5.1810,4133.97,-1.0532
25.12,24.56,0.1519,24.59,-0.1043,0.00,0.0000,0.06,-0.3672,0.11,0.00,0.05,5.1502,4132.06,-49.4187
