tos1a
openloop


2016-03-25 18:41:21
"c_fan","c_led","c_lamp","t_sim","s_rate"
20,0,50,30,50
"temp_chip","f_temp_int","d_temp_int","f_temp_ext","d_temp_ext","f_light_int_lin","d_light_int_lin","f_light_int_log","d_light_int_log","I_bulb","V_bulb","I_fan","V_fan","f_rpm","d_rmp"
===
28.81,32.83,0.0000,26.62,0.0000,0.00,0.0000,8.84,0.0000,0.00,0.00,0.00,0.0000,0.02,37.6714
28.81,32.98,-0.7961,26.74,-1.9503,24.80,2.9615,56.32,409.5237,0.48,5.78,0.08,7.6733,580.26,7072.6895
28.81,32.94,-0.1411,26.67,-1.6440,24.94,2.0341,70.78,117.6815,0.48,5.78,0.07,6.1773,1094.79,7465.3876
28.81,32.94,0.6498,26.65,0.4546,25.03,0.9415,75.01,33.1126,0.48,5.78,0.05,5.3729,1511.40,6646.2345
28.81,32.95,0.2277,26.64,0.6041,25.08,1.2782,76.20,10.0349,0.49,5.78,0.04,4.9077,1833.16,5361.4601
28.81,32.98,1.1427,26.63,0.2725,25.11,0.6714,76.52,2.1123,0.49,5.79,0.05,4.6462,2081.87,2860.7429
28.81,33.01,1.2514,26.63,1.2813,25.13,1.0965,76.62,1.0129,0.49,5.79,0.04,4.4982,2277.98,2380.5507
28.81,33.03,-0.8358,26.62,-1.9265,25.14,-0.5361,76.65,-0.2631,0.49,5.79,0.04,4.4059,2414.00,1928.2033
28.81,33.05,-0.1597,26.62,0.3490,25.14,-0.3033,76.65,0.2920,0.49,5.79,0.05,4.3487,2513.96,1855.2171
28.88,33.08,2.0101,26.62,0.7832,25.15,0.4030,76.66,-0.0119,0.49,5.79,0.05,4.2938,2601.95,970.2605
28.88,33.10,0.0095,26.61,-0.2709,25.15,-0.0971,76.66,0.2362,0.48,5.79,0.04,4.3026,2677.92,877.7918
28.88,33.13,-0.0116,26.61,1.4922,25.15,0.4691,76.66,0.6534,0.48,5.79,0.04,4.2938,2739.42,886.1944
28.88,33.15,0.5495,26.60,-0.1712,25.16,-0.1301,76.66,0.3472,0.49,5.79,0.05,4.2733,2792.15,941.8925
28.88,33.17,-0.3458,26.60,0.0557,25.16,-0.4914,76.66,-0.6947,0.48,5.79,0.03,4.2850,2836.91,1004.3097
28.88,33.19,1.0517,26.59,-0.0559,25.16,-0.2298,76.66,-0.2159,0.49,5.79,0.04,4.2791,2883.51,535.7371
28.88,33.21,0.3419,26.59,1.0189,25.17,-0.2145,76.66,0.2603,0.49,5.79,0.05,4.2645,2927.57,571.1486
28.88,33.22,0.5261,26.58,-0.2034,25.17,0.1298,76.66,-0.0787,0.48,5.79,0.05,4.2667,2965.41,618.6220
28.88,33.23,-0.8097,26.57,-0.7783,25.17,0.0496,76.66,0.2708,0.49,5.79,0.03,4.2777,2996.72,654.2235
28.81,33.23,-0.5170,26.56,-1.3548,25.17,-0.2476,76.66,-0.3562,0.49,5.79,0.03,4.2821,3026.89,350.8258
28.81,33.24,-0.3482,26.56,0.0046,25.18,-0.1681,76.66,-0.0398,0.49,5.79,0.03,4.2821,3062.63,479.2058
28.81,33.25,0.3799,26.55,0.4810,25.18,-0.0766,76.66,0.9240,0.49,5.79,0.04,4.2696,3092.74,452.3699
28.88,33.25,-1.2012,26.55,-1.8930,25.18,0.3912,76.66,-0.0158,0.48,5.79,0.03,4.2806,3118.15,496.3049
28.88,33.26,-1.1695,26.54,-1.2230,25.18,-0.3189,76.66,-0.2372,0.49,5.79,0.04,4.2711,3141.31,263.4167
28.88,33.25,0.4648,26.54,-0.1968,25.18,0.2224,76.66,0.1844,0.48,5.79,0.03,4.2791,3166.84,307.5315
28.81,33.25,0.1271,26.53,1.1048,25.18,0.3188,76.66,-0.3304,0.49,5.79,0.05,4.2667,3188.62,328.3033
28.81,33.25,-0.5872,26.53,-1.3447,25.18,-0.4546,76.66,0.1398,0.48,5.79,0.03,4.2755,3207.74,406.6968
28.81,33.24,-0.6506,26.52,-1.4919,25.18,-0.8724,76.66,-1.1500,0.48,5.79,0.04,4.2777,3226.61,216.9653
28.88,33.24,-0.4264,26.51,-0.3675,25.18,0.1706,76.66,0.1116,0.49,5.79,0.03,4.2769,3246.49,227.5469
28.88,33.24,-0.3406,26.51,0.1532,25.19,-0.4336,76.66,0.3422,0.49,5.79,0.03,4.2747,3264.85,267.7849
28.88,33.24,-1.0930,26.50,-0.8511,25.19,-0.1731,76.66,0.4796,0.48,5.79,0.04,4.3282,3280.30,264.9152
28.81,33.24,-0.1806,26.50,-0.5510,25.19,0.5126,76.66,0.1366,0.49,5.79,0.03,4.2828,3294.09,328.0843
28.81,33.24,-0.5533,26.50,0.2548,25.20,-0.0823,76.67,-0.2512,0.49,5.79,0.03,4.2755,3309.58,172.3507
28.81,33.25,-0.5972,26.48,-1.3414,25.20,0.2457,76.66,-0.0849,0.34,5.80,0.04,4.2623,3322.67,160.2878
28.88,33.24,-0.1825,26.48,-0.4022,25.20,0.0048,76.66,0.5976,0.49,5.79,0.04,4.2740,3335.58,207.8216
28.88,33.24,0.2225,26.47,0.3714,25.20,-0.0857,76.66,-0.4812,0.49,5.80,0.04,4.2733,3346.76,189.2412
28.88,33.24,-0.1032,26.46,-0.5704,25.20,-0.2401,76.66,0.1188,0.49,5.79,0.03,4.2799,3355.59,100.4025
28.81,33.24,-0.1257,26.46,-0.1084,25.20,-0.0211,76.66,0.1971,0.49,5.79,0.04,4.2740,3366.87,131.3852
28.81,33.25,0.9972,26.45,1.0171,25.20,0.2652,76.66,0.2824,0.49,5.79,0.04,4.2645,3376.49,144.6889
28.81,33.25,0.2572,26.45,0.2650,25.20,-0.1404,76.66,0.3286,0.49,5.80,0.03,4.2747,3383.89,123.4460
28.88,33.24,0.1176,26.44,0.1732,25.20,0.1651,76.66,0.5504,0.49,5.79,0.04,4.2579,3389.62,65.8406
28.88,33.23,0.0207,26.43,0.8698,25.20,0.0636,76.66,0.3316,0.49,5.79,0.03,4.2696,3401.06,144.4758
28.88,33.22,0.0233,26.43,-0.5695,25.21,-0.2690,76.66,-0.1334,0.49,5.79,0.03,4.2791,3409.21,106.1743
28.81,33.22,0.9052,26.42,-0.0781,25.21,-0.1290,76.66,0.0228,0.48,5.79,0.05,4.2337,3415.42,121.5017
28.81,33.21,0.9691,26.42,0.7113,25.21,0.5793,76.66,-0.0467,0.48,5.79,0.04,4.2637,3421.18,63.4965
28.81,33.21,-0.7698,26.42,-0.2770,25.21,-0.3576,76.66,0.2504,0.49,5.80,0.04,4.2718,3424.11,33.6467
28.88,33.20,-0.1179,26.41,-0.7848,25.21,-0.3310,76.66,0.0440,0.48,5.79,0.03,4.2740,3432.15,140.8144
28.88,33.19,-0.3722,26.41,0.4280,25.21,0.6720,76.66,1.1711,0.48,5.79,0.04,4.2718,3438.85,81.7891
28.88,33.19,-1.1611,26.40,-1.6901,25.21,-0.5349,76.65,-0.6203,0.49,5.79,0.03,4.2777,3442.85,99.5552
28.81,33.19,-0.1612,26.40,-0.5097,25.22,-0.4962,76.66,0.0659,0.49,5.79,0.04,4.2725,3447.38,53.9192
28.81,33.19,-0.6044,26.40,-0.6766,25.22,0.0736,76.66,0.4119,0.48,5.79,0.03,4.2740,3449.45,20.9391
28.81,33.19,-0.5661,26.39,-0.2466,25.22,0.2198,76.66,0.2594,0.49,5.80,0.05,4.2601,3454.12,136.5628
28.81,33.20,-0.9371,26.39,-1.0633,25.22,0.0678,76.66,0.5461,0.49,5.79,0.04,4.2681,3460.33,63.1094
28.81,33.20,-1.8643,26.39,-1.3674,25.22,-0.7679,76.66,-0.3866,0.48,5.79,0.03,4.2799,3463.22,34.0205
28.81,33.20,0.6540,26.38,1.5990,25.22,0.5798,76.66,0.6341,0.49,5.79,0.03,4.2762,3466.26,40.4311
28.81,33.20,0.7678,26.38,1.4335,25.22,0.4573,76.66,0.6505,0.49,5.79,0.03,4.2769,3467.44,1.3495
28.81,33.19,0.8037,26.37,1.7529,25.22,0.6094,76.66,0.2595,0.49,5.79,0.04,4.2667,3468.79,132.6283
28.81,33.20,1.1432,26.37,0.2532,25.22,0.0771,76.66,0.1689,0.48,5.79,0.04,4.2740,3474.98,70.3972
28.81,33.20,0.7044,26.38,-0.4009,25.22,-0.4693,76.66,0.4326,0.48,5.79,0.05,4.2601,3477.38,26.1619
28.81,33.20,0.1138,26.38,0.9399,25.23,0.2019,76.66,0.3614,0.49,5.79,0.03,4.2711,3479.42,34.7563
28.81,33.19,-1.1953,26.37,-0.7038,25.23,-0.3275,76.66,0.4383,0.49,5.79,0.03,4.2799,3480.39,-23.2979
28.81,33.18,-1.5028,26.36,-0.6674,25.23,-0.0444,76.66,-0.4186,0.48,5.79,0.03,4.2747,3479.30,-12.3601
28.81,33.18,-1.0334,26.35,-0.6309,25.23,-0.1897,76.65,-0.3787,0.49,5.79,0.03,4.2777,3485.93,76.1705
28.81,33.17,0.8926,26.35,1.6079,25.23,0.2798,76.66,0.2543,0.47,5.79,0.03,4.2784,3488.00,14.0275
28.81,33.17,0.5091,26.34,-0.3354,25.23,-0.0796,76.65,-0.3860,0.47,5.79,0.05,4.2711,3489.32,29.1826
28.81,33.17,-0.4423,26.33,-1.6220,25.23,-0.5047,76.65,-0.3150,0.48,5.79,0.04,4.2689,3490.31,-30.6233
28.81,33.17,0.7259,26.33,0.7336,25.23,0.1572,76.65,0.2708,0.48,5.79,0.03,4.2821,3488.87,-16.1675
28.88,33.17,0.6972,26.33,0.7423,25.23,0.5403,76.65,0.0622,0.48,5.79,0.03,4.2813,3493.33,65.1086
28.88,33.18,-0.3337,26.32,0.7756,25.23,-0.2179,76.65,0.0170,0.49,5.79,0.04,4.2696,3495.79,20.9782
28.88,33.17,-0.5851,26.32,-0.5535,25.23,-0.3195,76.65,0.1817,0.48,5.80,0.05,4.2579,3496.81,12.8909
28.81,33.17,-1.0608,26.31,0.6064,25.23,0.3971,76.65,0.4417,0.49,5.79,0.04,4.2388,3497.42,6.7319
28.81,33.17,-0.1034,26.32,0.3199,25.23,-0.2809,76.65,0.2190,0.48,5.79,0.03,4.2762,3495.15,-26.0728
28.81,33.16,-0.6402,26.31,0.0818,25.23,0.1456,76.65,0.8687,0.48,5.79,0.04,4.2711,3498.88,70.3856
28.88,33.16,0.5243,26.31,1.0201,25.23,-0.5308,76.65,0.3833,0.49,5.79,0.03,4.2777,3501.41,13.7064
28.88,33.16,1.9534,26.30,1.1533,25.23,0.6275,76.65,-0.2043,0.49,5.79,0.04,4.2733,3502.09,7.8032
28.88,33.16,-0.2010,26.30,-0.8929,25.23,-0.1727,76.65,-0.4961,0.48,5.79,0.03,4.2791,3502.44,4.2285
28.81,33.16,-1.2128,26.30,-1.0445,25.24,0.1688,76.65,0.2712,0.48,5.79,0.04,4.2711,3500.19,-31.4239
28.81,33.16,-0.1007,26.30,-0.2979,25.24,-0.3655,76.65,-0.8105,0.49,5.79,0.04,4.2667,3502.67,70.4314
28.81,33.16,-0.4409,26.30,-0.0156,25.24,0.2067,76.65,0.6418,0.48,5.79,0.05,4.2542,3505.27,4.8336
28.81,33.16,0.7574,26.29,-0.0002,25.24,-0.3318,76.65,-0.7191,0.49,5.79,0.03,4.2806,3505.52,5.3789
28.81,33.16,0.1205,26.28,-0.9466,25.24,-0.2399,76.65,-0.0871,0.48,5.79,0.03,4.2777,3505.77,2.7966
28.81,33.16,0.0975,26.28,-0.0025,25.24,-0.2489,76.65,0.1190,0.48,5.79,0.03,4.2813,3503.42,-33.2290
28.88,33.17,-0.8175,26.28,-1.2757,25.24,0.1867,76.65,0.2712,0.49,5.79,0.03,4.2725,3505.82,67.5508
28.88,33.16,-0.5375,26.27,0.4434,25.24,0.0431,76.65,-0.0766,0.48,5.80,0.04,4.2652,3507.88,-11.0449
28.88,33.17,-0.0597,26.27,-0.7211,25.25,0.1059,76.65,0.1240,0.48,5.79,0.04,4.3004,3507.45,13.7449
28.81,33.17,-0.6816,26.27,-0.4916,25.25,-0.5028,76.65,0.5041,0.48,5.79,0.04,4.2667,3508.09,7.2547
28.81,33.16,0.6824,26.26,-0.6254,25.24,-0.0696,76.65,-0.5798,0.48,5.79,0.03,4.2769,3505.75,-38.5518
28.81,33.16,-1.3977,26.26,-1.1379,25.24,-0.1640,76.65,-0.0302,0.48,5.79,0.03,4.2784,3507.44,69.9521
28.88,33.16,-0.1302,26.26,1.2703,25.24,-0.1774,76.65,-0.0455,0.49,5.79,0.04,4.2630,3510.16,2.9851
28.88,33.16,-1.0201,26.25,-0.4804,25.25,0.4752,76.65,0.6550,0.48,5.79,0.04,4.2645,3510.30,1.5679
28.88,33.16,0.6411,26.24,0.7679,25.24,-0.1299,76.65,-1.7186,0.49,5.80,0.05,4.2930,3510.44,1.5200
28.81,33.16,0.8997,26.24,0.2755,25.25,0.3642,76.65,-0.3607,0.48,5.79,0.03,4.2784,3508.25,-35.9571
28.81,33.16,-0.7521,26.24,-1.4408,25.25,-0.4983,76.64,-0.0459,0.48,5.79,0.04,4.2740,3509.40,62.0287
28.81,33.17,1.3824,26.25,1.6343,25.25,0.5187,76.65,0.3434,0.48,5.79,0.03,4.2769,3511.60,-10.1946
28.81,33.15,-1.2951,26.24,-1.8592,25.25,-0.7573,76.65,-0.6881,0.48,5.79,0.04,4.2821,3511.19,3.9701
28.81,33.15,0.2102,26.24,0.6519,25.25,-0.5598,76.64,0.0199,0.48,5.79,0.04,4.2630,3511.37,2.1734
28.81,33.14,-0.8481,26.23,0.0092,25.25,-0.0105,76.64,0.7014,0.48,5.79,0.03,4.2777,3508.70,-41.4056
28.81,33.13,-0.2458,26.23,0.9981,25.25,-0.1869,76.65,0.2224,0.49,5.79,0.04,4.2593,3510.41,70.6497
28.81,33.12,-0.4454,26.23,0.4168,25.25,-0.1787,76.65,0.4757,0.48,5.79,0.05,4.2630,3512.96,-5.1600
28.81,33.12,-0.3706,26.22,-0.3756,25.25,0.3331,76.64,0.1333,0.48,5.79,0.03,4.2835,3512.72,-2.7662
28.81,33.11,-1.2057,26.22,-1.2597,25.25,0.1251,76.64,0.2304,0.49,5.80,0.04,4.3026,3512.22,-5.1192
28.81,33.12,-0.2895,26.21,0.6641,25.25,0.1058,76.64,-0.2429,0.48,5.79,0.05,4.2571,3510.02,-32.5302
28.81,33.11,1.3523,26.21,0.9084,25.25,-0.3744,76.64,-0.4220,0.48,5.80,0.03,4.2806,3511.48,60.2267
28.81,33.11,0.2763,26.20,-0.0207,25.25,-0.2774,76.64,-0.4787,0.47,5.80,0.04,4.3040,3513.73,-2.9250
28.81,33.11,-0.3255,26.20,0.7710,25.25,0.2455,76.64,-0.6087,0.48,5.79,0.04,4.2711,3513.64,10.2718
28.81,33.11,-0.8656,26.20,-0.0346,25.26,-0.1266,76.64,-0.0955,0.49,5.80,0.03,4.2769,3514.12,5.4220
28.81,33.11,-1.2543,26.19,-0.4230,25.25,-0.4897,76.64,-0.4566,0.48,5.80,0.03,4.2747,3511.25,-45.3093
28.81,33.12,0.0260,26.19,-1.3864,25.26,-0.9338,76.64,-0.9881,0.49,5.79,0.04,4.2667,3512.47,69.9416
28.81,33.13,-0.4914,26.19,-0.2589,25.26,-0.0012,76.64,-0.0180,0.48,5.79,0.03,4.2799,3515.26,0.4961
28.88,33.13,1.7790,26.19,1.1830,25.26,0.9726,76.64,0.0732,0.48,5.79,0.05,4.2711,3515.28,0.2661
28.88,33.13,-1.1321,26.19,-2.1016,25.26,-0.5201,76.64,-0.2917,0.48,5.80,0.04,4.3033,3515.37,1.1426
28.88,33.14,-0.1066,26.18,0.2762,25.26,0.4131,76.64,0.4420,0.48,5.79,0.05,4.2630,3512.96,-53.3661
28.81,33.14,0.7363,26.18,1.3592,25.27,0.3580,76.64,0.3754,0.49,5.80,0.05,4.2571,3512.86,75.2165
28.81,33.14,-1.1963,26.18,-1.1529,25.26,-0.4624,76.64,-0.3542,0.48,5.79,0.04,4.2637,3516.22,-7.4516
28.81,33.14,0.9979,26.18,-0.1985,25.26,0.1415,76.64,-0.1318,0.48,5.79,0.03,4.2711,3515.88,-3.9743
28.81,33.15,-0.1114,26.18,-0.8161,25.26,-0.4035,76.64,0.0184,0.47,5.79,0.03,4.2784,3515.72,-1.5645
28.81,33.16,-0.4673,26.17,-0.1152,25.26,-0.3324,76.64,0.9058,0.48,5.79,0.03,4.2740,3513.99,-44.1680
28.81,33.17,0.4969,26.17,-0.0708,25.26,-0.0398,76.64,-0.1179,0.48,5.79,0.03,4.2740,3513.35,62.4939
28.81,33.18,0.0470,26.17,-0.1734,25.26,-0.2492,76.64,0.3931,0.48,5.78,0.04,4.2718,3516.23,33.5033
28.81,33.19,0.3884,26.17,1.1290,25.26,0.0028,76.64,0.3727,0.48,5.80,0.05,4.2579,3516.45,1.1631
28.81,33.19,0.3633,26.17,1.4006,25.27,0.8419,76.64,0.6555,0.48,5.79,0.04,4.2645,3516.46,-0.2420
28.88,33.19,0.9901,26.17,0.6703,25.27,0.4538,76.64,0.1356,0.47,5.79,0.03,4.2740,3514.98,-53.7122
28.88,33.18,0.0986,26.17,0.4019,25.27,-0.2635,76.64,0.3022,0.48,5.79,0.03,4.2769,3513.21,91.8465
28.88,33.19,0.5496,26.17,0.0779,25.26,0.3955,76.64,-0.1415,0.48,5.79,0.03,4.2725,3517.55,48.2022
28.81,33.19,-0.8054,26.17,-0.8609,25.27,0.4265,76.63,0.2109,0.48,5.80,0.03,4.2769,3517.16,-11.2575
28.81,33.20,-0.8461,26.16,0.1087,25.27,-0.0844,76.64,-0.1328,0.48,5.79,0.04,4.2630,3515.38,-50.2997
28.88,33.19,0.1163,26.16,-0.3472,25.27,-0.3486,76.64,0.2084,0.49,5.79,0.03,4.2755,3514.13,72.1100
28.88,33.19,1.3284,26.16,1.1531,25.27,0.3143,76.64,-0.1316,0.48,5.79,0.04,4.2879,3517.46,38.6535
28.88,33.18,0.6790,26.15,0.6643,25.27,0.3283,76.64,0.5601,0.48,5.79,0.03,4.2777,3517.55,-3.3103
28.81,33.18,2.1781,26.14,1.4667,25.27,0.7530,76.64,0.1924,0.48,5.79,0.04,4.2755,3517.63,4.0862
28.81,33.18,0.0883,26.15,0.1515,25.27,0.0166,76.63,-0.3285,0.48,5.79,0.04,4.2645,3516.46,-73.8416
28.81,33.19,0.8993,26.15,0.4869,25.27,-0.1601,76.63,0.3624,0.48,5.80,0.04,4.2681,3512.99,-38.9867
28.81,33.19,-0.3580,26.14,-0.6800,25.27,0.6379,76.63,0.5314,0.48,5.79,0.03,4.2762,3517.44,54.9955
28.81,33.20,0.1781,26.15,-0.5560,25.27,-0.4006,76.63,-0.2862,0.49,5.79,0.03,4.2762,3518.19,-3.2870
28.81,33.20,-0.3003,26.14,-1.2703,25.27,0.0492,76.63,-0.0410,0.48,5.79,0.03,4.2740,3517.89,-6.2997
28.81,33.21,-0.3718,26.14,-0.6440,25.27,0.1939,76.63,-0.4641,0.49,5.80,0.03,4.2784,3516.81,-75.5924
28.81,33.21,0.7270,26.14,1.3531,25.28,0.2695,76.64,0.1794,0.49,5.80,0.03,4.2747,3513.26,-39.9087
28.81,33.21,1.2282,26.14,-1.3009,25.28,-0.0065,76.64,-0.8170,0.48,5.80,0.03,4.2799,3517.38,56.0809
28.81,33.21,0.1328,26.14,0.2190,25.28,0.0649,76.63,-0.4837,0.49,5.79,0.03,4.2791,3518.03,-10.3392
28.81,33.20,-0.2404,26.13,-0.4943,25.28,-0.1500,76.63,0.1718,0.48,5.80,0.03,4.2828,3517.81,3.2095
28.81,33.21,0.5614,26.13,0.9250,25.28,0.7676,76.63,0.5767,0.48,5.80,0.03,4.2799,3516.87,-66.1642
28.88,33.21,-0.9168,26.13,-0.2852,25.28,-0.5304,76.63,-0.5666,0.48,5.79,0.03,4.2835,3513.76,-34.9258
28.88,33.20,-1.0527,26.12,-0.2069,25.28,0.3257,76.63,-0.4400,0.48,5.79,0.03,4.2821,3517.45,45.2726
28.88,33.20,0.2517,26.12,1.5541,25.28,0.5685,76.63,0.4969,0.48,5.79,0.03,4.2777,3518.22,-0.4762
28.81,33.19,0.1423,26.12,0.4585,25.28,0.0081,76.63,-0.7747,0.48,5.79,0.03,4.2799,3517.97,-7.5482
28.81,33.18,-1.0980,26.12,-0.6518,25.28,0.3840,76.63,0.3563,0.49,5.79,0.03,4.2718,3517.10,-56.7895
28.81,33.19,1.7124,26.12,0.7918,25.28,-0.0236,76.63,-0.5637,0.49,5.79,0.03,4.2769,3514.42,-29.8344
28.81,33.20,0.8114,26.12,-0.1310,25.28,-0.1780,76.63,-0.5764,0.48,5.79,0.03,4.2762,3517.72,46.5364
28.81,33.19,0.4434,26.12,0.9913,25.28,0.2958,76.63,0.7999,0.48,5.79,0.05,4.2476,3518.60,-2.5887
28.81,33.18,0.6893,26.11,-0.2073,25.28,0.1127,76.62,0.2215,0.48,5.80,0.03,4.2703,3518.32,-8.8714
28.81,33.18,-0.0570,26.11,0.7458,25.28,0.7606,76.63,0.4372,0.49,5.79,0.04,4.2733,3517.61,-62.7962
28.81,33.19,-0.1302,26.11,-0.9397,25.28,0.0994,76.63,-0.2860,0.49,5.80,0.03,4.2762,3514.63,-32.8111
28.81,33.19,-1.2688,26.11,-1.0030,25.28,0.2238,76.63,0.4813,0.48,5.79,0.03,4.2769,3517.99,53.0338
28.88,33.19,-0.3863,26.11,0.8555,25.28,0.1214,76.63,-0.5896,0.49,5.80,0.04,4.2696,3518.64,-13.4814
28.88,33.18,-0.1667,26.11,0.3173,25.29,-0.1213,76.63,0.3599,0.49,5.79,0.03,4.2769,3518.04,-6.0746
28.88,33.18,-1.2677,26.10,-1.9316,25.29,-0.3180,76.63,-0.1832,0.48,5.79,0.05,4.2549,3517.49,-72.0498
28.81,33.18,-0.4875,26.10,-1.0063,25.29,-0.4547,76.63,-0.1076,0.48,5.79,0.03,4.2762,3514.05,-37.4302
28.81,33.19,0.8515,26.10,1.5495,25.29,0.2111,76.63,0.4476,0.48,5.79,0.03,4.2799,3517.60,55.1177
28.81,33.19,0.8298,26.10,2.1330,25.29,0.7020,76.63,0.6450,0.48,5.79,0.05,4.2630,3518.33,-12.1217
28.81,33.19,0.1796,26.09,1.2338,25.29,-0.4337,76.63,0.2615,0.48,5.79,0.03,4.2769,3517.84,-3.1730
28.81,33.19,-0.5500,26.09,-1.0928,25.29,-0.0087,76.63,-0.3422,0.48,5.79,0.04,4.2711,3517.09,-75.3792
28.81,33.19,-0.8962,26.09,-0.8459,25.29,-0.4061,76.63,-0.0468,0.48,5.77,0.04,4.2615,3513.49,-39.1913
28.81,33.19,-0.3705,26.08,-1.3251,25.29,-0.2396,76.62,-0.4841,0.48,5.79,0.04,4.2689,3517.12,52.1105
28.81,33.20,-1.0936,26.08,-0.7879,25.29,-0.7864,76.62,-0.3806,0.48,5.79,0.03,4.2762,3517.96,-6.1535
28.81,33.20,1.2879,26.08,-0.3598,25.29,0.3230,76.63,-0.6233,0.48,5.79,0.05,4.2593,3517.70,-1.8275
28.81,33.19,-0.4365,26.07,-1.5798,25.29,-0.4609,76.62,-0.2637,0.48,5.80,0.03,4.2835,3516.98,-75.1302
28.81,33.19,-1.0549,26.07,-0.6041,25.29,-0.0894,76.62,-0.0566,0.48,5.80,0.03,4.2769,3513.49,-40.0543
28.81,33.19,-1.1484,26.07,-0.3395,25.29,0.3163,76.62,0.1616,0.49,5.80,0.04,4.2674,3516.54,47.8328
28.88,33.19,-0.8347,26.08,-0.1733,25.29,-0.2835,76.63,0.2462,0.48,5.79,0.04,4.2645,3517.82,3.5451
28.88,33.20,0.3187,26.07,0.7075,25.29,0.1720,76.63,0.6795,0.48,5.80,0.03,4.2740,3517.68,-12.1011
28.88,33.19,-0.2689,26.07,-1.5886,25.29,-0.4590,76.62,-0.8513,0.48,5.79,0.03,4.2813,3516.99,-65.7020
28.81,33.20,-1.3061,26.06,-1.2638,25.29,-0.4365,76.62,-0.1462,0.48,5.79,0.03,4.2747,3513.90,-34.6563
28.81,33.20,-0.4443,26.06,-0.1054,25.29,-0.0117,76.62,0.9601,0.48,5.79,0.03,4.2711,3516.45,49.2450
28.81,33.19,1.0776,26.07,1.0418,25.30,0.3473,76.62,0.5373,0.48,5.80,0.05,4.2593,3517.70,-3.9843
28.81,33.20,1.1458,26.07,0.8823,25.30,-0.3148,76.62,0.3967,0.48,5.79,0.03,4.2799,3517.51,-2.5146
28.81,33.20,-0.2122,26.06,-0.9623,25.30,-0.4449,76.62,-1.8195,0.47,5.79,0.04,4.2278,3517.39,-1.3556
28.81,33.20,1.0328,26.06,0.7434,25.30,0.7293,76.62,0.7113,0.47,5.79,0.04,4.2938,3514.11,-44.5149
28.88,33.20,0.4951,26.06,0.6060,25.30,-0.2057,76.63,0.3307,0.48,5.79,0.05,4.2623,3516.06,63.6350
28.88,33.20,1.1076,26.05,1.2275,25.30,0.6108,76.62,0.1300,0.47,5.80,0.04,4.2989,3517.90,-16.0648
28.88,33.20,0.0668,26.05,0.3613,25.30,-0.3525,76.62,0.0622,0.47,5.79,0.04,4.2733,3517.18,-0.5196
28.88,33.20,1.1929,26.05,-0.3516,25.29,0.0855,76.62,-0.9255,0.47,5.80,0.04,4.2989,3517.16,-0.2757
28.88,33.20,-0.5505,26.04,-0.0009,25.29,0.2702,76.62,0.8602,0.49,5.80,0.04,4.2366,3514.38,-41.6397
28.88,33.20,0.2436,26.04,0.8751,25.30,0.1447,76.62,-0.4764,0.48,5.79,0.04,4.2637,3516.13,70.7916
28.88,33.21,-0.5670,26.04,-1.1999,25.30,-0.1850,76.62,-0.2798,0.48,5.80,0.04,4.2579,3518.43,-20.9677
28.88,33.21,-0.6767,26.04,0.5036,25.30,-0.4011,76.62,0.4271,0.48,5.79,0.04,4.2659,3517.44,0.7715
28.88,33.21,0.4572,26.04,-0.7295,25.30,-0.3671,76.62,-0.0783,0.48,5.79,0.04,4.2667,3517.48,0.4072
28.88,33.20,-0.1145,26.04,-0.9674,25.30,0.5284,76.62,0.0477,0.47,5.79,0.05,4.2571,3514.87,-44.3403
28.88,33.20,0.0197,26.03,1.2246,25.30,-0.1972,76.62,-0.1556,0.48,5.79,0.05,4.2586,3516.02,71.4594
28.88,33.19,0.6647,26.03,0.9521,25.30,0.5137,76.62,0.4317,0.48,5.79,0.04,4.2659,3518.67,-15.0340
28.88,33.20,-0.5519,26.03,-0.5104,25.30,-0.2729,76.62,-0.1908,0.47,5.79,0.04,4.2842,3517.96,-7.9378
28.88,33.20,0.5512,26.04,0.3115,25.30,0.0806,76.62,-0.2297,0.48,5.80,0.03,4.2777,3518.13,2.5539
28.88,33.21,0.0947,26.03,-0.5942,25.31,-0.5143,76.62,-0.1171,0.48,5.79,0.03,4.2703,3515.73,-42.1708
28.81,33.21,0.7872,26.02,0.5583,25.30,0.2892,76.61,0.5403,0.48,5.80,0.03,4.2769,3516.62,66.7210
28.81,33.20,-0.8575,26.01,-0.5005,25.30,0.0193,76.62,0.4710,0.49,5.79,0.03,4.2696,3519.14,-16.7593
28.81,33.20,-0.3798,26.02,-0.6441,25.30,-0.0454,76.62,0.0550,0.49,5.79,0.04,4.2571,3518.38,-9.0802
28.81,33.20,-0.5805,26.01,-1.1179,25.30,-0.5394,76.62,-0.5988,0.47,5.79,0.03,4.2762,3518.47,2.2316
28.81,33.19,0.2250,26.01,0.7252,25.30,0.5474,76.62,-0.0690,0.48,5.79,0.04,4.2637,3516.01,-53.2275
28.81,33.20,1.2825,26.01,1.7333,25.29,0.6845,76.61,0.5401,0.48,5.79,0.03,4.2777,3515.62,68.9307
28.88,33.19,-0.7047,26.01,-1.9207,25.30,-0.8222,76.62,-0.3088,0.47,5.80,0.04,4.2894,3518.78,37.1547
28.88,33.18,-1.1465,26.01,-0.8497,25.30,0.0810,76.62,0.1407,0.47,5.79,0.03,4.2718,3518.31,-7.1213
28.81,33.18,0.7886,26.01,1.1636,25.31,0.3264,76.62,0.1392,0.47,5.79,0.05,4.2630,3516.67,-59.3886
28.81,33.17,-0.8096,26.01,-1.4600,25.31,0.4079,76.61,0.3580,0.48,5.79,0.03,4.2813,3515.76,67.9026
28.81,33.16,-0.3839,26.00,-1.1747,25.31,-0.3721,76.61,0.4297,0.48,5.80,0.03,4.2813,3518.70,-4.0010
28.81,33.15,0.9049,26.00,1.2936,25.31,0.4124,76.61,0.3601,0.48,5.79,0.03,4.2806,3518.51,-2.1016
28.81,33.15,0.2126,26.01,-0.4485,25.31,-0.7155,76.61,0.0708,0.47,5.79,0.03,4.2725,3518.20,-4.2219
28.81,33.15,0.0853,26.00,0.5305,25.30,0.1752,76.62,0.5786,0.48,5.79,0.04,4.2330,3515.94,-52.1204
28.88,33.14,0.0521,25.99,0.0164,25.31,1.1029,76.61,-0.1884,0.47,5.80,0.04,4.2711,3515.38,71.7548
28.88,33.14,0.1703,26.00,-1.1599,25.31,0.5004,76.61,0.4371,0.47,5.79,0.03,4.2740,3518.69,38.4626
28.88,33.14,-0.5483,26.00,-0.0006,25.31,-0.4792,76.61,-0.7464,0.48,5.79,0.03,4.2762,3518.32,-5.8973
28.81,33.14,-0.3950,26.00,-1.1464,25.31,-0.5533,76.62,-0.4023,0.48,5.79,0.04,4.2696,3518.05,-3.1616
28.81,33.13,-0.5427,25.99,-0.9948,25.31,-0.3739,76.61,-0.4405,0.48,5.80,0.03,4.2718,3516.28,-65.5102
28.81,33.14,0.8511,26.00,1.7178,25.31,0.2567,76.61,0.7046,0.48,5.79,0.03,4.2799,3513.85,87.1659
28.88,33.13,-0.2325,25.99,0.5050,25.31,0.0579,76.61,0.6399,0.48,5.79,0.04,4.2725,3517.94,45.9957
28.88,33.13,0.6178,25.99,1.3645,25.31,0.4685,76.61,0.3742,0.48,5.79,0.05,4.2601,3518.06,-6.2732
28.88,33.13,0.6001,25.99,1.3289,25.31,0.1689,76.61,0.3292,0.48,5.80,0.05,4.2498,3517.54,-10.2220
28.81,33.13,0.1224,25.98,-0.2584,25.31,0.1349,76.61,0.2646,0.48,5.79,0.05,4.2586,3516.26,-65.7640
28.81,33.12,-0.1463,25.98,0.6173,25.31,1.5852,76.61,0.7124,0.47,5.80,0.03,4.2755,3513.23,-35.2400
28.81,33.12,0.2206,25.98,0.6707,25.31,0.1938,76.62,0.2223,0.48,5.79,0.04,4.2755,3516.66,48.4105
28.81,33.12,1.0557,25.98,-0.6199,25.31,-0.0212,76.61,-0.5249,0.47,5.79,0.03,4.2733,3517.94,4.9837
28.81,33.11,1.0450,25.98,1.2037,25.31,0.7717,76.61,0.5212,0.48,5.79,0.03,4.2740,3517.83,-13.1986
28.81,33.12,-1.0457,25.98,-0.8705,25.32,0.0714,76.61,-0.2783,0.48,5.80,0.04,4.2454,3517.23,-7.0773
28.88,33.12,0.8222,25.98,1.3736,25.32,0.1417,76.61,0.0409,0.48,5.79,0.05,4.3018,3514.03,-35.9394
28.88,33.11,0.0480,25.98,-0.6060,25.32,0.1159,76.61,-0.3922,0.49,5.79,0.03,4.2777,3516.36,50.5316
28.88,33.11,0.2522,25.98,-0.3219,25.31,-0.2573,76.61,-0.5822,0.48,5.80,0.05,4.2535,3517.63,0.2338
28.88,33.12,-0.9708,25.97,-1.7017,25.31,-0.2608,76.61,-0.6932,0.48,5.79,0.03,4.2740,3517.64,0.1246
28.88,33.12,0.9621,25.97,1.6604,25.31,-0.3753,76.61,0.0128,0.48,5.80,0.03,4.2791,3514.53,-39.6973
28.81,33.10,0.3016,25.96,1.9746,25.31,0.4436,76.61,-0.3563,0.48,5.79,0.05,4.2571,3516.72,57.0007
28.81,33.10,0.5524,25.96,0.5807,25.31,-0.1152,76.61,0.1736,0.47,5.79,0.03,4.2733,3518.26,-8.7621
28.81,33.11,0.0053,25.96,0.3636,25.32,0.4186,76.61,-0.3130,0.48,5.79,0.03,4.2733,3517.97,6.3446
28.88,33.10,0.1989,25.96,-0.5319,25.31,-0.0806,76.61,-0.4574,0.47,5.79,0.04,4.2432,3518.28,3.2992
28.88,33.11,0.0535,25.96,1.0122,25.32,0.3947,76.61,0.3966,0.48,5.79,0.03,4.2740,3514.87,-41.3185
28.88,33.11,-0.7931,25.96,0.1700,25.31,0.0811,76.61,0.7121,0.47,5.79,0.03,4.2740,3517.08,52.4990
28.81,33.10,-0.9056,25.96,0.0140,25.31,0.4820,76.61,1.5278,0.48,5.79,0.04,4.2608,3518.50,-4.6117
28.81,33.10,-0.5763,25.96,-1.9730,25.32,-0.4446,76.61,-0.4055,0.48,5.79,0.04,4.2813,3518.32,0.6590
28.81,33.10,0.2330,25.96,-0.2274,25.32,0.1165,76.61,-0.3913,0.47,5.79,0.03,4.2762,3518.35,0.3408
28.88,33.09,-0.4585,25.95,-0.6400,25.32,-0.2383,76.60,0.3218,0.48,5.79,0.03,4.2733,3514.31,-47.8167
28.88,33.09,1.1116,25.95,0.9041,25.32,0.4620,76.61,-0.1096,0.47,5.79,0.05,4.2615,3517.11,61.7985
28.88,33.09,0.0639,25.95,0.9119,25.32,-1.0350,76.61,0.2571,0.48,5.79,0.04,4.2725,3518.71,-5.4184
28.88,33.09,0.1771,25.96,0.5472,25.32,0.6109,76.61,0.6326,0.48,5.79,0.04,4.2784,3518.49,-0.5553
28.88,33.09,0.0388,25.95,0.4899,25.32,-0.3737,76.61,-0.7441,0.47,5.79,0.04,4.2696,3518.46,-0.2932
28.88,33.10,1.5385,25.95,0.2657,25.32,0.2718,76.61,-0.5162,0.48,5.80,0.04,4.2535,3514.91,-43.4276
28.88,33.09,1.3875,25.95,1.2266,25.32,0.2550,76.61,0.1407,0.48,5.80,0.04,4.2615,3517.33,61.7689
28.88,33.09,0.9211,25.95,0.9019,25.32,-0.3018,76.60,0.5216,0.48,5.80,0.03,4.2755,3518.95,-13.9324
28.88,33.09,-0.4047,25.95,0.2873,25.32,0.4009,76.61,0.2770,0.48,5.80,0.03,4.2725,3518.37,3.6299
28.88,33.09,-0.1945,25.95,-0.3045,25.32,-0.3174,76.61,0.5529,0.48,5.79,0.04,4.2696,3518.55,1.9068
28.88,33.08,-0.6787,25.95,0.3646,25.32,0.3441,76.61,-0.2212,0.48,5.80,0.04,4.2659,3515.34,-44.3176
28.88,33.08,0.1332,25.95,-0.4471,25.33,0.4422,76.60,-0.3287,0.48,5.79,0.03,4.2747,3517.19,64.9257
28.81,33.07,0.3389,25.95,1.9180,25.33,0.4519,76.60,0.2382,0.48,5.79,0.03,4.2791,3519.18,-16.2914
28.81,33.07,-0.6781,25.96,-1.0317,25.33,-0.1111,76.61,-0.7885,0.48,5.80,0.03,4.2740,3518.44,2.5053
28.81,33.07,-0.6754,25.95,-0.3553,25.33,0.5821,76.60,1.0243,0.47,5.79,0.03,4.2740,3518.56,1.3363
28.81,33.06,-0.3398,25.94,-0.7761,25.33,-0.3703,76.60,0.4517,0.48,5.80,0.04,4.2674,3515.62,-48.8339
28.81,33.06,-0.0641,25.94,-0.4124,25.33,0.2176,76.60,-0.5630,0.48,5.79,0.03,4.2681,3516.35,60.6994
28.81,33.06,-0.2237,25.95,1.2564,25.33,0.0638,76.61,0.1946,0.48,5.79,0.04,4.2095,3518.61,-11.8449
28.88,33.06,-0.3825,25.94,0.0374,25.32,0.2087,76.60,0.1234,0.48,5.79,0.04,4.2674,3518.05,-6.2525
28.88,33.06,-0.7460,25.94,-0.5971,25.33,0.1411,76.60,0.3102,0.48,5.79,0.05,4.2564,3518.31,3.4248
28.88,33.06,-1.0558,25.94,-1.0931,25.33,-0.0207,76.61,0.0198,0.48,5.79,0.03,4.2630,3515.77,-49.5187
28.81,33.06,0.5676,25.94,-0.3182,25.33,0.1200,76.61,0.6437,0.48,5.79,0.05,4.2586,3516.28,72.4072
28.81,33.06,0.8020,25.94,0.0079,25.32,0.0969,76.61,-0.3574,0.49,5.79,0.04,4.2579,3519.20,-16.9189
28.81,33.06,-0.5566,25.94,0.1006,25.33,-0.1499,76.61,0.2859,0.47,5.79,0.04,4.2667,3518.33,-8.1410
28.81,33.06,-1.2067,25.93,-1.0254,25.33,0.3393,76.60,0.2156,0.47,5.80,0.04,4.2674,3518.46,1.4749
28.81,33.06,-0.4003,25.93,-0.7560,25.33,0.2143,76.60,0.4233,0.47,5.79,0.03,4.2791,3515.98,-44.2148
28.81,33.06,0.4550,25.94,0.1081,25.33,0.3601,76.60,-0.1433,0.48,5.80,0.03,4.2769,3516.73,67.8906
28.81,33.06,0.5131,25.93,0.7841,25.33,0.3404,76.60,-0.0528,0.48,5.78,0.04,4.2762,3519.43,-11.3894
28.81,33.06,-0.1953,25.94,-0.9045,25.33,0.4659,76.61,0.1658,0.47,5.79,0.04,4.2747,3518.90,-5.9818
28.81,33.05,-0.1138,25.93,-0.2438,25.33,0.3716,76.60,0.5782,0.48,5.80,0.04,4.2168,3518.67,-1.9924
28.81,33.04,0.6767,25.93,0.4222,25.33,-0.3866,76.60,-1.0275,0.47,5.79,0.03,4.2813,3516.42,-38.6666
28.81,33.05,-0.1069,25.92,-1.1577,25.33,-0.1116,76.60,-0.1902,0.48,5.79,0.03,4.2740,3517.31,60.7277
28.81,33.05,0.2370,25.92,1.4453,25.33,0.3379,76.60,-0.1262,0.47,5.79,0.03,4.2813,3519.73,-3.4836
28.81,33.07,-0.7550,25.92,-0.1504,25.33,-0.5077,76.60,-0.3117,0.47,5.79,0.03,4.2777,3519.57,-1.8392
28.81,33.07,1.2283,25.92,1.3957,25.33,-0.0964,76.60,0.5378,0.47,5.79,0.04,4.2711,3519.08,-5.2480
28.81,33.07,0.5222,25.92,2.1594,25.33,0.3208,76.60,0.0260,0.48,5.79,0.04,4.2689,3516.36,-45.4323
28.81,33.07,0.3360,25.92,0.2078,25.34,-0.0428,76.60,0.5482,0.47,5.80,0.03,4.2718,3517.18,64.2249
28.81,33.07,-0.6851,25.92,-1.6532,25.33,-0.3766,76.60,-0.6915,0.48,5.79,0.03,4.2769,3519.75,-2.8194
28.81,33.07,-0.3641,25.91,-0.5139,25.33,0.1644,76.60,0.0062,0.47,5.79,0.03,4.2791,3519.62,-1.4729
28.81,33.07,0.7232,25.91,-0.6709,25.33,-0.3821,76.60,-0.1166,0.48,5.79,0.03,4.2777,3519.53,-1.0221
28.81,33.07,0.6030,25.92,0.1495,25.33,0.4101,76.60,-0.2847,0.47,5.79,0.03,4.2799,3517.20,-46.0140
28.81,33.07,-0.1025,25.91,-0.1711,25.33,0.2052,76.60,-0.1535,0.47,5.79,0.03,4.2747,3517.71,76.3602
28.81,33.07,0.8600,25.91,0.7047,25.34,-0.0537,76.60,-0.2071,0.48,5.79,0.03,4.2777,3520.92,-15.4318
28.81,33.07,-0.3296,25.91,0.1929,25.34,0.4078,76.60,0.2573,0.47,5.79,0.03,4.2791,3520.19,-8.1035
28.81,33.06,0.8692,25.91,0.9694,25.33,0.2728,76.60,0.2272,0.48,5.79,0.03,4.2828,3519.65,-6.5852
28.88,33.06,-0.1029,25.91,-0.2143,25.34,0.1381,76.60,0.3722,0.47,5.79,0.03,4.2769,3516.88,-46.7665
28.88,33.06,0.2169,25.90,0.2956,25.34,-0.2615,76.60,-0.3976,0.47,5.79,0.03,4.2740,3518.14,69.8847
28.88,33.06,0.1817,25.90,0.7947,25.34,-0.1353,76.60,0.5694,0.48,5.79,0.03,4.2769,3520.46,-14.2337
28.81,33.06,-0.7259,25.90,0.3285,25.34,-0.0230,76.60,0.3447,0.47,5.79,0.03,4.2806,3519.85,2.3321
28.81,33.06,0.3969,25.90,2.0299,25.34,0.0149,76.60,0.2617,0.48,5.80,0.05,4.2234,3519.96,1.2058
28.81,33.07,-1.2055,25.90,0.1741,25.34,-0.4363,76.60,0.3252,0.47,5.80,0.03,4.2747,3516.57,-44.0461
28.88,33.07,-0.1761,25.90,-0.2259,25.33,-0.3102,76.60,0.1444,0.48,5.79,0.03,4.2777,3518.44,56.7635
28.88,33.08,-0.1190,25.90,-0.9892,25.34,0.3218,76.59,0.2173,0.47,5.79,0.03,4.2784,3520.23,-3.6475
28.88,33.09,0.6366,25.89,1.3602,25.34,0.1548,76.59,1.0502,0.48,5.80,0.04,4.3004,3520.07,-0.2759
28.81,33.09,-1.4929,25.89,-1.7070,25.34,0.3256,76.59,-0.0499,0.48,5.79,0.03,4.2747,3520.05,-0.1434
28.81,33.09,1.0245,25.89,0.7391,25.33,0.2159,76.59,-0.0409,0.47,5.80,0.03,4.2784,3516.19,-49.4071
28.81,33.09,-0.0451,25.89,-0.1063,25.34,-0.0412,76.59,0.4652,0.47,5.79,0.03,4.2711,3518.22,58.5592
28.88,33.09,-0.4668,25.89,0.8113,25.33,-0.3246,76.59,0.6448,0.47,5.79,0.03,4.2762,3519.91,-7.8899
28.88,33.08,-2.1923,25.89,-1.2746,25.34,-0.1445,76.59,0.5200,0.48,5.80,0.03,4.2696,3519.55,-2.9081
28.88,33.08,-1.0285,25.89,-0.2596,25.34,-0.4874,76.59,0.8457,0.48,5.80,0.04,4.2703,3519.41,-1.5038
28.81,33.07,0.4707,25.89,0.8234,25.34,0.1959,76.59,0.4489,0.48,5.80,0.03,4.2725,3516.34,-39.5672
28.81,33.07,-0.1419,25.89,-0.2452,25.34,-0.7520,76.60,0.2779,0.47,5.79,0.03,4.2769,3518.76,63.6346
28.81,33.07,-0.4048,25.88,-0.9350,25.34,0.0324,76.59,0.3445,0.47,5.79,0.03,4.2740,3520.47,-13.0151
28.88,33.07,1.4948,25.89,2.0375,25.34,0.3116,76.59,0.2350,0.48,5.79,0.03,4.2733,3519.84,-6.6950
28.88,33.07,0.2585,25.88,0.5990,25.34,1.6979,76.59,-0.0539,0.48,5.79,0.03,4.2747,3519.52,-3.5149
28.88,33.08,-0.8490,25.89,-0.1270,25.34,-0.2026,76.59,-0.7954,0.48,5.79,0.03,4.2733,3516.40,-40.5917
28.81,33.09,-0.4085,25.89,0.1624,25.34,0.1948,76.60,0.5095,0.47,5.80,0.04,4.2718,3518.35,58.6139
28.81,33.09,-0.6276,25.89,-0.3851,25.35,-0.3455,76.60,0.5551,0.48,5.79,0.03,4.2733,3520.10,-9.7842
28.81,33.09,0.4701,25.88,-1.0289,25.34,-0.4220,76.59,-0.4474,0.47,5.80,0.03,4.2791,3519.75,5.0989
28.81,33.09,-0.7674,25.88,-1.5731,25.34,-0.3628,76.59,-0.7772,0.47,5.79,0.05,4.2952,3519.69,-73.2452
28.81,33.09,1.1746,25.88,0.4601,25.34,0.1547,76.59,-0.6295,0.48,5.79,0.05,4.2571,3516.25,-38.6485
28.81,33.09,0.3898,25.87,0.4285,25.34,0.3036,76.59,-0.7364,0.47,5.79,0.03,4.2762,3519.02,50.0719
28.81,33.09,0.1325,25.88,0.3379,25.34,-0.4167,76.60,0.0975,0.47,5.79,0.03,4.2747,3520.04,-8.7076
28.81,33.09,-0.0757,25.87,0.1098,25.35,-0.1946,76.59,0.2823,0.48,5.79,0.03,4.2733,3519.77,4.8536
28.81,33.09,0.2600,25.87,-0.6550,25.35,-0.5898,76.59,0.6230,0.48,5.79,0.03,4.2806,3520.00,2.5617
28.81,33.08,-0.6597,25.87,-0.6672,25.35,-0.2695,76.59,0.1535,0.47,5.79,0.04,4.2527,3516.53,-42.4102
28.81,33.07,-1.1094,25.87,-0.6441,25.35,-0.1957,76.59,0.2764,0.48,5.80,0.03,4.2733,3518.66,57.6321
28.81,33.06,-0.8058,25.87,-1.0589,25.35,-0.0918,76.59,0.1068,0.47,5.79,0.03,4.2762,3520.30,-8.6914
28.81,33.06,-0.5270,25.86,-0.3386,25.35,0.9684,76.59,0.6939,0.48,5.79,0.03,4.2769,3519.89,-4.2223
28.81,33.06,-1.1584,25.86,-1.9315,25.35,-0.2299,76.59,-0.1581,0.47,5.79,0.03,4.2725,3519.69,-2.2175
28.81,33.05,-0.4657,25.86,-0.9092,25.35,0.1018,76.59,0.0115,0.47,5.79,0.03,4.2784,3516.72,-42.1095
28.88,33.05,0.7311,25.86,1.0916,25.35,-0.3200,76.59,-0.6560,0.48,5.80,0.03,4.2762,3518.58,67.1938
28.88,33.05,0.0101,25.86,-1.2168,25.35,-0.1622,76.60,-0.6805,0.47,5.80,0.03,4.2777,3520.92,-5.7875
28.88,33.06,-0.1861,25.85,0.4493,25.35,-0.1827,76.59,-0.1439,0.47,5.80,0.04,4.2747,3520.64,-10.8551
28.81,33.06,1.3708,25.85,1.1694,25.35,0.1051,76.59,-0.1364,0.47,5.79,0.04,4.2696,3520.13,-5.7287
28.81,33.06,-0.2468,25.86,-0.3858,25.35,-0.0935,76.59,-0.2027,0.47,5.79,0.04,4.2769,3517.19,-46.3958
28.81,33.06,0.7941,25.85,0.0970,25.35,0.1274,76.59,-0.3161,0.48,5.80,0.05,4.2513,3518.29,70.5562
28.81,0.00,0.0000,0.00,0.0000,0.00,0.0000,0.00,0.0000,0.47,5.80,0.04,4.2681,0.00,0.0000
28.81,0.00,0.0000,0.00,0.0000,0.00,0.0000,0.00,0.0000,0.47,5.80,0.04,4.2681,0.00,0.0000
28.81,0.00,0.0000,0.00,0.0000,0.00,0.0000,0.00,0.0000,0.47,5.80,0.04,4.2681,0.00,0.0000
28.81,0.00,0.0000,0.00,0.0000,0.00,0.0000,0.00,0.0000,0.47,5.80,0.04,4.2681,0.00,0.0000
28.81,0.00,0.0000,0.00,0.0000,0.00,0.0000,0.00,0.0000,0.47,5.80,0.04,4.2681,0.00,0.0000
28.81,0.00,0.0000,0.00,0.0000,0.00,0.0000,0.00,0.0000,0.47,5.80,0.04,4.2681,0.00,0.0000
28.81,0.00,0.0000,0.00,0.0000,0.00,0.0000,0.00,0.0000,0.47,5.80,0.04,4.2681,0.00,0.0000
28.81,0.00,0.0000,0.00,0.0000,0.00,0.0000,0.00,0.0000,0.47,5.80,0.04,4.2681,0.00,0.0000
28.81,0.00,0.0000,0.00,0.0000,0.00,0.0000,0.00,0.0000,0.47,5.80,0.04,4.2681,0.00,0.0000
28.81,0.00,0.0000,0.00,0.0000,0.00,0.0000,0.00,0.0000,0.47,5.80,0.04,4.2681,0.00,0.0000
