tos1a
openloop
20
50
2016-03-30 06:29:06
"c_fan","c_led","c_lamp","t_sim","s_rate"
30,50,0,20,50
"temp_chip","f_temp_int","d_temp_int","f_temp_ext","d_temp_ext","f_light_int_lin","d_light_int_lin","f_light_int_log","d_light_int_log","I_bulb","V_bulb","I_fan","V_fan","f_rpm","d_rmp"
===
25.00,25.31,0.0000,24.87,0.0000,0.00,0.0000,0.06,0.0000,0.11,0.00,0.00,0.0000,0.01,17.4876
25.00,25.28,0.9673,24.93,1.5225,0.00,0.0000,0.08,-0.5652,0.11,0.00,0.09,8.0755,581.68,7127.8540
25.00,25.31,0.4941,24.94,-1.3490,0.00,0.0000,0.07,0.2124,0.11,0.00,0.07,6.7949,1111.05,7533.8506
25.00,25.32,0.2717,24.95,1.0425,0.00,0.0000,0.06,-0.3961,0.11,0.00,0.07,6.1004,1543.82,6789.6970
25.00,25.32,-0.8555,24.94,-1.0314,0.00,0.0000,0.06,-0.2689,0.12,0.00,0.06,5.7026,1874.85,5904.3015
25.00,25.32,0.1176,24.94,-0.3226,0.00,0.0000,0.06,-0.1845,0.12,0.00,0.04,5.4835,2152.55,3113.9103
25.00,25.31,-0.8771,24.94,-0.8820,0.00,0.0000,0.06,0.1346,0.11,0.00,0.05,5.3619,2367.24,2950.5831
25.00,25.31,-1.0173,24.94,-1.1365,0.00,0.0000,0.06,0.0806,0.11,0.00,0.05,5.2842,2538.64,2642.7879
25.00,25.30,-0.0642,24.93,-0.7017,0.00,0.0000,0.06,0.4224,0.11,0.00,0.05,5.2418,2671.08,2549.0086
25.00,25.30,-0.1982,24.93,-0.2160,0.00,0.0000,0.06,0.0513,0.11,0.00,0.05,5.2190,2788.59,1368.8842
25.00,25.29,0.2883,24.93,-0.1480,0.00,0.0000,0.06,-0.3659,0.11,0.00,0.04,5.2022,2896.39,1371.3179
24.94,25.29,0.7821,24.93,0.5958,0.00,0.0000,0.06,0.3262,0.12,0.00,0.05,5.1919,2988.41,1384.0327
24.94,25.28,0.8211,24.93,2.3955,0.00,0.0000,0.06,-0.2527,0.12,0.00,0.05,5.1861,3071.71,1541.7612
24.94,25.27,-0.2006,24.92,-1.1415,0.00,0.0000,0.06,0.2891,0.12,0.00,0.05,5.1780,3144.28,812.3841
25.00,25.27,-0.0597,24.92,-0.2084,0.00,0.0000,0.06,-0.0927,0.11,0.00,0.04,5.1839,3218.78,752.8567
25.00,25.26,0.3634,24.92,0.6142,0.00,0.0000,0.07,-0.0386,0.11,0.00,0.05,5.1758,3285.11,922.1728
25.00,25.25,-0.2573,24.91,0.8013,0.00,0.0000,0.06,-0.3017,0.11,0.00,0.05,5.1714,3340.94,991.0162
25.00,25.25,-0.1451,24.91,-0.5412,0.00,0.0000,0.06,-0.0993,0.11,0.00,0.04,5.1853,3390.41,1083.9612
25.00,25.24,-0.7207,24.91,-1.8228,0.00,0.0000,0.06,0.5806,0.11,0.00,0.05,5.1663,3439.80,587.4048
25.00,25.24,-0.2979,24.91,-0.4027,0.00,0.0000,0.07,0.1559,0.12,0.00,0.04,5.1766,3484.42,594.4372
25.00,25.23,0.4523,24.91,1.1564,0.00,0.0000,0.06,-0.3989,0.11,0.00,0.06,5.1722,3526.72,742.2939
25.00,25.22,-0.3604,24.90,-1.2953,0.00,0.0000,0.06,0.2665,0.11,0.00,0.05,5.1648,3567.12,795.4914
25.00,25.21,-1.2456,24.89,-1.9742,0.00,0.0000,0.07,0.1640,0.11,0.00,0.04,5.1817,3604.60,418.7926
25.00,25.20,0.0134,24.89,0.6943,0.00,0.0000,0.06,-0.3791,0.12,0.00,0.05,5.1502,3643.01,434.4864
25.00,25.19,-0.0538,24.88,-0.7041,0.00,0.0000,0.06,0.3852,0.11,0.00,0.04,5.1780,3675.25,479.0917
25.00,25.19,-0.4788,24.89,-0.2445,0.00,0.0000,0.06,-0.3703,0.12,0.00,0.04,5.1832,3705.43,582.6106
25.06,25.18,0.0098,24.88,-0.8161,0.00,0.0000,0.06,0.4117,0.13,0.00,0.05,5.1736,3734.09,537.4617
25.06,25.18,-0.5681,24.88,-1.2177,0.00,0.0000,0.06,0.0924,0.11,0.00,0.04,5.1846,3759.92,277.8275
25.06,25.17,0.4628,24.89,0.9916,0.00,0.0000,0.07,0.1320,0.11,0.00,0.04,5.1788,3784.56,308.9629
25.00,25.17,0.5161,24.88,2.0714,0.00,0.0000,0.07,0.0229,0.11,0.00,0.06,5.1634,3804.93,299.9987
25.00,25.16,-0.4647,24.88,-0.3038,0.00,0.0000,0.07,-0.2324,0.11,0.00,0.05,5.1722,3825.46,455.9081
25.00,25.15,0.1991,24.87,0.5167,0.00,0.0000,0.07,0.1220,0.11,0.00,0.05,5.2381,3847.96,355.0663
25.00,25.14,0.3187,24.87,1.5196,0.00,0.0000,0.07,-0.0680,0.11,0.00,0.06,5.1597,3864.93,184.3710
25.00,25.14,0.6238,24.87,1.3383,0.00,0.0000,0.07,-0.0330,0.11,0.00,0.06,5.1634,3881.82,211.0056
25.00,25.13,0.1657,24.87,-0.9914,0.00,0.0000,0.07,0.4315,0.11,0.00,0.05,5.1780,3895.81,189.7639
25.00,25.13,0.0934,24.86,0.6076,0.00,0.0000,0.07,-0.3357,0.12,0.00,0.05,5.1685,3909.26,327.9025
25.00,25.12,-0.0137,24.86,0.7515,0.00,0.0000,0.06,-0.3778,0.11,0.00,0.04,5.1817,3924.64,173.4327
25.00,25.11,1.0598,24.85,0.5245,0.00,0.0000,0.06,0.0305,0.11,0.00,0.04,5.1766,3933.67,103.5026
25.00,25.10,0.5263,24.85,1.1341,0.00,0.0000,0.07,-0.0430,0.12,0.00,0.05,5.1736,3949.75,206.1037
25.00,25.09,0.6051,24.85,0.7454,0.00,0.0000,0.07,-0.0483,0.11,0.00,0.04,5.1795,3959.08,100.3683
25.00,25.09,1.0667,24.85,1.7778,0.00,0.0000,0.07,-0.1378,0.11,0.00,0.05,5.1341,3966.13,259.7231
25.00,25.08,-0.1782,24.84,-0.1408,0.00,0.0000,0.06,-0.1250,0.11,0.00,0.05,5.1670,3977.71,143.3412
25.00,25.08,-1.0487,24.84,-1.0064,0.00,0.0000,0.06,0.1810,0.11,0.00,0.05,5.1729,3983.40,64.3161
25.00,25.07,-0.8218,24.84,-1.5229,0.00,0.0000,0.07,0.4589,0.12,0.00,0.04,5.1817,3991.41,187.4834
25.00,25.07,-0.3122,24.84,0.3983,0.00,0.0000,0.07,-0.1572,0.11,0.00,0.05,5.1678,3999.70,73.7522
25.00,25.07,-0.1784,24.84,-0.7344,0.00,0.0000,0.07,0.2341,0.10,0.00,0.04,5.1824,4003.14,39.2061
25.00,25.05,-0.2493,24.83,-0.8849,0.00,0.0000,0.07,0.4153,0.11,0.00,0.05,5.1634,4012.07,125.7600
24.94,25.05,-0.0667,24.83,0.0360,0.00,0.0000,0.07,0.0611,0.12,0.00,0.04,5.1853,4016.72,36.6902
24.94,25.04,-0.1738,24.82,0.5347,0.00,0.0000,0.07,-0.3596,0.11,0.00,0.06,5.1648,4020.81,170.0499
24.94,25.04,-0.4721,24.83,0.7318,0.00,0.0000,0.07,0.1352,0.11,0.00,0.05,5.1678,4028.74,90.3635
25.00,25.03,-0.0898,24.82,0.5046,0.00,0.0000,0.06,-0.3260,0.11,0.00,0.04,5.1817,4030.08,12.0091
25.00,25.02,0.5470,24.82,0.4019,0.00,0.0000,0.06,0.0798,0.11,0.00,0.04,5.1832,4036.04,118.5306
25.00,25.02,0.5397,24.82,0.8197,0.00,0.0000,0.06,-0.2748,0.11,0.00,0.04,5.2256,4040.14,0.6520
25.00,25.01,-0.3475,24.81,-0.6636,0.00,0.0000,0.06,0.2828,0.11,0.00,0.04,5.1788,4040.93,157.9154
25.00,25.01,-0.2420,24.81,-0.1609,0.00,0.0000,0.06,-0.2155,0.12,0.00,0.04,5.1824,4048.34,83.5240
25.00,25.00,0.3007,24.81,0.6102,0.00,0.0000,0.06,-0.0963,0.11,0.00,0.04,5.1744,4049.20,-2.6697
25.00,25.00,0.2421,24.81,0.0339,0.00,0.0000,0.06,0.3786,0.11,0.00,0.05,5.1656,4053.10,102.3883
25.00,24.99,-0.3204,24.81,-1.3437,0.00,0.0000,0.06,0.3793,0.11,0.00,0.04,5.1810,4056.63,-23.8341
25.00,24.99,-0.1594,24.81,-0.0016,0.00,0.0000,0.06,-0.0261,0.10,0.00,0.04,5.1773,4055.51,-12.6731
25.00,24.98,-0.3152,24.81,0.4778,0.00,0.0000,0.06,-0.1157,0.11,0.00,0.05,5.2198,4061.89,79.5550
25.00,24.98,0.2771,24.81,0.4898,0.00,0.0000,0.06,-0.2999,0.11,0.00,0.04,5.1810,4061.66,-31.3719
25.00,24.97,-0.2569,24.81,0.7231,0.00,0.0000,0.06,-0.0964,0.12,0.00,0.04,5.1802,4065.04,93.2765
25.00,24.97,0.1073,24.80,-0.0094,0.00,0.0000,0.07,-0.1452,0.11,0.00,0.04,5.1832,4067.55,-34.2750
25.00,24.96,0.5881,24.80,0.9622,0.00,0.0000,0.06,-0.1107,0.12,0.00,0.04,5.1773,4066.32,111.3716
25.00,24.95,0.2165,24.80,0.7466,0.00,0.0000,0.06,0.3787,0.12,0.00,0.05,5.1216,4071.56,58.6725
25.00,24.95,-0.2692,24.79,0.1508,0.00,0.0000,0.06,-0.3093,0.11,0.00,0.05,5.1744,4070.43,-31.0441
25.00,24.94,0.8128,24.79,1.2307,0.00,0.0000,0.06,0.2833,0.11,0.00,0.04,5.1824,4072.49,81.7678
25.00,24.94,-0.9138,24.79,0.2220,0.00,0.0000,0.06,0.4501,0.11,0.00,0.04,5.1839,4075.09,-46.5274
25.06,24.93,0.6732,24.78,0.1901,0.00,0.0000,0.06,0.2382,0.11,0.00,0.04,5.1817,4072.94,-24.9749
25.06,24.93,-0.3026,24.78,0.8366,0.00,0.0000,0.06,-0.2222,0.11,0.00,0.04,5.1788,4077.29,58.3705
25.06,24.92,-0.9818,24.78,-1.7403,0.00,0.0000,0.06,0.2386,0.11,0.00,0.04,5.1780,4076.72,-35.1701
25.00,24.92,-0.4239,24.78,-1.5095,0.00,0.0000,0.06,0.2114,0.11,0.00,0.04,5.1802,4077.98,85.4495
25.00,24.92,-0.4719,24.78,0.1805,0.00,0.0000,0.06,-0.3900,0.12,0.00,0.04,5.1824,4080.70,-55.5092
25.00,24.91,-0.2947,24.78,0.8461,0.00,0.0000,0.06,-0.1532,0.11,0.00,0.04,5.1751,4078.08,-29.1050
25.06,24.91,0.2814,24.78,0.4586,0.00,0.0000,0.06,-0.0180,0.11,0.00,0.04,5.1685,4083.02,59.7425
25.06,24.90,-0.1181,24.78,-0.4561,0.00,0.0000,0.06,0.7714,0.11,0.00,0.05,5.1766,4081.40,-46.8178
25.06,24.90,-0.6098,24.78,-0.4043,0.00,0.0000,0.07,0.1666,0.11,0.00,0.04,5.1780,4082.78,84.0550
25.00,24.90,-0.2082,24.78,-0.4031,0.00,0.0000,0.07,0.4469,0.12,0.00,0.04,5.1707,4085.40,-66.2544
25.00,24.89,0.7849,24.77,0.5074,0.00,0.0000,0.07,0.2248,0.12,0.00,0.04,5.1839,4082.30,-35.0541
25.00,24.88,-1.1942,24.77,-1.5491,0.00,0.0000,0.07,0.2045,0.12,0.00,0.05,5.1678,4086.58,57.0772
25.00,24.88,-1.3074,24.77,-1.7883,0.00,0.0000,0.07,0.2540,0.11,0.00,0.05,5.1751,4085.40,-46.4768
25.00,24.88,-0.0754,24.77,0.4095,0.00,0.0000,0.07,-0.3774,0.11,0.00,0.04,5.1839,4085.80,74.1414
25.00,24.87,0.7506,24.76,1.2552,0.00,0.0000,0.07,-0.4406,0.11,0.00,0.04,5.1817,4088.63,-66.7290
25.06,24.87,-0.0351,24.76,0.6392,0.00,0.0000,0.06,-0.1718,0.12,0.00,0.04,5.1641,4085.12,-31.5386
25.06,24.87,0.2880,24.76,-1.0796,0.00,0.0000,0.06,0.1083,0.12,0.00,0.04,5.1824,4089.63,49.9263
25.06,24.86,-0.3437,24.76,-1.5558,0.00,0.0000,0.06,0.5243,0.11,0.00,0.04,5.1824,4087.72,-45.4698
25.00,24.85,-0.0932,24.76,-0.3758,0.00,0.0000,0.06,0.0517,0.12,0.00,0.04,5.1810,4088.61,69.8675
25.00,24.85,0.1603,24.75,-0.0296,0.00,0.0000,0.06,0.4267,0.11,0.00,0.05,5.1780,4090.06,-68.9664
25.00,24.85,0.3021,24.76,0.6499,0.00,0.0000,0.06,-0.1649,0.11,0.00,0.04,5.1817,4087.34,82.1788
25.00,24.84,-0.4657,24.75,0.5695,0.00,0.0000,0.06,-0.6498,0.11,0.00,0.05,5.1685,4091.21,43.2862
25.00,24.84,-0.2052,24.76,0.1742,0.00,0.0000,0.06,-0.0554,0.10,0.00,0.04,5.1832,4088.61,-44.1852
25.00,24.83,-0.3765,24.75,-0.4894,0.00,0.0000,0.06,0.1121,0.11,0.00,0.05,5.1238,4090.02,55.1820
24.94,24.83,-0.6276,24.76,-0.6182,0.00,0.0000,0.06,-0.1850,0.11,0.00,0.04,5.1685,4090.72,-53.2754
24.94,24.83,-0.7619,24.75,-1.4370,0.00,0.0000,0.06,0.3897,0.11,0.00,0.04,5.1751,4088.74,80.8559
24.94,24.82,-0.2295,24.75,-0.1672,0.00,0.0000,0.06,0.2053,0.11,0.00,0.05,5.1656,4092.61,41.9875
25.00,24.82,-0.9241,24.74,-1.3746,0.00,0.0000,0.07,0.2221,0.11,0.00,0.05,5.2293,4089.32,-50.9049
25.00,24.82,-0.4266,24.75,-0.8601,0.00,0.0000,0.07,0.1472,0.11,0.00,0.05,5.1707,4091.45,64.8721
25.00,24.82,0.1728,24.75,0.7749,0.00,0.0000,0.07,-0.3393,0.11,0.00,0.06,5.1626,4091.76,-63.2017
25.00,24.81,0.0237,24.75,0.4394,0.00,0.0000,0.06,-0.5011,0.11,0.00,0.04,5.1780,4089.58,72.3544
25.00,24.81,-0.1535,24.75,-0.2494,0.00,0.0000,0.07,0.2520,0.11,0.00,0.05,5.1773,4092.99,38.1027
25.00,24.80,0.5798,24.74,0.7826,0.00,0.0000,0.06,-0.2253,0.11,0.00,0.04,5.1788,4090.01,-45.0458
25.00,24.80,0.0407,24.74,0.2273,0.00,0.0000,0.06,-0.0159,0.11,0.00,0.05,5.1722,4091.63,53.2796
25.00,24.80,0.6657,24.74,-0.0710,0.00,0.0000,0.06,0.1072,0.11,0.00,0.04,5.1810,4091.80,-60.0221
25.00,24.79,0.3096,24.74,0.6663,0.00,0.0000,0.06,-0.6573,0.11,0.00,0.05,5.1722,4089.91,83.3729
25.06,24.79,0.8536,24.74,1.3971,0.00,0.0000,0.06,-0.1767,0.12,0.00,0.05,5.1692,4093.76,44.7282
25.06,24.78,-0.4232,24.73,-0.1470,0.00,0.0000,0.06,-0.0434,0.10,0.00,0.04,5.1744,4091.18,-42.5987
25.06,24.78,0.4983,24.73,1.6430,0.00,0.0000,0.07,-0.1330,0.11,0.00,0.06,5.1538,4092.64,55.4694
25.00,24.78,-0.4442,24.73,0.4258,0.00,0.0000,0.06,0.0716,0.11,0.00,0.05,5.1744,4093.28,-64.7414
25.00,24.78,0.1030,24.73,0.3156,0.00,0.0000,0.06,-0.1819,0.10,0.00,0.04,5.1751,4090.57,89.0579
25.00,24.78,0.3213,24.73,0.7535,0.00,0.0000,0.06,0.1074,0.11,0.00,0.06,5.1546,4094.72,47.3510
25.00,24.77,-1.1222,24.73,-1.4683,0.00,0.0000,0.06,0.1073,0.11,0.00,0.05,5.1758,4092.13,-52.1512
25.00,24.76,-0.0051,24.72,-0.2434,0.00,0.0000,0.06,-0.0159,0.12,0.00,0.06,5.2440,4092.91,66.0295
25.00,24.76,-0.4647,24.72,-1.6115,0.00,0.0000,0.07,0.3633,0.11,0.00,0.05,5.1502,4094.61,-78.1694
25.00,24.76,-1.0357,24.72,-1.3285,0.00,0.0000,0.06,0.2813,0.12,0.00,0.06,5.1531,4091.01,-41.9317
25.00,24.76,-0.1836,24.72,-0.6623,0.00,0.0000,0.06,-0.1769,0.11,0.00,0.05,5.1729,4094.41,49.9339
25.00,24.76,-0.1813,24.72,-1.1655,0.00,0.0000,0.06,0.1871,0.11,0.00,0.04,5.1795,4091.71,-49.4961
25.06,24.75,0.0883,24.72,0.1792,0.00,0.0000,0.06,-0.3583,0.11,0.00,0.04,5.1744,4093.13,-51.5160
25.06,24.75,0.6447,24.72,0.5805,0.00,0.0000,0.06,0.0326,0.11,0.00,0.05,5.1773,4091.91,73.0004
25.06,24.75,0.2287,24.72,0.1994,0.00,0.0000,0.06,0.2431,0.11,0.00,0.04,5.1802,4095.33,38.6314
25.00,24.74,-0.1732,24.71,-1.4073,0.00,0.0000,0.06,0.2651,0.12,0.00,0.04,5.1773,4091.79,-49.7849
25.00,24.75,0.8641,24.71,0.8593,0.00,0.0000,0.06,-0.0747,0.12,0.00,0.06,5.1597,4093.65,66.2497
25.06,24.74,0.2415,24.71,0.4421,0.00,0.0000,0.06,-0.4018,0.11,0.00,0.04,5.1773,4092.84,74.9003
25.06,24.74,0.1763,24.71,-0.5889,0.00,0.0000,0.07,-0.2306,0.11,0.00,0.05,5.1531,4095.82,-79.5706
25.06,24.73,-0.4644,24.71,-1.6916,0.00,0.0000,0.06,-0.3093,0.12,0.00,0.04,5.1795,4092.11,-42.2840
25.00,24.73,-0.3808,24.70,-1.1164,0.00,0.0000,0.06,-0.0162,0.12,0.00,0.04,5.1788,4095.38,49.4096
25.00,24.73,0.8399,24.70,1.1082,0.00,0.0000,0.06,-0.2871,0.11,0.00,0.04,5.1810,4093.85,-49.0218
25.00,24.73,0.3608,24.71,0.8966,0.00,0.0000,0.06,-0.2803,0.11,0.00,0.04,5.1788,4093.99,64.3743
25.06,24.72,0.3229,24.71,0.0592,0.00,0.0000,0.06,0.2332,0.11,0.00,0.04,5.1788,4096.43,-74.5486
25.06,24.72,0.3508,24.70,0.7164,0.00,0.0000,0.06,-0.1564,0.11,0.00,0.04,5.1707,4092.92,-39.2614
25.06,24.72,-0.1974,24.70,-0.7433,0.00,0.0000,0.06,0.1434,0.11,0.00,0.04,5.1795,4096.18,53.6176
25.06,24.72,0.1807,24.70,-0.0464,0.00,0.0000,0.06,-0.2484,0.12,0.00,0.04,5.1795,4095.01,-58.7155
25.06,24.72,-0.2629,24.70,0.4259,0.00,0.0000,0.06,-0.1217,0.11,0.00,0.05,5.1619,4094.18,63.0053
25.06,24.71,-0.4818,24.70,-0.6333,0.00,0.0000,0.06,-0.0819,0.11,0.00,0.04,5.1810,4097.01,-80.3027
25.06,24.71,-0.0819,24.70,0.5790,0.00,0.0000,0.06,-0.1057,0.11,0.00,0.04,5.1788,4093.22,-42.2901
25.06,24.71,0.7041,24.69,1.2977,0.00,0.0000,0.06,-0.2169,0.11,0.00,0.04,5.1802,4096.09,56.0670
25.06,24.71,1.0820,24.69,0.6563,0.00,0.0000,0.07,0.0429,0.12,0.00,0.04,5.1722,4095.33,-61.8774
25.06,24.71,0.9898,24.69,0.9195,0.00,0.0000,0.07,-0.2812,0.11,0.00,0.04,5.1744,4094.21,86.7133
25.06,24.71,-0.0491,24.69,0.5713,0.00,0.0000,0.07,-0.2518,0.12,0.00,0.05,5.2132,4098.26,46.1036
25.06,24.71,0.3221,24.69,0.8012,0.00,0.0000,0.06,-0.2270,0.12,0.00,0.04,5.1714,4094.45,-51.0692
25.00,24.70,-0.1362,24.69,-0.4580,0.00,0.0000,0.07,0.3480,0.12,0.00,0.04,5.1810,4096.09,57.0788
25.00,24.70,-1.2042,24.70,-1.2503,0.00,0.0000,0.06,0.1275,0.11,0.00,0.04,5.1839,4096.71,-60.5113
25.00,24.70,0.0711,24.70,0.0219,0.00,0.0000,0.06,0.2987,0.11,0.00,0.05,5.1729,4094.30,74.5567
25.00,24.70,0.4821,24.69,0.6162,0.00,0.0000,0.06,0.2711,0.10,0.00,0.05,5.1626,4097.70,40.3987
25.00,24.69,0.3072,24.69,0.0865,0.00,0.0000,0.06,-0.0630,0.12,0.00,0.04,5.1773,4095.39,-42.1630
25.06,24.69,0.3815,24.69,0.6862,0.00,0.0000,0.06,0.1134,0.10,0.00,0.04,5.1810,4097.92,41.2462
25.06,24.69,-0.0401,24.68,-0.0620,0.00,0.0000,0.06,-0.0524,0.11,0.00,0.04,5.1802,4095.73,-50.1646
25.06,24.69,-0.2791,24.68,-0.7315,0.00,0.0000,0.06,0.2022,0.12,0.00,0.04,5.1810,4096.37,59.4001
25.06,24.69,-0.0366,24.69,0.4244,0.00,0.0000,0.06,-0.1908,0.11,0.00,0.05,5.1619,4097.66,-69.0278
25.06,24.68,-0.6082,24.68,-0.6242,0.00,0.0000,0.06,-0.1838,0.11,0.00,0.06,5.1604,4094.46,-36.8656
25.06,24.68,-0.0628,24.68,-0.4769,0.00,0.0000,0.06,0.0982,0.11,0.00,0.04,5.1802,4098.36,49.6890
25.00,24.68,-0.3314,24.69,-0.7546,0.00,0.0000,0.06,-0.2078,0.11,0.00,0.05,5.1890,4096.42,-57.6563
25.00,24.68,-0.0925,24.68,0.0064,0.00,0.0000,0.07,0.2475,0.11,0.00,0.04,5.1846,4096.36,67.7188
25.00,24.68,0.4387,24.68,-0.5827,0.00,0.0000,0.06,0.1767,0.11,0.00,0.04,5.1758,4098.91,-71.9169
25.00,24.68,0.7243,24.68,1.0338,0.00,0.0000,0.06,-0.4027,0.12,0.00,0.05,5.1487,4095.65,-39.1394
25.00,24.68,-0.3324,24.68,0.0269,0.00,0.0000,0.07,-0.2430,0.11,0.00,0.06,5.1553,4098.14,49.9009
25.00,24.67,-1.0055,24.67,-1.8553,0.00,0.0000,0.07,0.1487,0.11,0.00,0.04,5.1810,4097.38,-67.2819
25.00,24.68,0.4018,24.68,0.8458,0.00,0.0000,0.07,-0.4360,0.12,0.00,0.05,5.1707,4095.47,66.4564
25.00,24.67,1.0840,24.68,1.1152,0.00,0.0000,0.07,-0.3303,0.11,0.00,0.04,5.1788,4098.55,35.4970
25.00,24.67,0.1452,24.68,0.9043,0.00,0.0000,0.06,-0.3248,0.11,0.00,0.04,5.1766,4095.38,-45.5598
25.00,24.67,0.1658,24.68,-0.5532,0.00,0.0000,0.06,-0.1991,0.12,0.00,0.04,5.1780,4097.17,61.1505
25.00,24.67,0.0294,24.68,-0.2687,0.00,0.0000,0.06,-0.2725,0.11,0.00,0.04,5.1788,4097.76,-68.4949
25.00,24.67,-0.1680,24.67,0.9638,0.00,0.0000,0.06,-0.5820,0.11,0.00,0.04,5.1817,4095.42,81.8220
25.00,24.67,-0.0080,24.67,-0.2442,0.00,0.0000,0.06,-0.3074,0.11,0.00,0.06,5.1553,4099.27,43.0847
25.00,24.67,0.0088,24.67,0.3185,0.00,0.0000,0.06,-0.0859,0.11,0.00,0.05,5.1597,4095.52,-55.7130
25.00,24.66,0.8290,24.67,0.9589,0.00,0.0000,0.06,-0.0651,0.11,0.00,0.04,5.1802,4097.25,63.4442
25.06,24.66,0.7061,24.67,1.3121,0.00,0.0000,0.06,-0.0729,0.11,0.00,0.04,5.1802,4097.90,-70.4156
25.06,24.66,-0.8597,24.67,-0.2519,0.00,0.0000,0.06,-0.4093,0.11,0.00,0.05,5.1729,4095.01,79.7530
25.06,24.66,-0.1157,24.66,0.9054,0.00,0.0000,0.06,-0.4190,0.11,0.00,0.04,5.1802,4098.79,41.7818
25.00,24.66,-0.2746,24.66,-1.1004,0.00,0.0000,0.07,0.3597,0.12,0.00,0.04,5.1714,4095.77,-49.0609
25.00,24.65,0.3589,24.66,0.3537,0.00,0.0000,0.06,0.1939,0.11,0.00,0.04,5.1853,4097.39,57.8976
25.00,24.65,0.4722,24.66,0.8813,0.00,0.0000,0.07,-0.0498,0.12,0.00,0.04,5.1766,4097.56,-69.0645
25.00,24.66,-0.6500,24.66,-2.1186,0.00,0.0000,0.07,0.1440,0.11,0.00,0.04,5.1802,4095.19,92.3524
25.00,24.65,0.1072,24.66,-0.0047,0.00,0.0000,0.07,-0.0340,0.11,0.00,0.06,5.1663,4099.49,49.0980
25.00,24.65,-1.0198,24.66,-1.6377,0.00,0.0000,0.06,-0.0092,0.11,0.00,0.05,5.1722,4096.37,-54.0494
25.00,24.65,0.4932,24.66,0.6439,0.00,0.0000,0.06,0.3187,0.11,0.00,0.04,5.2022,4097.74,69.8152
25.00,24.65,0.0293,24.66,-0.1524,0.00,0.0000,0.06,-0.4759,0.11,0.00,0.04,5.1780,4099.06,-69.3148
25.00,24.65,-0.3592,24.66,-0.7683,0.00,0.0000,0.06,-0.1178,0.11,0.00,0.04,5.1824,4095.90,-37.5572
25.00,24.65,-0.6086,24.66,-0.5260,0.00,0.0000,0.06,0.4996,0.11,0.00,0.04,5.1810,4099.80,49.0940
25.00,24.64,0.8273,24.65,0.3525,0.00,0.0000,0.06,0.2503,0.11,0.00,0.05,5.1604,4097.77,-54.8029
25.00,24.64,-0.0165,24.65,-0.2490,0.00,0.0000,0.06,0.0428,0.11,0.00,0.06,5.1568,4098.02,67.9497
25.00,24.64,-0.0131,24.66,0.8132,0.00,0.0000,0.06,-0.0452,0.11,0.00,0.05,5.1736,4099.96,-77.9036
25.00,24.65,0.0485,24.66,-0.9049,0.00,0.0000,0.06,-0.0828,0.11,0.00,0.05,5.1700,4096.22,-40.2545
25.00,24.64,0.0835,24.65,0.7729,0.00,0.0000,0.07,-0.3369,0.11,0.00,0.04,5.1839,4100.36,-82.3813
25.06,24.64,0.5934,24.65,1.3621,0.00,0.0000,0.07,-0.0591,0.11,0.00,0.04,5.1824,4096.54,-44.0042
25.06,24.64,0.2539,24.65,0.8856,0.00,0.0000,0.07,-0.2553,0.11,0.00,0.04,5.1795,4099.41,53.4920
25.06,24.64,0.1410,24.65,-0.6045,0.00,0.0000,0.07,0.2419,0.11,0.00,0.04,5.1773,4098.83,-56.3289
25.00,24.64,-0.4945,24.65,0.0716,0.00,0.0000,0.06,0.3932,0.12,0.00,0.04,5.1729,4098.33,72.5634
25.00,24.64,-0.1403,24.65,-0.3911,0.00,0.0000,0.06,0.0845,0.10,0.00,0.04,5.1692,4100.70,-78.7175
25.00,24.63,0.1831,24.65,-0.9328,0.00,0.0000,0.07,0.2544,0.11,0.00,0.04,5.1795,4097.09,-42.4407
25.00,24.63,0.6417,24.65,0.6275,0.00,0.0000,0.06,0.0123,0.11,0.00,0.05,5.1634,4100.70,46.2073
25.00,24.63,0.4071,24.66,0.3200,0.00,0.0000,0.06,-0.5721,0.11,0.00,0.04,5.1802,4098.90,-49.3832
25.00,24.63,0.2854,24.65,-1.1944,0.00,0.0000,0.07,0.3575,0.12,0.00,0.04,5.1795,4098.97,63.0707
25.00,24.63,0.5181,24.65,1.1016,0.00,0.0000,0.06,-0.3001,0.11,0.00,0.04,5.1824,4101.23,-83.9711
25.00,24.63,-0.3817,24.64,-0.6638,0.00,0.0000,0.06,-0.4074,0.11,0.00,0.04,5.1795,4097.35,-45.0594
25.00,24.63,0.1523,24.64,0.0413,0.00,0.0000,0.06,0.3689,0.11,0.00,0.04,5.1729,4100.29,53.3871
25.00,24.63,-0.3000,24.64,0.6188,0.00,0.0000,0.06,-0.4721,0.11,0.00,0.05,5.1641,4099.39,-59.8909
25.00,24.62,0.2186,24.64,0.5735,0.00,0.0000,0.06,-0.0728,0.11,0.00,0.04,5.1802,4098.37,73.1293
25.00,24.62,-0.0113,24.63,0.6364,0.00,0.0000,0.06,-0.1248,0.11,0.00,0.04,5.1766,4101.77,39.0540
25.06,24.62,0.8318,24.64,0.5707,0.00,0.0000,0.06,-0.0017,0.12,0.00,0.04,5.1780,4098.00,-46.4651
25.06,24.62,0.3674,24.64,0.0949,0.00,0.0000,0.06,0.7830,0.12,0.00,0.06,5.1114,4100.29,55.9826
25.06,24.62,-0.3224,24.63,-1.4062,0.00,0.0000,0.07,0.3480,0.11,0.00,0.04,5.1744,4100.19,-60.3049
25.00,24.62,-0.2816,24.63,-0.7944,0.00,0.0000,0.06,0.1840,0.11,0.00,0.04,5.1788,4098.51,84.1325
25.00,24.62,0.3005,24.63,0.4060,0.00,0.0000,0.06,-0.5085,0.12,0.00,0.04,5.1751,4102.49,44.1026
25.00,24.62,-0.3733,24.63,-0.4969,0.00,0.0000,0.06,-0.0924,0.12,0.00,0.05,5.1692,4098.65,-52.9468
25.06,24.62,-0.0416,24.63,0.6538,0.00,0.0000,0.06,0.2866,0.11,0.00,0.04,5.1766,4100.40,55.3419
25.06,24.62,-0.0084,24.63,-0.0351,0.00,0.0000,0.06,0.1715,0.11,0.00,0.04,5.1853,4100.56,-60.3968
25.06,24.61,0.4919,24.63,0.4084,0.00,0.0000,0.06,0.2887,0.11,0.00,0.05,5.1751,4098.66,84.1594
25.06,24.61,-0.0994,24.62,0.6213,0.00,0.0000,0.06,0.0167,0.11,0.00,0.04,5.1817,4102.58,44.7354
25.06,24.61,0.7278,24.63,0.3846,0.00,0.0000,0.06,-0.0425,0.11,0.00,0.05,5.1619,4099.13,-45.0409
25.06,24.61,-0.6914,24.63,-1.1474,0.00,0.0000,0.06,-0.2350,0.11,0.00,0.04,5.1802,4101.15,48.8655
25.00,24.61,0.4772,24.62,1.1292,0.00,0.0000,0.06,0.2643,0.11,0.00,0.04,5.1832,4100.69,-61.7352
25.00,24.60,-0.0649,24.62,-0.8257,0.00,0.0000,0.06,0.1450,0.12,0.00,0.04,5.1773,4099.54,65.5249
25.00,24.61,-0.6420,24.62,-1.0624,0.00,0.0000,0.06,-0.0265,0.11,0.00,0.04,5.1795,4102.38,-77.6895
25.06,24.61,0.6800,24.63,1.1419,0.00,0.0000,0.06,0.0576,0.11,0.00,0.05,5.1685,4098.70,-40.7094
25.06,24.60,0.2717,24.62,0.9157,0.00,0.0000,0.06,-0.1316,0.11,0.00,0.04,5.1773,4101.74,55.7074
25.06,24.60,0.4506,24.62,0.5762,0.00,0.0000,0.06,-0.3410,0.11,0.00,0.04,5.1846,4100.57,-72.8257
25.00,24.60,-0.6428,24.61,-1.6727,0.00,0.0000,0.06,0.2573,0.11,0.00,0.04,5.1824,4099.96,80.3351
25.00,24.60,0.5433,24.61,1.1072,0.00,0.0000,0.06,0.1476,0.11,0.00,0.05,5.1832,4102.80,-84.4691
25.00,24.60,0.6443,24.61,1.3234,0.00,0.0000,0.06,-0.1334,0.11,0.00,0.05,5.1963,4098.90,-45.3134
25.06,24.60,-0.4293,24.61,-1.2175,0.00,0.0000,0.06,0.3639,0.11,0.00,0.06,5.1546,4102.31,58.2237
25.06,24.60,-0.3156,24.61,-0.0494,0.00,0.0000,0.06,0.1719,0.11,0.00,0.06,5.1604,4101.22,-67.6099
25.06,24.60,-0.3529,24.61,-0.1935,0.00,0.0000,0.06,0.0485,0.11,0.00,0.05,5.1121,4099.99,81.1074
25.00,24.59,-0.4816,24.61,0.2669,0.00,0.0000,0.06,-0.5205,0.11,0.00,0.04,5.1707,4103.73,43.5192
25.00,24.60,0.1805,24.62,1.3982,0.00,0.0000,0.06,-0.5073,0.11,0.00,0.04,5.1766,4100.16,-45.1553
25.00,24.59,-0.2506,24.61,0.2497,0.00,0.0000,0.06,-0.2194,0.11,0.00,0.04,5.1736,4102.43,57.5194
25.06,24.59,-0.0254,24.61,0.8728,0.00,0.0000,0.06,-0.1258,0.11,0.00,0.05,5.1700,4101.76,-62.7707
25.06,24.59,0.2513,24.61,0.6252,0.00,0.0000,0.06,-0.1454,0.11,0.00,0.04,5.1795,4100.63,73.0491
25.06,24.59,0.3098,24.61,0.2583,0.00,0.0000,0.06,-0.1089,0.11,0.00,0.05,5.1648,4104.09,38.2927
25.06,24.59,0.2901,24.61,-0.5593,0.00,0.0000,0.06,0.1674,0.11,0.00,0.04,5.1802,4100.69,-40.7937
25.06,24.59,0.2133,24.60,-1.3416,0.00,0.0000,0.06,-0.0303,0.11,0.00,0.05,5.1656,4103.47,56.8877
25.06,24.59,0.1908,24.60,-0.2166,0.00,0.0000,0.06,0.3425,0.12,0.00,0.06,5.1582,4102.67,-71.4504
25.06,24.59,0.1215,24.61,-0.3504,0.00,0.0000,0.06,0.4556,0.12,0.00,0.05,5.1736,4100.72,73.1403
25.06,24.59,-0.7814,24.60,-0.8816,0.00,0.0000,0.06,0.5041,0.12,0.00,0.04,5.1780,4104.02,39.9885
25.06,24.59,0.7069,24.60,1.2246,0.00,0.0000,0.06,-0.1825,0.11,0.00,0.04,5.1817,4100.73,-51.9123
25.00,24.59,-0.1256,24.60,-0.5310,0.00,0.0000,0.06,0.1466,0.11,0.00,0.04,5.1736,4102.43,68.8449
25.00,24.58,0.0843,24.59,0.9452,0.00,0.0000,0.06,0.0043,0.12,0.00,0.04,5.1773,4103.05,-84.9680
25.00,24.58,0.0788,24.59,-0.7016,0.00,0.0000,0.06,0.2385,0.12,0.00,0.05,5.1744,4099.90,84.4935
25.00,24.58,0.2798,24.59,-0.9596,0.00,0.0000,0.06,0.1513,0.11,0.00,0.04,5.1788,4103.84,44.9369
25.00,24.58,-0.5102,24.60,-1.2923,0.00,0.0000,0.06,-0.0205,0.11,0.00,0.04,5.1810,4100.74,-50.4981
25.00,24.58,-0.1914,24.59,0.4167,0.00,0.0000,0.06,-0.1272,0.12,0.00,0.04,5.1817,4102.01,60.7439
25.06,24.58,-0.1316,24.59,-0.2799,0.00,0.0000,0.06,0.0066,0.11,0.00,0.04,5.1729,4102.67,-83.2022
25.06,24.58,-0.1354,24.59,-1.2010,0.00,0.0000,0.06,-0.0295,0.11,0.00,0.05,5.1670,4099.10,90.5119
25.06,24.58,-0.0940,24.59,-0.8173,0.00,0.0000,0.06,0.3094,0.11,0.00,0.05,5.1670,4103.45,46.7801
25.00,24.58,0.4431,24.59,0.2721,0.00,0.0000,0.06,-0.1842,0.11,0.00,0.04,5.1766,4100.54,-47.9191
25.00,24.58,0.5260,24.59,1.3188,0.00,0.0000,0.06,-0.1348,0.11,0.00,0.04,5.1824,4102.22,60.6487
25.00,24.58,-0.0448,24.59,0.7694,0.00,0.0000,0.06,-0.1266,0.11,0.00,0.05,5.1751,4102.61,-69.8160
25.00,24.58,-0.2117,24.59,0.4972,0.00,0.0000,0.06,0.1420,0.11,0.00,0.05,5.1597,4100.22,91.0913
25.00,24.58,-0.4045,24.59,0.1684,0.00,0.0000,0.06,-0.3066,0.11,0.00,0.05,5.1634,4104.60,47.0822
25.00,24.57,-0.0021,24.59,-0.0781,0.00,0.0000,0.06,0.8569,0.11,0.00,0.04,5.1788,4100.80,-54.2097
25.06,24.57,0.3648,24.59,-0.4723,0.00,0.0000,0.06,-0.0299,0.11,0.00,0.04,5.1758,4102.55,56.3929
25.06,24.57,0.7499,24.59,1.8938,0.00,0.0000,0.06,-0.1060,0.10,0.00,0.04,5.1802,4102.83,-58.7444
25.06,24.58,-0.7493,24.59,-1.3669,0.00,0.0000,0.06,-0.1620,0.11,0.00,0.05,5.1810,4100.87,74.7476
25.00,24.57,0.1526,24.59,0.5191,0.00,0.0000,0.06,-0.5022,0.11,0.00,0.05,5.1663,4104.32,40.1085
25.00,24.58,0.9424,24.59,0.7816,0.00,0.0000,0.06,-0.0005,0.12,0.00,0.06,5.1604,4101.01,-51.6690
25.00,24.58,-0.3978,24.59,-0.1057,0.00,0.0000,0.06,0.0087,0.11,0.00,0.04,5.1780,4102.94,65.3191
25.00,24.58,1.2988,24.59,0.5727,0.00,0.0000,0.06,-0.1791,0.11,0.00,0.05,5.1414,4103.50,-66.5469
25.00,24.57,0.2669,24.59,-0.1790,0.00,0.0000,0.06,0.0607,0.11,0.00,0.04,5.1802,4100.92,72.6821
25.00,24.57,0.1570,24.59,0.9757,0.00,0.0000,0.06,-0.1067,0.11,0.00,0.04,5.1758,4104.56,36.1808
25.00,24.57,-0.1680,24.59,-0.1558,0.00,0.0000,0.06,-0.2767,0.11,0.00,0.05,5.1700,4101.26,-45.0401
25.00,24.57,-0.6234,24.59,-0.9961,0.00,0.0000,0.06,0.3555,0.12,0.00,0.04,5.1744,4103.76,66.7843
25.00,24.57,0.9469,24.59,1.8189,0.00,0.0000,0.06,-0.3379,0.11,0.00,0.04,5.1824,4104.03,-69.8071
25.00,24.57,-0.0127,24.59,0.0192,0.00,0.0000,0.06,0.0770,0.11,0.00,0.05,5.1729,4101.68,77.9234
25.00,24.57,-0.0547,24.59,0.4222,0.00,0.0000,0.06,-0.5081,0.11,0.00,0.04,5.1788,4105.29,41.6373
25.00,24.57,-0.4389,24.59,-1.2676,0.00,0.0000,0.06,0.3655,0.11,0.00,0.04,5.1788,4102.48,-45.9808
25.06,24.57,-0.2841,24.59,0.3622,0.00,0.0000,0.06,0.1240,0.11,0.00,0.05,5.2029,4104.17,63.2213
25.06,24.57,-0.9180,24.58,-1.7978,0.00,0.0000,0.06,0.8899,0.12,0.00,0.04,5.1780,4104.75,-75.9904
25.06,24.57,0.3156,24.59,-0.4426,0.00,0.0000,0.06,0.0458,0.11,0.00,0.05,5.1663,4101.58,81.0503
25.06,24.57,0.1159,24.59,0.8171,0.00,0.0000,0.06,-0.1118,0.12,0.00,0.05,5.2117,4105.33,43.2901
25.06,24.56,0.2024,24.58,-0.0503,0.00,0.0000,0.06,-0.0786,0.11,0.00,0.04,5.1795,4102.86,-48.7964
25.06,24.57,0.2501,24.58,0.3062,0.00,0.0000,0.06,0.0727,0.11,0.00,0.04,5.1839,4103.69,59.2947
25.06,24.57,-0.2619,24.58,-1.1827,0.00,0.0000,0.06,0.4685,0.11,0.00,0.04,5.1773,4105.10,-68.7947
25.06,24.57,-0.0038,24.59,-1.0909,0.00,0.0000,0.06,0.2067,0.11,0.00,0.04,5.1780,4101.88,-36.3977
25.06,24.57,0.6969,24.58,0.5867,0.00,0.0000,0.06,-0.0559,0.11,0.00,0.06,5.1546,4105.71,50.8061
25.00,24.57,-0.2868,24.58,1.1083,0.00,0.0000,0.06,-0.3160,0.12,0.00,0.04,5.1802,4104.36,-49.5947
25.00,24.57,0.7586,24.58,1.2311,0.00,0.0000,0.06,-0.4908,0.11,0.00,0.04,5.1824,4104.35,64.4766
25.00,24.56,-0.4156,24.57,-0.5010,0.00,0.0000,0.06,0.4397,0.11,0.00,0.04,5.1817,4106.74,-71.9394
25.06,24.57,0.0285,24.58,-0.1420,0.00,0.0000,0.06,0.3323,0.11,0.00,0.04,5.1832,4103.44,-38.7759
25.06,24.57,0.2674,24.58,-0.6000,0.00,0.0000,0.06,-0.2352,0.12,0.00,0.04,5.1795,4106.49,55.3226
25.06,24.56,-0.6283,24.58,0.3604,0.00,0.0000,0.06,-0.3184,0.11,0.00,0.04,5.1817,4105.40,-70.7467
25.06,24.56,-0.2692,24.58,-0.8000,0.00,0.0000,0.06,-0.3080,0.11,0.00,0.04,5.1788,4103.70,81.2778
25.06,24.57,-0.4656,24.58,0.3248,0.00,0.0000,0.06,-0.2376,0.11,0.00,0.05,5.1267,4106.86,-76.6874
25.06,24.57,0.5595,24.58,1.3439,0.00,0.0000,0.06,-0.3493,0.11,0.00,0.04,5.1802,4103.28,-40.7590
25.00,24.57,0.1756,24.57,-0.1254,0.00,0.0000,0.06,-0.0787,0.11,0.00,0.05,5.1604,4106.69,50.6977
25.00,24.57,0.0324,24.58,0.8751,0.00,0.0000,0.06,0.0434,0.12,0.00,0.04,5.1766,4105.24,-61.9949
25.00,24.57,-0.0690,24.58,0.7220,0.00,0.0000,0.06,-0.4922,0.11,0.00,0.04,5.1795,4104.42,82.3305
25.06,24.56,-0.2413,24.57,-0.3651,0.00,0.0000,0.06,-0.1762,0.11,0.00,0.04,5.1751,4108.23,43.9940
25.06,24.56,0.2662,24.57,-0.2225,0.00,0.0000,0.06,0.3441,0.12,0.00,0.05,5.1692,4104.10,-50.5670
25.06,24.56,-0.9334,24.58,-1.5004,0.00,0.0000,0.06,0.0007,0.11,0.00,0.05,5.1934,4106.61,61.8425
25.06,24.56,-0.0195,24.57,-0.7402,0.00,0.0000,0.06,0.1920,0.12,0.00,0.06,5.1560,4106.67,-64.0262
25.06,24.56,-0.0483,24.58,0.5492,0.00,0.0000,0.06,-0.3082,0.11,0.00,0.05,5.1231,4104.52,72.0040
25.06,24.56,-0.3242,24.57,-0.8465,0.00,0.0000,0.06,0.3129,0.11,0.00,0.04,5.1780,4107.90,38.0998
25.00,24.56,0.0158,24.58,-0.7613,0.00,0.0000,0.06,0.1791,0.11,0.00,0.04,5.1780,4104.48,-43.0690
25.00,24.57,0.7933,24.58,1.3284,0.00,0.0000,0.06,-0.2158,0.11,0.00,0.04,5.1817,4107.10,56.4626
