tos1a
openloop


2016-03-25 18:40:43
"c_fan","c_led","c_lamp","t_sim","s_rate"
20,0,50,30,50
"temp_chip","f_temp_int","d_temp_int","f_temp_ext","d_temp_ext","f_light_int_lin","d_light_int_lin","f_light_int_log","d_light_int_log","I_bulb","V_bulb","I_fan","V_fan","f_rpm","d_rmp"
===
28.81,32.38,0.3660,26.53,0.2440,0.00,0.0000,9.01,4.3956,0.01,0.00,0.00,0.0000,0.08,90.4021
28.81,32.46,-0.0608,26.58,-1.1023,24.75,2.4168,57.48,387.7130,0.49,5.78,0.08,7.6234,603.04,6928.0137
28.81,32.47,0.1635,26.57,-0.8589,24.90,1.9879,71.63,102.7369,0.47,5.78,0.06,6.0850,1144.95,7006.4764
28.81,32.49,-0.2452,26.58,-0.8620,25.00,0.2742,75.36,27.4333,0.49,5.79,0.05,5.2967,1567.93,6085.3796
28.81,32.50,0.6606,26.57,-0.4228,25.04,0.5012,76.35,8.0168,0.48,5.78,0.05,4.8667,1873.00,5016.4162
28.81,32.51,-0.2682,26.57,-0.3559,25.06,0.5010,76.63,2.8704,0.49,5.78,0.04,4.6293,2105.77,2677.6600
28.81,32.54,0.9487,26.56,-0.2178,25.08,-0.3298,76.71,1.3272,0.49,5.79,0.04,4.4864,2286.02,2185.5856
28.81,32.56,0.3155,26.56,0.0481,25.09,0.5092,76.73,0.9867,0.49,5.79,0.04,4.4044,2424.51,1923.5603
28.81,32.57,-1.0321,26.55,-1.2765,25.09,0.4770,76.74,0.2509,0.49,5.79,0.04,4.3538,2526.17,1666.8183
28.81,32.59,0.2060,26.55,0.3753,25.10,-0.4281,76.75,0.1370,0.50,5.79,0.04,4.3143,2604.45,880.3521
28.81,32.60,-0.7568,26.55,-0.8960,25.10,0.0302,76.74,0.5940,0.49,5.79,0.05,4.2945,2675.27,808.7989
28.81,32.63,0.2845,26.54,0.9377,25.11,0.8152,76.74,0.7436,0.48,5.78,0.04,4.2923,2743.30,816.1242
28.81,32.66,0.6889,26.54,1.1869,25.11,0.7609,76.75,0.4404,0.48,5.79,0.04,4.3099,2835.82,981.5026
28.81,32.67,1.0235,26.54,0.9303,25.12,-0.3389,76.74,0.9386,0.49,5.79,0.03,4.2806,2881.31,523.6941
28.81,32.69,-0.9019,26.53,-1.2385,25.12,-0.1267,76.74,0.5675,0.49,5.79,0.04,4.2769,2923.48,543.8069
28.81,32.71,0.2424,26.52,-0.9107,25.12,0.3336,76.75,-0.4675,0.48,5.80,0.05,4.2623,2961.79,667.8944
28.81,32.72,1.2230,26.52,0.5879,25.12,0.0204,76.75,-0.1684,0.49,5.79,0.03,4.2791,3000.69,602.0062
28.81,32.72,0.6362,26.51,1.4107,25.13,0.5239,76.75,1.0160,0.49,5.79,0.03,4.2769,3043.24,542.8010
28.81,32.73,0.5742,26.51,0.4372,25.13,0.5610,76.75,-0.1842,0.49,5.79,0.03,4.2813,3074.16,515.5048
28.81,32.72,1.1015,26.50,1.0153,25.13,0.1609,76.75,0.1247,0.48,5.78,0.03,4.2762,3115.40,519.1739
28.81,32.73,-0.8651,26.50,0.3548,25.13,0.0749,76.74,0.5303,0.49,5.79,0.04,4.2842,3140.73,479.6799
28.81,32.74,-0.7121,26.49,-0.9514,25.13,-0.4535,76.74,-0.5406,0.49,5.79,0.03,4.2791,3163.10,254.6841
28.81,32.75,-0.4776,26.47,0.8042,25.13,-0.2769,76.75,-0.5474,0.49,5.79,0.04,4.2549,3185.63,318.9948
28.81,32.75,0.0641,26.48,-0.7360,25.13,-0.1872,76.75,-0.5577,0.48,5.79,0.04,4.2718,3205.50,327.5437
28.81,32.75,-0.9706,26.48,-0.7652,25.13,-0.0078,76.75,0.6050,0.48,5.79,0.03,4.2791,3222.42,395.9335
28.81,32.77,1.2482,26.48,1.1123,25.13,-0.2328,76.75,0.1132,0.47,5.79,0.03,4.2813,3241.13,207.9983
28.81,32.77,-1.3944,26.47,-0.1658,25.14,-0.0003,76.74,-0.2374,0.48,5.79,0.03,4.2762,3258.26,221.7892
28.81,32.77,0.8586,26.46,0.9953,25.14,0.7119,76.75,0.4347,0.48,5.79,0.04,4.2755,3274.34,269.0198
28.81,32.77,1.5550,26.46,1.4958,25.15,0.4446,76.74,0.4766,0.48,5.79,0.05,4.2601,3288.45,263.5501
28.81,32.78,0.1508,26.46,-0.3726,25.14,-0.1346,76.74,-0.4163,0.49,5.79,0.04,4.2696,3300.84,139.1398
28.81,32.78,1.0460,26.45,1.2432,25.15,1.0008,76.74,0.5884,0.48,5.80,0.04,4.2718,3315.58,175.6531
28.81,32.79,0.3165,26.45,0.2517,25.15,0.0578,76.75,-0.0038,0.48,5.79,0.04,4.2711,3327.47,167.2104
28.81,32.80,0.0563,26.45,0.9083,25.15,-0.0416,76.75,-0.0171,0.48,5.79,0.04,4.2747,3346.29,127.7866
28.81,32.80,-0.8449,26.44,-0.9440,25.15,0.3099,76.75,0.1878,0.48,5.79,0.04,4.2491,3356.50,117.4352
28.81,32.80,0.5241,26.44,-0.0540,25.15,-0.0511,76.74,-0.0459,0.49,5.79,0.03,4.2784,3366.08,155.0890
28.81,32.79,-1.7226,26.43,-1.1107,25.15,-0.5526,76.74,0.0474,0.48,5.79,0.03,4.2791,3374.83,169.1419
28.81,32.78,1.3692,26.43,-0.1248,25.15,0.1247,76.75,-0.4902,0.48,5.79,0.04,4.2703,3382.68,90.1993
28.81,32.79,-0.5631,26.43,0.1439,25.16,-0.4501,76.75,-0.3541,0.48,5.79,0.04,4.2733,3388.15,60.3815
28.81,32.78,0.0305,26.42,0.4553,25.15,1.0537,76.75,0.9230,0.48,5.79,0.03,4.2799,3398.01,164.0338
28.81,32.79,0.9584,26.42,1.2581,25.15,0.6018,76.75,0.6074,0.48,5.79,0.03,4.2799,3406.18,116.8521
28.81,32.79,0.5630,26.42,0.6214,25.16,0.2600,76.75,-0.3967,0.48,5.79,0.03,4.2813,3411.50,63.3046
28.81,32.79,0.5576,26.41,1.1385,25.16,0.0188,76.74,-0.0180,0.49,5.79,0.03,4.2769,3417.95,74.0386
28.81,32.79,-0.3425,26.40,-0.2444,25.16,-0.1809,76.74,0.4729,0.48,5.79,0.03,4.2813,3420.78,26.5709
28.81,32.79,2.2397,26.40,0.3826,25.16,0.2383,76.74,0.4597,0.48,5.79,0.03,4.2799,3426.07,161.3363
28.81,32.79,0.7276,26.40,-0.1534,25.16,-0.4034,76.75,0.2262,0.49,5.80,0.04,4.2821,3433.59,93.6566
28.75,32.79,-0.5797,26.40,0.1544,25.17,0.2797,76.74,1.2337,0.48,5.79,0.03,4.2784,3437.99,49.4229
28.75,32.78,0.7171,26.39,0.5619,25.17,0.3824,76.74,-0.1387,0.48,5.79,0.03,4.2777,3442.19,55.7892
28.75,32.78,-0.1629,26.38,-1.3182,25.17,-0.5539,76.74,-0.8856,0.48,5.79,0.03,4.2828,3444.26,14.8538
28.81,32.78,1.3886,26.38,2.1299,25.17,0.8839,76.75,0.5285,0.48,5.80,0.04,4.2777,3446.38,154.2500
28.81,32.77,0.3644,26.38,-0.1883,25.17,0.1437,76.74,-0.3987,0.49,5.79,0.03,4.2791,3453.50,82.6617
28.81,32.77,0.3341,26.37,-0.5140,25.17,-0.5538,76.74,-0.6325,0.48,5.79,0.04,4.2733,3456.96,38.5719
28.81,32.76,-1.4282,26.37,0.2421,25.17,-0.2565,76.74,-0.0052,0.48,5.79,0.03,4.2777,3459.55,42.1452
28.81,32.76,0.2284,26.37,-0.0819,25.17,0.1967,76.74,0.1258,0.48,5.79,0.03,4.2791,3461.07,-12.4857
28.81,32.77,0.0721,26.37,-0.8462,25.17,-0.2325,76.74,-0.2775,0.48,5.79,0.03,4.2747,3460.49,-6.6231
28.81,32.77,0.0622,26.37,1.4846,25.17,0.0750,76.74,0.3128,0.49,5.79,0.04,4.2725,3466.75,82.6783
28.81,32.76,-0.3060,26.36,0.8529,25.17,0.1670,76.74,0.8968,0.49,5.80,0.05,4.2593,3469.76,25.1679
28.81,32.77,0.1800,26.36,-0.0441,25.18,-0.4771,76.74,-0.4992,0.48,5.79,0.03,4.2777,3471.46,37.4716
28.81,32.77,-1.6340,26.35,-1.7087,25.18,-0.3199,76.74,-0.4238,0.48,5.79,0.03,4.2799,3473.14,-29.2288
28.81,32.77,-0.3962,26.35,-0.2267,25.18,0.7519,76.74,-0.3212,0.48,5.79,0.03,4.2755,3471.79,-15.6727
28.81,32.77,0.2816,26.35,0.4501,25.18,0.4729,76.74,0.2826,0.48,5.79,0.04,4.2718,3475.87,78.9351
28.81,32.77,0.6031,26.35,0.6242,25.18,-0.0249,76.74,-0.5155,0.49,5.79,0.03,4.2711,3479.08,25.7412
28.81,32.76,0.3010,26.34,-0.2812,25.18,0.1529,76.74,0.5960,0.48,5.80,0.03,4.2777,3480.37,25.1833
28.81,32.76,0.4490,26.34,0.9493,25.18,0.2450,76.74,0.2723,0.48,5.79,0.03,4.2769,3481.55,13.2970
28.81,32.77,0.2532,26.33,-0.0540,25.18,-0.4416,76.74,-0.0251,0.49,5.80,0.03,4.2733,3480.13,-24.1313
28.81,32.77,-0.6794,26.33,-0.2473,25.18,-0.0728,76.74,-0.2238,0.49,5.79,0.04,4.2733,3482.57,87.0895
28.81,32.77,-0.3890,26.33,0.1410,25.18,0.4976,76.74,-0.1665,0.48,5.80,0.04,4.2696,3486.31,20.2761
28.81,32.77,0.2189,26.33,-0.2005,25.19,-0.6657,76.74,0.1845,0.48,5.79,0.03,4.2762,3487.27,10.6512
28.81,32.77,-0.2209,26.32,-0.2177,25.19,-0.0770,76.74,-0.3428,0.48,5.79,0.03,4.2777,3487.83,6.3393
28.81,32.77,0.2927,26.32,1.0517,25.19,0.4925,76.74,0.1681,0.48,5.79,0.03,4.2813,3486.14,-36.2449
28.81,32.77,-0.2442,26.32,-1.3277,25.18,-0.8483,76.74,-0.8991,0.49,5.79,0.03,4.2806,3487.35,95.4669
28.81,32.77,0.2062,26.32,-0.7944,25.19,0.2434,76.74,0.1024,0.49,5.80,0.03,4.2755,3491.59,3.7607
28.81,32.77,0.2387,26.31,-0.4931,25.19,0.2995,76.74,-0.5857,0.48,5.79,0.03,4.2791,3491.76,2.0380
28.81,32.76,-0.0890,26.31,1.0403,25.19,0.0353,76.74,0.2306,0.49,5.79,0.03,4.2769,3492.43,7.3362
28.81,32.76,1.4817,26.31,0.6521,25.19,0.1405,76.73,-0.0068,0.48,5.79,0.03,4.2835,3490.31,-39.1940
28.81,32.75,-0.4200,26.30,-0.2130,25.20,0.5239,76.74,0.2368,0.48,5.79,0.04,4.2711,3492.11,87.3486
28.81,32.75,-1.0471,26.30,0.6130,25.20,0.0039,76.74,0.8203,0.48,5.79,0.05,4.2527,3495.53,-9.2084
28.81,32.74,0.3113,26.30,1.2511,25.20,-0.4387,76.74,-0.2294,0.48,5.79,0.03,4.2747,3495.11,-4.9884
28.81,32.74,0.0933,26.29,-1.3337,25.20,-0.0763,76.74,-0.0774,0.48,5.79,0.03,4.2784,3495.75,8.8430
28.75,32.74,-0.0004,26.29,0.9861,25.20,0.2260,76.74,-0.7438,0.48,5.80,0.03,4.2755,3493.59,-46.0470
28.75,32.73,0.8922,26.29,0.4695,25.20,0.5696,76.74,-0.5153,0.49,5.79,0.03,4.2777,3494.31,82.0619
28.75,32.73,0.2668,26.29,1.6505,25.20,-0.1697,76.74,0.2002,0.48,5.79,0.04,4.2747,3497.84,-3.1153
28.81,32.73,-0.2306,26.29,0.7895,25.20,1.0927,76.74,0.4698,0.48,5.79,0.04,4.2908,3497.69,-1.6196
28.81,32.73,0.8245,26.28,0.7174,25.20,-0.1208,76.74,0.3483,0.48,5.79,0.03,4.2755,3497.71,0.3875
28.81,32.72,-0.4512,26.28,-0.3751,25.20,-0.2117,76.74,0.2207,0.49,5.79,0.03,4.2806,3495.89,-40.7598
28.81,32.72,0.7439,26.28,-0.2854,25.20,0.1240,76.74,0.5956,0.48,5.79,0.03,4.2755,3495.98,75.6862
28.81,32.72,-0.5053,26.28,0.2262,25.20,-0.0713,76.74,0.0065,0.48,5.79,0.04,4.2227,3499.52,40.1822
28.81,32.72,0.3452,26.28,1.7343,25.20,0.5110,76.74,0.3997,0.48,5.79,0.04,4.2681,3499.53,0.1926
28.81,32.73,0.7989,26.27,0.2862,25.20,0.2641,76.73,0.4522,0.48,5.79,0.03,4.2769,3499.61,1.1624
28.81,32.73,-1.2703,26.27,-0.5766,25.20,-0.4419,76.74,-0.6509,0.48,5.79,0.04,4.2645,3496.48,-37.7112
28.81,32.72,0.3986,26.27,1.3917,25.20,0.1654,76.74,0.1204,0.48,5.79,0.04,4.2674,3499.30,59.6880
28.81,32.72,0.1320,26.26,-0.6033,25.20,-0.4531,76.74,0.0677,0.48,5.79,0.03,4.2747,3500.87,-5.4516
28.81,32.71,-0.1354,26.26,-0.8463,25.21,0.0837,76.74,0.5807,0.48,5.79,0.03,4.2711,3500.64,-0.1647
28.81,32.71,0.5826,26.26,0.9641,25.21,0.0046,76.74,-0.1991,0.48,5.79,0.03,4.2813,3500.64,-0.0865
28.81,32.70,1.2619,26.26,1.3729,25.21,0.1471,76.74,0.0495,0.48,5.79,0.03,4.2806,3498.15,-34.6211
28.81,32.70,0.8949,26.26,0.4286,25.21,0.3761,76.74,0.0659,0.49,5.79,0.03,4.2835,3500.12,63.5343
28.75,32.70,-0.9596,26.25,-0.7919,25.21,-0.3847,76.74,0.3857,0.48,5.79,0.03,4.2791,3502.24,-7.5987
28.75,32.70,0.1332,26.24,-1.1917,25.21,-0.3181,76.74,-0.1632,0.48,5.79,0.04,4.2740,3501.90,6.6711
28.75,32.70,-0.2489,26.24,-0.4830,25.21,-0.0076,76.73,-0.3899,0.48,5.79,0.03,4.2740,3502.21,3.5798
28.81,32.70,-0.3112,26.24,-1.9219,25.21,-0.0442,76.73,0.0546,0.48,5.79,0.03,4.2769,3499.54,-48.1694
28.81,32.69,-0.3988,26.24,-1.0915,25.21,-0.5832,76.74,0.3296,0.48,5.79,0.03,4.2777,3500.36,71.1643
28.81,32.70,0.2390,26.24,-0.1585,25.21,-0.5708,76.73,0.2581,0.48,5.79,0.03,4.2762,3503.25,-7.8120
28.81,32.70,0.7892,26.24,0.5439,25.21,0.5131,76.74,0.3131,0.48,5.79,0.03,4.2784,3502.89,-4.1442
28.81,32.69,1.1377,26.23,0.3784,25.21,0.0245,76.73,-0.3221,0.48,5.79,0.04,4.2725,3503.17,4.7187
28.81,32.70,-0.0688,26.23,-0.8651,25.21,-0.0994,76.74,0.4190,0.48,5.79,0.04,4.2645,3501.19,-52.7489
28.81,32.69,1.0441,26.23,0.7658,25.21,0.3945,76.73,-0.0440,0.48,5.79,0.03,4.2718,3501.23,72.3590
28.81,32.68,-0.0757,26.23,-1.1565,25.21,-0.0574,76.73,-0.6157,0.48,5.80,0.03,4.2755,3504.29,-7.3732
28.81,32.68,-1.1469,26.22,-1.4930,25.21,-0.3481,76.72,0.4558,0.48,5.80,0.03,4.2747,3503.94,-3.9128
28.81,32.68,0.1405,26.22,0.5171,25.22,-0.1795,76.73,-0.7781,0.47,5.80,0.03,4.2821,3504.21,2.9508
28.81,32.69,-1.0863,26.23,-0.9571,25.22,-0.2788,76.73,0.3246,0.48,5.79,0.04,4.2689,3500.59,-48.8826
28.81,32.68,-0.4420,26.22,-0.0679,25.22,-0.3054,76.73,-0.3617,0.48,5.80,0.03,4.2725,3502.54,67.4150
28.81,32.68,1.2984,26.22,1.8874,25.22,0.6646,76.73,0.6302,0.48,5.79,0.04,4.2740,3504.83,-5.4676
28.81,32.68,0.9060,26.21,-0.2891,25.22,0.2623,76.73,0.2558,0.48,5.79,0.04,4.2667,3504.57,-2.9028
28.81,32.69,-0.2366,26.21,-1.1017,25.22,-0.4375,76.73,-0.7754,0.49,5.79,0.03,4.2740,3504.09,-5.8248
28.81,32.70,0.7655,26.21,-0.5960,25.22,0.1607,76.73,0.2494,0.48,5.79,0.03,4.2769,3501.80,-38.1338
28.81,32.70,0.5601,26.21,0.5096,25.22,0.4287,76.73,0.6822,0.49,5.79,0.03,4.2777,3502.52,60.7007
28.81,32.70,0.4408,26.21,1.3288,25.22,0.1674,76.73,0.5011,0.48,5.80,0.05,4.2601,3505.01,-5.5440
28.81,32.70,-0.0498,26.21,-0.6881,25.22,-0.5044,76.73,-0.6451,0.49,5.79,0.03,4.2762,3504.75,-2.9427
28.81,32.70,0.6780,26.20,0.3345,25.22,-0.0169,76.73,0.1419,0.48,5.79,0.03,4.2769,3505.14,5.7545
28.81,32.70,-0.3466,26.20,1.2304,25.22,-0.3216,76.73,-0.0952,0.48,5.79,0.03,4.2813,3502.96,-52.3788
28.81,32.70,0.0345,26.20,0.2783,25.23,-0.1856,76.73,-0.6127,0.48,5.80,0.04,4.2703,3503.05,65.3977
28.81,32.71,1.3837,26.20,1.7552,25.23,0.3472,76.73,0.4409,0.49,5.79,0.04,4.3018,3505.69,-11.9704
28.81,32.72,0.5872,26.20,-0.0086,25.23,-0.3775,76.73,0.3004,0.48,5.79,0.04,4.2586,3505.13,-6.3179
28.81,32.73,0.8174,26.20,-0.0087,25.23,-0.2797,76.73,-0.8985,0.48,5.79,0.04,4.2689,3504.92,-2.0829
28.81,32.73,-0.4267,26.19,0.3522,25.23,0.3627,76.73,0.3289,0.48,5.80,0.04,4.2630,3502.71,-46.4806
28.81,32.73,-0.2821,26.18,-0.7354,25.23,-0.3376,76.73,-0.7383,0.48,5.80,0.04,4.2762,3502.68,69.1210
28.81,32.72,0.5763,26.18,1.2356,25.23,-0.0158,76.73,0.2374,0.48,5.79,0.03,4.2791,3505.68,-11.8822
28.81,32.73,-0.4350,26.19,-0.4164,25.22,-0.4665,76.73,-0.6638,0.48,5.79,0.04,4.2168,3505.11,-6.1431
28.81,32.73,-1.2149,26.19,-1.8129,25.23,-0.0196,76.73,0.2072,0.48,5.79,0.05,4.2571,3505.66,6.9831
28.81,32.73,0.9142,26.18,1.2362,25.23,0.8833,76.73,0.1724,0.48,5.79,0.04,4.2755,3502.70,-57.1339
28.81,32.73,1.5632,26.18,0.2467,25.23,-0.3645,76.73,-0.9944,0.47,5.79,0.04,4.2645,3502.94,66.8837
28.81,32.74,0.9920,26.18,-0.5303,25.23,0.1223,76.73,-0.2963,0.48,5.79,0.05,4.2542,3505.75,-2.6443
28.81,32.74,-0.1663,26.18,-1.3628,25.23,-0.1645,76.73,-0.0943,0.49,5.80,0.04,4.2681,3505.63,-1.3962
28.81,32.74,-0.0673,26.17,0.6128,25.23,0.0527,76.73,0.0418,0.49,5.79,0.04,4.2689,3505.69,1.0110
28.81,32.74,0.8316,26.17,2.1240,25.23,0.3008,76.73,0.5535,0.48,5.79,0.04,4.2652,3503.19,-55.2001
28.81,32.74,-1.4832,26.17,-1.5531,25.24,0.0014,76.73,0.1506,0.47,5.79,0.04,4.2747,3503.54,76.0777
28.81,32.74,0.3137,26.17,0.5829,25.24,0.3746,76.73,0.5942,0.48,5.79,0.04,4.2740,3506.56,-12.9056
28.81,32.75,0.6429,26.17,0.2730,25.23,0.3159,76.73,0.3946,0.48,5.80,0.04,4.2718,3505.95,-6.7787
28.81,32.75,-0.3208,26.17,-0.2682,25.24,-0.2834,76.73,0.4749,0.48,5.80,0.03,4.2769,3505.73,-2.4276
28.81,32.74,-0.3882,26.16,-0.1610,25.24,0.0904,76.73,0.2482,0.48,5.79,0.03,4.2806,3503.28,-37.5146
28.81,32.74,-0.9836,26.16,-0.9115,25.24,-0.2424,76.73,0.2256,0.48,5.79,0.03,4.2791,3504.40,57.8376
28.81,32.74,0.0266,26.16,-0.5309,25.24,-0.2620,76.73,-0.0889,0.48,5.80,0.04,4.2293,3506.57,-6.5384
28.81,32.74,-0.3792,26.16,-0.4434,25.24,0.0601,76.73,-0.2511,0.48,5.79,0.04,4.2711,3506.26,-3.4154
28.81,32.75,0.5462,26.16,-0.2967,25.24,0.1312,76.72,-0.0218,0.48,5.79,0.05,4.2623,3506.26,0.1006
28.75,32.75,1.5791,26.15,0.6967,25.24,0.3478,76.72,-0.4068,0.48,5.79,0.04,4.2762,3503.29,-48.3425
28.75,32.74,-0.0322,26.15,0.8190,25.24,-0.1175,76.72,0.0685,0.49,5.79,0.03,4.2791,3504.12,60.6523
28.75,32.75,-1.1347,26.15,-1.2800,25.24,0.1393,76.72,0.1717,0.48,5.79,0.03,4.2733,3506.48,-1.7408
28.75,32.75,1.5127,26.15,1.0822,25.24,0.7047,76.73,0.5468,0.48,5.79,0.03,4.2828,3506.33,-68.5455
28.75,32.74,-0.1731,26.14,0.2138,25.24,0.2397,76.72,0.2787,0.47,5.79,0.03,4.2791,3502.64,-31.4716
28.75,32.75,0.2072,26.14,1.0718,25.24,0.5692,76.72,0.4848,0.48,5.79,0.04,4.2637,3506.45,47.6447
28.81,32.75,-0.1933,26.14,-0.2430,25.24,-0.2303,76.72,0.2984,0.47,5.79,0.04,4.2681,3506.97,-7.0293
28.81,32.75,1.1020,26.14,0.6313,25.24,-0.0658,76.72,-0.3045,0.47,5.79,0.03,4.2755,3506.63,-3.6338
28.81,32.76,-0.8408,26.14,-0.7464,25.24,-0.1613,76.72,0.2328,0.48,5.79,0.03,4.2762,3505.76,-62.8491
28.81,32.77,0.9715,26.14,0.1479,25.24,0.5090,76.72,0.2821,0.48,5.79,0.03,4.2689,3502.78,-32.8426
28.81,32.77,1.1623,26.14,0.6193,25.25,0.2007,76.72,-0.4670,0.49,5.80,0.04,4.2615,3506.50,48.1032
28.81,32.77,-0.8173,26.14,-0.5268,25.24,-0.0799,76.72,1.2856,0.48,5.79,0.04,4.3033,3507.96,9.8559
28.81,32.77,-0.2406,26.13,-0.3151,25.25,-0.6140,76.72,-0.9624,0.48,5.79,0.05,4.2608,3508.29,0.4838
28.81,32.76,0.2878,26.13,1.2018,25.24,0.4843,76.72,0.7228,0.48,5.79,0.03,4.2711,3507.47,-81.3893
28.81,32.76,0.3391,26.13,0.4150,25.24,-0.2378,76.72,0.0520,0.47,5.79,0.03,4.2777,3503.63,-42.7362
28.81,32.76,-0.6157,26.13,-1.4750,25.24,0.3109,76.72,0.3068,0.48,5.79,0.04,4.2696,3507.72,54.9443
28.81,32.77,-0.9007,26.13,-0.1074,25.25,-0.4187,76.72,-0.5439,0.48,5.79,0.04,4.2278,3508.55,-5.1094
28.81,32.77,0.3969,26.13,0.0703,25.25,0.2599,76.72,-0.2489,0.49,5.80,0.05,4.2579,3508.19,-6.7393
28.81,32.77,0.2018,26.13,-0.6211,25.25,-0.3975,76.72,-0.0335,0.47,5.79,0.04,4.2689,3507.29,-66.9688
28.81,32.77,-1.3590,26.13,-0.4324,25.25,0.6892,76.72,0.8314,0.47,5.79,0.03,4.2762,3504.05,-34.4461
28.81,32.78,-0.2759,26.14,0.1333,25.25,-0.0889,76.72,0.3254,0.48,5.80,0.04,4.3201,3507.87,49.0708
28.81,32.78,-0.6310,26.13,0.6826,25.25,0.5910,76.72,0.2270,0.49,5.79,0.05,4.2542,3508.47,-6.4830
28.81,32.79,-0.4289,26.12,-1.1066,25.25,-0.1134,76.72,0.1255,0.48,5.79,0.03,4.2608,3508.17,-3.0687
28.81,32.79,-0.0134,26.12,0.2860,25.25,0.0893,76.72,-0.6948,0.48,5.79,0.05,4.2586,3507.48,-65.4269
28.81,32.79,-0.5798,26.12,-1.0656,25.25,0.2849,76.72,-0.0077,0.47,5.79,0.04,4.2689,3504.40,-34.5295
28.81,32.79,0.5265,26.12,2.4101,25.25,0.2063,76.72,0.4453,0.47,5.79,0.03,4.2777,3507.63,49.2802
28.81,32.81,-0.6132,26.12,-1.3452,25.25,0.1278,76.72,0.5390,0.48,5.80,0.04,4.2674,3508.71,-1.9659
28.81,32.81,-0.1085,26.12,-0.2548,25.25,-0.3737,76.72,-0.4781,0.48,5.79,0.03,4.2821,3508.47,-7.8199
28.81,32.81,-0.2186,26.12,0.0339,25.25,-0.1108,76.72,0.5409,0.49,5.80,0.03,4.2821,3507.98,-63.1150
28.81,32.81,-1.7611,26.12,-0.9680,25.25,-0.0458,76.72,-0.0296,0.47,5.79,0.03,4.2755,3505.02,-33.3199
28.81,32.82,-0.9954,26.11,-0.9953,25.25,-0.4976,76.72,-0.3393,0.47,5.80,0.04,4.2711,3507.93,55.0045
28.81,32.82,-1.0691,26.12,-0.5628,25.25,-0.2250,76.72,0.2485,0.48,5.79,0.05,4.2645,3508.99,-13.8873
28.81,32.82,0.5816,26.11,0.7316,25.25,-0.0400,76.71,0.2626,0.47,5.79,0.04,4.2740,3508.46,1.4357
28.81,32.81,0.0840,26.11,-0.0642,25.25,-0.4153,76.71,-0.0859,0.48,5.80,0.04,4.2645,3508.52,0.7541
28.81,32.81,-0.2479,26.11,-0.8465,25.25,-0.1536,76.71,0.2752,0.49,5.79,0.03,4.2799,3504.99,-42.1921
28.81,32.81,-0.4170,26.11,-0.8888,25.25,-0.8586,76.71,-0.5800,0.48,5.80,0.04,4.2835,3507.52,61.7680
28.75,32.81,0.2186,26.10,-0.8457,25.26,-0.3991,76.71,-0.7032,0.48,5.79,0.05,4.2476,3509.03,-15.6452
28.75,32.81,0.6171,26.11,0.8663,25.26,-0.1601,76.72,0.0588,0.47,5.79,0.04,4.2740,3508.38,2.5874
28.75,32.82,-0.2730,26.11,-0.6541,25.26,-0.1659,76.72,0.2315,0.48,5.79,0.03,4.2784,3508.51,1.3670
28.81,32.82,0.6512,26.11,0.5746,25.25,0.4274,76.71,-0.5128,0.48,5.80,0.04,4.2711,3505.31,-44.0974
28.81,32.82,-1.0093,26.10,-1.1317,25.26,-0.6544,76.71,-0.6572,0.47,5.80,0.04,4.2667,3506.68,52.3375
28.81,32.82,-0.9733,26.10,-1.0736,25.26,0.0282,76.71,0.2778,0.48,5.79,0.03,4.2747,3508.39,-6.1455
28.81,32.82,0.0981,26.10,-1.0578,25.26,-0.3438,76.71,-0.5733,0.48,5.80,0.03,4.2740,3508.10,-1.5356
28.81,32.83,0.7796,26.10,1.9978,25.25,0.4057,76.71,0.7219,0.48,5.79,0.03,4.2791,3508.03,-0.8104
28.81,32.82,1.5429,26.09,1.8530,25.25,0.5918,76.71,0.2833,0.48,5.80,0.03,4.2755,3504.97,-49.6793
28.81,32.82,-0.1639,26.10,-0.7555,25.26,-0.2444,76.71,-0.5296,0.47,5.79,0.03,4.2747,3506.01,65.5976
28.81,32.81,-1.9560,26.10,-1.0625,25.26,-0.1663,76.71,-0.0027,0.48,5.79,0.03,4.2777,3508.32,-15.4519
28.81,32.82,-0.2641,26.09,-0.1819,25.26,0.5967,76.72,-0.0513,0.48,5.79,0.04,4.2711,3507.60,-8.2001
28.81,32.83,0.0968,26.09,-0.8554,25.26,-0.2958,76.71,0.0814,0.48,5.79,0.05,4.2571,3507.74,2.0759
28.81,32.84,0.1744,26.10,-0.7993,25.26,-0.4823,76.71,-0.9476,0.49,5.79,0.04,4.3011,3505.13,-50.4780
28.81,32.84,0.8307,26.10,1.6663,25.26,0.3615,76.71,0.2912,0.47,5.79,0.04,4.2703,3505.61,70.9298
28.81,32.84,1.8875,26.09,0.6301,25.26,-0.2042,76.71,-0.5626,0.47,5.79,0.04,4.2593,3508.56,-7.3861
28.81,32.84,0.8290,26.09,0.4837,25.26,0.4303,76.71,0.0286,0.47,5.80,0.03,4.2703,3508.21,-3.8994
28.81,32.84,1.1493,26.09,1.2657,25.27,0.2756,76.71,-0.1883,0.47,5.80,0.04,4.2733,3507.61,-7.8137
28.81,32.84,-0.7407,26.09,-1.6956,25.26,-0.0928,76.71,-0.7779,0.48,5.80,0.04,4.2703,3505.31,-46.2444
28.81,32.84,-0.3440,26.09,-1.0086,25.27,-0.2515,76.71,-0.1674,0.47,5.79,0.03,4.2777,3505.45,79.1110
28.81,32.84,-0.5380,26.08,-0.2995,25.27,0.0379,76.71,-0.1503,0.48,5.79,0.03,4.2777,3509.00,-15.3448
28.81,32.85,0.8565,26.08,1.0692,25.27,0.6272,76.71,-0.1355,0.48,5.79,0.03,4.2828,3508.29,-8.1390
28.81,32.85,0.5334,26.08,-0.1801,25.27,-0.5228,76.71,-0.0357,0.48,5.79,0.03,4.2842,3507.95,-3.4780
28.81,32.85,-0.0622,26.08,-0.1617,25.27,-0.4143,76.71,-0.2810,0.47,5.79,0.04,4.2615,3506.07,-52.1890
28.81,32.85,-1.6370,26.08,-1.5120,25.26,0.0236,76.71,-0.3165,0.48,5.79,0.03,4.2755,3504.89,76.8467
28.81,32.85,0.3543,26.08,1.0530,25.27,0.6592,76.71,0.4195,0.48,5.79,0.03,4.2725,3508.50,40.5600
28.81,32.85,0.1857,26.07,0.7702,25.27,-0.4095,76.71,0.0598,0.47,5.79,0.03,4.2733,3508.60,-1.7230
28.81,32.85,0.4426,26.07,0.4216,25.27,0.1775,76.71,-0.9697,0.48,5.79,0.04,4.2689,3508.61,1.1439
28.81,32.85,-0.1525,26.08,0.5312,25.27,0.4973,76.71,1.0118,0.48,5.79,0.03,4.2711,3507.05,-71.9686
28.81,32.85,0.4789,26.07,-0.8142,25.27,-1.1760,76.71,-0.5287,0.48,5.79,0.03,4.2813,3504.01,105.2719
28.81,32.86,-1.4529,26.07,-0.7058,25.27,-0.9565,76.71,-0.0102,0.48,5.80,0.03,4.2718,3509.40,51.1301
28.81,32.85,-0.9760,26.06,0.0200,25.27,-0.0721,76.71,0.0100,0.48,5.79,0.05,4.2579,3508.79,-13.2152
28.81,32.86,0.8643,26.07,0.0691,25.27,0.6520,76.71,0.3720,0.48,5.80,0.03,4.2703,3508.81,7.0485
28.81,32.86,-1.6247,26.07,-1.1510,25.27,-0.2779,76.71,-0.8005,0.48,5.79,0.05,4.2645,3507.63,-59.1312
28.81,32.85,0.2505,26.07,0.2900,25.28,0.3587,76.71,0.1856,0.48,5.79,0.03,4.2755,3505.42,82.4288
28.81,32.85,0.3469,26.07,0.5053,25.27,-0.0883,76.71,-0.0463,0.47,5.79,0.04,4.2718,3509.31,43.2977
28.81,32.84,0.5065,26.06,-0.0698,25.27,0.2485,76.71,-0.1620,0.47,5.79,0.03,4.2777,3509.31,-6.7115
28.81,32.85,0.2632,26.06,-0.4388,25.27,-0.2704,76.71,-0.9385,0.48,5.80,0.03,4.2813,3508.95,-4.3861
28.81,32.85,0.5252,26.06,1.2243,25.27,0.2056,76.71,-0.0389,0.48,5.80,0.03,4.2674,3507.50,-57.8874
28.81,32.85,-0.0081,26.05,0.6032,25.27,0.1039,76.70,0.2623,0.48,5.79,0.03,4.2762,3505.15,84.2521
28.81,32.86,0.4781,26.05,-0.0153,25.27,0.3151,76.70,-0.4953,0.48,5.79,0.05,4.2652,3509.17,43.7929
28.81,32.86,1.2272,26.06,-0.3460,25.27,0.3098,76.71,0.1627,0.49,5.80,0.03,4.2799,3509.63,-1.2680
28.81,32.85,0.3286,26.05,-0.0574,25.27,-0.1574,76.70,-0.4241,0.48,5.79,0.03,4.2755,3509.60,-0.0351
28.81,32.85,-0.6101,26.05,-1.2150,25.28,-0.1161,76.70,-0.2367,0.47,5.79,0.03,4.2762,3508.39,-69.4308
28.81,32.85,-0.9300,26.05,-0.7272,25.28,-0.6282,76.70,-0.6163,0.48,5.79,0.03,4.2718,3505.11,-36.4591
28.81,32.86,-0.9735,26.04,0.7767,25.27,0.1798,76.70,-0.1129,0.48,5.79,0.04,4.2432,3509.76,54.8648
28.81,32.85,0.3708,26.04,1.1437,25.27,0.5039,76.71,0.0999,0.47,5.79,0.05,4.2689,3510.40,-3.3777
28.81,32.85,-0.9151,26.04,-0.8285,25.28,-0.5393,76.71,-0.5700,0.49,5.79,0.03,4.2821,3510.00,-8.0099
28.81,32.85,-0.7199,26.05,-1.1746,25.28,0.5648,76.71,-0.2794,0.48,5.79,0.03,4.2740,3508.71,-60.9149
28.81,32.85,0.2218,26.05,-0.6652,25.28,-0.3379,76.70,0.2008,0.48,5.79,0.03,4.2733,3505.86,-32.3209
28.81,32.85,-0.4408,26.04,-0.4761,25.28,0.4605,76.70,0.8841,0.47,5.79,0.04,4.2593,3509.57,46.8364
28.81,32.85,-0.5847,26.04,-0.9781,25.28,-0.6189,76.70,0.6217,0.48,5.79,0.03,4.2777,3510.36,-2.4821
28.81,32.85,-0.9420,26.04,-1.4850,25.28,0.0411,76.70,0.1797,0.48,5.79,0.03,4.2725,3510.05,-8.4587
28.81,32.85,0.5634,26.04,0.9529,25.28,0.3783,76.71,0.6052,0.48,5.80,0.03,4.2777,3509.24,-68.0480
28.81,32.85,-0.0533,26.03,-0.4134,25.28,0.2682,76.71,0.4508,0.47,5.79,0.04,4.2828,3506.10,-36.4872
28.81,32.84,1.2668,26.03,1.2150,25.28,0.2255,76.70,-0.3993,0.48,5.80,0.05,4.2593,3509.07,50.9716
28.81,32.84,0.3838,26.03,1.4620,25.28,0.7376,76.70,0.7822,0.48,5.79,0.03,4.2747,3509.81,-15.1968
28.81,32.84,0.2744,26.03,0.6597,25.28,0.1932,76.70,0.6628,0.47,5.79,0.03,4.2799,3509.28,3.5680
28.81,32.85,-0.3124,26.03,0.1371,25.28,-0.3197,76.70,-0.0187,0.48,5.79,0.03,4.2769,3509.03,-71.9725
28.81,32.85,1.8058,26.03,1.6670,25.28,0.6408,76.70,0.4149,0.49,5.79,0.03,4.2777,3505.65,-37.9886
28.81,32.84,0.7634,26.02,-0.4225,25.28,-0.0272,76.70,-0.4299,0.47,5.80,0.03,4.2762,3508.55,48.7512
28.81,32.85,0.3282,26.03,-0.1645,25.28,-0.0321,76.70,-0.2144,0.48,5.80,0.04,4.2733,3509.66,-2.4019
28.81,32.85,-0.0133,26.02,0.5630,25.28,0.5265,76.70,0.6081,0.48,5.79,0.04,4.2403,3509.42,-7.8233
28.81,32.84,-1.0047,26.02,0.3638,25.29,-0.1144,76.70,0.3329,0.32,5.79,0.03,4.2784,3508.64,-59.7710
28.81,32.84,-0.0408,26.02,-0.6899,25.29,-0.1279,76.70,0.3546,0.48,5.80,0.03,4.2777,3505.85,-31.7185
28.81,32.83,0.2467,26.02,0.9987,25.29,0.5594,76.70,0.2289,0.47,5.80,0.04,4.2689,3509.08,52.1589
28.81,32.82,1.1649,26.03,0.8877,25.29,0.3484,76.71,0.3519,0.48,5.80,0.04,4.2637,3510.07,-7.8326
28.81,32.82,0.1128,26.02,0.8667,25.29,0.0387,76.70,0.4551,0.48,5.80,0.03,4.2828,3509.88,6.2157
28.81,32.82,0.2920,26.02,-0.9880,25.29,-0.0693,76.70,0.1461,0.48,5.79,0.03,4.2769,3510.17,3.2991
28.81,32.83,0.7702,26.02,0.4416,25.28,0.3001,76.70,0.4774,0.48,5.79,0.03,4.2777,3506.70,-41.5915
28.81,32.83,2.5177,26.02,0.7251,25.29,-0.5182,76.70,0.6849,0.48,5.79,0.04,4.2703,3509.27,60.2825
28.81,32.82,-0.4276,26.02,0.2104,25.29,-0.0447,76.70,-0.5400,0.48,5.79,0.03,4.2762,3511.17,1.0857
28.81,32.82,0.9800,26.01,0.7677,25.29,0.5819,76.70,0.2572,0.48,5.79,0.03,4.2777,3511.10,-15.2006
28.81,32.83,0.1644,26.02,-0.0338,25.29,0.0812,76.70,-0.4985,0.48,5.80,0.03,4.2799,3510.39,-7.9841
28.81,32.83,0.1391,26.02,1.5191,25.29,0.1720,76.70,0.2881,0.47,5.79,0.03,4.2813,3507.57,-38.6526
28.81,32.84,0.5266,26.02,-1.1826,25.29,-0.5043,76.69,-0.7592,0.48,5.80,0.03,4.2747,3509.30,61.2537
28.81,32.84,0.6956,26.02,0.4069,25.29,-0.3157,76.70,-0.5357,0.47,5.79,0.03,4.2711,3511.51,-0.5504
28.81,32.84,0.5035,26.02,0.6356,25.29,0.1565,76.70,1.0160,0.47,5.79,0.04,4.2718,3511.48,-7.6455
28.81,32.84,0.1296,26.02,-0.0111,25.28,0.6476,76.70,0.4359,0.47,5.80,0.03,4.2747,3511.13,-4.1436
28.81,32.85,-0.2353,26.02,-0.7637,25.29,-0.4324,76.70,0.1601,0.48,5.79,0.03,4.2769,3508.45,-46.6707
28.81,32.86,0.6582,26.02,1.4557,25.29,0.4395,76.69,-0.8987,0.48,5.79,0.05,4.2630,3508.93,66.7062
28.81,32.86,1.0840,26.02,1.0375,25.29,0.4811,76.70,-0.1945,0.48,5.80,0.03,4.2777,3511.71,-12.1688
28.81,32.86,0.4933,26.02,0.0905,25.29,0.1597,76.70,-0.1671,0.47,5.79,0.03,4.2747,3511.14,-6.3892
28.81,32.87,1.5694,26.03,2.1169,25.30,0.3677,76.70,-0.1311,0.47,5.79,0.04,4.2571,3511.27,3.0871
28.81,32.87,0.7031,26.01,0.3354,25.29,-0.3569,76.70,0.2065,0.47,5.79,0.03,4.2711,3509.20,-55.0593
28.81,32.87,-1.2627,26.01,-0.7774,25.29,0.0543,76.69,-0.0981,0.48,5.79,0.03,4.2762,3508.23,72.4836
28.81,32.86,0.0292,26.01,-0.0536,25.29,-0.2329,76.69,-0.1539,0.47,5.79,0.04,4.2703,3511.61,38.4624
28.81,32.86,-1.5523,26.01,-1.8192,25.29,-0.5918,76.70,-0.8203,0.48,5.80,0.04,4.2659,3511.58,-2.1790
28.81,32.86,0.6700,26.01,0.3824,25.29,-0.0959,76.70,-0.3497,0.48,5.79,0.03,4.2733,3511.81,5.5422
28.81,32.85,-0.8107,26.01,1.0270,25.29,0.3911,76.69,0.5892,0.47,5.79,0.04,4.2718,3510.34,-68.6640
28.81,32.85,0.0259,26.00,0.8414,25.29,-0.3661,76.69,0.3213,0.48,5.79,0.04,4.2652,3507.64,95.0018
28.81,32.85,-1.3549,26.01,-0.1752,25.29,-0.2685,76.69,-0.2854,0.47,5.79,0.03,4.2740,3512.07,50.4217
28.81,32.85,1.3947,26.00,0.8400,25.29,0.4633,76.69,-0.5694,0.48,5.79,0.03,4.2784,3512.21,-8.8712
28.81,32.85,-0.3747,26.01,-0.1883,25.29,-0.2869,76.70,0.5285,0.48,5.80,0.03,4.2806,3511.59,-10.1016
28.81,32.85,0.8687,26.01,-0.6008,25.30,0.1796,76.69,0.0189,0.47,5.79,0.03,4.2740,3510.35,-56.2585
28.81,32.84,1.2415,26.01,1.1441,25.29,0.3858,76.69,0.5444,0.47,5.79,0.03,4.2777,3507.71,-29.6945
28.81,32.84,-0.6268,26.01,-0.7037,25.30,0.0483,76.69,-0.3345,0.47,5.80,0.04,4.2593,3511.63,49.6297
28.81,32.83,1.1026,26.00,1.1547,25.29,0.1985,76.69,0.2355,0.48,5.80,0.03,4.2755,3512.49,-2.2016
28.81,32.83,0.2974,26.00,0.2141,25.30,0.3723,76.69,0.7184,0.48,5.80,0.03,4.2799,3512.25,-6.6699
28.81,32.83,1.6996,25.99,1.6067,25.30,0.1583,76.69,0.1391,0.47,5.80,0.03,4.2755,3511.54,-60.3162
28.81,32.83,0.9838,25.99,1.3706,25.30,0.3639,76.69,-0.5571,0.48,5.80,0.04,4.2198,3508.77,-32.5150
28.81,32.83,-0.0721,25.99,0.1679,25.30,0.2532,76.69,0.3666,0.47,5.79,0.03,4.2725,3511.80,54.0250
28.81,32.85,0.1121,25.99,-0.9164,25.30,-0.4636,76.69,0.1615,0.47,5.79,0.03,4.2769,3512.99,-7.6369
28.81,32.85,-0.1970,25.99,0.5757,25.30,0.3703,76.69,0.4194,0.47,5.79,0.04,4.2725,3512.66,-2.1451
28.81,32.85,-1.9235,25.99,-0.4231,25.29,-0.5023,76.69,-0.2012,0.47,5.80,0.05,4.2571,3512.56,-1.1212
28.81,32.84,-0.0852,25.98,0.0009,25.29,0.0284,76.69,0.0638,0.47,5.79,0.04,4.2725,3509.21,-36.4813
28.81,32.84,-0.2249,25.99,0.7990,25.30,0.0304,76.69,0.6921,0.48,5.80,0.03,4.2755,3511.67,47.5191
28.81,32.84,-0.1418,25.99,0.5338,25.30,0.7099,76.69,0.0713,0.47,5.79,0.05,4.2623,3512.54,-10.0997
28.81,32.84,-0.5878,25.99,-0.9413,25.30,0.7260,76.69,0.6629,0.49,5.80,0.05,4.2549,3512.09,-3.8344
28.81,32.83,1.2036,25.98,1.2693,25.30,1.1095,76.69,0.2491,0.48,5.79,0.03,4.2784,3511.81,-91.7334
28.81,32.83,1.0396,25.98,1.2172,25.30,-0.1884,76.69,0.1179,0.48,5.80,0.03,4.2725,3507.41,-47.4410
28.81,32.83,1.1722,25.98,2.0302,25.30,0.8538,76.69,0.4753,0.48,5.80,0.04,4.2725,3511.01,62.8693
28.81,32.84,1.8522,25.98,0.3927,25.30,-0.0652,76.69,-0.6094,0.49,5.79,0.03,4.2777,3512.19,-9.1741
28.81,32.83,-0.4816,25.98,0.0994,25.30,0.2918,76.69,0.2517,0.47,5.79,0.03,4.2791,3511.66,-9.8941
28.81,32.84,0.2836,25.99,0.4098,25.31,0.3617,76.69,-0.6676,0.48,5.80,0.04,4.2652,3511.16,-65.2548
28.81,32.85,0.1463,25.99,0.7088,25.30,-0.1946,76.69,0.2508,0.48,5.79,0.05,4.2608,3508.12,-34.6195
28.81,32.86,0.3798,25.98,0.3445,25.30,0.3174,76.69,-0.7668,0.48,5.80,0.03,4.2747,3510.37,49.6006
28.81,32.85,0.1903,25.97,-0.1975,25.30,0.1503,76.69,-0.0289,0.48,5.79,0.03,4.2799,3511.93,1.6923
28.81,32.87,0.6264,25.97,-0.1804,25.30,0.2068,76.69,0.0852,0.48,5.79,0.03,4.2747,3511.96,-5.5615
28.81,32.87,0.0539,25.98,1.3605,25.30,-0.2551,76.68,-0.1208,0.48,5.80,0.04,4.2974,3511.71,-3.0134
28.81,32.88,0.7234,25.97,0.7647,25.30,0.4075,76.69,0.7619,0.48,5.79,0.04,4.2623,3508.46,-48.8986
28.81,32.88,-0.1357,25.97,1.5514,25.30,0.0859,76.69,0.7933,0.48,5.79,0.04,4.2667,3509.74,65.6119
28.81,32.88,-1.0785,25.98,-1.4509,25.30,-0.6235,76.69,-0.2595,0.48,5.79,0.03,4.2747,3512.09,-7.7080
28.81,32.89,-0.1914,25.98,-0.3432,25.30,0.1625,76.69,0.1160,0.48,5.79,0.03,4.2777,3511.73,-4.0495
28.81,32.89,0.6210,25.98,-0.1686,25.30,-0.0684,76.69,-0.1899,0.48,5.80,0.03,4.2703,3511.93,2.5993
28.81,32.89,1.1157,25.97,1.2953,25.30,-0.2160,76.69,-0.5208,0.47,5.80,0.04,4.2711,3509.06,-56.2582
28.81,32.89,-0.7285,25.96,-0.7311,25.30,0.0622,76.69,-0.5228,0.48,5.79,0.05,4.2579,3509.26,70.4293
28.81,32.91,0.0893,25.97,0.9478,25.30,0.4220,76.69,0.5759,0.47,5.79,0.03,4.2718,3512.25,0.2905
28.81,32.92,-1.0815,25.98,-0.6065,25.30,-0.4087,76.68,0.1768,0.48,5.79,0.04,4.2615,3512.26,0.1518
28.81,32.93,-1.0068,25.97,-0.7340,25.31,-0.0212,76.69,-0.5354,0.48,5.80,0.03,4.2791,3511.89,-3.9668
28.81,32.93,0.2280,25.98,1.0319,25.31,0.1394,76.69,0.7035,0.46,5.79,0.04,4.2828,3509.47,-39.5422
28.81,32.94,-0.6210,25.98,0.6507,25.31,-0.0403,76.69,-0.3075,0.48,5.79,0.03,4.2747,3510.54,67.5856
28.81,32.95,-0.9272,25.97,-0.9766,25.31,0.3329,76.68,0.5216,0.48,5.79,0.03,4.2747,3513.12,-16.3075
28.81,32.95,-0.3406,25.97,-0.1038,25.31,-0.5911,76.68,0.6571,0.47,5.79,0.03,4.2755,3512.36,-8.6498
28.81,32.97,1.0149,25.98,1.0138,25.31,-0.1099,76.68,-0.3029,0.48,5.79,0.04,4.2293,3512.40,1.3572
28.81,32.96,0.6857,25.97,-0.1217,25.31,0.2354,76.68,-0.1706,0.47,5.80,0.04,4.2696,3510.21,-47.0063
28.81,32.97,-0.9344,25.97,0.0486,25.31,-0.2642,76.68,-0.2888,0.47,5.80,0.04,4.2681,3510.17,70.8980
28.81,32.97,-0.3956,25.97,-1.8045,25.30,0.3508,76.69,-0.4368,0.48,5.79,0.03,4.2733,3513.34,-10.7352
28.81,32.97,0.0008,25.97,-1.0529,25.31,-0.1375,76.69,0.1630,0.47,5.79,0.03,4.2681,3512.84,-5.6377
28.81,32.98,-0.3503,25.97,0.1804,25.31,-0.5687,76.68,-0.1208,0.47,5.79,0.03,4.2791,3512.96,3.1149
28.81,32.99,-0.6220,25.97,-0.9080,25.31,-0.4857,76.69,0.1587,0.47,5.79,0.04,4.2689,3511.07,-56.5568
28.81,0.00,0.0000,0.00,0.0000,0.00,0.0000,0.00,0.0000,0.47,5.80,0.03,4.2784,0.00,0.0000
28.81,0.00,0.0000,0.00,0.0000,0.00,0.0000,0.00,0.0000,0.47,5.80,0.03,4.2784,0.00,0.0000
28.81,0.00,0.0000,0.00,0.0000,0.00,0.0000,0.00,0.0000,0.47,5.80,0.03,4.2784,0.00,0.0000
28.81,0.00,0.0000,0.00,0.0000,0.00,0.0000,0.00,0.0000,0.47,5.80,0.03,4.2784,0.00,0.0000
28.81,0.00,0.0000,0.00,0.0000,0.00,0.0000,0.00,0.0000,0.47,5.80,0.03,4.2784,0.00,0.0000
28.81,0.00,0.0000,0.00,0.0000,0.00,0.0000,0.00,0.0000,0.47,5.80,0.03,4.2784,0.00,0.0000
28.81,0.00,0.0000,0.00,0.0000,0.00,0.0000,0.00,0.0000,0.47,5.80,0.03,4.2784,0.00,0.0000
28.81,0.00,0.0000,0.00,0.0000,0.00,0.0000,0.00,0.0000,0.47,5.80,0.03,4.2784,0.00,0.0000
28.81,0.00,0.0000,0.00,0.0000,0.00,0.0000,0.00,0.0000,0.47,5.80,0.03,4.2784,0.00,0.0000
28.81,0.00,0.0000,0.00,0.0000,0.00,0.0000,0.00,0.0000,0.47,5.80,0.03,4.2784,0.00,0.0000
28.81,0.00,0.0000,0.00,0.0000,0.00,0.0000,0.00,0.0000,0.47,5.80,0.03,4.2784,0.00,0.0000
