tos1a
openloop
20
50
2016-03-30 06:26:19
"c_fan","c_led","c_lamp","t_sim","s_rate"
30,50,0,20,50
"temp_chip","f_temp_int","d_temp_int","f_temp_ext","d_temp_ext","f_light_int_lin","d_light_int_lin","f_light_int_log","d_light_int_log","I_bulb","V_bulb","I_fan","V_fan","f_rpm","d_rmp"
===
24.69,25.17,0.0000,24.71,0.0000,0.00,0.0000,0.03,0.0000,-0.01,0.00,0.00,0.0000,0.00,1.0842
24.69,25.23,-1.2645,24.74,-0.3155,0.00,0.0000,0.02,0.3713,-0.04,0.00,0.04,3.7399,485.89,5774.4977
24.69,25.19,-0.5680,24.73,-0.2188,0.00,0.0000,0.04,0.0475,-0.04,0.00,0.04,3.7788,801.19,4079.8079
24.75,25.17,-0.3703,24.73,-0.2515,0.00,0.0000,0.04,-0.0201,-0.04,0.00,0.04,3.7538,984.74,2051.9214
24.75,25.16,-0.0883,24.72,0.3085,0.00,0.0000,0.04,-0.1466,-0.04,0.00,0.04,3.7641,1079.06,1103.9735
24.75,25.16,-0.5221,24.73,-0.0870,0.00,0.0000,0.04,0.1138,-0.04,0.00,0.04,3.7868,1328.09,3313.8420
24.69,25.16,0.1719,24.72,0.1779,0.00,0.0000,0.04,-0.0983,-0.04,0.00,0.04,3.7839,1465.95,1322.7131
24.69,25.16,-0.1711,24.72,-0.0781,0.00,0.0000,0.04,0.0855,-0.04,0.00,0.04,3.7832,1540.38,1656.6046
24.69,25.15,-0.1889,24.72,-0.1759,0.00,0.0000,0.04,-0.1123,-0.03,0.00,0.04,3.7971,1615.64,899.8256
24.69,25.15,-0.2450,24.73,-0.2151,0.00,0.0000,0.05,0.1135,-0.05,0.00,0.04,3.7773,1700.94,1192.9997
24.69,25.14,-0.1340,24.72,-0.4115,0.00,0.0000,0.05,-0.1720,-0.05,0.00,0.04,3.7810,1775.17,1333.6979
24.69,25.13,-0.2290,24.72,-0.0788,0.00,0.0000,0.05,0.3470,-0.04,0.00,0.04,3.8007,1840.42,1485.3258
24.75,25.13,-0.3990,24.72,-0.3938,0.00,0.0000,0.05,-0.1258,-0.04,0.00,0.04,3.7817,1909.50,791.6758
24.75,25.13,0.2000,24.72,0.1084,0.00,0.0000,0.05,-0.0216,-0.05,0.00,0.04,3.7707,1976.39,983.2354
24.75,25.12,0.0366,24.71,-0.2461,0.00,0.0000,0.05,0.0436,-0.04,0.00,0.04,3.7531,2035.06,1131.9712
24.69,25.12,0.1399,24.71,0.1276,0.00,0.0000,0.05,-0.0463,-0.04,0.00,0.04,3.8066,2089.85,1250.1934
24.69,25.11,0.1658,24.71,0.2791,0.00,0.0000,0.05,-0.0385,-0.04,0.00,0.04,3.7978,2148.26,663.3432
24.69,25.10,0.1827,24.71,0.3543,0.00,0.0000,0.04,-0.0935,-0.03,0.00,0.04,3.8051,2203.12,794.5175
24.69,25.10,-0.4222,24.71,-0.5442,0.00,0.0000,0.04,0.1444,-0.04,0.00,0.04,3.8088,2250.21,827.4164
24.69,25.09,0.0072,24.70,-0.2314,0.00,0.0000,0.04,-0.1273,-0.03,0.00,0.04,3.8095,2291.05,938.0562
24.69,25.08,-0.1314,24.70,-0.0923,0.00,0.0000,0.04,0.0476,-0.03,0.00,0.04,3.8022,2334.46,502.0933
24.69,25.08,0.0822,24.70,0.1633,0.00,0.0000,0.04,0.0327,-0.03,0.00,0.04,3.7399,2373.80,529.9049
24.69,25.07,-0.0888,24.70,0.0532,0.00,0.0000,0.04,-0.0798,-0.03,0.00,0.04,3.8198,2412.32,696.0366
24.69,25.07,-0.0893,24.70,-0.2040,0.00,0.0000,0.04,-0.1172,-0.04,0.00,0.04,3.8059,2447.05,650.0843
24.75,25.06,-0.0661,24.70,0.0666,0.00,0.0000,0.04,-0.0998,-0.04,0.00,0.04,3.7619,2477.30,346.3343
24.75,25.05,-0.2015,24.70,0.2300,0.00,0.0000,0.05,-0.1295,-0.03,0.00,0.04,3.8110,2512.86,480.0912
24.75,25.05,0.1186,24.70,-0.1006,0.00,0.0000,0.05,0.2298,-0.04,0.00,0.04,3.8154,2540.84,411.2105
24.75,25.04,0.0304,24.69,0.0982,0.00,0.0000,0.05,0.1528,-0.04,0.00,0.04,3.8198,2565.96,583.1429
24.75,25.04,-0.5539,24.69,-0.0170,0.00,0.0000,0.05,-0.0442,-0.04,0.00,0.04,3.7802,2593.80,303.3263
24.75,25.03,-0.4271,24.69,-0.2150,0.00,0.0000,0.05,-0.0524,-0.03,0.00,0.04,3.7773,2617.77,293.3988
24.75,25.02,-0.0315,24.69,-0.0305,0.00,0.0000,0.04,0.1881,-0.04,0.00,0.04,3.7663,2636.93,304.2425
24.75,25.02,-0.1603,24.68,-0.0039,0.00,0.0000,0.04,0.0871,-0.03,0.00,0.04,3.8161,2655.89,476.5141
24.75,25.01,-0.0444,24.68,0.1310,0.00,0.0000,0.04,-0.0173,-0.03,0.00,0.03,3.7912,2677.95,254.9225
24.75,25.00,0.3364,24.68,0.3115,0.00,0.0000,0.04,-0.0867,-0.03,0.00,0.04,3.8286,2697.78,230.4636
24.75,25.00,0.1967,24.68,0.0676,0.00,0.0000,0.04,0.0037,-0.03,0.00,0.04,3.8264,2715.50,256.9519
24.75,24.99,0.2282,24.68,0.1008,0.00,0.0000,0.04,0.0059,-0.04,0.00,0.04,3.8051,2729.80,234.5482
24.75,24.98,-0.5053,24.68,-0.1164,0.00,0.0000,0.04,0.0942,-0.03,0.00,0.03,3.8095,2741.95,399.7445
24.75,24.98,-0.2577,24.68,0.2955,0.00,0.0000,0.04,0.1107,-0.03,0.00,0.03,3.8147,2761.98,198.3702
24.75,24.97,-0.1186,24.67,-0.1332,0.00,0.0000,0.04,-0.0674,-0.03,0.00,0.04,3.8315,2776.25,170.6118
24.69,24.96,-0.3337,24.67,0.1568,0.00,0.0000,0.04,0.2062,-0.03,0.00,0.04,3.8322,2788.67,178.8325
24.69,24.96,-0.3412,24.67,0.3230,0.00,0.0000,0.04,0.0246,-0.03,0.00,0.04,3.7839,2798.96,212.1295
24.69,24.95,0.0293,24.67,-0.1634,0.00,0.0000,0.04,-0.2943,-0.04,0.00,0.04,3.8190,2809.94,223.6824
24.75,24.95,0.0183,24.67,-0.1166,0.00,0.0000,0.04,0.1768,-0.04,0.00,0.04,3.8147,2820.34,119.1046
24.75,24.94,-0.2207,24.66,-0.0693,0.00,0.0000,0.04,0.1852,-0.04,0.00,0.04,3.7700,2830.29,147.0137
24.75,24.93,-0.7358,24.66,0.0581,0.00,0.0000,0.05,0.0734,-0.04,0.00,0.04,3.8139,2839.07,148.5431
24.75,24.93,0.1158,24.66,-0.0557,0.00,0.0000,0.05,-0.0510,-0.03,0.00,0.03,3.7575,2846.61,163.3665
24.75,24.92,-0.1566,24.66,-0.0275,0.00,0.0000,0.05,-0.0474,-0.04,0.00,0.04,3.8271,2854.53,83.7620
24.75,24.92,0.1105,24.66,-0.0009,0.00,0.0000,0.05,0.0620,-0.03,0.00,0.04,3.7853,2862.59,101.2638
24.75,24.91,-0.5983,24.66,-0.5761,0.00,0.0000,0.05,-0.1286,-0.03,0.00,0.03,3.8022,2869.73,105.7979
24.75,24.90,-0.2447,24.65,0.2476,0.00,0.0000,0.04,0.3264,-0.03,0.00,0.04,3.8366,2875.94,109.8803
24.75,24.90,-0.3928,24.65,-0.1099,0.00,0.0000,0.04,0.0555,-0.03,0.00,0.03,3.7568,2881.14,57.6653
24.75,24.89,0.5903,24.65,0.1705,0.00,0.0000,0.04,0.0181,-0.03,0.00,0.04,3.8293,2887.12,64.6243
24.75,24.89,-0.1498,24.65,-0.0579,0.00,0.0000,0.04,-0.0937,-0.04,0.00,0.04,3.7788,2892.97,80.0612
24.75,24.88,-0.3002,24.65,-0.0226,0.00,0.0000,0.05,0.0737,-0.03,0.00,0.03,3.8051,2897.77,69.1659
24.75,24.87,0.2343,24.64,-0.0310,0.00,0.0000,0.04,0.0130,-0.04,0.00,0.04,3.8293,2901.95,96.9837
24.75,24.87,-0.1184,24.64,-0.0252,0.00,0.0000,0.04,-0.0752,-0.03,0.00,0.04,3.8110,2906.58,50.4615
24.75,24.86,0.2310,24.64,0.0979,0.00,0.0000,0.04,0.0164,-0.04,0.00,0.04,3.7890,2910.89,47.3116
24.69,24.86,-0.4276,24.64,-0.2378,0.00,0.0000,0.04,-0.0168,-0.03,0.00,0.03,3.8000,2914.73,52.5683
24.69,24.85,0.0246,24.64,0.0219,0.00,0.0000,0.05,-0.1202,-0.03,0.00,0.03,3.8132,2918.09,50.9140
24.69,24.85,0.2057,24.64,0.2677,0.00,0.0000,0.05,-0.1265,-0.03,0.00,0.04,3.8249,2921.08,67.8485
24.75,24.85,0.0672,24.64,0.1584,0.00,0.0000,0.05,-0.1636,-0.04,0.00,0.04,3.8029,2924.28,35.6420
24.75,24.84,0.6330,24.64,0.1808,0.00,0.0000,0.05,0.0123,-0.03,0.00,0.04,3.8271,2927.03,32.4930
24.75,24.84,-0.1578,24.64,0.0751,0.00,0.0000,0.05,0.0248,-0.03,0.00,0.03,3.8139,2929.32,33.1658
24.69,24.83,0.1282,24.63,0.1556,0.00,0.0000,0.05,0.0279,-0.04,0.00,0.04,3.7905,2931.35,37.3274
24.69,24.83,-0.4125,24.63,-0.0792,0.00,0.0000,0.05,0.1469,-0.03,0.00,0.04,3.8286,2933.19,45.5450
24.69,24.82,-0.3411,24.63,0.0574,0.00,0.0000,0.05,0.0322,-0.03,0.00,0.04,3.8161,2935.34,23.9190
24.75,24.82,0.0409,24.63,0.1087,0.00,0.0000,0.05,-0.1429,-0.03,0.00,0.03,3.7912,2937.71,31.5237
24.75,24.81,-0.4638,24.63,-0.0628,0.00,0.0000,0.05,0.0400,-0.03,0.00,0.04,3.7963,2939.85,34.7013
24.75,24.81,0.2057,24.63,-0.2118,0.00,0.0000,0.05,0.0026,-0.04,0.00,0.04,3.8132,2941.77,23.0145
24.75,24.80,-0.0315,24.62,0.0943,0.00,0.0000,0.05,0.2203,-0.03,0.00,0.03,3.7692,2943.04,50.5781
24.75,24.80,0.0539,24.62,-0.0000,0.00,0.0000,0.05,0.1868,-0.03,0.00,0.04,3.8366,2945.45,26.4273
24.75,24.79,0.1320,24.62,-0.1345,0.00,0.0000,0.05,-0.0246,-0.04,0.00,0.04,3.8183,2947.28,22.1683
24.75,24.79,0.1625,24.62,0.2347,0.00,0.0000,0.05,-0.0386,-0.03,0.00,0.03,3.7934,2948.41,13.8097
24.75,24.79,0.2399,24.62,0.1304,0.00,0.0000,0.05,0.0513,-0.04,0.00,0.04,3.7788,2949.56,37.2350
24.75,24.78,-0.1586,24.62,0.1803,0.00,0.0000,0.05,0.0632,-0.03,0.00,0.04,3.8315,2951.30,19.7426
24.69,24.78,-0.5103,24.62,-0.1281,0.00,0.0000,0.05,-0.0038,-0.03,0.00,0.04,3.7663,2951.81,5.5021
24.69,24.77,0.1558,24.62,-0.1195,0.00,0.0000,0.05,-0.2650,-0.04,0.00,0.04,3.8256,2952.59,12.5853
24.69,24.77,-0.1208,24.62,0.0092,0.00,0.0000,0.04,-0.5207,-0.03,0.00,0.03,3.7773,2953.62,18.3192
24.75,24.77,-0.0484,24.61,-0.1980,0.00,0.0000,0.01,-0.2113,-0.04,0.00,0.04,3.8059,2954.56,8.5159
24.75,24.76,0.0271,24.62,0.0413,0.00,0.0000,0.00,-0.0603,-0.03,0.00,0.04,3.8315,2954.98,11.3192
24.75,24.76,0.1517,24.61,0.1177,0.00,0.0000,0.00,-0.0166,-0.03,0.00,0.04,3.8059,2955.51,5.9497
24.69,24.75,0.3345,24.61,0.2471,0.00,0.0000,0.00,-0.0047,-0.03,0.00,0.03,3.8330,2956.38,12.5578
24.69,24.75,-0.0321,24.61,0.0353,0.00,0.0000,0.00,-0.0013,-0.03,0.00,0.04,3.8081,2957.41,18.3811
24.69,24.74,-0.2228,24.61,-0.0607,0.00,0.0000,0.00,-0.0004,-0.03,0.00,0.03,3.8015,2958.39,17.3273
24.75,24.74,-0.1575,24.61,-0.0808,0.00,0.0000,0.00,-0.0001,-0.04,0.00,0.04,3.8044,2959.19,9.2334
24.75,24.74,-0.0942,24.61,0.0655,0.00,0.0000,0.00,-0.0000,-0.03,0.00,0.04,3.8220,2959.56,3.3965
24.75,24.73,0.1239,24.61,0.0332,0.00,0.0000,0.00,-0.0000,-0.03,0.00,0.04,3.7766,2960.07,7.0335
24.75,24.73,0.1876,24.61,0.3371,0.00,0.0000,0.00,-0.0000,-0.03,0.00,0.03,3.8256,2959.55,-17.4593
24.75,24.73,0.2007,24.62,0.2647,0.00,0.0000,0.00,-0.0000,-0.04,0.00,0.04,3.7678,2957.43,-50.2060
24.75,24.73,0.0322,24.62,-0.3176,0.00,0.0000,0.00,-0.0000,-0.03,0.00,0.04,3.8271,2954.64,-87.0343
24.75,24.73,-0.0866,24.63,0.0590,0.00,0.0000,0.00,-0.0000,-0.03,0.00,0.03,3.7802,2950.55,-45.9487
24.75,24.72,0.0419,24.63,0.0821,0.00,0.0000,0.00,-0.0000,-0.03,0.00,0.04,3.8249,2946.11,-55.6817
24.75,24.72,0.0501,24.63,0.2592,0.00,0.0000,0.00,-0.0000,-0.03,0.00,0.03,3.8015,2941.63,-75.3291
24.75,24.73,0.2698,24.64,0.2375,0.00,0.0000,0.00,-0.0000,-0.03,0.00,0.03,3.7780,2937.39,-88.5483
24.75,24.73,0.0209,24.65,0.5761,0.00,0.0000,0.00,-0.0000,-0.03,0.00,0.04,3.7824,2933.29,-47.3963
24.75,24.73,-0.0094,24.66,0.3085,0.00,0.0000,0.00,-0.0000,-0.03,0.00,0.04,3.8366,2928.91,-51.7130
24.75,24.73,0.0012,24.66,0.1951,0.00,0.0000,0.00,-0.0000,-0.03,0.00,0.03,3.8007,2925.51,-47.2758
24.75,24.73,-0.1262,24.67,-0.0044,0.00,0.0000,0.00,-0.0000,-0.03,0.00,0.04,3.8147,2922.66,-50.0195
24.75,24.73,-0.1550,24.68,0.3372,0.00,0.0000,0.00,-0.0000,-0.03,0.00,0.04,3.8315,2920.23,-55.8380
24.75,24.73,-0.0958,24.68,0.1359,0.00,0.0000,0.00,-0.0000,-0.03,0.00,0.03,3.8249,2917.65,-29.8790
24.75,24.73,-0.1587,24.69,0.0605,0.00,0.0000,0.00,-0.0000,-0.04,0.00,0.04,3.8139,2915.37,-29.7146
24.75,24.74,-0.0546,24.69,-0.0303,0.00,0.0000,0.00,-0.0000,-0.03,0.00,0.03,3.8168,2913.54,-27.6678
24.75,24.74,-0.1651,24.69,0.4094,0.00,0.0000,0.00,-0.0000,-0.04,0.00,0.04,3.8095,2911.95,-35.8035
24.75,24.74,-0.3433,24.70,0.0600,0.00,0.0000,0.00,-0.0000,-0.03,0.00,0.04,3.8234,2910.27,-18.9056
24.75,24.74,0.5009,24.71,0.0389,0.00,0.0000,0.00,-0.0000,-0.03,0.00,0.03,3.7590,2908.88,-16.6671
24.75,24.74,-0.1420,24.71,-0.3491,0.00,0.0000,0.00,-0.0000,-0.04,0.00,0.04,3.7912,2907.58,-20.5622
24.75,24.74,-0.2874,24.72,0.1480,0.00,0.0000,0.00,-0.0000,-0.03,0.00,0.04,3.8278,2906.32,-24.1988
24.75,24.74,0.1750,24.73,0.2680,0.00,0.0000,0.00,-0.0000,-0.03,0.00,0.04,3.8212,2905.13,-25.5965
24.75,24.74,0.0211,24.73,0.1343,0.00,0.0000,0.00,-0.0000,-0.03,0.00,0.03,3.8088,2903.93,-13.5187
24.75,24.74,0.2695,24.74,0.1982,0.00,0.0000,0.00,-0.0000,-0.03,0.00,0.04,3.8081,2903.03,-11.2257
24.75,24.75,0.2149,24.74,0.1041,0.00,0.0000,0.00,-0.0000,-0.03,0.00,0.03,3.8344,2902.50,-5.8983
24.75,24.75,-0.0695,24.75,0.2846,0.00,0.0000,0.00,-0.0000,-0.02,0.00,0.04,3.8315,2902.08,-12.5571
24.75,24.75,-0.1026,24.76,0.2620,0.00,0.0000,0.00,-0.0000,-0.03,0.00,0.04,3.7985,2901.48,-6.5422
24.75,24.75,0.1515,24.76,0.2904,0.00,0.0000,0.00,-0.0000,-0.03,0.00,0.03,3.8007,2901.49,0.4226
24.75,24.75,-0.1480,24.77,0.4260,0.00,0.0000,0.00,-0.0000,-0.04,0.00,0.04,3.8242,2899.57,-35.2008
24.75,24.76,-0.0788,24.77,0.0292,0.00,0.0000,0.00,-0.0000,-0.03,0.00,0.04,3.8044,2897.93,-16.5553
24.75,24.76,-0.0877,24.78,0.3747,0.00,0.0000,0.00,-0.0000,-0.03,0.00,0.03,3.8256,2897.86,67.9248
24.75,24.76,0.1478,24.79,0.1259,0.00,0.0000,0.00,-0.0000,-0.04,0.00,0.04,3.8029,2901.08,35.5455
24.75,24.75,0.0551,24.79,0.4149,0.00,0.0000,0.00,-0.0000,-0.03,0.00,0.03,3.8000,2904.77,45.4945
24.75,24.76,0.0475,24.80,0.3630,0.00,0.0000,0.00,-0.0000,-0.04,0.00,0.04,3.8007,2907.08,27.3217
24.75,24.76,0.2685,24.81,-0.2587,0.00,0.0000,0.00,-0.0000,-0.03,0.00,0.03,3.8132,2908.38,14.5875
24.75,24.76,-0.1024,24.81,0.0153,0.00,0.0000,0.00,-0.0000,-0.03,0.00,0.04,3.8212,2909.04,-5.8938
24.75,24.76,0.2357,24.82,0.1673,0.00,0.0000,0.00,-0.0000,-0.04,0.00,0.04,3.7619,2908.76,-3.0976
24.69,24.76,-0.6191,24.82,-0.0492,0.00,0.0000,0.00,-0.0000,-0.04,0.00,0.04,3.7934,2906.92,-29.4892
24.69,24.76,0.1128,24.83,0.5849,0.00,0.0000,0.00,-0.0000,-0.04,0.00,0.04,3.8242,2905.61,-13.4603
24.69,24.76,-0.1071,24.84,0.2029,0.00,0.0000,0.00,-0.0000,-0.05,0.00,0.04,3.7714,2906.13,98.7075
24.75,24.76,0.0251,24.85,0.2975,0.00,0.0000,0.00,-0.0000,-0.04,0.00,0.04,3.8015,2910.71,52.5869
24.75,24.76,0.2642,24.86,-0.0567,0.00,0.0000,0.00,-0.0000,-0.03,0.00,0.03,3.7758,2915.38,56.6638
24.75,24.76,-0.1244,24.87,0.1594,0.00,0.0000,0.00,-0.0000,-0.04,0.00,0.04,3.8249,2919.80,67.7397
24.75,24.76,-0.0795,24.88,0.1727,0.00,0.0000,0.00,-0.0000,-0.03,0.00,0.03,3.8081,2922.27,2.1419
24.75,24.76,-0.2012,24.88,-0.1912,0.00,0.0000,0.00,-0.0000,-0.04,0.00,0.04,3.8168,2922.42,26.4229
24.75,24.75,-0.1478,24.89,-0.0107,0.00,0.0000,0.00,-0.0000,-0.03,0.00,0.04,3.8242,2923.64,14.1384
24.75,24.75,-0.0286,24.89,-0.0680,0.00,0.0000,0.00,-0.0000,-0.03,0.00,0.03,3.7648,2924.82,16.5868
24.75,24.75,-0.1644,24.89,-0.0174,0.00,0.0000,0.00,-0.0000,-0.05,0.00,0.04,3.8154,2925.77,14.1999
24.75,24.75,-0.0062,24.90,-0.1938,0.00,0.0000,0.00,-0.0000,-0.03,0.00,0.03,3.8029,2926.73,38.6684
24.75,24.75,0.2676,24.90,0.1793,0.00,0.0000,0.00,-0.0000,-0.04,0.00,0.04,3.7575,2928.53,20.5886
24.75,24.75,0.2286,24.91,0.1816,0.00,0.0000,0.00,-0.0000,-0.04,0.00,0.03,3.8139,2929.30,7.8699
24.75,24.75,0.2529,24.91,0.1090,0.00,0.0000,0.00,-0.0000,-0.05,0.00,0.04,3.7758,2929.89,9.1442
24.75,24.75,0.2739,24.92,0.1229,0.00,0.0000,0.00,-0.0000,-0.03,0.00,0.04,3.8264,2930.30,4.2321
24.75,24.75,-0.0764,24.92,-0.1858,0.00,0.0000,0.00,-0.0000,-0.04,0.00,0.04,3.7736,2930.50,2.2350
24.75,24.75,0.0758,24.92,0.0725,0.00,0.0000,0.00,-0.0000,-0.03,0.00,0.03,3.8183,2930.98,5.3088
24.75,24.75,0.1949,24.93,-0.1436,0.00,0.0000,0.00,-0.0000,-0.04,0.00,0.04,3.7993,2931.83,12.6475
24.75,24.75,-0.1424,24.93,0.0471,0.00,0.0000,0.00,-0.0000,-0.04,0.00,0.04,3.8278,2932.49,9.2149
24.75,24.74,-0.2262,24.94,-0.0329,0.00,0.0000,0.00,-0.0000,-0.04,0.00,0.04,3.7597,2933.15,24.2179
24.75,24.74,-0.2116,24.94,-0.0385,0.00,0.0000,0.00,-0.0000,-0.04,0.00,0.03,3.8168,2934.30,12.6703
24.75,24.74,0.0405,24.95,0.3534,0.00,0.0000,0.00,-0.0000,-0.04,0.00,0.04,3.8256,2935.67,16.3084
24.75,24.74,-0.4584,24.95,-0.1457,0.00,0.0000,0.00,-0.0000,-0.04,0.00,0.04,3.7634,2937.57,30.8350
24.75,24.74,-0.1571,24.96,0.0947,0.00,0.0000,0.00,-0.0000,-0.04,0.00,0.04,3.7788,2939.10,13.9485
24.75,24.74,-0.1418,24.97,0.0798,0.00,0.0000,0.00,-0.0000,-0.03,0.00,0.03,3.7956,2940.07,26.7386
24.75,24.74,-0.0082,24.97,0.1691,0.00,0.0000,0.00,-0.0000,-0.04,0.00,0.04,3.8205,2941.32,14.1141
24.75,24.74,-0.1963,24.98,-0.1372,0.00,0.0000,0.00,-0.0000,-0.04,0.00,0.03,3.8125,2943.16,21.8175
24.75,24.74,0.6999,24.99,0.3986,0.00,0.0000,0.00,-0.0000,0.11,0.00,0.07,6.5927,2945.10,28.8681
24.75,24.74,-0.0597,25.01,-0.0167,0.00,0.0000,0.00,-0.0000,0.11,0.00,0.06,5.9172,2954.06,206.7821
24.75,24.73,-0.2571,25.02,-0.5544,0.00,0.0000,0.00,-0.0000,0.10,0.00,0.06,5.5993,2983.31,1372.7648
24.75,24.73,-0.4290,25.03,-0.4640,0.00,0.0000,0.00,-0.0000,0.10,0.00,0.05,5.4520,3048.18,720.7672
24.75,24.73,-0.0400,25.04,-0.1017,0.00,0.0000,0.00,-0.0000,0.11,0.00,0.05,5.3158,3135.77,1036.5300
24.75,24.73,0.0289,25.05,1.6945,0.00,0.0000,0.00,-0.0000,0.11,0.00,0.04,5.2615,3221.36,1234.3401
24.75,24.72,0.0890,25.06,0.6085,0.00,0.0000,0.00,-0.0000,0.11,0.00,0.04,5.2322,3292.27,1120.6985
24.75,24.72,-0.6122,25.06,-0.1715,0.00,0.0000,0.00,-0.0000,0.11,0.00,0.05,5.1766,3346.92,1121.8472
24.75,24.72,0.1847,25.05,0.0957,0.00,0.0000,0.00,-0.0000,0.11,0.00,0.05,5.1963,3399.20,596.6345
24.75,24.72,0.2409,25.04,-0.1393,0.00,0.0000,0.00,0.1161,0.11,0.00,0.05,5.1333,3454.04,721.5742
24.75,24.72,-0.4956,25.04,-0.5484,0.00,0.0000,0.02,-0.1159,0.11,0.00,0.04,5.1941,3500.02,705.9248
24.75,24.72,0.1947,25.04,-0.0662,0.00,0.0000,0.03,-0.0607,0.11,0.00,0.04,5.1861,3537.42,776.5030
24.75,24.71,-0.4163,25.03,-0.6722,0.00,0.0000,0.04,0.7306,0.11,0.00,0.05,5.1839,3573.92,409.4881
24.75,24.71,-0.7053,25.03,-0.9130,0.00,0.0000,0.05,0.1246,0.11,0.00,0.05,5.1773,3614.16,411.5099
24.75,24.70,0.0011,25.02,-1.1619,0.00,0.0000,0.05,0.4607,0.11,0.00,0.04,5.1875,3646.37,431.9920
24.75,24.70,0.7603,25.02,1.1440,0.00,0.0000,0.05,0.2734,0.11,0.00,0.04,5.1861,3675.59,477.0835
24.75,24.69,-0.0455,25.02,0.0220,0.00,0.0000,0.05,-0.4810,0.11,0.00,0.04,5.1875,3701.69,484.0863
24.75,24.69,0.6555,25.01,0.4499,0.00,0.0000,0.06,-0.1632,0.11,0.00,0.04,5.1832,3725.08,249.0437
24.75,24.69,0.5938,25.01,0.9391,0.00,0.0000,0.06,-0.1287,0.11,0.00,0.05,5.1824,3747.76,246.4329
24.75,24.68,0.1207,25.01,0.8640,0.00,0.0000,0.06,-0.1454,0.12,0.00,0.05,5.1744,3772.86,354.2860
24.75,24.68,0.3587,25.00,0.2695,0.00,0.0000,0.06,-0.1655,0.11,0.00,0.04,5.1810,3793.71,297.6530
24.75,24.67,-0.1492,24.99,-1.3743,0.00,0.0000,0.06,0.5187,0.11,0.00,0.04,5.1846,3810.49,330.9116
24.75,24.67,1.0489,24.99,0.2247,0.00,0.0000,0.06,0.2557,0.11,0.00,0.05,5.1773,3826.32,171.8942
24.75,24.66,0.0534,24.99,1.1253,0.00,0.0000,0.05,-0.2007,0.11,0.00,0.06,5.1612,3839.79,151.4935
24.75,24.66,0.2220,24.98,0.6571,0.00,0.0000,0.05,-0.1103,0.11,0.00,0.05,5.1722,3857.44,251.0710
24.75,24.66,0.4321,24.98,0.1697,0.00,0.0000,0.05,0.1235,0.11,0.00,0.04,5.1875,3871.61,183.7921
24.75,24.65,-0.3795,24.97,-0.6790,0.00,0.0000,0.05,0.0980,0.11,0.00,0.04,5.1846,3882.42,206.3018
24.75,24.65,-0.4491,24.97,-0.2990,0.00,0.0000,0.05,-0.2975,0.11,0.00,0.04,5.1751,3892.64,176.1663
24.75,24.65,-0.2216,24.96,0.4895,0.00,0.0000,0.05,-0.1993,0.10,0.00,0.04,5.1824,3901.20,90.2276
24.75,24.64,-0.3804,24.96,-0.5841,0.00,0.0000,0.05,0.2941,0.11,0.00,0.04,5.1802,3914.35,167.9982
24.75,24.64,-0.1828,24.95,0.2738,0.00,0.0000,0.06,-0.1593,0.11,0.00,0.04,5.1861,3923.76,114.8617
24.75,24.63,0.6344,24.95,0.6367,0.00,0.0000,0.06,0.0721,0.12,0.00,0.04,5.1839,3929.63,77.0280
24.75,24.63,-0.6760,24.95,-1.1558,0.00,0.0000,0.05,-0.0909,0.11,0.00,0.04,5.1861,3933.63,238.9356
24.75,24.63,0.2560,24.95,1.1362,0.00,0.0000,0.05,-0.1805,0.11,0.00,0.05,5.1736,3944.64,128.2467
24.75,24.63,-0.0760,24.94,0.6998,0.00,0.0000,0.05,-0.3866,0.12,0.00,0.06,5.1597,3949.12,42.7334
24.75,24.62,-1.0521,24.93,-0.2491,0.00,0.0000,0.05,-0.4572,0.11,0.00,0.04,5.1780,3954.29,170.5906
24.75,24.61,0.7943,24.93,0.8670,0.00,0.0000,0.05,0.1189,0.11,0.00,0.05,5.1766,3962.30,37.3226
24.75,24.61,-0.5133,24.92,-0.2859,0.00,0.0000,0.05,-0.1622,0.11,0.00,0.04,5.1802,3964.03,19.9460
24.75,24.61,0.5492,24.92,0.8455,0.00,0.0000,0.05,-0.3653,0.12,0.00,0.04,5.1802,3970.57,114.8684
24.75,24.60,-0.4892,24.92,-0.9940,0.00,0.0000,0.05,0.0235,0.11,0.00,0.05,5.1802,3974.83,18.9439
24.75,24.60,0.6331,24.92,0.8449,0.00,0.0000,0.05,-0.2623,0.12,0.00,0.04,5.1795,3976.46,161.2008
24.75,24.60,-0.8517,24.91,-0.8172,0.00,0.0000,0.05,0.2193,0.12,0.00,0.04,5.1780,3983.85,86.9544
24.75,24.59,-0.2552,24.90,-0.6202,0.00,0.0000,0.05,0.4846,0.11,0.00,0.05,5.1729,3984.74,-6.3386
24.75,24.59,0.0722,24.90,0.4264,0.00,0.0000,0.05,-0.1818,0.12,0.00,0.06,5.1604,3988.65,117.0442
24.75,24.58,0.1862,24.90,0.1778,0.00,0.0000,0.05,-0.0314,0.12,0.00,0.04,5.1780,3993.15,-25.4253
24.75,24.58,-1.0393,24.90,-1.3182,0.00,0.0000,0.05,0.1450,0.11,0.00,0.04,5.1824,3991.97,-13.5841
24.75,24.58,0.1112,24.89,0.6944,0.00,0.0000,0.05,0.0878,0.11,0.00,0.05,5.1707,3998.01,88.3486
24.75,24.58,0.1849,24.89,1.1281,0.00,0.0000,0.05,-0.0725,0.11,0.00,0.04,5.1780,3999.28,-23.9370
24.75,24.57,0.4931,24.89,-0.0222,0.00,0.0000,0.05,-0.3681,0.12,0.00,0.04,5.1773,4000.36,114.6614
24.75,24.57,0.2050,24.88,0.8028,0.00,0.0000,0.05,-0.1740,0.11,0.00,0.04,5.1788,4005.76,60.4031
24.69,24.57,0.5236,24.88,0.2223,0.00,0.0000,0.05,-0.0689,0.11,0.00,0.06,5.1612,4003.78,-26.2469
24.69,24.57,-0.0617,24.88,0.6483,0.00,0.0000,0.05,-0.1420,0.12,0.00,0.05,5.1714,4007.34,79.2976
24.69,24.56,-0.5935,24.87,-0.0191,0.00,0.0000,0.05,0.5202,0.11,0.00,0.05,5.1773,4009.07,-36.9603
24.69,24.56,0.3316,24.87,0.7634,0.00,0.0000,0.05,-0.2322,0.11,0.00,0.06,5.1568,4007.81,119.3304
24.69,24.56,0.3235,24.87,0.7345,0.00,0.0000,0.05,0.0998,0.11,0.00,0.04,5.1788,4013.25,64.6699
24.69,24.55,1.0886,24.86,1.0817,0.00,0.0000,0.05,-0.3453,0.11,0.00,0.05,5.1692,4012.65,-29.9644
24.75,24.55,-0.1091,24.86,-0.6673,0.00,0.0000,0.05,0.6005,0.11,0.00,0.05,5.1802,4014.01,89.0062
24.75,24.55,0.1927,24.86,0.4648,0.00,0.0000,0.05,-0.1752,0.11,0.00,0.04,5.2117,4017.75,-59.1711
24.75,24.54,0.5003,24.85,1.6195,0.00,0.0000,0.05,-0.3556,0.11,0.00,0.05,5.1641,4015.00,-31.4612
24.75,24.54,-0.6885,24.85,-0.9257,0.00,0.0000,0.05,0.4233,0.11,0.00,0.04,5.1810,4018.39,66.1782
24.75,24.54,0.5576,24.85,0.8957,0.00,0.0000,0.05,-0.3776,0.11,0.00,0.05,5.1231,4018.76,-56.0255
24.75,24.54,-1.0818,24.84,-1.7208,0.00,0.0000,0.05,0.1888,0.11,0.00,0.05,5.1751,4017.20,100.8803
24.75,24.53,0.3519,24.84,-0.8882,0.00,0.0000,0.06,0.2676,0.11,0.00,0.04,5.1846,4021.80,54.6663
24.75,24.53,0.5089,24.84,1.3504,0.00,0.0000,0.05,-0.4049,0.11,0.00,0.04,5.1802,4019.60,-44.3425
24.75,24.53,-0.0399,24.84,-0.0127,0.00,0.0000,0.05,-0.1013,0.11,0.00,0.04,5.1846,4021.11,72.4212
24.75,24.53,0.7237,24.84,0.8263,0.00,0.0000,0.05,0.1358,0.11,0.00,0.04,5.1810,4023.03,-67.0417
24.75,24.52,0.6656,24.83,0.3841,0.00,0.0000,0.05,-0.1773,0.11,0.00,0.04,5.1795,4019.94,-35.9749
24.75,24.51,-0.5202,24.82,-0.2358,0.00,0.0000,0.05,0.1197,0.11,0.00,0.05,5.1092,4024.43,63.3357
24.75,24.51,-0.3807,24.83,-1.0268,0.00,0.0000,0.05,0.6114,0.11,0.00,0.04,5.1700,4023.61,-51.2610
24.75,24.51,0.0052,24.83,-1.5007,0.00,0.0000,0.05,0.2594,0.11,0.00,0.04,5.1795,4023.09,73.8007
24.75,24.51,-0.1301,24.82,0.5791,0.00,0.0000,0.05,-0.1426,0.11,0.00,0.04,5.1810,4026.51,39.4375
24.75,24.50,-0.2745,24.81,0.0920,0.00,0.0000,0.05,-0.0630,0.11,0.00,0.05,5.1839,4023.99,-31.9370
24.75,24.50,-0.3926,24.82,-1.0573,0.00,0.0000,0.05,0.3459,0.11,0.00,0.05,5.1634,4026.50,62.3472
24.75,24.50,-0.1238,24.81,-1.3429,0.00,0.0000,0.05,0.7286,0.10,0.00,0.05,5.1729,4027.09,-63.0898
24.75,24.50,-0.2250,24.81,0.1617,0.00,0.0000,0.05,-0.0651,0.11,0.00,0.04,5.1817,4024.28,-34.8447
24.75,24.50,-1.1433,24.81,-0.9073,0.00,0.0000,0.05,0.1153,0.11,0.00,0.05,5.1714,4028.48,53.8346
24.75,24.50,-0.5031,24.81,-1.0035,0.00,0.0000,0.05,0.3448,0.11,0.00,0.04,5.1817,4027.06,-52.4401
24.75,24.49,-0.1440,24.80,0.5815,0.00,0.0000,0.05,-0.0600,0.11,0.00,0.04,5.1758,4027.86,60.5236
24.75,24.49,0.0072,24.79,0.1117,0.00,0.0000,0.06,-0.5357,0.11,0.00,0.04,5.1744,4028.92,-58.8783
24.75,24.49,-0.2154,24.80,-1.1161,0.00,0.0000,0.05,0.3899,0.11,0.00,0.04,5.1795,4026.21,-31.6145
24.75,24.48,0.1050,24.80,0.0759,0.00,0.0000,0.05,-0.2048,0.11,0.00,0.04,5.1795,4030.33,50.0905
24.75,24.48,0.2200,24.79,0.4722,0.00,0.0000,0.06,0.0719,0.11,0.00,0.05,5.1707,4028.52,-53.8403
24.75,24.48,0.9550,24.79,1.3015,0.00,0.0000,0.05,-0.1013,0.11,0.00,0.04,5.1883,4028.33,69.7183
24.69,24.47,0.3013,24.79,-0.5774,0.00,0.0000,0.05,0.6763,0.11,0.00,0.04,5.1817,4031.49,-64.4585
24.69,24.47,0.0988,24.78,0.5635,0.00,0.0000,0.05,-0.2997,0.10,0.00,0.04,5.1758,4028.47,-34.1217
24.69,24.47,-0.1419,24.79,0.7415,0.00,0.0000,0.05,-0.4127,0.11,0.00,0.04,5.1758,4030.92,52.1037
24.75,24.47,0.0421,24.79,0.1255,0.00,0.0000,0.05,-0.1142,0.12,0.00,0.04,5.1744,4030.89,-57.8790
24.75,24.46,-1.2088,24.78,-1.7491,0.00,0.0000,0.05,0.1737,0.11,0.00,0.04,5.1788,4028.80,86.8046
24.75,24.46,-0.2190,24.78,-0.9780,0.00,0.0000,0.05,0.3384,0.11,0.00,0.04,5.1795,4032.87,45.9485
24.75,24.46,0.2951,24.77,0.9534,0.00,0.0000,0.05,-0.0464,0.11,0.00,0.05,5.1714,4029.85,-57.3795
24.75,24.46,0.1713,24.78,0.8504,0.00,0.0000,0.05,-0.5257,0.12,0.00,0.05,5.1744,4030.36,59.2582
24.75,24.45,0.3553,24.76,0.5433,0.00,0.0000,0.05,-0.2087,0.12,0.00,0.04,5.1853,4032.23,-71.4024
24.75,24.45,-0.1835,24.75,-0.5071,0.00,0.0000,0.06,0.2607,0.11,0.00,0.04,5.1788,4028.91,-37.9624
24.75,24.45,0.2365,24.75,0.0831,0.00,0.0000,0.05,-0.3954,0.12,0.00,0.04,5.1788,4033.14,52.6727
24.75,24.45,-0.2405,24.75,-0.6627,0.00,0.0000,0.05,0.3761,0.11,0.00,0.05,5.1766,4031.47,-52.3970
24.75,24.44,0.2800,24.75,0.1081,0.00,0.0000,0.05,0.2817,0.11,0.00,0.04,5.1839,4031.77,77.3033
24.75,24.44,0.4518,24.74,0.4118,0.00,0.0000,0.05,-0.1155,0.11,0.00,0.04,5.1846,4034.74,-82.7791
24.81,24.44,0.7526,24.74,1.5013,0.00,0.0000,0.05,0.0020,0.10,0.00,0.04,5.1839,4030.86,-43.8046
24.81,24.44,0.3083,24.74,0.5661,0.00,0.0000,0.05,-0.2513,0.11,0.00,0.04,5.1788,4033.51,50.3656
24.81,24.44,-0.1507,24.74,0.3393,0.00,0.0000,0.05,-0.2116,0.10,0.00,0.04,5.1817,4032.93,-53.7275
24.75,24.43,-0.7506,24.74,-0.8367,0.00,0.0000,0.05,-0.5373,0.11,0.00,0.04,5.1744,4031.96,76.3977
24.75,24.43,0.1690,24.74,0.4312,0.00,0.0000,0.05,-0.2123,0.11,0.00,0.05,5.1700,4035.69,38.9541
24.75,24.43,0.1429,24.74,0.6859,0.00,0.0000,0.05,-0.2668,0.11,0.00,0.05,5.1707,4031.97,-44.5627
24.75,24.43,0.5767,24.73,0.9845,0.00,0.0000,0.05,0.0699,0.11,0.00,0.04,5.1766,4034.93,46.5221
24.75,24.43,-0.2031,24.73,-0.7712,0.00,0.0000,0.05,0.4581,0.11,0.00,0.04,5.1802,4033.19,-57.3118
24.75,24.42,-0.6593,24.73,0.0276,0.00,0.0000,0.05,-0.1515,0.11,0.00,0.04,5.1780,4033.33,75.5905
24.75,24.42,-0.6255,24.72,-0.7796,0.00,0.0000,0.05,0.3539,0.11,0.00,0.05,5.1722,4036.04,-82.4960
24.75,24.42,-0.3479,24.73,0.0312,0.00,0.0000,0.05,0.2868,0.11,0.00,0.04,5.1780,4032.11,66.9175
24.75,24.42,-0.6188,24.73,-1.0425,0.00,0.0000,0.05,0.2748,0.11,0.00,0.06,5.1604,4035.15,36.4399
24.75,24.42,-0.3241,24.72,-1.7504,0.00,0.0000,0.05,-0.0539,0.11,0.00,0.04,5.1656,4033.11,-41.1842
24.75,24.42,-0.9993,24.72,-1.3845,0.00,0.0000,0.05,0.0995,0.11,0.00,0.04,5.1839,4034.89,62.9295
24.75,24.42,0.0857,24.72,-0.6959,0.00,0.0000,0.05,0.2876,0.10,0.00,0.04,5.1832,4035.61,-66.3335
24.75,24.42,-0.4881,24.72,0.4780,0.00,0.0000,0.05,0.0033,0.11,0.00,0.04,5.1802,4032.73,82.1368
24.75,24.41,0.5692,24.71,0.7456,0.00,0.0000,0.05,0.3466,0.11,0.00,0.04,5.1795,4036.57,43.4831
24.75,24.41,0.2204,24.72,0.1966,0.00,0.0000,0.05,0.0757,0.11,0.00,0.04,5.1839,4034.09,-54.0342
24.75,24.41,0.3752,24.71,0.5400,0.00,0.0000,0.05,-0.2492,0.11,0.00,0.04,5.1817,4034.84,71.7980
24.75,24.41,0.0750,24.71,1.1666,0.00,0.0000,0.05,-0.4253,0.11,0.00,0.04,5.1758,4036.91,-81.3535
24.75,24.41,0.7679,24.71,1.5192,0.00,0.0000,0.05,-0.4275,0.10,0.00,0.06,5.1590,4033.08,-42.8718
24.75,24.40,-0.4778,24.70,-0.1667,0.00,0.0000,0.05,-0.0316,0.11,0.00,0.04,5.1788,4036.83,53.3596
24.75,24.40,0.1457,24.71,0.9272,0.00,0.0000,0.05,-0.2117,0.10,0.00,0.04,5.1810,4035.45,-53.8246
24.75,24.40,-0.3096,24.71,0.0255,0.00,0.0000,0.05,0.4056,0.10,0.00,0.04,5.1758,4035.00,59.2691
24.75,24.40,0.4008,24.70,1.5379,0.00,0.0000,0.05,-0.1284,0.11,0.00,0.06,5.1597,4037.44,-74.8189
24.75,24.40,-0.7268,24.69,-0.8046,0.00,0.0000,0.05,0.3987,0.11,0.00,0.05,5.1729,4033.68,-37.0748
24.75,24.40,0.0488,24.70,0.3725,0.00,0.0000,0.05,0.0041,0.11,0.00,0.04,5.1751,4037.36,56.9292
24.75,24.40,-0.3179,24.70,-1.0827,0.00,0.0000,0.05,0.2941,0.10,0.00,0.04,5.1788,4036.11,-63.4190
24.75,24.39,0.8027,24.70,1.1105,0.00,0.0000,0.05,-0.0913,0.11,0.00,0.05,5.1231,4035.85,70.1242
24.75,24.39,0.6307,24.69,1.2439,0.00,0.0000,0.05,0.1085,0.11,0.00,0.04,5.1780,4038.08,-62.4844
24.75,24.39,-0.0845,24.69,-0.3894,0.00,0.0000,0.05,0.5827,0.11,0.00,0.05,5.1502,4035.15,-33.0777
24.75,24.39,0.6235,24.69,1.2823,0.00,0.0000,0.05,-0.0809,0.11,0.00,0.04,5.1802,4038.87,51.2308
24.75,24.39,0.4671,24.69,0.4134,0.00,0.0000,0.05,-0.1997,0.10,0.00,0.04,5.1853,4037.44,-53.5646
24.75,24.39,-0.3466,24.68,-0.1074,0.00,0.0000,0.05,0.0128,0.11,0.00,0.05,5.1670,4037.28,70.7231
24.75,24.39,-1.2813,24.68,-1.5801,0.00,0.0000,0.05,0.5386,0.11,0.00,0.05,5.1670,4040.20,-80.2849
24.75,24.39,0.6217,24.68,0.6172,0.00,0.0000,0.05,-0.4446,0.11,0.00,0.04,5.1744,4036.09,-39.0381
24.75,24.38,0.4068,24.67,1.0850,0.00,0.0000,0.05,-0.3536,0.10,0.00,0.06,5.1546,4039.63,47.1158
24.75,24.38,0.3834,24.68,0.5175,0.00,0.0000,0.05,-0.0485,0.10,0.00,0.06,5.1568,4037.96,-47.3945
24.75,24.38,-0.2093,24.67,0.5206,0.00,0.0000,0.05,-0.1456,0.11,0.00,0.04,5.1802,4038.36,58.4114
24.75,24.38,-1.4497,24.67,-1.3962,0.00,0.0000,0.05,0.5017,0.11,0.00,0.04,5.1802,4040.08,-70.1816
24.75,24.38,0.3969,24.67,-0.3668,0.00,0.0000,0.05,0.4013,0.11,0.00,0.04,5.1260,4036.76,-36.8195
24.75,24.38,0.4188,24.66,-0.0394,0.00,0.0000,0.05,0.0290,0.10,0.00,0.04,5.1773,4040.41,51.2337
24.75,24.38,0.0877,24.65,0.1048,0.00,0.0000,0.05,-0.1157,0.10,0.00,0.04,5.1802,4039.00,-54.3458
24.75,24.38,0.2044,24.66,0.5262,0.00,0.0000,0.06,-0.2393,0.11,0.00,0.04,5.1773,4038.80,78.4031
24.75,24.38,0.0737,24.66,0.0759,0.00,0.0000,0.05,-0.0958,0.11,0.00,0.05,5.1773,4042.36,-91.1495
24.75,24.37,0.1506,24.65,-0.1487,0.00,0.0000,0.06,0.4401,0.11,0.00,0.05,5.1656,4038.16,-48.9356
24.75,24.37,0.6049,24.65,1.0827,0.00,0.0000,0.06,-0.3438,0.10,0.00,0.04,5.1773,4040.79,57.3777
