tos1a
openloop
20
50
2016-03-30 06:28:11
"c_fan","c_led","c_lamp","t_sim","s_rate"
30,50,0,20,50
"temp_chip","f_temp_int","d_temp_int","f_temp_ext","d_temp_ext","f_light_int_lin","d_light_int_lin","f_light_int_log","d_light_int_log","I_bulb","V_bulb","I_fan","V_fan","f_rpm","d_rmp"
===
24.94,24.65,0.0000,24.59,0.0000,0.00,0.0000,0.07,0.0000,0.12,0.00,0.00,0.0000,0.05,117.2896
24.94,24.69,-1.0360,24.63,-0.8077,0.00,0.0000,0.07,0.2200,0.12,0.00,0.09,8.0418,604.31,6911.1104
24.94,24.69,0.0960,24.63,-0.9354,0.00,0.0000,0.07,-0.2561,0.11,0.00,0.07,6.7692,1130.08,7337.2121
24.94,24.69,-0.2915,24.64,-1.0019,0.00,0.0000,0.06,0.2865,0.11,0.00,0.07,6.0813,1550.65,6685.3200
24.94,24.69,-0.0620,24.64,-0.4607,0.00,0.0000,0.06,0.7955,0.12,0.00,0.05,5.7055,1866.96,5947.5746
24.94,24.69,-0.1203,24.64,-1.2862,0.00,0.0000,0.06,0.2714,0.11,0.00,0.05,5.4850,2143.67,3166.4533
24.94,24.69,-0.2201,24.64,-0.7417,0.00,0.0000,0.06,0.2427,0.12,0.00,0.05,5.3516,2364.08,2928.2218
24.94,24.69,-0.5752,24.65,-0.8097,0.00,0.0000,0.06,-0.1282,0.12,0.00,0.05,5.2799,2536.21,2600.9629
24.94,24.69,-0.6682,24.65,-0.6497,0.00,0.0000,0.06,-0.0866,0.10,0.00,0.05,5.2374,2666.58,2516.8636
24.94,24.69,0.1455,24.64,-0.6262,0.00,0.0000,0.06,0.1618,0.12,0.00,0.05,5.1978,2781.91,1358.1314
24.94,24.69,-0.9769,24.64,-1.1448,0.00,0.0000,0.06,-0.1034,0.12,0.00,0.06,5.1810,2886.50,1382.7814
24.94,24.69,0.7701,24.64,1.4510,0.00,0.0000,0.06,0.1022,0.11,0.00,0.05,5.1890,2973.88,1435.0277
24.94,24.69,-0.1713,24.64,0.3809,0.00,0.0000,0.06,-0.4209,0.10,0.00,0.04,5.1890,3045.99,1699.1599
24.94,24.68,0.6316,24.64,0.5880,0.00,0.0000,0.06,0.0465,0.12,0.00,0.04,5.1810,3125.94,895.2778
24.94,24.69,0.5496,24.64,0.1340,0.00,0.0000,0.06,-0.3302,0.12,0.00,0.04,5.1795,3194.89,880.6646
24.94,24.68,-0.7200,24.64,-1.1711,0.00,0.0000,0.06,-0.0131,0.12,0.00,0.04,5.1788,3257.36,1062.4150
24.94,24.68,-0.1695,24.64,-0.2921,0.00,0.0000,0.06,0.3897,0.12,0.00,0.04,5.1832,3312.87,1122.2975
24.94,24.68,-0.1338,24.64,0.6269,0.00,0.0000,0.06,-0.1707,0.11,0.00,0.04,5.1802,3363.80,610.8554
24.94,24.67,-0.0456,24.63,-0.4833,0.00,0.0000,0.06,0.1291,0.11,0.00,0.05,5.1729,3412.50,632.6150
24.94,24.67,-0.1513,24.63,0.3274,0.00,0.0000,0.06,-0.2537,0.11,0.00,0.04,5.1802,3459.04,821.9690
24.94,24.67,-0.7804,24.63,-0.9063,0.00,0.0000,0.06,0.1774,0.11,0.00,0.04,5.1802,3501.54,822.8793
24.94,24.67,-0.4222,24.63,-0.1892,0.00,0.0000,0.06,-0.2254,0.12,0.00,0.05,5.1407,3540.29,433.5068
24.94,24.66,-0.0995,24.63,-0.5596,0.00,0.0000,0.06,0.1014,0.11,0.00,0.04,5.1722,3580.45,488.1632
24.94,24.67,-0.1733,24.63,-1.3861,0.00,0.0000,0.06,0.0109,0.12,0.00,0.04,5.1810,3616.16,537.0114
24.94,24.67,0.1067,24.63,0.1477,0.00,0.0000,0.06,-0.2671,0.11,0.00,0.04,5.1795,3649.41,566.3936
24.94,24.66,0.2795,24.63,0.0299,0.00,0.0000,0.06,0.0232,0.12,0.00,0.04,5.1788,3678.16,609.0523
24.94,24.66,-0.0503,24.62,-1.0983,0.00,0.0000,0.06,0.4224,0.12,0.00,0.04,5.1758,3708.75,301.8065
24.94,24.66,-0.3043,24.62,-1.8877,0.00,0.0000,0.06,0.5264,0.11,0.00,0.04,5.1832,3733.54,300.9501
24.94,24.65,-0.7502,24.62,-1.6065,0.00,0.0000,0.06,0.3930,0.12,0.00,0.04,5.1824,3760.46,439.2299
24.94,24.65,-0.2660,24.62,-0.8838,0.00,0.0000,0.06,0.5300,0.12,0.00,0.05,5.1700,3784.11,375.4753
24.94,24.65,0.5407,24.62,0.1631,0.00,0.0000,0.06,0.2675,0.11,0.00,0.05,5.1678,3801.80,416.9672
24.94,24.64,-1.0430,24.61,-1.3704,0.00,0.0000,0.06,0.1944,0.11,0.00,0.04,5.1839,3821.34,220.6603
24.94,24.65,0.2707,24.61,-0.6338,0.00,0.0000,0.06,0.2516,0.12,0.00,0.05,5.1795,3838.05,220.6749
24.94,24.65,-0.4022,24.61,-1.3820,0.00,0.0000,0.06,0.3736,0.13,0.00,0.06,5.1575,3855.43,358.5661
24.94,24.65,0.4952,24.61,0.9462,0.00,0.0000,0.06,0.0735,0.12,0.00,0.04,5.1795,3873.07,276.5242
24.94,24.64,0.1016,24.61,-0.0957,0.00,0.0000,0.06,-0.3013,0.12,0.00,0.04,5.1817,3885.82,148.4273
24.94,24.64,0.1414,24.61,-0.6493,0.00,0.0000,0.05,0.2767,0.12,0.00,0.05,5.1758,3898.84,163.3075
24.94,24.64,0.7912,24.61,1.4261,0.00,0.0000,0.06,-0.4487,0.11,0.00,0.04,5.1802,3908.87,145.2924
24.94,24.64,0.0580,24.61,0.1068,0.00,0.0000,0.06,0.0122,0.12,0.00,0.05,5.1165,3919.07,282.9318
24.94,24.64,-0.0028,24.61,0.3626,0.00,0.0000,0.06,-0.1446,0.12,0.00,0.04,5.1788,3933.30,150.9061
24.94,24.63,0.0635,24.60,0.4654,0.00,0.0000,0.06,0.0120,0.12,0.00,0.05,5.1656,3940.25,80.9980
24.94,24.63,-0.5527,24.60,-0.5755,0.00,0.0000,0.06,0.1602,0.11,0.00,0.04,5.1810,3951.91,187.3230
24.94,24.63,0.2948,24.60,0.5822,0.00,0.0000,0.05,-0.0151,0.12,0.00,0.04,5.1780,3960.44,90.0372
24.94,24.62,-0.2209,24.59,-0.5209,0.00,0.0000,0.06,0.0637,0.12,0.00,0.04,5.1817,3966.50,235.1011
24.94,24.63,-0.1688,24.60,0.5309,0.00,0.0000,0.06,-0.1020,0.11,0.00,0.04,5.1744,3977.75,122.0617
24.94,24.62,0.6110,24.60,0.7857,0.00,0.0000,0.06,0.0798,0.12,0.00,0.04,5.1832,3981.57,38.5977
24.94,24.62,-0.4307,24.59,-0.0285,0.00,0.0000,0.06,0.3150,0.12,0.00,0.04,5.1773,3989.02,157.1726
24.94,24.62,0.0874,24.59,-0.6160,0.00,0.0000,0.06,0.3126,0.11,0.00,0.04,5.1853,3995.61,37.2892
24.94,24.62,-0.0948,24.59,-0.8667,0.00,0.0000,0.06,0.1356,0.12,0.00,0.04,5.1802,3997.39,19.4609
24.94,24.61,-0.0525,24.59,-0.0699,0.00,0.0000,0.06,-0.0024,0.11,0.00,0.06,5.1575,4006.79,109.4263
24.94,24.61,-0.7527,24.59,-1.2605,0.00,0.0000,0.06,-0.2138,0.12,0.00,0.04,5.1832,4009.67,17.1421
24.88,24.61,0.5123,24.59,-0.5004,0.00,0.0000,0.06,0.2141,0.12,0.00,0.04,5.1773,4014.55,131.9780
24.88,24.61,-0.3552,24.59,-0.9308,0.00,0.0000,0.06,0.3035,0.12,0.00,0.04,5.1890,4020.11,9.9820
24.88,24.61,-0.5592,24.59,0.3122,0.00,0.0000,0.06,-0.3621,0.12,0.00,0.04,5.1802,4020.58,5.3054
24.88,24.60,0.7770,24.58,0.6982,0.00,0.0000,0.06,0.0376,0.12,0.00,0.05,5.1722,4027.32,91.7615
24.88,24.60,0.2799,24.58,-0.5800,0.00,0.0000,0.06,0.1467,0.12,0.00,0.05,5.1634,4029.24,-5.3311
24.88,24.60,0.9444,24.58,1.1771,0.00,0.0000,0.06,0.0180,0.11,0.00,0.05,5.1707,4031.63,125.0034
24.94,24.60,0.2050,24.59,0.7709,0.00,0.0000,0.06,-0.6455,0.12,0.00,0.04,5.1795,4037.43,-23.2592
24.94,24.59,0.7447,24.58,1.1185,0.00,0.0000,0.05,-0.3127,0.12,0.00,0.04,5.1773,4036.33,-12.1955
24.94,24.59,1.0772,24.58,0.4548,0.00,0.0000,0.06,0.5480,0.11,0.00,0.05,5.1663,4041.71,89.5979
24.94,24.59,-0.2369,24.58,-0.3460,0.00,0.0000,0.06,0.3642,0.12,0.00,0.04,5.1788,4043.28,-26.3726
24.94,24.59,0.7806,24.58,1.0243,0.00,0.0000,0.06,-0.2513,0.12,0.00,0.04,5.1736,4043.77,125.3051
24.94,24.59,0.2305,24.58,-1.1184,0.00,0.0000,0.06,0.1835,0.12,0.00,0.04,5.1810,4049.62,66.6171
24.94,24.59,0.4695,24.58,-0.1475,0.00,0.0000,0.06,-0.1283,0.12,0.00,0.04,5.1832,4048.00,-26.5737
24.94,24.59,-0.6037,24.58,-1.2951,0.00,0.0000,0.06,-0.2985,0.11,0.00,0.04,5.1795,4051.43,82.9756
24.94,24.58,-0.5229,24.57,-0.5196,0.00,0.0000,0.06,0.2866,0.12,0.00,0.04,5.1788,4053.43,-37.2773
24.94,24.58,-0.7609,24.57,-0.6150,0.00,0.0000,0.06,-0.6734,0.11,0.00,0.04,5.1817,4051.90,111.9776
24.94,24.58,-0.8365,24.57,-1.4138,0.00,0.0000,0.06,-0.1490,0.12,0.00,0.05,5.1253,4057.03,60.3827
24.94,24.57,0.6270,24.57,1.2457,0.00,0.0000,0.06,-0.2595,0.12,0.00,0.05,5.1084,4056.30,-31.1114
24.88,24.58,0.1732,24.57,1.2691,0.00,0.0000,0.06,-0.2737,0.12,0.00,0.05,5.1626,4057.61,78.6823
24.88,24.58,-0.0142,24.57,0.0978,0.00,0.0000,0.06,-0.0611,0.12,0.00,0.04,5.1773,4060.63,-65.0975
24.88,24.57,0.0022,24.57,-0.0827,0.00,0.0000,0.06,0.1484,0.12,0.00,0.04,5.1802,4057.63,-34.9399
24.94,24.57,-0.4868,24.56,-0.5670,0.00,0.0000,0.06,0.1282,0.12,0.00,0.06,5.1509,4062.69,-65.8239
24.94,24.57,0.3633,24.57,0.5435,0.00,0.0000,0.06,-0.1508,0.11,0.00,0.04,5.1714,4060.40,82.8310
24.94,24.57,0.3897,24.56,1.3181,0.00,0.0000,0.06,-0.3581,0.12,0.00,0.04,5.1795,4064.16,45.0799
24.94,24.56,0.0785,24.56,-0.3264,0.00,0.0000,0.06,0.2845,0.12,0.00,0.05,5.1714,4061.16,-37.7970
24.94,24.56,-0.8743,24.57,-0.6737,0.00,0.0000,0.06,0.1320,0.12,0.00,0.05,5.1729,4064.25,65.4192
24.94,24.56,-0.6015,24.56,-0.8382,0.00,0.0000,0.06,-0.0572,0.12,0.00,0.04,5.1780,4064.41,-57.4273
24.94,24.56,0.1837,24.56,0.1666,0.00,0.0000,0.06,0.0517,0.12,0.00,0.04,5.1795,4062.94,103.2913
24.94,24.56,-0.9888,24.56,-0.0620,0.00,0.0000,0.06,-0.2630,0.12,0.00,0.04,5.1751,4067.73,55.1945
24.94,24.55,-1.3102,24.55,-0.8306,0.00,0.0000,0.06,0.1533,0.11,0.00,0.04,5.1766,4064.79,-48.7928
24.94,24.56,0.7273,24.56,1.1769,0.00,0.0000,0.06,0.1563,0.11,0.00,0.04,5.1780,4066.41,59.8542
24.94,24.55,0.3033,24.56,-0.2145,0.00,0.0000,0.05,-0.0119,0.12,0.00,0.04,5.1707,4067.28,-52.2069
24.94,24.55,-0.2787,24.56,-1.5810,0.00,0.0000,0.05,0.5831,0.12,0.00,0.04,5.1766,4065.41,87.5985
24.94,24.55,-0.4786,24.56,-0.1806,0.00,0.0000,0.05,-0.3169,0.12,0.00,0.05,5.1707,4069.55,45.9281
24.94,24.55,-0.5087,24.56,0.1869,0.00,0.0000,0.06,-0.0329,0.12,0.00,0.04,5.1780,4066.67,-47.5739
24.94,24.55,-0.3290,24.56,0.1254,0.00,0.0000,0.06,-0.0289,0.11,0.00,0.04,5.1795,4068.76,67.5431
24.94,24.54,-0.0907,24.55,0.1845,0.00,0.0000,0.06,-0.4382,0.11,0.00,0.05,5.1744,4069.50,-62.9442
24.94,24.54,0.2772,24.55,0.8899,0.00,0.0000,0.06,0.0370,0.12,0.00,0.04,5.1729,4067.29,81.8834
24.94,24.54,-0.3548,24.55,-0.7481,0.00,0.0000,0.06,0.3105,0.11,0.00,0.06,5.1553,4071.12,43.3262
24.94,24.54,0.9818,24.55,0.6855,0.00,0.0000,0.06,0.1952,0.11,0.00,0.04,5.1795,4068.21,-48.4436
24.94,24.54,0.3850,24.55,1.2236,0.00,0.0000,0.06,-0.0113,0.12,0.00,0.04,5.1802,4070.06,65.5933
24.94,24.54,0.5331,24.56,0.8856,0.00,0.0000,0.06,0.2326,0.11,0.00,0.04,5.1714,4070.83,-65.2458
24.94,24.54,-0.7445,24.55,-0.6795,0.00,0.0000,0.06,0.0558,0.11,0.00,0.05,5.1707,4068.26,83.1468
24.94,24.54,-1.2026,24.55,-1.6258,0.00,0.0000,0.06,0.3165,0.11,0.00,0.05,5.1780,4072.12,44.4187
24.94,24.54,-0.0656,24.55,0.6691,0.00,0.0000,0.06,0.2194,0.12,0.00,0.04,5.1766,4069.85,-43.3288
24.94,24.53,-0.7797,24.54,-1.2440,0.00,0.0000,0.06,0.3374,0.12,0.00,0.04,5.1817,4071.07,55.9892
24.94,24.53,0.6001,24.54,0.8763,0.00,0.0000,0.06,-0.0803,0.11,0.00,0.04,5.1832,4071.94,-63.8090
24.94,24.53,0.0195,24.55,-0.6556,0.00,0.0000,0.06,-0.2515,0.11,0.00,0.04,5.1817,4068.99,-34.0947
24.94,24.53,0.3810,24.55,-0.2328,0.00,0.0000,0.05,0.0888,0.11,0.00,0.04,5.1817,4072.92,48.4949
24.94,24.53,0.6584,24.55,0.4464,0.00,0.0000,0.05,-0.1162,0.11,0.00,0.04,5.1773,4070.84,-55.7265
24.94,24.53,0.4109,24.54,-0.2309,0.00,0.0000,0.06,-0.1457,0.12,0.00,0.05,5.1700,4071.27,76.2808
24.94,24.53,0.0377,24.55,-0.5815,0.00,0.0000,0.06,0.0600,0.11,0.00,0.05,5.1751,4073.91,-74.0416
24.94,24.53,-0.5000,24.54,-1.1193,0.00,0.0000,0.06,0.2479,0.11,0.00,0.04,5.1509,4070.50,-39.7561
24.94,24.53,0.7346,24.55,1.4664,0.00,0.0000,0.06,0.1674,0.11,0.00,0.04,5.1758,4073.76,53.2575
24.94,24.53,0.7459,24.55,1.6049,0.00,0.0000,0.06,-0.4552,0.12,0.00,0.04,5.1795,4072.95,-50.8009
24.94,24.52,0.1395,24.55,0.9746,0.00,0.0000,0.06,-0.4071,0.11,0.00,0.04,5.1802,4073.00,60.9234
24.94,24.53,0.5005,24.55,1.1576,0.00,0.0000,0.06,-0.3073,0.12,0.00,0.04,5.1758,4074.78,-71.1671
24.94,24.53,-0.6038,24.55,-1.0604,0.00,0.0000,0.06,0.6411,0.12,0.00,0.05,5.1766,4071.41,-37.3006
24.94,24.52,-0.6667,24.55,-0.3987,0.00,0.0000,0.06,-0.3273,0.11,0.00,0.04,5.1832,4075.18,52.1333
24.94,24.52,-0.4993,24.55,-0.9051,0.00,0.0000,0.06,-0.1495,0.12,0.00,0.04,5.1810,4073.96,-49.8640
24.94,24.52,0.0659,24.55,0.0594,0.00,0.0000,0.06,0.0589,0.11,0.00,0.04,5.1817,4074.36,59.3985
24.94,24.52,-0.4261,24.55,-0.1112,0.00,0.0000,0.06,-0.3290,0.12,0.00,0.05,5.1656,4075.71,-65.9031
24.94,24.52,-0.2787,24.55,0.5419,0.00,0.0000,0.06,-0.3099,0.12,0.00,0.05,5.1216,4072.62,-34.8873
24.94,24.51,0.1303,24.55,0.9217,0.00,0.0000,0.06,-0.4662,0.12,0.00,0.06,5.1626,4076.47,49.8428
24.94,24.51,0.1549,24.54,0.7937,0.00,0.0000,0.06,-0.1661,0.11,0.00,0.04,5.1810,4074.77,-57.0040
24.94,24.51,-0.4634,24.55,-1.0164,0.00,0.0000,0.06,0.3543,0.11,0.00,0.04,5.1766,4074.33,70.8739
24.94,24.51,-0.4889,24.55,-0.8062,0.00,0.0000,0.06,0.3474,0.11,0.00,0.04,5.1788,4077.51,-73.8883
24.94,24.51,0.8402,24.56,1.1999,0.00,0.0000,0.06,-0.2833,0.11,0.00,0.04,5.1795,4074.06,-39.2850
24.94,24.51,0.8679,24.55,1.1567,0.00,0.0000,0.06,-0.1829,0.11,0.00,0.04,5.1824,4076.91,58.6491
24.94,24.51,-0.1756,24.55,-0.8939,0.00,0.0000,0.06,0.1086,0.12,0.00,0.05,5.1634,4076.28,-71.1326
24.94,24.51,-0.9916,24.55,-1.5028,0.00,0.0000,0.06,0.3653,0.12,0.00,0.04,5.1846,4074.15,85.3907
24.94,24.51,0.4052,24.54,0.5110,0.00,0.0000,0.06,-0.1633,0.11,0.00,0.04,5.1788,4078.13,45.3984
24.94,24.50,0.3107,24.55,0.1819,0.00,0.0000,0.06,-0.0582,0.12,0.00,0.04,5.1758,4075.04,-49.0559
24.94,24.51,0.5325,24.55,0.9055,0.00,0.0000,0.06,0.2303,0.11,0.00,0.05,5.1788,4076.82,65.6089
24.94,24.51,-0.2459,24.55,0.2598,0.00,0.0000,0.06,0.1271,0.12,0.00,0.05,5.1722,4077.76,-66.8682
24.94,24.51,0.2245,24.55,-0.1731,0.00,0.0000,0.06,-0.0727,0.12,0.00,0.05,5.1751,4074.72,75.5942
24.94,24.51,-0.0800,24.55,-0.5430,0.00,0.0000,0.06,0.1035,0.12,0.00,0.04,5.1817,4078.30,39.6235
24.94,24.50,0.6973,24.54,-0.0858,0.00,0.0000,0.06,-0.2813,0.11,0.00,0.05,5.1626,4076.32,-42.3119
24.94,24.51,0.3837,24.55,1.0335,0.00,0.0000,0.06,-0.4715,0.12,0.00,0.04,5.1802,4077.36,61.7288
24.94,24.50,-0.2730,24.54,-0.3721,0.00,0.0000,0.06,0.2748,0.11,0.00,0.04,5.1810,4078.72,-74.9725
24.94,24.50,-0.3936,24.55,-0.0580,0.00,0.0000,0.06,-0.1544,0.12,0.00,0.04,5.1832,4075.24,-40.0382
24.94,24.50,-0.2678,24.55,0.2478,0.00,0.0000,0.06,-0.2468,0.12,0.00,0.06,5.1546,4079.80,50.9160
24.94,24.50,-0.2263,24.55,0.3319,0.00,0.0000,0.06,-0.3352,0.11,0.00,0.04,5.1824,4076.96,-55.7223
24.94,24.50,-0.6472,24.54,-0.5963,0.00,0.0000,0.06,0.2274,0.11,0.00,0.04,5.1832,4078.30,77.2037
24.94,24.49,-0.4438,24.54,-0.2618,0.00,0.0000,0.06,-0.0920,0.11,0.00,0.06,5.1619,4080.16,-77.2744
24.94,24.50,-0.2571,24.54,-0.2717,0.00,0.0000,0.06,0.2595,0.12,0.00,0.06,5.1656,4076.57,-41.2808
24.94,24.50,0.0995,24.54,0.9225,0.00,0.0000,0.06,-0.1614,0.12,0.00,0.04,5.1766,4080.26,46.8069
24.94,24.49,0.1453,24.54,0.3695,0.00,0.0000,0.06,0.2764,0.12,0.00,0.04,5.1839,4078.54,-49.4636
24.94,24.50,0.3603,24.54,0.8542,0.00,0.0000,0.06,-0.2194,0.12,0.00,0.04,5.2168,4078.77,61.3302
24.94,24.50,0.0939,24.55,0.0988,0.00,0.0000,0.06,0.1648,0.11,0.00,0.04,5.1839,4080.71,-70.7263
24.94,24.49,-0.3344,24.54,0.0906,0.00,0.0000,0.06,-0.2344,0.11,0.00,0.05,5.1612,4077.38,-37.2541
24.94,24.49,-0.0662,24.54,0.3058,0.00,0.0000,0.06,-0.3156,0.11,0.00,0.05,5.1707,4080.45,44.8678
24.94,24.49,-0.3622,24.54,-0.6310,0.00,0.0000,0.06,0.3347,0.11,0.00,0.05,5.1751,4079.10,-52.5594
24.94,24.49,0.6017,24.54,1.4708,0.00,0.0000,0.06,-0.5937,0.11,0.00,0.06,5.1590,4079.02,71.4697
24.94,24.49,0.6296,24.54,1.4925,0.00,0.0000,0.06,-0.5356,0.11,0.00,0.05,5.1780,4081.81,-90.8997
24.94,24.49,-0.6753,24.54,-0.5699,0.00,0.0000,0.06,0.1571,0.11,0.00,0.04,5.1751,4077.51,-47.6682
24.94,24.48,0.1105,24.54,0.2627,0.00,0.0000,0.05,0.0182,0.12,0.00,0.04,5.1788,4080.75,53.5213
24.94,24.48,0.0194,24.54,-0.4141,0.00,0.0000,0.06,0.1710,0.11,0.00,0.04,5.1751,4079.40,-56.5730
24.94,24.48,0.4175,24.54,0.1533,0.00,0.0000,0.06,0.2498,0.11,0.00,0.05,5.2322,4079.18,70.3385
24.94,24.48,0.9997,24.54,0.9882,0.00,0.0000,0.06,-0.2505,0.12,0.00,0.04,5.1795,4081.84,-79.5437
24.94,24.48,0.4723,24.55,1.3034,0.00,0.0000,0.05,-0.2098,0.11,0.00,0.04,5.1795,4078.03,-41.3221
24.94,24.48,0.2562,24.54,0.4148,0.00,0.0000,0.06,0.0639,0.11,0.00,0.04,5.1788,4081.34,49.6111
24.94,24.48,-0.3898,24.54,0.6450,0.00,0.0000,0.06,-0.4906,0.13,0.00,0.04,5.2007,4080.02,-48.6957
24.94,24.48,-0.2351,24.54,-0.2443,0.00,0.0000,0.06,-0.0369,0.12,0.00,0.04,5.1817,4080.14,62.7573
24.94,24.49,0.3258,24.55,0.9624,0.00,0.0000,0.06,0.0928,0.11,0.00,0.04,5.1817,4082.13,-72.3349
24.94,24.48,0.6135,24.55,1.3298,0.00,0.0000,0.06,-0.0115,0.12,0.00,0.04,5.1780,4078.68,-37.7387
24.94,24.48,-0.2085,24.54,0.1935,0.00,0.0000,0.06,-0.6236,0.12,0.00,0.04,5.1773,4082.23,49.3902
24.94,24.48,0.0558,24.54,0.0394,0.00,0.0000,0.06,0.2617,0.11,0.00,0.05,5.1707,4080.07,-64.2604
24.94,24.48,-0.0604,24.54,-0.4781,0.00,0.0000,0.06,0.5554,0.12,0.00,0.04,5.1707,4080.02,73.1613
24.94,24.48,-0.1322,24.54,0.0882,0.00,0.0000,0.06,-0.0052,0.12,0.00,0.04,5.1802,4081.88,-70.8474
24.94,24.48,0.4226,24.55,0.9263,0.00,0.0000,0.06,-0.2485,0.12,0.00,0.05,5.1626,4078.54,-37.3276
24.94,24.48,-0.3432,24.54,-1.3697,0.00,0.0000,0.06,0.3186,0.11,0.00,0.04,5.1773,4082.44,46.6964
24.94,24.48,0.6216,24.54,1.1398,0.00,0.0000,0.06,-0.3910,0.11,0.00,0.04,5.1810,4080.43,-47.1660
24.94,24.48,0.0118,24.54,0.6031,0.00,0.0000,0.06,-0.2819,0.11,0.00,0.04,5.1736,4081.27,68.6778
24.94,24.47,0.0641,24.54,-1.2702,0.00,0.0000,0.06,0.7099,0.12,0.00,0.04,5.1744,4083.19,-71.3547
24.94,24.48,0.6336,24.55,0.4549,0.00,0.0000,0.06,0.1601,0.11,0.00,0.04,5.1780,4079.86,-37.9376
24.94,24.47,-0.1735,24.54,0.1198,0.00,0.0000,0.06,0.0220,0.11,0.00,0.04,5.1766,4082.98,42.2986
24.94,24.47,-0.2606,24.54,-0.8703,0.00,0.0000,0.06,0.2616,0.11,0.00,0.04,5.1810,4081.33,-53.1930
24.94,24.47,0.2025,24.54,0.2908,0.00,0.0000,0.06,-0.4136,0.11,0.00,0.04,5.1839,4081.92,64.7016
24.94,24.46,-0.7316,24.53,-0.3906,0.00,0.0000,0.06,0.0027,0.11,0.00,0.04,5.1692,4083.34,-76.9068
24.94,24.47,-0.7082,24.54,0.1895,0.00,0.0000,0.06,-0.0777,0.11,0.00,0.04,5.1729,4079.70,-40.3161
24.94,24.47,-0.5870,24.54,-1.0790,0.00,0.0000,0.06,-0.1265,0.12,0.00,0.04,5.1744,4083.53,46.4514
24.94,24.47,0.0316,24.54,0.6096,0.00,0.0000,0.06,-0.3649,0.12,0.00,0.06,5.1546,4081.74,-47.1677
24.94,24.47,-0.6239,24.54,0.3267,0.00,0.0000,0.06,-0.1630,0.12,0.00,0.05,5.1670,4082.16,62.3096
24.94,24.47,0.1111,24.55,-0.1790,0.00,0.0000,0.06,0.2218,0.11,0.00,0.04,5.1839,4083.58,-64.6892
24.94,24.47,-0.9202,24.54,-1.0594,0.00,0.0000,0.06,-0.2799,0.11,0.00,0.05,5.1700,4080.57,78.7535
24.94,24.47,0.4730,24.54,1.2086,0.00,0.0000,0.06,0.1076,0.12,0.00,0.05,5.1700,4084.22,42.0733
24.94,24.46,0.3822,24.54,0.4404,0.00,0.0000,0.06,-0.1496,0.12,0.00,0.05,5.1729,4082.13,-49.6247
24.94,24.46,0.1214,24.54,0.7612,0.00,0.0000,0.06,-0.3564,0.12,0.00,0.04,5.1788,4082.85,71.1563
24.94,24.46,-0.0983,24.54,-1.0378,0.00,0.0000,0.06,0.0381,0.11,0.00,0.04,5.1758,4084.90,-86.0840
24.94,24.46,-0.3428,24.54,0.0836,0.00,0.0000,0.06,-0.1525,0.11,0.00,0.04,5.1751,4080.91,-45.9813
24.94,24.47,0.2103,24.54,0.0464,0.00,0.0000,0.06,0.4351,0.11,0.00,0.04,5.1663,4084.89,58.7917
24.94,24.46,-0.2091,24.54,-0.3639,0.00,0.0000,0.06,-0.0765,0.11,0.00,0.04,5.1817,4083.34,-61.7610
24.94,24.46,-0.4348,24.54,-0.2087,0.00,0.0000,0.06,0.3023,0.11,0.00,0.05,5.1707,4083.75,71.8308
24.94,24.46,-0.3994,24.54,-1.0679,0.00,0.0000,0.06,0.2207,0.11,0.00,0.04,5.1758,4085.11,-66.3761
24.94,24.46,0.1072,24.54,-0.4458,0.00,0.0000,0.06,0.0522,0.11,0.00,0.04,5.1839,4082.28,74.8481
24.94,24.46,-0.8636,24.53,-1.5313,0.00,0.0000,0.06,0.4905,0.12,0.00,0.05,5.1736,4085.82,39.2455
24.94,24.46,-1.2460,24.54,-0.9756,0.00,0.0000,0.06,-0.2169,0.11,0.00,0.04,5.1795,4083.29,-48.0502
24.94,24.46,-0.0917,24.53,-0.5476,0.00,0.0000,0.06,-0.2141,0.11,0.00,0.04,5.1773,4084.26,61.5845
24.94,24.46,0.0079,24.53,-1.2816,0.00,0.0000,0.06,0.3208,0.11,0.00,0.05,5.1736,4085.46,-73.4616
24.94,24.46,0.4821,24.54,0.9035,0.00,0.0000,0.06,-0.6647,0.11,0.00,0.04,5.1758,4082.02,-38.8733
24.94,24.46,-0.5778,24.53,-1.2320,0.00,0.0000,0.06,-0.1498,0.12,0.00,0.04,5.1788,4085.89,47.7539
24.94,24.46,-0.3489,24.53,-0.7912,0.00,0.0000,0.06,0.2058,0.11,0.00,0.05,5.1736,4084.08,-47.4674
24.94,24.45,-0.2885,24.53,-0.4353,0.00,0.0000,0.06,0.4019,0.11,0.00,0.05,5.1722,4084.47,60.9482
24.94,24.46,0.7475,24.54,1.2240,0.00,0.0000,0.06,0.0547,0.11,0.00,0.04,5.1766,4086.35,-81.8517
24.94,24.46,0.1109,24.54,-0.9624,0.00,0.0000,0.06,0.0458,0.11,0.00,0.04,5.1722,4082.55,-43.7243
24.94,24.46,0.2735,24.54,0.3754,0.00,0.0000,0.06,0.1378,0.12,0.00,0.04,5.1758,4085.54,49.2525
24.94,24.46,-0.1939,24.54,0.0476,0.00,0.0000,0.06,0.1550,0.11,0.00,0.04,5.1773,4084.45,-55.2266
24.94,24.46,0.6576,24.54,1.1985,0.00,0.0000,0.06,-0.2610,0.11,0.00,0.06,5.1538,4083.72,64.9354
24.94,24.46,0.0651,24.54,-0.5783,0.00,0.0000,0.06,0.4956,0.12,0.00,0.04,5.1773,4086.10,-61.1173
24.94,24.45,0.3593,24.53,1.2018,0.00,0.0000,0.06,-0.3990,0.12,0.00,0.04,5.1766,4083.20,-32.0288
24.94,24.46,0.4184,24.53,0.9849,0.00,0.0000,0.06,0.0878,0.12,0.00,0.04,5.1810,4086.07,40.7885
24.94,24.45,0.2119,24.53,-0.0857,0.00,0.0000,0.06,0.2634,0.11,0.00,0.04,5.1810,4084.78,-47.3247
24.94,24.46,-0.3096,24.53,-0.3884,0.00,0.0000,0.06,0.2203,0.12,0.00,0.05,5.1685,4084.74,66.3874
24.94,24.46,-0.0521,24.54,-0.9315,0.00,0.0000,0.06,0.4050,0.11,0.00,0.04,5.1795,4087.32,-71.3450
24.94,24.45,0.4096,24.53,0.5418,0.00,0.0000,0.06,-0.3930,0.12,0.00,0.06,5.1641,4083.94,-37.4105
24.94,24.45,0.6258,24.53,1.0675,0.00,0.0000,0.06,-0.3747,0.11,0.00,0.04,5.1773,4087.26,52.7910
24.94,24.45,0.0471,24.53,-1.6187,0.00,0.0000,0.06,0.5199,0.11,0.00,0.04,5.1736,4085.59,-52.4086
24.94,24.45,-0.1101,24.53,-0.0680,0.00,0.0000,0.05,-0.5150,0.11,0.00,0.04,5.1758,4086.15,65.9833
24.94,24.45,0.6155,24.53,1.0585,0.00,0.0000,0.06,0.1018,0.12,0.00,0.05,5.1231,4087.94,-76.0983
24.94,24.45,-0.0782,24.53,0.0122,0.00,0.0000,0.06,-0.0966,0.11,0.00,0.05,5.1106,4084.41,-40.6442
24.94,24.45,0.6723,24.53,0.8536,0.00,0.0000,0.06,0.0997,0.11,0.00,0.04,5.1729,4087.95,48.9632
24.94,24.45,-0.3134,24.53,-0.7005,0.00,0.0000,0.06,0.3002,0.12,0.00,0.04,5.1758,4086.35,-48.9674
24.94,24.45,-0.4785,24.53,-1.7093,0.00,0.0000,0.06,0.3516,0.11,0.00,0.04,5.1766,4086.94,67.7994
24.94,24.45,0.6979,24.53,1.1865,0.00,0.0000,0.06,0.1193,0.11,0.00,0.05,5.1744,4088.82,-74.2574
24.94,24.45,0.3583,24.53,-0.7676,0.00,0.0000,0.06,-0.0089,0.11,0.00,0.04,5.1766,4085.30,-38.9344
24.94,24.45,-0.7639,24.53,-1.7191,0.00,0.0000,0.06,0.3597,0.12,0.00,0.04,5.1802,4089.04,47.7015
24.94,24.45,-0.3454,24.53,-1.0605,0.00,0.0000,0.06,0.3398,0.12,0.00,0.05,5.1363,4087.27,-48.0656
24.94,24.45,0.2010,24.53,0.0117,0.00,0.0000,0.06,-0.5424,0.11,0.00,0.05,5.1326,4087.59,51.6007
24.94,24.45,-0.2823,24.53,-1.1292,0.00,0.0000,0.06,-0.2144,0.12,0.00,0.04,5.1788,4088.76,-63.4896
24.94,24.45,-0.3593,24.52,-0.2841,0.00,0.0000,0.06,0.3711,0.12,0.00,0.05,5.1700,4085.75,-33.2760
24.94,24.44,0.6985,24.52,0.7770,0.00,0.0000,0.06,0.0291,0.11,0.00,0.04,5.1766,4089.86,49.6627
24.94,24.44,0.0848,24.52,1.1101,0.00,0.0000,0.06,-0.4656,0.12,0.00,0.04,5.1795,4087.24,-59.9246
24.94,24.45,0.0134,24.52,-0.7129,0.00,0.0000,0.06,0.4149,0.12,0.00,0.04,5.1795,4088.07,70.1982
24.94,24.44,0.0843,24.52,0.6180,0.00,0.0000,0.06,0.3134,0.12,0.00,0.04,5.1795,4089.34,-81.9883
24.94,24.44,-0.7599,24.52,-1.3158,0.00,0.0000,0.06,-0.0306,0.11,0.00,0.04,5.1795,4085.58,89.0560
24.94,24.44,-0.6901,24.53,-0.2341,0.00,0.0000,0.06,0.0533,0.11,0.00,0.05,5.1648,4089.78,46.9142
24.94,24.44,-0.1815,24.52,-0.1048,0.00,0.0000,0.06,0.0537,0.11,0.00,0.04,5.1802,4086.76,-57.1370
24.94,24.44,-1.5346,24.52,-1.1694,0.00,0.0000,0.06,0.2575,0.12,0.00,0.05,5.1648,4087.66,61.5097
24.94,24.44,-0.5558,24.52,0.8304,0.00,0.0000,0.06,0.0167,0.11,0.00,0.04,5.1788,4088.82,-63.1364
24.94,24.44,-0.1840,24.52,0.2176,0.00,0.0000,0.06,-0.2799,0.11,0.00,0.04,5.1780,4085.90,-33.7309
24.94,24.44,0.1364,24.52,0.1591,0.00,0.0000,0.06,-0.3811,0.11,0.00,0.04,5.1736,4089.89,39.6266
24.94,24.44,0.0403,24.52,-0.1537,0.00,0.0000,0.06,0.1362,0.11,0.00,0.05,5.1714,4086.97,-44.0052
24.94,24.44,0.0264,24.52,-0.0733,0.00,0.0000,0.06,0.3973,0.12,0.00,0.04,5.1810,4088.96,62.2838
24.94,24.44,-0.1470,24.52,0.5176,0.00,0.0000,0.06,-0.3004,0.11,0.00,0.04,5.1707,4088.70,-72.0609
24.94,24.44,-0.0486,24.52,-0.1956,0.00,0.0000,0.06,0.0910,0.11,0.00,0.05,5.1692,4086.69,83.5672
24.94,24.44,0.2324,24.52,1.0309,0.00,0.0000,0.06,-0.1770,0.11,0.00,0.04,5.1773,4090.62,44.0314
24.94,24.44,0.0681,24.51,0.5621,0.00,0.0000,0.06,-0.3288,0.12,0.00,0.04,5.1780,4087.34,-46.2416
24.94,24.44,0.3401,24.51,0.4291,0.00,0.0000,0.06,-0.3419,0.12,0.00,0.05,5.1341,4089.31,47.5718
25.00,24.44,0.6371,24.52,1.1864,0.00,0.0000,0.06,-0.3541,0.11,0.00,0.04,5.1758,4088.78,-49.5136
25.00,24.44,0.1811,24.51,0.7259,0.00,0.0000,0.06,-0.0469,0.12,0.00,0.05,5.1685,4087.87,61.9632
25.00,24.44,0.1715,24.51,-0.3670,0.00,0.0000,0.06,0.0999,0.12,0.00,0.05,5.1707,4090.75,33.0930
24.94,24.44,-0.6717,24.51,-0.8999,0.00,0.0000,0.06,0.0991,0.12,0.00,0.04,5.1788,4087.61,-39.2773
24.94,24.44,0.1518,24.51,0.1519,0.00,0.0000,0.06,0.1952,0.12,0.00,0.04,5.1744,4089.71,54.7604
24.94,24.44,0.7127,24.51,1.2081,0.00,0.0000,0.06,-0.2011,0.11,0.00,0.04,5.1846,4089.58,-70.2174
24.94,24.43,-0.8119,24.50,-0.9169,0.00,0.0000,0.06,-0.0989,0.11,0.00,0.04,5.1773,4087.05,92.2186
24.94,24.44,0.4570,24.50,0.6047,0.00,0.0000,0.06,-0.5053,0.11,0.00,0.05,5.1626,4091.41,48.3630
24.94,24.43,0.3839,24.51,-0.2888,0.00,0.0000,0.06,0.1198,0.11,0.00,0.04,5.1810,4088.46,-50.3553
24.94,24.43,0.3500,24.50,0.0551,0.00,0.0000,0.06,-0.0012,0.11,0.00,0.06,5.1612,4089.88,61.1829
24.94,24.43,-0.1291,24.51,-0.2954,0.00,0.0000,0.06,-0.2155,0.11,0.00,0.04,5.1780,4090.50,-70.2931
24.94,24.43,-0.6769,24.50,-0.9171,0.00,0.0000,0.06,-0.2053,0.12,0.00,0.05,5.2081,4088.19,77.2185
24.94,24.43,-0.6914,24.50,-0.4843,0.00,0.0000,0.06,0.0687,0.12,0.00,0.04,5.1817,4091.96,-72.7911
24.94,24.44,0.4676,24.51,0.1262,0.00,0.0000,0.06,0.2833,0.11,0.00,0.04,5.1766,4088.48,-37.8063
24.94,24.43,-0.1884,24.50,-0.1891,0.00,0.0000,0.06,-0.2528,0.12,0.00,0.04,5.1780,4091.10,48.4068
24.94,24.43,0.5446,24.51,0.3601,0.00,0.0000,0.05,-0.1023,0.11,0.00,0.04,5.1744,4090.58,-48.3067
24.94,24.43,-0.1957,24.51,0.0433,0.00,0.0000,0.05,-0.1225,0.11,0.00,0.05,5.1260,4089.91,72.6659
24.94,24.43,0.1924,24.51,0.7479,0.00,0.0000,0.06,-0.1561,0.11,0.00,0.04,5.1802,4093.31,38.4551
24.94,24.43,0.5193,24.51,0.9035,0.00,0.0000,0.06,-0.4806,0.11,0.00,0.04,5.1802,4088.99,-45.0091
24.94,24.43,0.1259,24.50,1.0605,0.00,0.0000,0.06,0.0150,0.12,0.00,0.04,5.1795,4092.43,56.5134
24.94,24.43,0.4730,24.51,1.0138,0.00,0.0000,0.06,-0.2401,0.13,0.00,0.04,5.1758,4091.40,-57.0288
24.94,24.43,-0.4073,24.51,-0.8605,0.00,0.0000,0.06,0.4559,0.11,0.00,0.05,5.1700,4090.63,63.4197
24.94,24.43,-0.1775,24.51,-0.4137,0.00,0.0000,0.06,0.1540,0.11,0.00,0.04,5.1817,4093.40,-77.6426
24.94,24.43,-0.5716,24.50,-1.3732,0.00,0.0000,0.06,0.0429,0.11,0.00,0.06,5.1575,4089.77,-41.1031
24.94,24.43,-0.1045,24.50,-0.6466,0.00,0.0000,0.06,0.5165,0.11,0.00,0.06,5.1568,4092.79,53.9992
24.94,24.43,-0.3763,24.51,-0.7295,0.00,0.0000,0.06,0.3427,0.12,0.00,0.04,5.1751,4091.77,-59.7409
24.94,24.43,0.0050,24.50,0.3297,0.00,0.0000,0.06,-0.2512,0.12,0.00,0.05,5.1678,4090.82,65.0428
24.94,24.43,-0.2585,24.50,0.6692,0.00,0.0000,0.06,0.0104,0.12,0.00,0.04,5.1773,4093.80,35.0879
24.94,24.43,-1.4300,24.51,-1.2072,0.00,0.0000,0.06,-0.2088,0.11,0.00,0.04,5.1780,4090.26,-44.0847
24.94,24.43,-0.0775,24.51,0.2772,0.00,0.0000,0.06,0.3438,0.11,0.00,0.04,5.1780,4092.50,57.3968
24.94,24.43,-0.5193,24.51,-0.9011,0.00,0.0000,0.06,0.3032,0.11,0.00,0.04,5.1802,4092.26,-76.8286
24.94,24.43,-0.3867,24.51,-0.8996,0.00,0.0000,0.06,0.6878,0.11,0.00,0.04,5.1788,4089.58,99.0232
24.94,24.43,0.6292,24.52,0.3384,0.00,0.0000,0.06,-0.1330,0.12,0.00,0.06,5.1553,4094.22,52.4132
24.94,24.44,0.2864,24.52,0.3267,0.00,0.0000,0.06,-0.2967,0.12,0.00,0.04,5.1802,4091.14,-53.3911
24.94,24.43,-0.5029,24.51,-0.4690,0.00,0.0000,0.06,-0.1070,0.12,0.00,0.04,5.1780,4092.03,52.3597
24.94,24.44,-0.2827,24.51,-1.0413,0.00,0.0000,0.06,0.1139,0.12,0.00,0.04,5.1810,4092.51,-77.8809
24.94,24.44,0.2914,24.51,0.0125,0.00,0.0000,0.06,0.2889,0.12,0.00,0.04,5.1758,4088.96,-42.1869
24.94,24.44,-0.1169,24.52,-0.6827,0.00,0.0000,0.06,0.1982,0.12,0.00,0.05,5.1700,4092.58,46.2845
24.94,24.44,0.8811,24.52,1.6691,0.00,0.0000,0.06,0.0072,0.11,0.00,0.04,5.1766,4090.31,-66.8890
24.94,24.44,0.2092,24.52,-0.1832,0.00,0.0000,0.06,-0.1014,0.12,0.00,0.05,5.1231,4089.65,63.5353
24.94,24.44,-0.1707,24.52,-0.8993,0.00,0.0000,0.06,0.9060,0.12,0.00,0.04,5.1722,4091.98,-97.3796
24.94,24.44,0.1210,24.51,0.0113,0.00,0.0000,0.06,0.2934,0.11,0.00,0.05,5.1700,4087.37,-51.0641
24.94,24.45,0.0970,24.52,1.0153,0.00,0.0000,0.06,-0.1202,0.12,0.00,0.04,5.1766,4090.65,53.9642
24.94,24.45,-0.0969,24.52,0.2160,0.00,0.0000,0.06,0.1133,0.11,0.00,0.04,5.1788,4088.98,-64.6985
24.94,24.45,0.5550,24.52,1.0453,0.00,0.0000,0.06,-0.5542,0.11,0.00,0.05,5.2066,4088.40,67.8768
24.94,24.45,-0.5635,24.52,-0.9096,0.00,0.0000,0.06,0.3361,0.12,0.00,0.04,5.1788,4090.98,-74.6260
24.94,24.44,-0.2107,24.52,0.6548,0.00,0.0000,0.06,0.0419,0.12,0.00,0.05,5.1663,4087.44,-39.1247
24.94,24.45,-0.1706,24.52,-0.3710,0.00,0.0000,0.06,0.6524,0.12,0.00,0.06,5.1590,4089.79,41.1128
24.94,24.45,0.6289,24.52,1.2718,0.00,0.0000,0.06,-0.2327,0.12,0.00,0.04,5.1780,4088.75,-50.7116
24.94,24.45,0.6403,24.52,0.2946,0.00,0.0000,0.06,0.7160,0.12,0.00,0.05,5.1341,4088.23,67.1004
24.94,24.46,-0.2287,24.52,-1.4973,0.00,0.0000,0.06,0.5145,0.11,0.00,0.05,5.1663,4091.07,-73.5302
24.94,24.46,0.0335,24.52,-0.9079,0.00,0.0000,0.06,0.2763,0.11,0.00,0.04,5.1773,4087.61,-38.7198
24.94,24.46,0.4591,24.52,0.6222,0.00,0.0000,0.06,-0.2615,0.11,0.00,0.04,5.1729,4090.27,48.5644
24.94,24.46,-0.0925,24.52,-0.6631,0.00,0.0000,0.06,0.3054,0.11,0.00,0.04,5.1751,4089.21,-55.3228
24.94,24.46,0.9022,24.52,1.2198,0.00,0.0000,0.06,-0.0668,0.11,0.00,0.04,5.2015,4088.51,65.8277
24.94,24.47,0.3630,24.52,1.1483,0.00,0.0000,0.06,-0.1506,0.11,0.00,0.05,5.1707,4091.34,-76.2187
24.94,24.47,-0.1629,24.52,-1.0595,0.00,0.0000,0.06,0.2583,0.12,0.00,0.04,5.1795,4087.85,-41.1183
24.94,24.47,-0.9235,24.52,-1.6058,0.00,0.0000,0.06,0.1534,0.11,0.00,0.04,5.1795,4090.46,55.3713
24.94,24.47,0.1268,24.52,-0.7905,0.00,0.0000,0.06,0.0834,0.12,0.00,0.05,5.1700,4090.36,-58.7454
24.94,24.47,-0.4318,24.52,-0.2066,0.00,0.0000,0.06,-0.2280,0.12,0.00,0.05,5.1714,4088.58,82.4410
24.94,24.47,-0.6801,24.52,-0.8372,0.00,0.0000,0.06,0.3327,0.11,0.00,0.04,5.1744,4092.42,43.8320
24.94,24.47,-0.2580,24.52,0.3572,0.00,0.0000,0.06,-0.4029,0.12,0.00,0.04,5.1788,4089.76,-43.6019
24.94,24.47,-0.6519,24.52,0.3776,0.00,0.0000,0.06,-0.2960,0.12,0.00,0.05,5.1597,4091.54,64.4921
24.94,24.47,0.5658,24.52,0.9237,0.00,0.0000,0.06,-0.3640,0.10,0.00,0.04,5.1802,4092.59,-70.9918
