tos1a
openloop
20
50
2016-03-30 06:27:46
"c_fan","c_led","c_lamp","t_sim","s_rate"
30,50,0,20,50
"temp_chip","f_temp_int","d_temp_int","f_temp_ext","d_temp_ext","f_light_int_lin","d_light_int_lin","f_light_int_log","d_light_int_log","I_bulb","V_bulb","I_fan","V_fan","f_rpm","d_rmp"
===
24.94,25.32,0.0000,24.92,0.0000,0.00,0.0000,0.05,0.0000,0.12,0.00,0.00,0.0000,0.00,2.2749
24.94,25.29,0.1256,25.03,-1.1121,0.00,0.0000,0.03,0.1123,0.12,0.00,0.09,8.0396,584.94,7074.6422
24.94,25.31,-0.3207,24.96,0.2485,0.00,0.0000,0.05,-0.1740,0.12,0.00,0.07,6.6872,1154.41,6998.8722
24.94,25.31,-0.0737,24.94,-1.2116,0.00,0.0000,0.06,0.5211,0.11,0.00,0.07,6.0396,1572.40,6457.5721
24.94,25.31,-0.5565,24.94,-0.3926,0.00,0.0000,0.06,-0.3728,0.11,0.00,0.05,5.6842,1896.75,5650.9239
24.94,25.30,-1.2640,24.93,-1.3330,0.00,0.0000,0.06,-0.1796,0.11,0.00,0.06,5.4784,2154.12,3065.3267
24.94,25.30,0.6983,24.93,1.4172,0.00,0.0000,0.06,-0.2106,0.12,0.00,0.05,5.3568,2362.73,2756.6055
24.94,25.29,0.3884,24.92,0.6453,0.00,0.0000,0.06,-0.2145,0.12,0.00,0.04,5.2725,2522.94,2711.2556
24.88,25.29,0.2741,24.92,0.0362,0.00,0.0000,0.06,-0.0163,0.11,0.00,0.05,5.2454,2657.06,2511.7868
24.88,25.28,-0.3609,24.92,-1.0232,0.00,0.0000,0.06,0.3173,0.12,0.00,0.05,5.2161,2778.25,1293.3054
24.88,25.28,0.2533,24.92,0.7631,0.00,0.0000,0.06,-0.2540,0.12,0.00,0.04,5.2022,2880.36,1301.0245
24.94,25.27,-0.1469,24.92,0.8793,0.00,0.0000,0.06,-0.4679,0.11,0.00,0.05,5.1941,2973.08,1446.2646
24.94,25.26,-0.0872,24.92,0.6210,0.00,0.0000,0.06,-0.0078,0.13,0.00,0.05,5.1861,3047.05,1490.8025
24.94,25.25,0.0930,24.91,-1.2319,0.00,0.0000,0.06,0.5942,0.12,0.00,0.05,5.1802,3115.35,804.4050
24.94,25.25,-0.0619,24.91,1.0699,0.00,0.0000,0.06,-0.3211,0.12,0.00,0.04,5.1839,3184.16,908.9760
24.94,25.24,0.1419,24.91,0.0983,0.00,0.0000,0.06,-0.0406,0.11,0.00,0.05,5.1729,3247.17,966.3838
24.94,25.23,0.0397,24.90,-0.7474,0.00,0.0000,0.06,0.3472,0.12,0.00,0.04,5.1810,3302.05,1053.6479
24.94,25.23,0.1198,24.90,1.2302,0.00,0.0000,0.06,-0.3431,0.12,0.00,0.05,5.2168,3350.89,562.9421
24.94,25.22,0.0757,24.90,0.2610,0.00,0.0000,0.06,0.0710,0.12,0.00,0.04,5.1802,3402.35,643.7180
24.94,25.21,-0.7845,24.90,0.0459,0.00,0.0000,0.06,-0.3431,0.12,0.00,0.04,5.1817,3447.32,638.9194
24.88,25.20,0.5344,24.90,0.7472,0.00,0.0000,0.06,0.0943,0.11,0.00,0.04,5.1839,3487.10,795.6640
24.88,25.19,0.1768,24.89,0.9298,0.00,0.0000,0.06,-0.1607,0.12,0.00,0.04,5.1795,3523.99,425.1355
24.88,25.19,-0.5409,24.89,-0.7150,0.00,0.0000,0.06,0.3399,0.12,0.00,0.05,5.1729,3563.44,472.5142
24.94,25.18,-0.0339,24.89,0.5928,0.00,0.0000,0.05,-0.1072,0.11,0.00,0.06,5.1590,3596.09,535.6309
24.94,25.17,-0.3434,24.89,0.3313,0.00,0.0000,0.06,0.1384,0.12,0.00,0.04,5.1802,3627.09,586.6641
24.94,25.16,-0.1648,24.88,-0.0851,0.00,0.0000,0.06,0.0183,0.11,0.00,0.06,5.1648,3654.13,314.8501
24.88,25.16,-0.4502,24.88,-0.8404,0.00,0.0000,0.06,-0.1601,0.11,0.00,0.04,5.1853,3684.20,328.7401
24.88,25.15,-0.4175,24.89,-1.6087,0.00,0.0000,0.06,0.5211,0.11,0.00,0.05,5.1692,3711.85,349.5173
24.88,25.14,-0.5552,24.88,-0.7064,0.00,0.0000,0.06,-0.0894,0.12,0.00,0.06,5.1590,3740.38,393.3430
24.94,25.13,-0.2880,24.88,-1.1989,0.00,0.0000,0.06,0.3060,0.11,0.00,0.04,5.1780,3762.40,354.2730
24.94,25.13,-0.2987,24.88,0.0747,0.00,0.0000,0.06,-0.1779,0.12,0.00,0.04,5.1795,3779.79,400.7186
24.94,25.12,-0.3539,24.87,0.2177,0.00,0.0000,0.06,-0.0570,0.12,0.00,0.04,5.1363,3798.66,211.0612
24.88,25.11,-0.5918,24.87,-1.7771,0.00,0.0000,0.06,-0.0883,0.12,0.00,0.04,5.1853,3814.11,199.7721
24.88,25.10,-0.1752,24.87,-1.1111,0.00,0.0000,0.06,0.0834,0.11,0.00,0.05,5.1788,3832.00,327.6914
24.88,25.09,-0.6123,24.86,-1.1464,0.00,0.0000,0.06,0.2237,0.12,0.00,0.05,5.1179,3849.11,260.4639
24.94,25.09,0.7626,24.86,0.9599,0.00,0.0000,0.06,-0.1560,0.11,0.00,0.04,5.1780,3861.44,136.4728
24.94,25.08,-0.2268,24.86,-0.0409,0.00,0.0000,0.06,0.1643,0.12,0.00,0.04,5.1839,3874.80,152.2021
24.94,25.07,-0.1274,24.86,-0.2152,0.00,0.0000,0.06,0.4541,0.13,0.00,0.04,5.1853,3884.75,125.6918
24.94,25.06,-0.0374,24.85,0.3837,0.00,0.0000,0.06,-0.4079,0.12,0.00,0.04,5.1795,3897.82,245.5713
24.94,25.06,0.2005,24.85,-0.3038,0.00,0.0000,0.06,0.3229,0.12,0.00,0.05,5.1766,3909.92,164.6827
24.94,25.06,0.3793,24.85,1.0511,0.00,0.0000,0.06,-0.2402,0.12,0.00,0.05,5.1692,3917.31,90.4744
24.94,25.04,0.0169,24.84,-0.2608,0.00,0.0000,0.06,0.4744,0.12,0.00,0.06,5.1663,3926.29,112.6743
24.94,25.04,0.6618,24.85,1.4965,0.00,0.0000,0.06,0.0470,0.12,0.00,0.05,5.1729,3934.26,128.4342
24.94,25.03,-0.0414,24.85,0.0786,0.00,0.0000,0.06,0.1075,0.11,0.00,0.04,5.1824,3941.49,119.9659
24.94,25.02,0.4436,24.83,0.2873,0.00,0.0000,0.06,0.5641,0.12,0.00,0.05,5.1751,3947.05,64.0672
24.94,25.02,-0.4182,24.84,-0.4290,0.00,0.0000,0.06,0.3971,0.12,0.00,0.05,5.1656,3954.69,83.6332
24.94,25.02,-0.0260,24.84,0.2608,0.00,0.0000,0.06,-0.5126,0.12,0.00,0.05,5.1736,3960.98,82.6859
24.88,25.01,-0.6299,24.83,-0.7607,0.00,0.0000,0.06,-0.1577,0.13,0.00,0.04,5.1810,3966.95,109.2102
24.88,25.00,-0.8471,24.83,-1.4858,0.00,0.0000,0.06,0.4450,0.12,0.00,0.04,5.1795,3972.38,75.9051
24.88,24.99,-0.2146,24.83,-1.6429,0.00,0.0000,0.06,0.4842,0.12,0.00,0.04,5.2154,3976.01,39.3948
24.88,24.99,0.2527,24.83,0.0514,0.00,0.0000,0.06,-0.2820,0.12,0.00,0.04,5.1824,3981.53,67.0444
24.88,24.98,-0.6866,24.83,0.3418,0.00,0.0000,0.06,-0.2856,0.11,0.00,0.04,5.1795,3985.43,50.6426
24.88,24.97,-0.0588,24.82,0.2691,0.00,0.0000,0.06,-0.0499,0.12,0.00,0.05,5.1678,3989.12,77.6720
24.94,24.97,-0.2170,24.82,-0.4171,0.00,0.0000,0.06,0.3173,0.12,0.00,0.06,5.1604,3992.86,61.9733
24.94,24.96,0.2913,24.82,0.1050,0.00,0.0000,0.06,0.0490,0.12,0.00,0.05,5.1656,3996.00,30.4102
24.94,24.96,-0.8317,24.81,-1.4058,0.00,0.0000,0.06,0.0337,0.13,0.00,0.05,5.1795,3999.85,47.4043
24.88,24.95,0.7159,24.82,1.0187,0.00,0.0000,0.06,0.1491,0.11,0.00,0.04,5.1788,4002.75,37.2811
24.88,24.94,0.3159,24.81,-0.0331,0.00,0.0000,0.06,0.2526,0.12,0.00,0.04,5.1758,4005.41,58.5334
24.88,24.94,-1.0155,24.80,-0.7865,0.00,0.0000,0.06,-0.2091,0.12,0.00,0.04,5.1832,4008.15,31.4506
24.94,24.93,0.4526,24.80,-0.0194,0.00,0.0000,0.06,-0.0541,0.12,0.00,0.06,5.1597,4009.64,16.4753
24.94,24.92,0.0688,24.80,0.1319,0.00,0.0000,0.06,0.1641,0.12,0.00,0.04,5.1780,4012.59,42.2715
24.94,24.92,-0.2427,24.80,-0.6245,0.00,0.0000,0.06,0.5453,0.12,0.00,0.05,5.1758,4014.53,21.7503
24.88,24.92,0.0917,24.80,0.7264,0.00,0.0000,0.06,-0.1651,0.12,0.00,0.04,5.1744,4016.49,55.7199
24.88,24.91,-0.0356,24.79,0.1320,0.00,0.0000,0.06,-0.1679,0.11,0.00,0.04,5.1846,4019.08,29.7518
24.88,24.90,-0.1158,24.79,-0.3685,0.00,0.0000,0.06,-0.2811,0.11,0.00,0.04,5.1788,4019.51,4.2454
24.94,24.90,0.3784,24.79,1.3821,0.00,0.0000,0.06,-0.3778,0.12,0.00,0.04,5.1832,4021.62,37.7406
24.94,24.89,0.6963,24.79,1.0093,0.00,0.0000,0.06,-0.1848,0.11,0.00,0.04,5.1788,4023.12,10.8324
24.94,24.89,-0.2723,24.79,-0.4327,0.00,0.0000,0.06,-0.1419,0.11,0.00,0.04,5.1795,4023.84,46.0406
24.94,24.88,0.1753,24.78,0.3584,0.00,0.0000,0.06,-0.5255,0.12,0.00,0.04,5.1817,4025.99,24.3766
24.94,24.88,-0.3380,24.78,-0.5040,0.00,0.0000,0.06,0.4109,0.12,0.00,0.04,5.1832,4026.67,5.7298
24.94,24.87,-0.8442,24.78,-1.3451,0.00,0.0000,0.06,-0.0105,0.12,0.00,0.05,5.1773,4027.54,20.1810
24.94,24.87,-0.0990,24.78,-0.3552,0.00,0.0000,0.06,0.1034,0.12,0.00,0.05,5.1648,4028.36,1.0726
24.94,24.86,-0.1453,24.77,1.0383,0.00,0.0000,0.06,-0.5879,0.11,0.00,0.05,5.1729,4028.41,0.5625
24.94,24.86,0.5677,24.77,0.1829,0.00,0.0000,0.06,0.2875,0.12,0.00,0.04,5.1817,4029.94,19.8073
24.94,24.85,-0.3648,24.77,0.3393,0.00,0.0000,0.06,0.0458,0.12,0.00,0.05,5.1070,4030.90,9.2280
24.94,24.85,0.2921,24.77,1.1662,0.00,0.0000,0.06,-0.4376,0.12,0.00,0.04,5.1824,4032.63,14.6002
24.94,24.84,-0.6238,24.77,-1.1711,0.00,0.0000,0.06,0.6057,0.12,0.00,0.04,5.1839,4032.88,1.1749
24.94,24.84,-0.0960,24.76,0.3778,0.00,0.0000,0.06,-0.2620,0.11,0.00,0.04,5.1788,4033.82,24.9746
24.94,24.83,0.8440,24.76,1.4437,0.00,0.0000,0.06,-0.2817,0.12,0.00,0.04,5.1810,4034.72,-6.4390
24.88,24.83,-0.9294,24.76,-1.1664,0.00,0.0000,0.06,0.2979,0.11,0.00,0.05,5.1560,4034.43,-3.4717
24.88,24.82,-1.3404,24.76,-1.2720,0.00,0.0000,0.06,0.0132,0.11,0.00,0.05,5.1626,4036.01,21.7847
24.88,24.82,-0.3648,24.75,0.4775,0.00,0.0000,0.06,-0.0739,0.12,0.00,0.05,5.1656,4036.38,-3.2145
24.94,24.81,-0.9009,24.75,-1.0068,0.00,0.0000,0.06,0.0377,0.12,0.00,0.04,5.1861,4036.60,18.8938
24.94,24.81,0.0253,24.75,-0.1978,0.00,0.0000,0.06,0.0540,0.11,0.00,0.04,5.1817,4037.49,9.9509
24.94,24.81,-0.3695,24.75,-0.2510,0.00,0.0000,0.06,-0.3405,0.12,0.00,0.04,5.1853,4037.41,-1.1777
24.88,24.80,-0.9235,24.74,0.2733,0.00,0.0000,0.06,-0.5159,0.11,0.00,0.04,5.1773,4038.59,20.6856
24.88,24.80,-0.4682,24.75,-0.5005,0.00,0.0000,0.06,0.1822,0.12,0.00,0.04,5.1788,4038.99,-6.6924
24.88,24.79,0.3869,24.74,1.3966,0.00,0.0000,0.06,-0.7746,0.12,0.00,0.05,5.1714,4038.89,16.1729
24.88,24.79,0.3052,24.74,0.4299,0.00,0.0000,0.06,-0.2016,0.12,0.00,0.04,5.1802,4039.64,8.6794
24.88,24.78,-1.0457,24.74,-1.0051,0.00,0.0000,0.06,0.0325,0.12,0.00,0.04,5.1824,4040.00,4.0527
24.88,24.78,-0.2205,24.74,-0.8040,0.00,0.0000,0.06,0.3037,0.11,0.00,0.04,5.1839,4040.85,17.8759
24.94,24.78,-0.8803,24.73,-1.0761,0.00,0.0000,0.06,-0.0032,0.11,0.00,0.04,5.1802,4041.35,-6.5100
24.94,24.77,-0.9415,24.73,-1.3137,0.00,0.0000,0.06,0.0453,0.11,0.00,0.04,5.1788,4041.21,28.6826
24.94,24.77,-0.2779,24.73,0.2512,0.00,0.0000,0.06,-0.0451,0.11,0.00,0.05,5.1766,4042.54,15.3231
24.88,24.77,-0.0818,24.73,-1.2843,0.00,0.0000,0.06,0.1622,0.11,0.00,0.05,5.1326,4042.79,0.8576
24.88,24.76,-0.1128,24.73,0.5239,0.00,0.0000,0.06,-0.1472,0.12,0.00,0.04,5.1788,4043.11,7.6797
24.88,24.76,-0.6056,24.72,-0.3808,0.00,0.0000,0.06,-0.1173,0.11,0.00,0.06,5.1590,4043.36,-2.8614
24.88,24.75,0.3135,24.72,-0.5126,0.00,0.0000,0.06,0.3722,0.12,0.00,0.04,5.1788,4043.23,-1.4992
24.88,24.75,0.1203,24.73,0.1608,0.00,0.0000,0.06,-0.1925,0.12,0.00,0.04,5.1824,4044.18,11.3166
24.88,24.75,0.0625,24.72,0.9267,0.00,0.0000,0.06,-0.1178,0.11,0.00,0.06,5.1604,4043.86,-9.3653
24.94,24.75,-0.3790,24.72,-0.4106,0.00,0.0000,0.06,0.4129,0.12,0.00,0.05,5.1421,4043.89,12.7409
24.94,24.74,-0.7018,24.71,-0.7352,0.00,0.0000,0.06,-0.5200,0.11,0.00,0.06,5.1612,4044.41,-14.8827
24.94,24.74,-0.5515,24.72,-0.9848,0.00,0.0000,0.06,0.5096,0.11,0.00,0.05,5.1582,4043.66,-7.3051
24.88,24.74,0.2831,24.72,-0.4975,0.00,0.0000,0.06,0.4037,0.11,0.00,0.03,5.2476,4044.76,15.4765
24.88,24.73,-0.0111,24.71,-1.0368,0.00,0.0000,0.06,0.1670,0.12,0.00,0.05,5.1736,4044.75,-7.8102
24.88,24.73,1.0188,24.71,1.1521,0.00,0.0000,0.06,0.1437,0.11,0.00,0.04,5.1773,4044.78,14.7464
24.94,24.73,0.3161,24.71,0.0549,0.00,0.0000,0.06,0.1256,0.12,0.00,0.05,5.1773,4045.45,-15.8440
24.94,24.72,0.3170,24.71,-0.0828,0.00,0.0000,0.06,0.0305,0.12,0.00,0.06,5.1604,4044.72,-8.5040
24.94,24.72,0.6572,24.70,-0.3938,0.00,0.0000,0.06,0.1341,0.12,0.00,0.05,5.1209,4045.18,10.8010
24.88,24.72,0.8251,24.71,1.1459,0.00,0.0000,0.06,-0.3364,0.12,0.00,0.05,5.1788,4045.42,-2.6739
24.88,24.71,-0.2030,24.70,-0.9496,0.00,0.0000,0.06,0.7242,0.12,0.00,0.05,5.1150,4045.38,9.2055
24.88,24.71,-0.5351,24.71,-0.7883,0.00,0.0000,0.06,0.3564,0.12,0.00,0.04,5.1714,4045.83,4.7574
24.94,24.71,-0.4592,24.70,-1.4116,0.00,0.0000,0.06,0.2538,0.11,0.00,0.04,5.1824,4045.51,-4.5706
24.94,24.71,0.3098,24.70,-0.5093,0.00,0.0000,0.06,0.4364,0.12,0.00,0.04,5.1810,4045.68,5.6786
24.94,24.70,0.2739,24.70,1.2010,0.00,0.0000,0.06,-0.5315,0.11,0.00,0.04,5.1773,4045.70,-6.9277
24.94,24.70,0.3060,24.70,0.4816,0.00,0.0000,0.06,-0.2778,0.11,0.00,0.04,5.1810,4045.44,7.5993
24.94,24.70,-0.3255,24.70,-0.3627,0.00,0.0000,0.06,0.1998,0.11,0.00,0.05,5.1692,4045.80,4.0043
24.94,24.70,0.3913,24.69,1.3352,0.00,0.0000,0.06,0.0964,0.11,0.00,0.05,5.1744,4045.54,-4.3741
24.94,24.69,-0.1727,24.69,0.3386,0.00,0.0000,0.06,-0.3252,0.11,0.00,0.04,5.1832,4045.98,12.7020
24.94,24.69,-0.5382,24.69,0.3732,0.00,0.0000,0.06,-0.2565,0.12,0.00,0.04,5.1766,4046.00,-20.9392
24.94,24.68,0.5067,24.69,0.5671,0.00,0.0000,0.06,-0.2207,0.11,0.00,0.05,5.1714,4045.11,21.4235
24.88,24.68,-0.6584,24.68,-0.3246,0.00,0.0000,0.06,-0.0631,0.12,0.00,0.04,5.1802,4046.15,11.0183
24.88,24.68,-0.3248,24.69,-0.4540,0.00,0.0000,0.06,0.2682,0.11,0.00,0.04,5.1839,4045.81,-6.5912
24.88,24.68,0.6171,24.69,1.4061,0.00,0.0000,0.06,-0.3557,0.12,0.00,0.04,5.1795,4046.14,11.5805
24.88,24.67,-0.9172,24.68,-1.8084,0.00,0.0000,0.06,0.2340,0.11,0.00,0.05,5.1692,4046.49,-4.9569
24.88,24.67,-0.2280,24.68,-0.1484,0.00,0.0000,0.06,0.6199,0.11,0.00,0.04,5.1773,4046.27,-2.6601
24.88,24.67,0.1819,24.68,-0.0805,0.00,0.0000,0.06,0.2767,0.12,0.00,0.05,5.1634,4046.71,4.8687
24.94,24.67,0.1055,24.68,-0.3411,0.00,0.0000,0.06,-0.1184,0.12,0.00,0.07,5.1568,4046.56,-3.5698
24.94,24.66,0.6577,24.68,1.1826,0.00,0.0000,0.06,-0.0237,0.11,0.00,0.04,5.1788,4047.01,15.3191
24.94,24.66,-0.4535,24.68,-0.4515,0.00,0.0000,0.06,-0.0781,0.11,0.00,0.04,5.1788,4047.46,-12.1234
24.94,24.66,0.4568,24.67,0.6885,0.00,0.0000,0.06,0.1116,0.11,0.00,0.04,5.1788,4046.89,-6.3854
24.94,24.66,0.7040,24.68,0.2995,0.00,0.0000,0.06,-0.2799,0.11,0.00,0.04,5.1810,4047.50,8.3573
24.94,24.65,0.7529,24.67,0.7547,0.00,0.0000,0.06,-0.0874,0.12,0.00,0.05,5.1919,4047.23,-7.3272
24.94,24.65,0.1398,24.67,0.8530,0.00,0.0000,0.06,-0.0981,0.11,0.00,0.05,5.1744,4047.76,20.7520
24.94,24.65,0.3123,24.67,-0.4906,0.00,0.0000,0.06,0.2880,0.11,0.00,0.04,5.1780,4048.45,-11.0981
24.94,24.65,0.0545,24.67,-0.6290,0.00,0.0000,0.06,-0.1147,0.12,0.00,0.06,5.1568,4047.91,5.2196
24.88,24.64,-0.1360,24.67,-0.8457,0.00,0.0000,0.06,-0.0372,0.12,0.00,0.05,5.1707,4048.16,2.7882
24.88,24.64,0.0721,24.67,1.1858,0.00,0.0000,0.06,-0.5726,0.11,0.00,0.06,5.1560,4047.89,-5.0098
24.88,24.64,0.4443,24.66,1.2662,0.00,0.0000,0.06,-0.4036,0.11,0.00,0.04,5.1751,4048.31,12.2180
24.94,24.64,-0.0159,24.67,-0.6038,0.00,0.0000,0.06,0.1913,0.11,0.00,0.04,5.1853,4048.50,-10.6621
24.94,24.63,-0.4101,24.66,-0.9132,0.00,0.0000,0.06,0.3989,0.12,0.00,0.04,5.1744,4048.08,27.5436
24.94,24.63,-0.7503,24.66,-0.9201,0.00,0.0000,0.06,0.1875,0.12,0.00,0.05,5.1758,4049.33,14.9158
24.94,24.63,-0.3605,24.66,-0.8183,0.00,0.0000,0.06,-0.2770,0.12,0.00,0.04,5.1780,4048.69,-12.5219
24.94,24.62,-0.3787,24.65,0.2496,0.00,0.0000,0.06,0.4395,0.11,0.00,0.04,5.1810,4049.05,15.7673
24.94,24.62,-0.2677,24.65,0.2316,0.00,0.0000,0.06,-0.1817,0.12,0.00,0.05,5.1663,4049.42,-10.4334
24.94,24.62,-0.1321,24.66,0.3303,0.00,0.0000,0.06,0.1430,0.11,0.00,0.05,5.1736,4048.94,17.8632
24.94,24.62,-0.2635,24.65,-0.2247,0.00,0.0000,0.06,-0.0578,0.11,0.00,0.05,5.1136,4049.77,9.5414
24.94,24.62,0.6061,24.65,1.0567,0.00,0.0000,0.06,0.1576,0.11,0.00,0.05,5.1758,4049.86,-1.3134
24.88,24.62,-0.6273,24.65,-0.8505,0.00,0.0000,0.06,-0.1479,0.13,0.00,0.04,5.1773,4050.32,16.0383
24.88,24.62,-0.5791,24.65,-0.2858,0.00,0.0000,0.06,-0.2689,0.11,0.00,0.04,5.1788,4050.67,-30.9155
24.88,24.61,0.1214,24.64,0.7233,0.00,0.0000,0.06,-0.2257,0.11,0.00,0.04,5.1656,4049.20,-16.2039
24.94,24.61,-0.2459,24.64,0.2202,0.00,0.0000,0.06,0.1607,0.12,0.00,0.04,5.1744,4050.28,16.3729
24.94,24.61,-0.2878,24.65,0.5785,0.00,0.0000,0.06,-0.6089,0.11,0.00,0.04,5.1824,4050.07,-14.4496
24.94,24.61,-0.4569,24.64,0.3119,0.00,0.0000,0.06,-0.2303,0.11,0.00,0.05,5.1714,4049.73,9.9668
24.94,24.61,-0.3885,24.64,-0.0447,0.00,0.0000,0.06,-0.1220,0.11,0.00,0.05,5.1744,4050.19,-15.6471
24.94,24.60,-0.1835,24.64,0.8837,0.00,0.0000,0.06,-0.2130,0.12,0.00,0.04,5.1824,4049.45,-8.2026
24.94,24.60,0.2524,24.64,0.4589,0.00,0.0000,0.06,0.2862,0.12,0.00,0.04,5.1780,4050.32,15.5531
24.88,24.60,0.5832,24.64,1.3299,0.00,0.0000,0.06,-0.1920,0.10,0.00,0.04,5.1817,4050.42,-8.9880
24.88,24.60,-0.2045,24.63,-0.1658,0.00,0.0000,0.06,0.3560,0.11,0.00,0.04,5.1780,4050.26,15.0940
24.88,24.60,0.6590,24.64,1.8960,0.00,0.0000,0.06,-0.3223,0.11,0.00,0.04,5.1758,4050.97,8.0225
24.94,24.59,0.1333,24.63,0.4224,0.00,0.0000,0.06,-0.0152,0.12,0.00,0.04,5.1817,4050.91,-1.3888
24.94,24.60,0.0778,24.64,0.5895,0.00,0.0000,0.06,0.0515,0.12,0.00,0.05,5.1722,4051.17,6.4553
24.94,24.59,-0.5111,24.64,-0.1942,0.00,0.0000,0.06,-0.2834,0.11,0.00,0.04,5.1832,4051.11,-15.9042
24.94,24.59,-0.1702,24.63,0.0508,0.00,0.0000,0.06,-0.3044,0.12,0.00,0.04,5.1810,4050.38,-8.5302
24.94,24.59,-0.2832,24.63,-0.8149,0.00,0.0000,0.06,0.1031,0.11,0.00,0.04,5.1802,4051.51,13.5939
24.94,24.59,0.5061,24.63,1.2384,0.00,0.0000,0.06,0.0008,0.11,0.00,0.05,5.1502,4051.38,-6.6286
24.94,24.58,0.1690,24.63,1.4872,0.00,0.0000,0.06,-0.5224,0.12,0.00,0.05,5.1729,4051.58,13.3159
24.94,24.58,1.1260,24.63,-0.3108,0.00,0.0000,0.06,-0.1543,0.12,0.00,0.04,5.1824,4052.79,12.6738
24.94,24.58,-0.0833,24.63,-1.0487,0.00,0.0000,0.06,-0.0058,0.12,0.00,0.04,5.1788,4051.99,-11.3122
24.94,24.58,-0.3090,24.63,0.4205,0.00,0.0000,0.06,-0.4243,0.11,0.00,0.04,5.1802,4052.12,7.9546
24.94,24.58,0.3324,24.63,0.6347,0.00,0.0000,0.06,-0.4139,0.11,0.00,0.04,5.1853,4052.28,-5.1663
24.94,24.58,-1.0188,24.62,-0.8727,0.00,0.0000,0.06,0.2270,0.12,0.00,0.05,5.1729,4052.05,10.6509
24.94,24.58,-0.5147,24.63,-1.1725,0.00,0.0000,0.06,0.8186,0.12,0.00,0.04,5.1773,4052.55,5.6373
24.94,24.58,-0.0393,24.62,0.2501,0.00,0.0000,0.06,0.0274,0.11,0.00,0.06,5.1963,4052.07,-10.0842
24.94,24.57,-0.3442,24.62,0.0319,0.00,0.0000,0.06,-0.0805,0.11,0.00,0.06,5.1597,4052.02,8.9655
24.94,24.57,0.0781,24.62,-0.9204,0.00,0.0000,0.06,-0.1783,0.12,0.00,0.04,5.1758,4052.36,-6.9472
24.88,24.57,0.1418,24.62,-0.3432,0.00,0.0000,0.06,0.3614,0.12,0.00,0.05,5.1136,4052.04,-3.7829
24.88,24.57,0.1403,24.62,0.8898,0.00,0.0000,0.06,0.0471,0.11,0.00,0.04,5.1810,4052.74,11.7421
24.88,24.56,0.8283,24.62,1.0135,0.00,0.0000,0.06,0.0356,0.11,0.00,0.04,5.1839,4052.65,-10.9419
24.88,24.56,-0.6457,24.61,-1.4168,0.00,0.0000,0.06,0.1364,0.12,0.00,0.06,5.1590,4052.64,26.2665
24.88,24.56,0.9472,24.62,1.1429,0.00,0.0000,0.06,0.0676,0.12,0.00,0.04,5.1766,4053.87,13.8260
24.88,24.56,-0.0011,24.61,1.1952,0.00,0.0000,0.06,-0.2217,0.12,0.00,0.04,5.1736,4052.99,-10.8132
24.88,24.56,1.3080,24.62,0.9262,0.00,0.0000,0.06,0.2353,0.11,0.00,0.04,5.1817,4053.18,7.2412
24.88,24.56,-1.0018,24.62,-1.1868,0.00,0.0000,0.06,-0.1290,0.11,0.00,0.05,5.1795,4053.16,-4.0424
24.88,24.56,0.0285,24.61,-0.0450,0.00,0.0000,0.07,0.4460,0.11,0.00,0.04,5.1824,4053.32,6.3876
24.88,24.56,-0.2250,24.61,-0.1119,0.00,0.0000,0.06,0.3686,0.10,0.00,0.04,5.1700,4053.46,-5.0053
24.88,24.55,0.1556,24.61,0.9462,0.00,0.0000,0.06,-0.1828,0.12,0.00,0.04,5.1641,4053.23,-2.7372
24.88,24.55,0.7681,24.61,1.8513,0.00,0.0000,0.06,0.0472,0.11,0.00,0.04,5.1810,4054.17,11.3321
24.94,24.56,0.5058,24.61,0.9472,0.00,0.0000,0.06,-0.1971,0.11,0.00,0.05,5.1744,4053.45,-14.8947
24.94,24.55,-0.9475,24.61,-1.5355,0.00,0.0000,0.06,0.3077,0.11,0.00,0.04,5.1810,4053.56,16.9612
24.94,24.55,-0.4436,24.61,-0.3948,0.00,0.0000,0.06,-0.3659,0.12,0.00,0.04,5.1751,4054.18,-10.8091
24.94,24.55,-1.0808,24.61,-1.4840,0.00,0.0000,0.06,0.2273,0.12,0.00,0.04,5.1788,4053.68,-5.7440
24.94,24.55,-0.2561,24.61,-0.2850,0.00,0.0000,0.06,0.2387,0.11,0.00,0.04,5.1678,4053.83,2.7769
24.94,24.55,0.1186,24.61,0.4681,0.00,0.0000,0.06,-0.1480,0.11,0.00,0.06,5.1619,4053.93,0.7762
24.94,24.55,0.2896,24.61,-0.1532,0.00,0.0000,0.06,0.0928,0.12,0.00,0.04,5.1810,4054.19,10.6795
24.94,24.55,0.4231,24.60,0.8872,0.00,0.0000,0.06,-0.3595,0.11,0.00,0.04,5.1795,4054.67,-6.1674
24.94,24.55,-0.1992,24.61,0.7284,0.00,0.0000,0.06,0.0566,0.11,0.00,0.04,5.1839,4054.38,-3.2791
24.88,24.55,-0.0432,24.60,-0.0877,0.00,0.0000,0.06,-0.0679,0.12,0.00,0.04,5.1832,4055.15,13.9829
24.88,24.55,0.0596,24.60,-0.2865,0.00,0.0000,0.06,-0.1794,0.11,0.00,0.04,5.1531,4054.96,-17.6190
24.88,24.54,-0.9934,24.60,-0.1941,0.00,0.0000,0.06,0.0510,0.11,0.00,0.04,5.1802,4054.86,27.4346
24.94,24.54,-0.6494,24.60,-0.5621,0.00,0.0000,0.06,-0.0349,0.11,0.00,0.05,5.1604,4056.05,-20.5223
24.94,24.54,-0.1499,24.59,-0.0415,0.00,0.0000,0.06,0.0606,0.11,0.00,0.04,5.1810,4055.11,-11.1153
24.94,24.54,0.9227,24.60,0.7485,0.00,0.0000,0.06,0.1401,0.11,0.00,0.04,5.1780,4055.45,8.9777
24.94,24.54,-0.3737,24.60,0.2402,0.00,0.0000,0.06,-0.0432,0.12,0.00,0.04,5.1744,4055.41,-11.1172
24.94,24.54,0.2141,24.60,0.0092,0.00,0.0000,0.06,0.3377,0.11,0.00,0.06,5.1560,4055.27,21.3873
24.94,24.54,-0.8217,24.60,-0.5553,0.00,0.0000,0.06,-0.4115,0.11,0.00,0.04,5.1810,4056.29,-9.9509
24.94,24.54,0.1685,24.60,-0.4213,0.00,0.0000,0.06,0.3768,0.11,0.00,0.04,5.1802,4055.80,-5.0727
24.94,24.54,1.2725,24.60,0.8015,0.00,0.0000,0.06,-0.1978,0.11,0.00,0.04,5.1788,4056.58,10.6597
24.94,24.53,-0.2690,24.59,-1.1479,0.00,0.0000,0.06,0.0884,0.11,0.00,0.04,5.1780,4056.10,-15.0367
24.88,24.53,-0.1262,24.59,-0.2265,0.00,0.0000,0.06,-0.1539,0.11,0.00,0.05,5.1766,4056.18,28.7133
24.88,24.53,-0.3869,24.59,-0.1615,0.00,0.0000,0.06,0.1204,0.11,0.00,0.05,5.2000,4057.51,15.3972
24.88,24.53,-0.0425,24.59,0.1156,0.00,0.0000,0.06,-0.2490,0.12,0.00,0.05,5.1692,4056.54,-10.9503
24.88,24.53,-0.9633,24.59,-1.9384,0.00,0.0000,0.06,0.0942,0.11,0.00,0.05,5.1641,4056.73,6.6526
24.88,24.53,0.0652,24.59,-0.5595,0.00,0.0000,0.06,0.3930,0.11,0.00,0.04,5.1707,4056.79,-5.0075
24.88,24.53,-1.0635,24.59,-1.1511,0.00,0.0000,0.06,0.1797,0.12,0.00,0.05,5.1670,4056.83,16.6877
24.88,24.53,-0.8038,24.59,-1.6066,0.00,0.0000,0.06,0.4991,0.11,0.00,0.04,5.1788,4057.37,-8.8200
24.88,24.53,-0.2150,24.59,-1.4235,0.00,0.0000,0.06,0.1389,0.11,0.00,0.04,5.1802,4057.21,13.8495
24.94,24.53,-0.8489,24.58,-1.9868,0.00,0.0000,0.06,-0.0592,0.11,0.00,0.05,5.1714,4057.85,7.4288
24.94,24.53,0.6954,24.59,1.2047,0.00,0.0000,0.06,-0.1478,0.11,0.00,0.04,5.1861,4057.66,-3.1659
24.94,24.52,-0.5940,24.58,-1.2327,0.00,0.0000,0.06,-0.2293,0.12,0.00,0.04,5.1810,4058.29,15.0318
24.94,24.53,0.2611,24.58,0.9727,0.00,0.0000,0.06,-0.0231,0.11,0.00,0.06,5.1560,4058.64,-8.9787
24.94,24.53,0.8714,24.59,1.4609,0.00,0.0000,0.06,-0.0871,0.11,0.00,0.04,5.1795,4058.22,-4.8434
24.94,24.52,0.3989,24.58,0.4136,0.00,0.0000,0.06,-0.4894,0.11,0.00,0.05,5.1663,4059.01,9.3735
24.94,24.52,-0.3861,24.58,-1.0151,0.00,0.0000,0.06,0.1812,0.11,0.00,0.04,5.1817,4058.69,-9.0519
24.94,24.52,-0.6702,24.58,-0.9910,0.00,0.0000,0.06,0.5750,0.11,0.00,0.06,5.1568,4058.68,11.1849
24.94,24.52,-0.9025,24.58,-0.0078,0.00,0.0000,0.06,-0.2095,0.11,0.00,0.05,5.1700,4059.16,-4.1817
24.94,24.52,-0.0319,24.58,-0.4719,0.00,0.0000,0.06,0.1494,0.11,0.00,0.04,5.1780,4058.96,-2.2134
24.94,24.52,0.1073,24.58,1.4382,0.00,0.0000,0.06,-0.4809,0.12,0.00,0.04,5.1824,4059.71,11.8864
24.94,24.52,-0.0400,24.58,0.6476,0.00,0.0000,0.06,0.0151,0.11,0.00,0.04,5.1685,4059.71,-8.2259
24.88,24.52,-0.6091,24.58,-0.4653,0.00,0.0000,0.06,0.1203,0.11,0.00,0.05,5.1656,4059.49,6.5211
24.88,24.52,0.0201,24.58,0.1734,0.00,0.0000,0.06,-0.5634,0.11,0.00,0.05,5.1729,4059.80,3.4337
24.88,24.52,0.3409,24.58,0.4949,0.00,0.0000,0.06,0.0759,0.11,0.00,0.06,5.1619,4058.95,-10.6438
24.94,24.52,0.9053,24.57,2.0030,0.00,0.0000,0.06,-0.2604,0.11,0.00,0.04,5.1853,4059.65,13.9632
24.94,24.51,-0.3953,24.57,-0.6418,0.00,0.0000,0.06,-0.3225,0.11,0.00,0.04,5.1802,4060.04,0.4959
24.94,24.52,-0.0958,24.57,-0.1214,0.00,0.0000,0.06,-0.2775,0.12,0.00,0.04,5.1795,4060.28,9.6805
24.94,24.52,0.5490,24.58,1.0894,0.00,0.0000,0.06,-0.0166,0.11,0.00,0.04,5.1802,4060.68,-16.4494
24.94,24.52,-0.5379,24.57,-0.1931,0.00,0.0000,0.06,-0.1471,0.11,0.00,0.06,5.1604,4059.90,-8.6663
24.94,24.52,0.9374,24.57,0.5132,0.00,0.0000,0.06,0.1546,0.12,0.00,0.05,5.1641,4060.73,15.6696
24.94,24.51,0.3580,24.57,0.7870,0.00,0.0000,0.06,-0.1466,0.12,0.00,0.05,5.1788,4060.92,-7.3592
24.94,24.51,0.8569,24.57,0.7281,0.00,0.0000,0.06,-0.1609,0.11,0.00,0.04,5.1810,4060.84,15.0542
24.94,24.51,0.7605,24.57,1.0268,0.00,0.0000,0.06,-0.3431,0.12,0.00,0.04,5.1810,4061.54,8.0383
24.94,24.51,-0.3227,24.57,0.6358,0.00,0.0000,0.06,-0.1550,0.11,0.00,0.05,5.1136,4060.83,-9.4140
24.94,24.51,0.1721,24.57,-0.2031,0.00,0.0000,0.06,0.2679,0.12,0.00,0.04,5.1729,4060.83,3.6486
24.94,24.51,-0.1145,24.57,0.2434,0.00,0.0000,0.06,-0.1389,0.12,0.00,0.04,5.1788,4060.76,-7.2311
24.94,24.51,0.1650,24.57,0.1299,0.00,0.0000,0.06,0.1104,0.11,0.00,0.04,5.1773,4060.54,15.1059
24.94,24.51,-0.3251,24.57,0.1751,0.00,0.0000,0.06,-0.2012,0.11,0.00,0.04,5.1758,4061.24,8.0321
24.94,24.51,-1.3151,24.57,-1.4575,0.00,0.0000,0.07,0.3636,0.11,0.00,0.05,5.1751,4060.74,-8.5355
24.88,24.51,0.2454,24.57,-0.3138,0.00,0.0000,0.06,0.3145,0.11,0.00,0.04,5.1758,4061.03,11.6288
24.88,24.51,-0.1177,24.57,0.4731,0.00,0.0000,0.06,-0.1466,0.11,0.00,0.04,5.1736,4061.41,-2.1921
24.88,24.51,0.1959,24.57,-0.9165,0.00,0.0000,0.06,0.5720,0.11,0.00,0.04,5.1788,4061.35,19.4636
24.94,24.51,-0.1425,24.56,0.1131,0.00,0.0000,0.06,0.4316,0.11,0.00,0.04,5.1788,4062.28,10.1493
24.94,24.51,-0.1025,24.56,0.0394,0.00,0.0000,0.06,-0.2499,0.11,0.00,0.06,5.1597,4061.47,-13.8937
24.94,24.51,-0.1273,24.56,0.6927,0.00,0.0000,0.06,-0.2021,0.11,0.00,0.04,5.1802,4061.80,16.4838
24.88,24.51,0.4959,24.56,1.7022,0.00,0.0000,0.06,-0.2271,0.11,0.00,0.04,5.1788,4062.15,-12.1439
24.88,24.51,-0.8642,24.57,-0.6874,0.00,0.0000,0.06,-0.2271,0.12,0.00,0.05,5.1729,4061.60,15.4862
24.88,24.51,-0.1049,24.57,-0.3029,0.00,0.0000,0.06,-0.1254,0.12,0.00,0.04,5.1832,4062.32,8.1940
24.94,24.50,0.4818,24.56,0.2561,0.00,0.0000,0.06,0.0067,0.11,0.00,0.04,5.1568,4061.83,-9.9880
24.94,24.51,-0.4560,24.56,-0.1797,0.00,0.0000,0.06,-0.1043,0.12,0.00,0.04,5.1832,4062.30,19.9761
24.94,24.51,0.8647,24.56,1.4392,0.00,0.0000,0.06,-0.5080,0.11,0.00,0.05,5.1736,4062.75,-20.2308
24.94,24.51,0.5326,24.56,-0.3922,0.00,0.0000,0.06,-0.1814,0.11,0.00,0.05,5.1773,4061.77,-10.4074
24.94,24.50,0.5939,24.56,1.4864,0.00,0.0000,0.06,-0.3982,0.11,0.00,0.05,5.1707,4062.26,5.2714
24.94,24.50,-0.1481,24.56,-0.1181,0.00,0.0000,0.06,0.0175,0.11,0.00,0.05,5.1736,4062.07,-4.3075
24.94,24.50,-0.3699,24.55,-0.3164,0.00,0.0000,0.06,0.1914,0.11,0.00,0.04,5.1817,4062.36,10.8810
24.94,24.51,0.5062,24.56,0.7221,0.00,0.0000,0.06,-0.2152,0.10,0.00,0.06,5.1597,4062.41,-23.3616
24.94,24.51,-0.0939,24.56,0.2621,0.00,0.0000,0.06,-0.0747,0.11,0.00,0.05,5.1700,4061.32,-12.3578
24.94,24.50,-0.5624,24.56,0.1411,0.00,0.0000,0.06,0.0430,0.12,0.00,0.04,5.1788,4062.26,12.3657
24.94,24.50,1.3190,24.56,1.8682,0.00,0.0000,0.06,-0.1712,0.11,0.00,0.05,5.1370,4062.12,-7.8437
24.94,24.50,0.6172,24.55,1.6569,0.00,0.0000,0.06,-0.2312,0.11,0.00,0.05,5.1692,4062.40,21.4979
24.94,24.50,0.1564,24.55,0.6538,0.00,0.0000,0.06,0.1627,0.11,0.00,0.04,5.1780,4063.25,-18.6651
24.94,24.50,-0.4759,24.55,-0.2573,0.00,0.0000,0.06,0.0597,0.11,0.00,0.04,5.1538,4062.36,-9.7826
24.94,24.50,-0.2211,24.55,-1.3666,0.00,0.0000,0.06,0.1248,0.11,0.00,0.05,5.1729,4062.80,7.9211
24.94,24.50,0.7734,24.55,0.6767,0.00,0.0000,0.06,-0.4168,0.12,0.00,0.04,5.1751,4062.85,-4.0881
24.94,24.50,-0.0707,24.55,-1.5321,0.00,0.0000,0.06,0.5307,0.12,0.00,0.05,5.1692,4062.85,6.4249
24.94,24.50,0.0608,24.54,-0.0698,0.00,0.0000,0.06,0.3722,0.11,0.00,0.05,5.1736,4063.10,-7.1844
24.94,24.50,0.2391,24.55,0.8280,0.00,0.0000,0.06,0.0234,0.11,0.00,0.04,5.1802,4062.77,-3.8192
24.94,24.50,1.0224,24.55,1.3037,0.00,0.0000,0.06,0.1385,0.12,0.00,0.04,5.1758,4063.08,5.6660
24.94,24.50,-0.6532,24.54,-1.3556,0.00,0.0000,0.06,0.3642,0.11,0.00,0.04,5.1788,4062.99,-6.5849
24.94,24.49,-0.2035,24.54,-0.6883,0.00,0.0000,0.06,0.2860,0.11,0.00,0.04,5.1824,4063.03,22.1891
24.94,24.50,-0.5088,24.54,-0.3133,0.00,0.0000,0.06,-0.1530,0.12,0.00,0.04,5.1839,4064.07,11.7952
24.94,24.49,0.9984,24.54,1.5362,0.00,0.0000,0.06,-0.2579,0.11,0.00,0.05,5.2037,4063.66,-5.7789
24.94,24.49,-0.4640,24.54,-1.5017,0.00,0.0000,0.06,0.1394,0.11,0.00,0.06,5.1568,4063.75,3.9623
24.94,24.49,0.3939,24.54,-0.1514,0.00,0.0000,0.06,0.0646,0.11,0.00,0.04,5.1780,4063.73,-6.4191
24.94,24.49,-0.0908,24.54,0.1488,0.00,0.0000,0.06,-0.3941,0.10,0.00,0.04,5.1810,4063.47,18.8528
24.94,24.49,0.1431,24.54,0.6534,0.00,0.0000,0.06,-0.2928,0.11,0.00,0.04,5.1839,4064.34,10.0252
24.94,24.50,-0.2642,24.54,-0.3014,0.00,0.0000,0.06,0.1824,0.11,0.00,0.04,5.1773,4063.91,-9.7798
24.94,24.49,0.1480,24.54,0.3246,0.00,0.0000,0.06,-0.3303,0.11,0.00,0.05,5.1656,4063.77,4.2169
24.94,24.49,-0.0701,24.54,-0.9944,0.00,0.0000,0.06,0.3079,0.11,0.00,0.04,5.1766,4063.85,-7.6146
24.94,24.49,1.0822,24.54,1.2336,0.00,0.0000,0.06,-0.1428,0.12,0.00,0.04,5.1766,4063.49,-3.9936
24.94,24.49,-1.1377,24.53,-0.8796,0.00,0.0000,0.06,-0.0902,0.11,0.00,0.04,5.1773,4064.23,9.6686
24.94,24.49,0.0550,24.53,-0.6311,0.00,0.0000,0.06,0.1953,0.11,0.00,0.06,5.1619,4064.32,-2.2702
24.94,24.49,-0.0539,24.53,-0.9773,0.00,0.0000,0.06,0.2839,0.11,0.00,0.05,5.1685,4064.42,7.2278
24.94,24.49,0.5738,24.53,1.5761,0.00,0.0000,0.06,-0.0579,0.11,0.00,0.04,5.1495,4064.72,-6.3143
24.94,24.49,-0.5129,24.53,-0.1135,0.00,0.0000,0.06,0.1645,0.11,0.00,0.04,5.1729,4064.43,-3.4042
24.94,24.49,-0.8698,24.53,-1.7608,0.00,0.0000,0.06,0.3547,0.11,0.00,0.04,5.1766,4065.19,13.5879
24.94,24.49,0.0597,24.53,0.7544,0.00,0.0000,0.06,-0.2141,0.12,0.00,0.05,5.1626,4065.26,-9.7328
24.94,24.49,0.2190,24.53,-0.0686,0.00,0.0000,0.06,0.0923,0.11,0.00,0.04,5.1802,4065.05,17.0185
24.94,24.49,0.2424,24.52,0.1429,0.00,0.0000,0.06,0.0037,0.11,0.00,0.04,5.1832,4065.86,8.8801
