tos1a
openloop
10
50
2016-03-25 10:40:22
"c_fan","c_led","c_lamp","t_sim","s_rate"
60,0,50,10,50
"temp_chip","f_temp_int","d_temp_int","f_temp_ext","d_temp_ext","f_light_int_lin","d_light_int_lin","f_light_int_log","d_light_int_log","I_bulb","V_bulb","I_fan","V_fan","f_rpm","d_rmp"
===
25.81,27.17,0.0000,25.82,0.0000,0.00,0.0000,2.17,0.0000,0.12,0.00,0.00,0.0000,0.00,0.1871
25.81,27.18,2.1013,25.79,0.8882,24.11,2.3330,55.69,459.1704,0.62,5.77,0.10,9.3004,583.51,7079.6568
25.81,27.26,-0.4735,25.80,-0.9305,24.23,1.2869,72.18,126.9669,0.60,5.77,0.10,8.5985,1133.85,7396.7820
25.81,27.30,-0.7885,25.81,-0.6612,24.31,0.6084,76.70,35.3903,0.62,5.78,0.08,8.2711,1584.09,7494.4879
25.81,27.33,1.6738,25.81,0.6246,24.34,1.0263,77.98,9.8821,0.61,5.78,0.09,8.0916,1955.49,7660.6006
25.81,27.35,0.7644,25.80,-10.2131,24.36,-0.2224,78.34,2.1035,0.62,5.78,0.08,7.9927,2319.00,4006.6947
25.81,27.37,0.9773,25.79,1.3628,24.37,0.4404,78.44,1.0703,0.61,5.78,0.09,7.9370,2637.87,4044.0338
25.81,27.40,1.2764,25.79,0.9878,24.38,0.4743,78.47,0.5619,0.60,5.78,0.09,7.9011,2912.04,4251.4274
25.81,27.41,-0.6821,25.78,-1.6428,24.39,-0.6110,78.47,-0.4659,0.60,5.78,0.07,7.8952,3146.96,4427.5662
25.88,27.43,1.2467,25.77,1.1150,24.40,0.0685,78.48,0.5217,0.61,5.78,0.07,7.8960,3352.89,2358.5518
25.88,27.45,0.5322,25.76,0.0985,24.40,0.0364,78.48,0.6365,0.61,5.78,0.07,7.8967,3567.12,2547.2991
25.88,27.46,0.4198,25.75,-0.8706,24.40,0.0191,78.48,0.0682,0.61,5.78,0.08,7.8938,3755.48,2770.2785
25.88,27.47,-0.6450,25.74,-0.8546,24.41,0.4047,78.48,-0.3175,0.61,5.78,0.07,7.8813,3919.95,2946.9057
25.88,27.48,-0.9948,25.73,-1.5139,24.42,-0.3394,78.48,0.4960,0.61,5.78,0.07,7.8821,4060.58,3304.0277
25.88,27.50,1.0778,25.72,-0.5767,24.42,0.0806,78.48,-0.1829,0.61,5.78,0.07,7.8835,4218.65,1714.7350
25.88,27.51,0.1860,25.71,1.3964,24.43,0.2783,78.49,-0.0096,0.61,5.78,0.09,7.8652,4358.89,1894.3016
25.88,27.52,-1.4441,25.71,-1.5842,24.43,0.0434,78.49,0.3541,0.61,5.79,0.06,7.8623,4484.60,1984.7563
25.88,27.53,-0.1707,25.69,-0.3325,24.43,-1.0632,78.49,-0.4832,0.60,5.78,0.07,7.8886,4591.25,2052.1662
25.88,27.54,-0.4061,25.69,-0.6255,24.44,-0.1750,78.49,0.0183,0.63,5.78,0.07,7.8835,4688.38,1075.5003
25.88,27.55,-0.1196,25.68,-0.7180,24.44,0.2512,78.49,0.2856,0.61,5.79,0.07,7.8777,4794.10,1252.7578
25.88,27.55,-0.4816,25.66,0.2143,24.44,0.3136,78.49,0.6507,0.60,5.78,0.07,7.8828,4886.20,1306.2537
25.81,27.56,-0.9695,25.66,-1.4142,24.44,0.2019,78.49,-0.1102,0.60,5.78,0.07,7.8828,4966.43,1369.2788
25.81,27.57,-0.7165,25.65,-1.2553,24.45,0.1746,78.48,-0.2465,0.61,5.79,0.07,7.8828,5035.37,1487.1287
25.81,27.57,-0.1079,25.64,-0.6239,24.45,-0.1027,78.49,-0.1077,0.60,5.78,0.06,7.8916,5105.34,783.2581
25.88,27.58,0.2325,25.62,0.4773,24.45,0.2365,78.49,0.4273,0.61,5.78,0.06,7.8945,5171.97,845.9593
25.88,27.59,0.3958,25.61,1.3862,24.45,0.0179,78.49,0.2625,0.61,5.78,0.08,7.8755,5228.30,882.8231
25.88,27.59,0.0417,25.60,0.5383,24.46,0.3523,78.48,-0.4669,0.60,5.78,0.06,7.8886,5278.61,1081.4243
25.88,27.60,1.4900,25.60,0.3857,24.46,0.1682,78.49,-0.3307,0.62,5.78,0.06,7.8513,5330.44,560.8321
25.88,27.60,1.3451,25.59,0.8361,24.46,0.0128,78.49,0.0938,0.61,5.78,0.07,7.9319,5376.37,524.7856
25.88,27.60,0.9253,25.58,-0.8428,24.46,-0.2092,78.48,-0.5621,0.60,5.78,0.06,7.8894,5416.44,550.5485
25.88,27.60,0.0928,25.56,-0.7370,24.47,-0.0806,78.48,-0.3850,0.60,5.79,0.08,7.8535,5456.35,668.5553
25.88,27.61,0.2031,25.55,-0.2024,24.47,0.0850,78.48,-0.5655,0.60,5.78,0.08,7.8725,5490.82,554.5837
25.88,27.61,0.0185,25.55,0.0192,24.47,0.0801,78.48,-0.2142,0.61,5.78,0.06,7.8916,5516.63,295.0003
25.88,27.62,0.2836,25.54,0.8695,24.47,0.0942,78.49,0.1057,0.60,5.78,0.07,7.8806,5554.60,382.2521
25.88,27.62,-0.0739,25.53,-0.5697,24.48,-0.4185,78.49,0.5115,0.61,5.78,0.06,7.8886,5578.35,284.4160
25.88,27.62,-0.0807,25.52,-0.2666,24.48,0.0226,78.49,0.2993,0.60,5.78,0.08,7.8703,5602.24,440.9409
25.88,27.63,0.3989,25.52,-0.1670,24.48,0.2491,78.49,0.1123,0.60,5.78,0.08,7.8161,5625.50,404.9259
25.88,27.63,0.3476,25.51,0.1376,24.48,0.1917,78.49,0.6067,0.60,5.78,0.06,7.8850,5644.67,212.0413
25.88,27.63,-1.1640,25.50,-0.8774,24.48,-0.2015,78.49,0.1398,0.60,5.79,0.06,7.8864,5662.01,203.3770
25.88,27.64,-0.0018,25.49,-0.4631,24.49,0.3536,78.49,-0.6541,0.60,5.79,0.08,7.9429,5677.29,216.3970
25.88,27.64,0.3650,25.48,0.5944,24.49,0.5465,78.49,0.6541,0.60,5.79,0.06,7.8857,5693.28,312.2901
25.88,27.64,1.4519,25.47,0.8314,24.49,0.6451,78.49,0.3342,0.60,5.78,0.06,7.8894,5709.23,288.3213
25.88,27.65,-0.6762,25.47,-0.9261,24.49,-0.3847,78.49,0.1816,0.60,5.79,0.08,7.8725,5722.81,151.7624
25.88,27.65,0.4892,25.46,0.0456,24.49,0.3976,78.49,-0.3320,0.60,5.79,0.06,7.8952,5732.92,117.8487
25.88,27.65,-0.9027,25.45,-1.1605,24.49,-0.0324,78.49,-0.7831,0.61,5.79,0.07,7.8755,5742.21,133.1676
25.88,27.65,0.2317,25.44,1.5152,24.50,0.2140,78.49,-0.0148,0.61,5.78,0.06,7.8916,5752.45,214.1484
25.88,27.65,0.5885,25.43,1.5329,24.50,0.0412,78.49,-0.2320,0.61,5.79,0.07,7.8857,5763.19,180.5147
25.88,27.65,1.2924,25.42,1.4052,24.50,0.3338,78.49,0.1820,0.59,5.78,0.06,7.8930,5771.78,94.0549
25.88,27.66,0.4585,25.41,-0.0409,24.50,-0.1488,78.49,-0.1214,0.60,5.78,0.06,7.8850,5777.87,71.1643
25.88,27.66,-0.0304,25.41,0.3507,24.50,0.0844,78.48,0.1296,0.59,5.78,0.06,7.8872,5783.28,74.7210
25.88,27.66,-0.2663,25.40,-0.2643,24.51,-0.2620,78.49,-0.4250,0.60,5.79,0.06,7.8930,5790.06,143.8748
25.88,27.66,-0.4145,25.39,-0.9192,24.51,-0.2800,78.49,-0.4642,0.59,5.79,0.09,7.8652,5797.25,116.8611
25.88,27.66,0.0727,25.38,-1.6787,24.51,-0.5421,78.49,-1.0114,0.60,5.79,0.06,7.8930,5802.72,61.8208
25.88,27.66,0.3313,25.37,-0.1405,24.51,0.0599,78.49,0.7115,0.60,5.77,0.06,7.8850,5806.65,45.6495
25.88,27.66,0.4197,25.37,0.9414,24.51,0.4471,78.49,0.0789,0.60,5.79,0.06,7.8974,5808.15,10.9147
25.88,27.67,0.4464,25.36,0.2105,24.51,-0.3625,78.49,0.1130,0.60,5.78,0.06,7.8945,5812.02,94.6132
25.88,27.67,1.3403,25.35,0.4561,24.51,0.3751,78.49,-0.5533,0.60,5.78,0.07,7.8872,5816.89,78.3453
25.88,27.67,-0.0605,25.34,-2.0258,24.51,0.0039,78.49,-0.4322,0.60,5.77,0.06,7.8857,5820.53,41.6808
25.88,27.67,-0.2322,25.33,-0.3494,24.51,-0.0190,78.49,-0.9309,0.61,5.78,0.07,7.8777,5823.86,40.2400
25.88,27.67,-1.7647,25.32,-0.9815,24.52,0.1219,78.49,-0.7141,0.60,5.78,0.06,7.8857,5827.65,64.0241
25.81,27.68,1.1468,25.32,0.6799,24.52,-0.0399,78.49,-0.1933,0.60,5.79,0.06,7.8901,5830.45,22.4128
25.81,27.67,-1.0200,25.31,-1.4882,24.52,0.0686,78.49,0.1933,0.60,5.78,0.06,7.8886,5831.57,54.6241
25.81,27.68,0.3743,25.30,-0.0795,24.52,-0.1308,78.49,-0.7034,0.60,5.78,0.06,7.8842,5834.14,28.7620
25.88,27.68,-0.1312,25.29,-1.9205,24.52,0.2073,78.49,-0.2128,0.60,5.79,0.07,7.8879,5836.60,33.9930
25.88,27.68,0.0025,25.28,-2.2162,24.52,-0.0095,78.49,0.1846,0.60,5.79,0.08,7.8645,5838.63,31.4793
25.88,27.68,0.8602,25.28,0.6884,24.52,0.1660,78.49,-0.2579,0.60,5.78,0.07,7.8733,5840.13,18.5157
25.88,27.69,-0.6033,25.28,-0.5426,24.53,-0.1701,78.49,0.1591,0.60,5.78,0.06,7.8923,5841.00,9.7997
25.88,27.69,0.6081,25.27,0.0689,24.52,-0.0448,78.49,0.2911,0.60,5.79,0.07,7.8791,5842.78,23.4154
25.88,27.68,0.2790,25.25,0.3452,24.52,-0.5056,78.49,0.3951,0.60,5.79,0.07,7.8821,5844.36,23.2752
25.88,27.68,1.4340,25.25,1.7377,24.52,-1.6955,78.49,0.1058,0.60,5.79,0.08,7.8623,5845.68,24.3208
25.88,27.68,-0.4132,25.24,-0.1899,24.52,-0.5280,78.49,-0.1873,0.60,5.79,0.06,7.8747,5846.83,12.7393
25.88,27.68,-0.9790,25.23,-0.6576,24.53,0.1988,78.49,-0.2088,0.59,5.78,0.07,7.8747,5847.39,6.3608
25.81,27.69,0.5589,25.22,-0.6967,24.53,-0.1687,78.48,-0.7425,0.60,5.79,0.07,7.8828,5848.97,25.5814
25.81,27.69,0.8163,25.21,0.2760,24.53,0.0663,78.48,-0.3266,0.59,5.79,0.06,7.8886,5850.11,11.2901
25.81,27.69,0.7630,25.20,0.8455,24.53,-0.0228,78.49,-0.2860,0.60,5.78,0.06,7.8938,5850.80,22.2799
25.88,27.69,-0.7879,25.20,-1.2645,24.53,-0.2496,78.48,-0.1634,0.60,5.78,0.06,7.8945,5851.84,11.7935
25.88,27.69,-1.0331,25.19,-0.5814,24.53,-0.0993,78.48,-0.2117,0.60,5.78,0.07,7.9297,5852.99,14.6294
25.88,27.69,-0.1949,25.18,-1.1068,24.53,-0.0130,78.48,-0.3133,0.60,5.79,0.07,7.9421,5853.66,7.1984
25.88,27.69,-0.5567,25.18,-2.3353,24.54,-0.1932,78.48,-0.2241,0.60,5.78,0.06,7.8967,5854.53,33.6296
25.88,27.70,-0.7316,25.18,-1.0809,24.54,-0.0692,78.48,0.4834,0.61,5.79,0.08,7.8696,5856.09,17.8864
25.88,27.69,0.1973,25.17,-0.3744,24.54,0.0180,78.48,-0.2068,0.60,5.79,0.06,7.8850,5856.21,0.8662
25.88,27.70,-0.0254,25.16,-0.2103,24.54,-0.0422,78.48,0.1849,0.60,5.79,0.06,7.8879,5857.41,22.6290
25.88,27.70,-1.3412,25.16,-1.2913,24.54,-0.3780,78.48,0.0084,0.61,5.78,0.07,7.8828,5858.15,0.0829
25.88,27.70,0.0867,25.15,0.2893,24.54,0.1462,78.48,0.1878,0.60,5.79,0.06,7.8945,5858.25,15.5787
25.88,27.70,1.3002,25.15,1.4580,24.54,0.3568,78.48,0.5535,0.59,5.78,0.08,7.8681,5859.06,7.5095
25.88,27.70,-0.5515,25.13,-0.3254,24.54,-0.2633,78.48,0.2959,0.60,5.79,0.06,7.8923,5859.44,4.3873
25.88,27.70,0.2501,25.13,0.9253,24.54,0.3310,78.48,0.3839,0.60,5.79,0.06,7.8916,5860.72,23.2109
25.88,27.70,-0.0939,25.12,-0.1382,24.54,0.4512,78.48,-0.2167,0.59,5.79,0.06,7.8850,5861.52,1.4508
25.88,27.71,-0.0479,25.12,0.7834,24.54,0.1372,78.48,1.0276,0.61,5.79,0.07,7.8117,5861.58,-0.5984
25.88,27.71,-0.4811,25.11,0.1467,24.54,-0.3904,78.48,0.6841,0.59,5.78,0.07,7.8821,5861.55,-0.2913
25.88,27.71,0.5294,25.11,0.6926,24.54,0.3680,78.48,-0.0008,0.59,5.79,0.09,7.8637,5862.97,17.8570
25.88,27.72,-0.3619,25.10,-0.3610,24.55,-0.3467,78.48,1.0015,0.60,5.78,0.08,7.8791,5863.30,-0.6432
25.88,27.71,0.0626,25.10,0.6962,24.55,-0.5124,78.48,0.2281,0.60,5.79,0.06,7.8850,5863.55,11.3025
25.88,27.71,-0.8116,25.09,-0.2388,24.55,0.0705,78.48,0.4271,0.60,5.79,0.06,7.8821,5864.07,6.7472
25.88,27.72,0.4861,25.08,0.9196,24.55,-0.1664,78.48,-0.1657,0.60,5.79,0.08,7.9194,5864.39,3.5342
25.88,27.71,0.1941,25.07,0.3959,24.55,0.0765,78.48,0.3982,0.60,5.79,0.07,7.8791,5864.50,0.9810
25.88,27.72,0.5253,25.07,0.1288,24.55,0.0656,78.48,-0.5694,0.59,5.79,0.07,7.8711,5864.58,0.9707
25.88,27.72,-1.0186,25.07,-0.4365,24.55,-0.2126,78.48,0.4113,0.60,5.79,0.06,7.8821,5864.61,-0.0778
25.88,27.73,1.2799,25.06,1.0202,24.55,0.2402,78.47,-0.0742,0.61,5.79,0.06,7.8960,5864.61,2.0974
25.88,27.73,0.6663,25.06,1.5835,24.55,0.4381,78.48,-0.3907,0.60,5.78,0.06,7.8952,5864.71,1.1044
25.88,27.72,-0.9028,25.05,-1.1030,24.54,-0.0541,78.48,-0.0380,0.60,5.79,0.06,7.8908,5864.76,0.5845
25.88,27.72,0.6818,25.05,1.9493,24.55,0.2422,78.48,0.2008,0.60,5.78,0.06,7.8945,5865.18,12.9594
25.88,27.72,0.1875,25.04,0.3186,24.55,-0.1541,78.47,-0.6599,0.60,5.78,0.06,7.8842,5865.78,6.1613
25.88,27.73,-0.1704,25.03,0.6679,24.55,0.6584,78.47,-0.2696,0.60,5.79,0.06,7.8886,5866.07,3.2278
25.88,27.73,-1.1574,25.03,-0.7350,24.55,-0.2537,78.47,-0.6449,0.60,5.79,0.09,7.8608,5866.41,4.1574
25.88,27.73,-0.2433,25.03,-0.6207,24.55,-0.2113,78.48,-0.5205,0.59,5.79,0.06,7.8850,5866.02,-9.9663
25.88,27.73,0.6610,25.01,1.0304,24.55,0.2205,78.48,-0.7126,0.59,5.78,0.06,7.9656,5866.18,19.4969
25.88,27.73,-0.4062,25.01,-0.7146,24.55,0.2768,78.48,0.7881,0.60,5.79,0.07,7.8821,5866.94,-20.6388
25.88,27.73,0.6048,25.01,0.7680,24.56,0.4206,78.48,0.0170,0.60,5.79,0.07,7.8821,5865.96,-10.7542
25.88,27.74,-1.0868,25.01,-0.3571,24.56,-0.5331,78.48,0.2840,0.60,5.79,0.06,7.8908,5866.12,4.1517
25.88,27.74,-0.3346,25.00,0.0400,24.56,0.0873,78.48,0.7688,0.59,5.79,0.06,7.8872,5866.36,3.2203
25.88,27.74,0.4338,25.00,-0.1188,24.56,-0.1531,78.48,0.4848,0.59,5.79,0.06,7.8623,5866.78,14.8963
25.88,27.75,0.6284,24.99,-0.5485,24.56,0.1218,78.48,-0.6450,0.60,5.79,0.06,7.8908,5867.49,8.4706
25.88,27.74,0.9465,24.99,1.3059,24.56,0.0059,78.48,-0.0043,0.59,5.78,0.06,7.8842,5867.89,4.4359
25.88,27.75,1.4326,24.98,0.4748,24.56,0.0124,78.48,-0.0885,0.60,5.78,0.07,7.8821,5868.13,2.7543
25.88,27.75,-0.6013,24.98,-0.3169,24.56,-0.3467,78.48,-0.4794,0.60,5.79,0.09,7.8608,5868.29,2.5195
25.88,27.75,-0.6177,24.97,-0.3154,24.56,0.1449,78.48,0.1693,0.59,5.78,0.06,7.8842,5868.43,2.5525
25.88,27.76,0.1752,24.97,0.1208,24.56,-0.0438,78.48,0.4950,0.59,5.79,0.07,7.8667,5868.56,1.3372
25.88,27.76,0.4745,24.97,1.4388,24.57,0.7144,78.48,0.2861,0.60,5.79,0.06,7.8916,5869.35,9.2024
25.88,27.76,0.7962,24.96,0.0709,24.57,0.0057,78.47,-0.6588,0.60,5.79,0.06,7.8894,5869.78,4.9209
25.81,27.76,-0.6243,24.96,-0.1849,24.57,-0.3878,78.48,0.4744,0.60,5.78,0.06,7.8806,5869.96,0.9039
25.81,27.77,0.4296,24.96,0.8928,24.57,0.3732,78.48,0.0238,0.60,5.78,0.07,7.8784,5870.06,11.4459
25.81,27.77,-0.1850,24.95,0.3670,24.57,0.2615,78.47,1.6165,0.59,5.78,0.07,7.8828,5870.60,6.0280
25.88,27.77,0.2059,24.94,0.9287,24.57,0.0596,78.47,0.9633,0.60,5.79,0.06,7.8923,5871.56,12.9828
25.88,27.77,-1.1524,24.94,-1.9158,24.57,-0.2743,78.47,0.1652,0.61,5.79,0.06,7.8842,5872.68,19.0428
25.88,27.78,0.5234,24.94,0.2292,24.57,-0.2441,78.47,0.0564,0.59,5.79,0.06,7.8777,5872.96,-15.4979
25.88,27.78,-0.1887,24.92,0.5973,24.57,0.1384,78.47,0.6217,0.59,5.78,0.07,7.8828,5872.34,7.2876
25.88,27.79,-0.6784,24.92,-0.7854,24.57,-0.3482,78.47,0.1284,0.60,5.79,0.08,7.8249,5872.69,3.8186
25.88,27.79,-0.0555,24.92,0.2449,24.57,-0.0296,78.47,-0.5522,0.60,5.78,0.07,7.8762,5872.96,3.2893
25.88,27.79,0.0878,24.91,0.2998,24.57,0.0505,78.47,0.2141,0.60,5.79,0.07,7.8769,5872.59,-10.3871
25.88,27.79,0.8739,24.91,0.3978,24.57,-0.2102,78.47,-0.7870,0.60,5.78,0.07,7.9355,5872.32,5.3978
25.88,27.80,1.0387,24.90,0.9835,24.57,0.5605,78.47,0.5622,0.60,5.79,0.06,7.8857,5872.57,2.8713
25.88,27.79,-1.3067,24.90,-1.4375,24.57,-0.1279,78.47,-0.3359,0.59,5.79,0.07,7.8828,5872.75,1.7788
25.88,27.79,-0.9623,24.89,-1.3287,24.56,-0.1652,78.47,0.1315,0.60,5.79,0.07,7.7949,5872.72,-0.7861
25.88,27.80,0.2437,24.89,-0.7402,24.57,-0.5100,78.47,-0.8227,0.60,5.79,0.07,7.8733,5872.62,-1.9595
25.88,27.80,0.3524,24.89,0.9079,24.57,-0.1669,78.48,-0.2790,0.60,5.79,0.08,7.8689,5872.53,-0.4159
25.88,27.80,-0.0660,24.89,0.5303,24.58,-0.2387,78.47,-0.5192,0.59,5.79,0.07,7.8593,5872.52,-0.2190
25.88,27.80,0.2954,24.88,-0.6708,24.58,-0.0538,78.47,0.3250,0.60,5.79,0.06,7.8908,5872.67,1.8127
25.88,27.80,1.1786,24.88,0.9447,24.58,0.1211,78.47,-0.6986,0.59,5.79,0.06,7.8879,5872.53,-3.2660
25.88,27.80,-0.1817,24.87,-0.0838,24.58,-0.0792,78.47,0.2871,0.60,5.78,0.06,7.8857,5872.83,14.6838
25.88,27.81,-1.6412,24.87,0.0142,24.58,0.0487,78.47,0.2935,0.60,5.79,0.06,7.8923,5873.42,-7.8801
25.88,27.81,0.7597,24.87,-0.5299,24.58,-0.1021,78.47,-0.4722,0.59,5.79,0.07,7.8828,5873.05,-4.1914
25.88,27.81,0.7274,24.86,1.3047,24.59,0.0211,78.47,-0.0110,0.59,5.79,0.06,7.8916,5873.00,-0.0581
25.88,27.82,0.6074,24.86,0.4432,24.59,-0.0886,78.47,-0.1349,0.60,5.79,0.08,7.8315,5873.45,11.3699
25.81,27.82,0.6410,24.85,0.7522,24.59,0.4633,78.47,0.2061,0.60,5.78,0.06,7.8842,5873.77,-7.0728
