tos1a
matlab
10
200
2016-03-30 06:30:55
"P","I","D","c_fan","c_lamp","c_led","ctrltyp","in_sw","out_sw","t_sim","s_rate","input","scifun"
"0.8","2.95","0","20","50","0","NO","3","1","10","200","30","y1=u1"
"temp_chip","f_temp_int","d_temp_int","f_temp_ext","d_temp_ext","f_light_int_lin","d_light_int_lin","f_light_int_log","d_light_int_log","I_bulb","V_bulb","I_fan","V_fan","f_rpm","d_rmp"
===
25.25,26.94,0.0813,25.04,0.0160,0.00,0.0000,0.05,-0.0036,0.11,0.00,0.00,0.0000,0.13,-0.6542
25.19,26.94,0.0813,25.04,0.0160,0.00,0.0000,0.05,-0.0036,0.11,0.00,0.00,0.0000,0.13,-0.6542
25.19,26.97,0.2984,25.11,-0.0628,24.58,21.4822,16.00,327.5997,0.59,5.76,0.10,9.0916,256.95,5222.9355
25.25,27.04,-0.0302,25.08,-0.3729,27.60,8.1877,58.79,112.9328,0.58,5.76,0.07,7.0154,1457.07,5807.1038
25.25,27.11,0.2990,25.06,-0.3545,28.60,3.2470,72.52,44.0818,0.59,5.78,0.08,6.7516,2316.97,3941.0725
25.25,27.18,0.1258,25.05,-0.2320,29.01,1.2831,77.92,16.9218,0.58,5.78,0.06,6.7179,2955.81,2682.3766
25.25,27.25,0.2583,25.04,0.0073,29.20,0.5269,80.25,5.1641,0.58,5.78,0.05,6.7150,3532.36,2029.3395
25.25,27.30,0.0720,25.03,-0.1895,29.27,0.2676,80.90,2.1493,0.59,5.78,0.06,6.7121,3879.18,1420.9462
25.19,27.35,0.0210,25.02,-0.2792,29.30,0.4355,81.16,0.8900,0.60,5.78,0.07,6.6901,4165.92,1389.6335
25.25,27.38,0.0108,25.01,-0.4270,29.31,-0.0343,81.25,0.2843,0.59,5.78,0.06,6.6996,4386.06,1031.5244
25.19,27.42,-0.0453,25.00,-0.1593,29.32,0.1013,81.29,0.2670,0.59,5.79,0.06,6.6491,4573.68,914.2920
25.19,27.45,0.0774,24.99,-0.1560,29.33,0.0427,81.30,-0.0593,0.58,5.78,0.07,6.6930,4706.94,664.5442
25.19,27.48,0.2946,24.98,0.0814,29.34,0.0963,81.31,-0.0821,0.59,5.79,0.07,6.7084,4820.36,431.8395
25.19,27.51,0.1798,24.97,0.0980,29.35,0.0969,81.31,-0.0262,0.59,5.78,0.06,6.7106,4908.12,335.2476
25.25,27.53,0.2761,24.96,-0.0528,29.35,0.1653,81.31,0.0591,0.59,5.79,0.07,6.6952,4969.64,256.8789
25.31,27.55,-0.1302,24.95,-0.2768,29.36,0.0908,81.31,0.0799,0.58,5.79,0.06,6.7070,5020.88,224.1277
25.19,27.58,0.4291,24.94,0.3407,29.36,0.1596,81.30,0.1483,0.59,5.79,0.05,6.7121,5058.35,161.3758
25.31,27.60,0.1718,24.93,-0.0365,29.37,-0.0985,81.30,-0.1629,0.59,5.79,0.06,6.6952,5089.60,143.4475
25.25,27.62,-0.1505,24.92,-0.3898,29.38,-0.0954,81.30,-0.1792,0.59,5.78,0.05,6.7062,5113.78,85.9933
25.19,27.65,0.2295,24.91,-0.1008,29.38,0.0178,81.30,-0.1030,0.59,5.79,0.07,6.6945,5132.20,71.5154
25.31,27.67,0.3695,24.91,0.0853,29.38,-0.0068,81.30,0.0549,0.59,5.78,0.05,6.7136,5144.55,51.6380
25.31,27.68,-0.1402,24.90,-0.3441,29.39,-0.0639,81.30,-0.0403,0.59,5.79,0.06,6.6996,5154.43,45.9626
25.25,27.70,0.4381,24.89,0.4323,29.40,0.1777,81.30,0.0872,0.59,5.79,0.06,6.6960,5162.77,39.4798
25.31,27.72,-0.1211,24.89,-0.2148,29.40,-0.0258,81.29,0.0210,0.60,5.78,0.05,6.7092,5169.58,26.7031
25.25,27.74,-0.0514,24.88,0.0257,29.40,0.0764,81.29,0.1930,0.58,5.79,0.05,6.7128,5174.61,22.9389
25.25,27.75,0.0060,24.87,-0.1972,29.41,0.0036,81.29,0.0548,0.58,5.79,0.06,6.7099,5178.91,21.9067
25.25,27.77,-0.0437,24.86,-0.2333,29.41,0.0964,81.29,-0.0651,0.59,5.79,0.05,6.7179,5182.17,13.5572
25.25,27.78,0.1590,24.86,0.2296,29.42,0.2270,81.29,0.1657,0.59,5.79,0.05,6.7158,5183.65,5.1410
25.25,27.79,-0.0503,24.85,-0.4053,29.42,-0.1527,81.29,-0.1968,0.58,5.78,0.06,6.6960,5185.67,4.6393
25.25,27.80,-0.0135,24.85,0.0460,29.42,0.2118,81.29,0.0342,0.58,5.79,0.06,6.7011,5186.91,4.8355
25.25,27.81,-0.1790,24.84,-0.2281,29.42,0.0605,81.29,0.1111,0.59,5.78,0.05,6.7136,5188.10,6.2724
25.25,27.82,0.1958,24.83,0.2597,29.43,0.2108,81.28,0.1045,0.59,5.78,0.05,6.7114,5188.98,2.8152
25.25,27.83,0.2074,24.83,0.2773,29.43,0.0411,81.28,0.0101,0.58,5.78,0.08,6.6821,5189.51,-1.7924
25.25,27.84,0.0346,24.83,-0.0676,29.44,0.0250,81.28,-0.1401,0.58,5.79,0.05,6.7128,5190.56,8.7656
25.31,27.84,0.2174,24.82,-0.2171,29.44,0.1108,81.28,-0.0752,0.59,5.78,0.05,6.7143,5190.65,7.9678
25.25,27.85,-0.2824,24.82,-0.0867,29.44,-0.0222,81.28,0.0226,0.59,5.78,0.05,6.7040,5191.31,-3.4011
25.25,27.86,0.0552,24.81,-2.5051,29.44,0.0048,81.28,0.1514,0.58,5.79,0.06,6.7055,5191.81,2.1599
25.25,27.87,0.2404,24.81,0.2487,29.45,0.1231,81.28,0.0918,0.59,5.78,0.05,6.7106,5192.17,-7.0635
25.25,27.88,0.1091,24.80,0.1119,29.45,0.1301,81.28,0.1699,0.58,5.79,0.05,6.7172,5192.56,6.4460
25.25,27.89,-0.1601,24.79,0.2140,29.45,0.0112,81.27,-0.0879,0.59,5.79,0.04,6.7165,5192.28,1.0817
25.25,27.90,-0.0160,24.79,0.0729,29.46,0.0481,81.27,-0.0693,0.58,5.79,0.06,6.7004,5192.00,-4.2997
25.25,27.90,0.1764,24.79,0.0330,29.46,-0.0439,81.27,-0.0787,0.58,5.79,0.05,6.7179,5191.67,4.4448
25.25,27.91,0.0401,24.78,0.1325,29.46,0.1343,81.27,0.0634,0.59,5.79,0.05,6.7106,5191.95,1.4422
25.25,27.92,0.0778,24.78,0.1965,29.46,0.0556,81.27,0.0084,0.59,5.79,0.05,6.7150,5192.88,5.1632
25.25,27.94,0.0645,24.77,0.0139,29.47,0.0638,81.27,0.0927,0.59,5.79,0.05,6.7106,5193.25,3.9560
25.19,27.96,0.0354,24.77,0.2437,29.47,-0.0275,81.27,-0.1093,0.58,5.79,0.07,6.6938,5193.94,-0.5168
25.25,27.97,0.2803,24.76,0.1523,29.47,0.0586,81.27,-0.0091,0.58,5.79,0.05,6.7136,5193.96,0.7039
25.31,27.98,0.4353,24.76,0.4103,29.48,0.1138,81.26,0.0999,0.59,5.78,0.06,6.7055,5194.09,1.0288
25.25,28.00,-0.0517,24.75,-0.0186,29.48,0.0331,81.26,0.1098,0.58,5.79,0.06,6.6952,5194.44,-3.0013
25.25,28.02,0.0178,24.74,-0.0803,29.48,0.0193,81.26,-0.2290,0.59,5.79,0.07,6.6850,5194.04,7.0534
25.25,0.00,0.0000,0.00,0.0000,0.00,0.0000,0.00,0.0000,0.58,5.78,0.06,6.6996,0.00,0.0000
