tos1a
matlab
15
100
2016-03-27 16:33:15
"P","I","D","c_fan","c_led","c_lamp","ctrltyp","in_sw","out_sw","t_sim","s_rate","input","scifun"
0.8,2.95,0,20,0,50,"NO",3,1,15,100,30,"y1=u1"
"temp_chip","f_temp_int","d_temp_int","f_temp_ext","d_temp_ext","f_light_int_lin","d_light_int_lin","f_light_int_log","d_light_int_log","I_bulb","V_bulb","I_fan","V_fan","f_rpm","d_rmp"
===
28.31,30.71,-0.0500,27.43,-0.0767,0.00,0.0000,0.57,0.0120,0.01,0.00,0.00,0.0000,1.63,-8.2109
28.38,30.71,-0.0500,27.43,-0.0767,0.00,0.0000,0.57,0.0120,0.01,0.00,0.00,0.0000,1.63,-8.2109
28.38,30.68,0.9356,27.36,0.5123,24.61,17.1033,7.41,357.7514,0.49,5.78,0.11,9.8601,112.70,5894.5152
28.38,30.70,0.3863,27.37,0.1967,25.57,20.1558,22.38,285.7449,0.49,5.78,0.10,8.6425,357.68,4663.6828
28.38,30.71,0.5692,27.37,0.2456,26.08,18.1702,29.51,249.9846,0.49,5.78,0.10,8.1744,513.85,6755.7063
28.38,30.75,-0.0016,27.38,-0.0914,27.49,11.1477,48.87,152.4062,0.49,5.78,0.07,7.2821,1090.85,5958.9627
28.31,30.79,0.2034,27.39,0.2478,28.32,7.2392,60.12,96.1488,0.49,5.78,0.07,6.9458,1589.76,5133.5907
28.31,30.81,0.1507,27.38,-0.3525,28.91,4.1682,68.08,56.1546,0.49,5.78,0.07,6.7919,2084.44,3935.9978
28.31,30.84,-0.0156,27.38,-0.0552,29.21,2.8096,72.06,36.5233,0.49,5.79,0.07,6.7407,2429.90,3363.3900
28.31,30.86,0.2617,27.37,0.0040,29.44,1.6880,75.02,21.4168,0.49,5.78,0.06,6.7297,2790.26,3469.1971
28.38,30.87,0.1630,27.36,0.1181,29.57,1.0858,76.69,13.2074,0.49,5.78,0.07,6.7026,3082.61,2860.0639
28.38,30.88,0.2937,27.36,0.1574,29.65,0.6865,77.68,8.0169,0.49,5.78,0.06,6.7062,3330.61,2407.4324
28.38,30.89,-0.1178,27.34,-0.2165,29.70,0.3263,78.30,4.9236,0.48,5.78,0.06,6.7092,3550.26,1972.9178
28.38,30.90,-0.3750,27.33,-0.2002,29.74,0.2070,78.68,3.0987,0.48,5.78,0.07,6.7026,3745.54,1635.4009
28.38,30.90,-0.1496,27.32,-0.1676,29.76,0.1980,78.91,1.6904,0.49,5.78,0.05,6.7121,3918.95,1857.7801
28.38,30.90,-0.0332,27.31,-0.1803,29.77,0.1515,79.05,1.2611,0.48,5.78,0.06,6.7004,4076.69,1505.9158
28.31,30.90,-0.2072,27.29,-0.1176,29.78,0.1738,79.13,0.8401,0.49,5.78,0.05,6.7121,4211.85,1238.8461
28.31,30.90,-0.2551,27.28,-0.1125,29.79,0.0508,79.19,0.5976,0.49,5.79,0.05,6.7165,4331.04,1012.9755
28.31,30.89,-0.2646,27.27,-0.4066,29.79,0.0217,79.22,0.3116,0.50,5.79,0.05,6.7040,4446.56,1111.1624
28.31,30.89,-0.1817,27.25,-0.2241,29.80,0.0263,79.24,0.0500,0.49,5.79,0.06,6.7004,4539.45,897.7091
28.31,30.88,0.1114,27.24,-0.2321,29.80,-0.0184,79.25,-0.0744,0.49,5.79,0.08,6.6879,4620.28,799.0145
28.31,30.88,0.0019,27.23,-0.0766,29.80,0.1100,79.25,-0.0601,0.48,5.78,0.05,6.7187,4690.87,618.5784
28.31,30.87,-0.0090,27.21,-0.0272,29.81,0.0018,79.26,-0.0234,0.48,5.79,0.07,6.7678,4760.67,691.4989
28.31,30.86,0.1384,27.20,0.1062,29.81,0.1115,79.26,0.0694,0.49,5.79,0.07,6.6923,4816.32,545.9625
28.31,30.85,-0.1561,27.19,-0.2728,29.81,-0.0984,79.26,0.0137,0.49,5.78,0.05,6.7158,4865.40,512.9442
28.31,30.84,0.0452,27.18,0.1903,29.81,-0.1044,79.26,0.2061,0.49,5.79,0.05,6.7179,4910.27,396.0560
28.31,30.83,0.0705,27.16,-0.2829,29.81,0.0163,79.26,-0.0330,0.48,5.78,0.05,6.7165,4948.60,330.7113
28.31,30.82,-0.1418,27.15,-0.1750,29.82,0.0261,79.26,-0.0356,0.49,5.79,0.05,6.7150,4983.36,383.1054
28.38,30.81,-0.3174,27.13,-0.4161,29.82,-0.1068,79.26,0.0062,0.49,5.78,0.05,6.7099,5014.19,294.6265
28.38,30.80,-0.0804,27.11,-0.1027,29.82,0.0374,79.26,0.1285,0.49,5.79,0.05,6.7114,5041.72,233.9064
28.31,30.80,-0.0601,27.10,-0.5245,29.82,-0.0682,79.26,-0.2347,0.48,5.78,0.05,6.6967,5064.33,190.6988
28.31,30.79,-0.3121,27.09,-0.3014,29.82,-0.0084,79.26,0.1836,0.48,5.78,0.05,6.7194,5082.94,166.8559
28.25,30.79,-0.1361,27.07,-0.6158,29.82,-0.1383,79.26,-0.2015,0.49,5.79,0.05,6.7092,5101.74,185.9521
28.25,30.78,0.0242,27.05,0.0626,29.83,-0.0217,79.26,0.1709,0.49,5.78,0.05,6.7150,5119.04,147.7657
28.31,30.77,-0.1666,27.03,-0.0369,29.83,0.0698,79.26,0.1318,0.48,5.78,0.05,6.7077,5134.25,116.1186
28.31,30.76,-0.0518,27.02,-0.1321,29.83,0.0393,79.26,0.1835,0.49,5.79,0.07,6.6821,5147.22,115.7407
28.38,30.75,-0.1300,27.00,-0.2500,29.83,0.0377,79.26,-0.1163,0.49,5.79,0.05,6.7201,5154.86,120.2416
28.38,30.74,-0.1483,26.98,-1.2833,29.83,-0.1162,79.26,-0.2183,0.48,5.78,0.05,6.7136,5165.61,86.4316
28.31,30.73,0.1886,26.96,0.1269,29.83,-0.0383,79.25,-0.0840,0.49,5.78,0.05,6.7348,5173.69,67.7569
28.31,30.71,-0.0086,26.94,-0.2170,29.83,0.0286,79.25,-0.0756,0.49,5.79,0.06,6.6615,5186.75,67.9722
28.31,30.71,0.0088,26.93,-0.4119,29.83,-0.0492,79.25,-0.0982,0.49,5.79,0.07,6.7209,5190.02,51.5237
28.31,30.70,0.1592,26.92,-0.1508,29.83,-0.0585,79.25,-0.1698,0.49,5.79,0.06,6.6989,5192.79,59.5981
28.31,30.69,-0.1042,26.90,-0.1675,29.84,-0.0205,79.25,0.0945,0.49,5.79,0.05,6.7150,5197.66,41.9315
28.31,30.69,-0.2785,26.88,-0.7238,29.84,-0.1015,79.25,-0.0519,0.49,5.78,0.05,6.7604,5201.73,36.7443
28.31,30.68,0.0615,26.87,0.1199,29.84,0.1523,79.25,-0.0065,0.50,5.78,0.05,6.7238,5205.55,44.8401
28.31,30.67,-0.0661,26.85,-0.0348,29.84,0.1061,79.25,0.0248,0.48,5.79,0.05,6.7143,5209.62,39.0603
28.38,30.66,-0.2994,26.84,-0.4675,29.84,-0.1139,79.25,-0.0714,0.48,5.78,0.06,6.7011,5212.79,23.3963
28.38,30.65,0.2552,26.83,0.2572,29.84,0.2720,79.25,0.0869,0.49,5.78,0.05,6.7201,5215.56,23.5180
28.25,30.65,-0.3258,26.82,-0.3102,29.84,-0.0086,79.25,0.1834,0.48,5.78,0.06,6.7033,5217.92,28.2992
28.25,30.64,-0.0700,26.81,-0.2117,29.84,-0.0151,79.25,0.0830,0.48,5.78,0.05,6.7136,5220.12,17.5861
28.31,30.63,-0.2286,26.81,-0.0584,29.84,0.0310,79.25,0.1421,0.49,5.79,0.05,6.7114,5222.03,22.6914
28.31,30.62,0.0079,26.80,0.2908,29.85,0.0206,79.25,0.0656,0.48,5.78,0.05,6.7216,5223.73,13.1757
28.38,30.61,-0.2067,26.80,-0.3302,29.85,-0.1051,79.25,-0.1520,0.49,5.78,0.05,6.7092,5225.25,5.2067
28.38,30.59,-0.4224,26.80,-0.1896,29.85,-0.0393,79.25,-0.1749,0.48,5.78,0.05,6.7158,5225.95,16.0624
28.31,30.58,-0.1209,26.79,-0.2852,29.85,0.0067,79.25,0.0472,0.49,5.79,0.05,6.7165,5227.44,16.0498
28.31,30.58,-0.2698,26.79,0.0287,29.85,-0.0462,79.25,0.0764,0.48,5.78,0.05,6.7040,5228.30,3.9215
28.38,30.57,-0.2034,26.78,-0.3138,29.85,0.0683,79.25,0.1945,0.48,5.79,0.06,6.6960,5229.22,7.4948
28.38,30.56,-0.0175,26.78,0.1235,29.85,0.0832,79.25,0.0269,0.49,5.79,0.05,6.7106,5230.01,10.4234
28.31,30.56,-0.0034,26.77,-0.2111,29.85,0.0550,79.25,0.0475,0.48,5.79,0.07,6.6989,5230.74,6.7084
28.31,30.55,-0.2906,26.76,-0.2105,29.86,-0.1005,79.25,-0.1398,0.49,5.78,0.05,6.7092,5231.28,3.6935
28.31,30.55,0.3783,26.76,0.2818,29.86,0.1551,79.25,0.0785,0.48,5.79,0.05,6.7121,5232.08,8.2129
28.31,30.55,-0.3583,26.76,-0.5120,29.86,-0.0660,79.25,-0.1679,0.48,5.78,0.07,6.6960,5232.11,8.0298
28.25,30.53,-0.1083,26.74,0.0978,28.49,6.9993,78.68,2.7480,0.49,5.79,0.07,6.6923,5233.37,8.9033
28.25,30.52,0.0165,26.73,0.2256,29.04,4.2464,78.91,1.8240,0.49,5.79,0.06,6.7289,5233.71,-0.3383
28.25,30.51,-0.2661,26.71,-0.2099,29.37,2.4683,79.04,1.0437,0.48,5.79,0.05,6.7121,5233.73,0.2372
28.25,30.50,-0.0404,26.70,0.0197,29.57,1.5671,79.12,0.5232,0.49,5.78,0.05,6.7106,5234.73,1.7793
28.31,30.49,0.1303,26.68,0.0076,29.68,1.0132,79.17,0.4009,0.49,5.79,0.05,6.7092,5235.05,7.0339
28.31,30.48,0.3116,26.67,0.3268,29.76,0.7043,79.20,0.3108,0.47,5.79,0.05,6.7172,5235.62,3.8382
28.31,30.48,-0.1613,26.65,-0.0637,29.80,0.4905,79.22,0.2018,0.49,5.79,0.05,6.7106,5235.88,2.1902
28.31,30.48,-0.0635,26.65,-0.4465,29.83,0.2284,79.23,0.1909,0.47,5.78,0.05,6.7150,5236.03,-5.1074
28.25,30.48,0.0596,26.64,-0.4295,29.85,0.0149,79.23,-0.1517,0.49,5.78,0.05,6.7084,5235.84,2.7355
28.25,30.48,-0.4296,26.63,-0.2730,29.86,-0.0128,79.24,0.0565,0.48,5.78,0.07,6.7341,5236.11,2.6763
28.31,30.48,0.0245,26.63,-0.0146,29.87,0.1703,79.24,0.0639,0.48,5.78,0.05,6.7114,5236.74,6.4143
28.31,30.48,-0.3789,26.62,-0.1282,29.87,-0.0013,79.24,-0.0292,0.48,5.79,0.05,6.7099,5236.51,7.5546
28.38,30.47,-0.2313,26.61,-0.3523,28.31,-17.6165,78.60,-7.3148,0.49,5.79,0.05,6.7143,5237.03,5.3090
28.38,30.47,-0.0234,26.61,-0.0983,28.59,6.5754,78.71,2.4382,0.49,5.78,0.05,6.7179,5237.47,3.7159
28.38,30.46,0.1033,26.61,0.0357,29.10,3.9801,78.92,1.7364,0.48,5.78,0.05,6.7128,5237.21,-3.7963
28.38,30.46,0.0339,26.60,-0.2632,29.40,2.4660,79.04,0.9272,0.48,5.79,0.08,6.6769,5238.04,8.1116
28.38,30.45,0.1867,26.60,0.2723,29.59,1.6051,79.12,0.7895,0.48,5.79,0.05,6.7905,5238.42,-2.0214
28.38,30.45,-0.4008,26.59,-0.2769,29.71,0.9215,79.17,0.3351,0.48,5.78,0.05,6.7048,5238.63,5.1232
28.31,30.44,0.0799,26.59,0.1725,29.78,0.5137,79.20,0.3110,0.48,5.79,0.06,6.6960,5239.01,2.9136
28.31,30.44,-0.0853,26.59,-0.2369,29.82,0.3050,79.21,0.0671,0.47,5.78,0.05,6.7158,5239.73,-0.7163
28.38,30.43,-0.2312,26.58,-0.0991,29.85,0.1889,79.23,0.2851,0.48,5.78,0.06,6.7004,5239.70,0.3938
28.38,30.42,-0.3415,26.58,-0.2610,29.87,0.0838,79.23,0.1834,0.48,5.79,0.05,6.7106,5239.37,-6.1266
28.38,30.42,-0.0075,26.57,0.1059,29.88,0.1367,79.23,0.0712,0.48,5.78,0.05,6.7084,5239.80,7.4641
28.38,30.42,0.2242,26.57,0.4835,29.88,0.1993,79.24,0.1277,0.47,5.78,0.05,6.7158,5240.35,-1.2327
28.38,30.41,-0.2521,26.56,-0.0526,29.89,-0.0133,79.24,0.1157,0.48,5.78,0.06,6.7546,5240.63,3.6342
28.38,30.40,-0.1493,26.56,-0.1653,29.89,-0.0663,79.24,-0.2465,0.48,5.78,0.05,6.7216,5240.82,3.0003
28.38,30.40,0.0630,26.55,0.0241,29.89,-0.0446,79.24,0.0251,0.48,5.78,0.07,6.7509,5241.09,2.2880
28.38,30.40,-0.1937,26.55,-0.1592,29.89,-0.0120,79.24,-0.2224,0.48,5.79,0.06,6.6908,5241.29,8.5320
28.38,30.40,0.1304,26.55,0.1922,29.89,0.1499,79.24,-0.1447,0.48,5.78,0.05,6.7114,5241.75,-1.0248
28.38,30.40,0.0515,26.54,-0.2059,29.90,0.0206,79.24,0.0045,0.48,5.79,0.05,6.7165,5241.65,-1.1462
28.38,30.40,-0.3732,26.54,-0.3088,29.90,-0.1433,79.24,-0.0678,0.48,5.78,0.05,6.7070,5241.43,-2.3623
28.38,30.40,0.0286,26.54,-0.1076,29.90,0.0208,79.24,0.0126,0.48,5.79,0.06,6.6476,5241.78,3.0831
28.38,30.40,0.2891,26.53,0.4445,29.90,0.2117,79.24,0.1589,0.47,5.78,0.07,6.6886,5242.03,1.8694
28.44,30.40,0.2280,26.53,0.2510,29.90,0.0032,79.24,-0.1607,0.47,5.79,0.06,6.6579,5241.83,-4.7040
28.44,30.39,0.0084,26.52,0.4389,29.90,0.0527,79.24,-0.0339,0.48,5.78,0.05,6.7070,5241.89,2.2158
28.44,30.39,0.0329,26.51,0.0945,29.90,-0.1232,79.24,0.1060,0.47,5.78,0.06,6.6418,5241.55,-2.3299
28.44,30.38,-0.2272,26.51,-0.3923,29.91,0.0936,79.24,0.0620,0.48,5.79,0.05,6.7165,5241.36,-1.7062
28.44,30.38,0.2635,26.50,0.0283,29.91,0.1886,79.23,-0.8665,0.48,5.79,0.05,6.7165,5241.27,-0.2623
28.44,30.38,-0.2160,26.49,0.0301,29.91,0.0836,79.24,0.0844,0.48,5.78,0.06,6.7231,5240.79,-6.0514
28.44,30.37,-0.0474,26.48,-0.0653,29.91,-0.0002,79.24,-0.1596,0.48,5.78,0.06,6.7018,5240.74,-6.7598
28.44,30.37,-0.0338,26.48,0.1463,29.91,0.0167,79.24,0.1344,0.48,5.78,0.05,6.7136,5240.18,-3.9851
28.38,30.37,0.0543,26.47,0.2590,29.91,-1.0686,79.24,-0.0364,0.48,5.78,0.05,6.7011,5240.16,2.7216
28.38,30.37,-0.3976,26.47,-0.4071,29.91,-0.0712,79.23,-0.1774,0.48,5.78,0.06,6.6491,5239.92,-3.9955
28.38,30.37,-0.2151,26.46,-0.0722,29.92,-0.0280,79.24,0.1110,0.48,5.79,0.05,6.7114,5239.20,-0.0062
28.38,30.37,0.0717,26.45,0.2082,29.92,0.0846,79.24,-0.0403,0.49,5.79,0.06,6.6916,5239.19,-0.0038
28.38,30.37,0.1650,26.45,0.3604,29.92,0.0287,79.24,0.0353,0.48,5.78,0.06,6.6938,5238.89,-6.3586
28.38,30.36,0.0934,26.44,0.2175,29.92,0.1470,79.24,-0.0189,0.48,5.78,0.05,6.7209,5238.43,-3.3762
28.38,30.36,-0.3745,26.43,-0.2438,29.92,0.0496,79.24,-0.0842,0.48,5.79,0.05,6.7084,5238.62,-3.6661
28.38,30.35,-0.0145,26.42,-0.3370,29.92,-0.0302,79.23,-0.0053,0.48,5.78,0.05,6.7040,5238.49,3.5508
28.38,30.35,0.0742,26.41,0.3745,29.92,0.1013,79.23,0.0044,0.47,5.79,0.06,6.6952,5238.49,-3.0467
28.38,30.35,-0.0877,26.40,-0.2760,29.93,-0.0059,79.23,-0.2150,0.49,5.79,0.05,6.7070,5238.34,-0.6450
28.38,30.35,0.3208,26.39,-0.0258,29.93,0.0369,79.23,-0.0745,0.48,5.78,0.06,6.7114,5238.36,7.7615
28.38,30.34,-0.1522,26.38,-0.1646,29.93,-0.0445,79.23,0.0259,0.48,5.78,0.05,6.7128,5238.67,-9.1819
28.38,30.34,-0.0832,26.37,-0.1443,29.93,-0.1231,79.23,0.2007,0.48,5.79,0.07,6.6835,5238.50,6.4209
28.38,30.34,-0.0611,26.36,-0.3080,29.93,-0.1003,79.23,0.0329,0.48,5.78,0.05,6.7092,5238.18,-7.4014
28.38,30.33,-0.0107,26.35,-0.1140,29.93,0.0187,79.23,-0.0076,0.48,5.79,0.05,6.7099,5238.07,0.7173
28.38,30.33,0.0790,26.35,0.3470,29.93,0.0912,79.23,-0.1271,0.48,5.78,0.07,6.6982,5238.23,6.1531
28.38,30.32,-0.1737,26.34,-0.1028,29.93,0.0783,79.23,0.2150,0.48,5.79,0.05,6.7136,5238.75,3.8608
28.38,30.32,-0.4166,26.33,-0.2930,29.93,-0.0768,79.23,-0.0154,0.48,5.79,0.05,6.7011,5239.49,8.0244
28.38,30.32,0.0529,26.33,0.0615,29.94,-0.0131,79.23,0.0907,0.48,5.79,0.07,6.6974,5239.67,-0.3960
28.38,30.31,-0.1466,26.33,-0.0527,29.94,-0.0702,79.23,0.1785,0.48,5.78,0.05,6.7179,5239.77,5.6526
28.38,30.31,-0.0389,26.33,-0.1669,29.94,-0.0294,79.23,-0.1115,0.47,5.79,0.06,6.7128,5240.21,3.4364
28.38,30.30,-0.1652,26.33,-0.2145,29.94,0.0442,79.23,-0.1293,0.48,5.79,0.05,6.7077,5240.51,2.5945
28.44,30.30,0.0240,26.33,0.0603,29.94,-0.0093,79.23,0.1425,0.47,5.79,0.05,6.7099,5240.25,12.1066
28.44,30.29,-0.1793,26.33,-0.1585,29.94,-0.0343,79.23,-0.2019,0.47,5.79,0.05,6.7165,5241.03,0.9488
28.38,30.28,0.1271,26.33,-0.6768,29.94,0.0137,79.23,-0.0789,0.48,5.79,0.06,6.7033,5241.08,0.0429
28.38,30.28,0.3378,26.33,0.3016,29.94,0.0946,79.23,-0.0721,0.49,5.79,0.05,6.7128,5241.42,4.2604
28.38,30.27,0.0858,26.33,-0.0344,29.94,0.0207,79.23,0.0289,0.48,5.78,0.05,6.7062,5241.80,3.3546
28.38,30.27,0.1629,26.33,0.2316,29.94,0.0625,79.23,0.0008,0.48,5.79,0.05,6.7150,5242.19,8.2624
28.44,30.27,-0.0946,26.33,-0.1587,29.94,-0.0139,79.23,-0.0902,0.49,5.79,0.05,6.7158,5242.63,0.4711
28.44,30.26,0.0088,26.32,-0.3926,29.94,-0.0643,79.23,-0.0838,0.47,5.78,0.06,6.7546,5242.94,4.4813
28.44,30.26,0.2044,26.32,0.3762,29.94,0.0012,79.23,0.1305,0.47,5.78,0.07,6.6982,5243.29,2.7535
28.44,30.26,-0.3615,26.32,-0.2352,29.95,0.0412,79.23,-0.0647,0.47,5.78,0.05,6.7062,5243.26,6.2137
28.44,30.26,-0.1135,26.32,-0.3819,29.95,-0.0632,79.23,-0.1109,0.48,5.79,0.05,6.7150,5243.69,2.6914
28.44,30.26,0.2274,26.32,0.2534,29.95,0.0600,79.23,0.0545,0.47,5.78,0.05,6.7055,5244.22,6.2915
28.38,30.26,0.0671,26.31,-0.1916,29.95,-0.0632,79.23,-0.0923,0.47,5.78,0.06,6.7040,5244.29,-0.6195
28.38,30.25,-0.3433,26.31,-0.2598,29.95,-0.0137,79.23,-0.1403,0.48,5.78,0.06,6.6960,5244.60,-1.8645
28.38,30.25,-0.4530,26.31,-0.1154,29.95,-0.0700,79.23,0.0052,0.47,5.79,0.07,6.7524,5244.41,-1.8676
28.38,30.25,-0.3926,26.30,-0.1111,29.95,-0.0220,79.23,0.1050,0.48,5.79,0.05,6.7070,5243.87,-6.3862
28.44,30.24,-0.4349,26.29,-0.4498,29.95,-0.0250,79.23,0.0048,0.38,5.79,0.05,6.7084,5243.98,2.9145
28.44,30.24,0.1576,26.29,0.0718,29.95,0.1141,79.23,0.0119,0.47,5.79,0.06,6.6359,5244.11,-3.3419
28.44,30.24,-0.2394,26.28,-0.0539,29.95,-0.0019,79.23,-0.0379,0.47,5.78,0.05,6.7136,5243.85,-1.6878
28.44,30.24,-0.1454,26.28,-0.2196,29.96,0.0311,79.23,0.0537,0.48,5.79,0.07,6.6886,5243.69,-1.5627
28.44,30.23,0.3175,26.27,0.0527,29.96,0.1150,79.23,-0.0489,0.48,5.78,0.05,6.7165,5243.55,5.0580
28.44,30.23,-0.0881,26.27,-0.1403,29.96,-0.0094,79.23,0.1983,0.47,5.79,0.05,6.7062,5243.98,4.2482
28.38,30.23,0.1381,26.27,0.0789,29.96,0.0573,79.23,0.0521,0.46,5.79,0.04,6.7282,5244.29,2.0268
28.38,30.22,0.0922,26.27,0.1312,29.96,0.0939,79.23,0.2240,0.47,5.79,0.07,6.6886,5244.84,6.5075
28.38,30.22,-0.0672,26.27,0.1518,29.97,0.0844,79.23,-0.0682,0.47,5.78,0.05,6.7062,5245.78,7.0362
28.38,30.22,-0.3678,26.27,-0.1409,29.97,0.0218,79.23,0.0965,0.47,5.78,0.05,6.7099,5246.31,3.3905
