tos1a
openloop
10
200
2016-04-06 20:44:37
"c_fan","c_lamp","c_led","t_sim","s_rate"
"20","60","0","10","200"
"temp_chip","f_temp_int","d_temp_int","f_temp_ext","d_temp_ext","f_light_int_lin","d_light_int_lin","f_light_int_log","d_light_int_log","I_bulb","V_bulb","I_fan","V_fan","f_rpm","d_rmp"
===
28.12,29.45,0.0000,27.72,0.0000,0.00,0.0000,2.52,0.0000,0.00,0.00,0.00,0.0000,0.00,0.1914
28.12,29.57,0.4196,27.77,-0.2718,32.30,0.8339,52.05,138.2541,0.56,6.96,0.05,5.2015,1151.15,5143.0106
28.12,29.66,0.3588,27.76,-0.3343,32.44,0.3846,70.14,47.5406,0.56,6.96,0.05,4.4293,1997.40,3080.8101
28.12,29.75,0.5392,27.74,-0.0760,32.51,0.1528,76.59,15.2415,0.56,6.96,0.04,4.3026,2478.51,1423.7186
28.12,29.82,0.1701,27.72,-0.0205,32.54,0.1946,78.56,5.5352,0.56,6.96,0.04,4.2784,2727.61,961.5331
28.12,29.88,0.2657,27.70,-0.0136,32.56,-0.0092,79.25,1.9170,0.56,6.97,0.04,4.2725,2887.92,544.1046
28.12,29.93,0.2028,27.68,-0.0423,32.57,0.0646,79.49,0.7449,0.56,6.97,0.04,4.2711,3010.42,469.7394
28.12,29.99,0.1975,27.66,-0.4448,32.59,-0.1328,79.58,0.3679,0.56,6.97,0.04,4.2711,3106.26,370.8525
28.12,30.04,0.3005,27.64,0.1457,32.60,-0.0049,79.61,0.1118,0.57,6.96,0.03,4.2784,3178.94,292.3828
28.12,30.09,0.0850,27.62,-0.2617,32.61,0.0544,79.61,-0.0521,0.55,6.97,0.04,4.2454,3234.41,172.6507
28.19,30.14,0.3472,27.60,0.0481,32.62,0.0604,79.62,0.1016,0.56,6.96,0.03,4.2821,3280.94,194.4482
28.12,30.18,0.2226,27.58,-0.0275,32.63,0.1250,79.62,-0.1831,0.56,6.97,0.03,4.2777,3313.64,119.6207
28.19,30.22,0.1165,27.56,-0.2277,32.64,0.0737,79.62,0.0661,0.56,6.97,0.04,4.2747,3340.13,159.8397
28.12,30.25,-0.1550,27.54,-0.2401,32.65,-0.0637,79.62,0.0153,0.56,6.97,0.04,4.2696,3364.17,102.0395
28.12,30.29,0.5661,27.52,-0.0176,32.65,-0.0238,79.62,-0.0787,0.56,6.97,0.03,4.2806,3379.90,40.7167
28.12,30.32,0.3720,27.50,0.3007,32.66,0.0340,79.62,-0.0538,0.56,6.97,0.04,4.2696,3393.68,47.4465
28.12,30.35,0.0430,27.47,-0.4582,32.67,-0.0310,79.62,-0.0997,0.56,6.96,0.03,4.2799,3404.13,74.0783
28.12,30.39,-0.0700,27.44,-0.3365,32.68,-0.0241,79.62,-0.0712,0.56,6.96,0.03,4.2784,3413.43,8.5710
28.06,30.42,0.0637,27.41,-0.2831,32.68,0.0009,79.62,-0.1172,0.56,6.96,0.03,4.2799,3420.88,27.1914
28.12,30.46,0.0451,27.38,-0.1593,32.69,-0.1032,79.62,-0.2366,0.56,6.98,0.03,4.2784,3424.40,56.7585
28.12,30.49,0.3745,27.36,0.0108,32.70,0.1476,79.62,0.0025,0.56,6.97,0.03,4.2762,3430.13,13.4989
28.12,30.52,-0.2237,27.34,-0.1285,32.70,0.0422,79.61,-0.1243,0.54,6.97,0.05,4.2557,3433.86,16.8172
28.12,30.56,0.1335,27.32,0.1805,32.71,0.0167,79.61,0.0378,0.56,6.97,0.04,4.2740,3434.21,-17.3057
28.12,30.59,0.2438,27.31,-0.1496,32.71,-0.0489,79.61,0.0627,0.56,6.97,0.03,4.2740,3439.00,10.5940
28.12,30.62,-0.2045,27.29,-0.2315,32.72,0.0392,79.61,0.1050,0.55,6.97,0.03,4.2769,3441.07,10.4357
28.12,30.65,0.1292,27.28,-0.1754,32.73,0.0314,79.61,-0.0504,0.56,6.97,0.03,4.2821,3439.97,-22.1176
28.12,30.68,0.2762,27.27,-0.2320,32.73,-0.0594,79.61,0.0099,0.56,6.97,0.04,4.2703,3443.78,4.5503
28.12,30.72,0.0058,27.26,0.0771,32.74,0.0376,79.61,-0.0347,0.55,6.97,0.04,4.2681,3445.03,3.7493
28.12,30.75,0.2755,27.24,-0.0287,32.74,0.0993,79.61,0.0375,0.56,6.97,0.04,4.2733,3443.85,42.0896
28.12,30.79,-0.0195,27.23,-0.2635,32.75,-0.1004,79.61,-0.0757,0.55,6.98,0.04,4.2674,3447.29,6.4239
28.12,30.83,0.0540,27.21,-0.1808,32.76,0.0828,79.61,0.1490,0.56,6.98,0.04,4.2689,3448.09,1.5788
28.12,30.86,0.4101,27.20,0.1292,32.76,0.0010,79.61,-0.1164,0.55,6.97,0.05,4.2615,3446.91,-20.7370
28.06,30.89,0.0389,27.18,-0.2645,32.76,0.0376,79.61,-0.1104,0.56,6.97,0.04,4.2322,3449.65,3.1473
28.12,30.92,0.3345,27.17,0.3005,32.77,0.1787,79.61,0.1822,0.56,6.97,0.03,4.2769,3450.30,0.2947
28.12,30.95,0.1336,27.15,-0.3568,32.78,0.0774,79.60,-0.1435,0.56,6.97,0.03,4.2403,3448.85,-23.7855
28.12,30.98,-0.1593,27.12,-0.5010,32.78,0.0015,79.60,-0.0395,0.54,6.97,0.04,4.2652,3450.93,3.2432
28.12,31.00,0.1165,27.10,-0.1471,32.79,0.0284,79.60,0.0543,0.55,6.97,0.04,4.2637,3451.54,-1.0874
28.12,31.03,0.3601,27.08,-0.2438,32.79,0.0051,79.60,-0.0888,0.55,6.97,0.03,4.2733,3450.28,-23.4390
28.12,31.06,-0.1894,27.06,-0.2407,32.80,-0.0212,79.60,0.0923,0.55,6.97,0.03,4.2777,3452.47,2.8637
28.12,31.10,-0.0352,27.04,-0.4508,32.80,-0.1773,79.60,0.0446,0.55,6.98,0.03,4.2791,3452.32,26.4729
28.12,31.13,0.3805,27.02,0.1320,32.81,0.1416,79.60,-0.0511,0.55,6.97,0.04,4.2718,3451.03,-27.7952
28.12,31.15,0.3533,27.01,0.1877,32.81,0.0637,79.60,0.0027,0.55,6.96,0.03,4.2821,3453.17,-4.0203
28.12,31.18,-0.0726,27.00,-0.1340,32.81,0.0190,79.60,-0.0885,0.56,6.97,0.04,4.2689,3452.76,30.8122
28.12,31.20,-0.1369,26.99,-0.2262,32.82,0.0086,79.60,0.0637,0.55,6.97,0.05,4.2630,3452.90,-30.2954
